2024-01-29 17:45:44,735 - INFO - Logging into directory _output/exp_011100_/20240129_174544__4294967160.
2024-01-29 17:45:44,748 - INFO - Starting `test_optimize`.
2024-01-29 17:46:06,290 - INFO - [0.02386645 0.787      0.001      0.332      0.332      0.332      0.001      0.001     ]
2024-01-29 17:46:27,817 - INFO - [0.02120857 0.8        0.10584506 0.22517902 0.21320195 0.22616979 0.17392866 0.05567548]
2024-01-29 17:46:50,363 - INFO - [0.02140884 0.797      0.1434996  0.19663112 0.1831492  0.19790544 0.19682284 0.08199178]
2024-01-29 17:47:13,373 - INFO - [0.02152057 0.793      0.1619     0.18075825 0.16859122 0.198779   0.20670812 0.08326341]
2024-01-29 17:47:36,257 - INFO - [0.02156069 0.794      0.1685558  0.17368193 0.16337991 0.20295604 0.2111181  0.08030817]
2024-01-29 17:47:58,439 - INFO - [0.0215719  0.794      0.17104895 0.17117763 0.1619769  0.20493007 0.21233831 0.07852808]
2024-01-29 17:48:19,688 - INFO - [0.02157421 0.793      0.17200567 0.17035332 0.16165121 0.20570527 0.21244201 0.07784253]
2024-01-29 17:48:40,813 - INFO - [0.02157449 0.793      0.17237724 0.17008311 0.16157991 0.20599887 0.21232787 0.07763304]
2024-01-29 17:49:01,483 - INFO - [0.02157443 0.793      0.17252281 0.16999181 0.16158117 0.20610045 0.21223094 0.07757287]
2024-01-29 17:49:22,938 - INFO - [0.02157447 0.794      0.17257895 0.16996008 0.16158423 0.20613673 0.21217385 0.07756617]
2024-01-29 17:49:46,371 - INFO - [0.02157876 0.793      0.17228721 0.16971435 0.16152832 0.20601264 0.21281998 0.07763753]
2024-01-29 17:50:09,080 - INFO - [0.02157566 0.793      0.17249224 0.1698821  0.1615672  0.20613788 0.21237686 0.07754363]
2024-01-29 17:50:31,115 - INFO - [0.02157443 0.794      0.17257807 0.16993855 0.16157044 0.20616779 0.21220073 0.07754454]
2024-01-29 17:50:55,872 - INFO - [0.02157689 0.793      0.1724693  0.16981912 0.16156185 0.20600273 0.21260388 0.0775432 ]
2024-01-29 17:51:19,056 - INFO - [0.02157508 0.794      0.17255516 0.16990657 0.16158238 0.20612805 0.21230046 0.0775274 ]
2024-01-29 17:51:44,775 - INFO - [0.02157462 0.794      0.1725852  0.16993439 0.16158539 0.20616385 0.21218373 0.07754736]
2024-01-29 17:52:07,389 - INFO - [0.02157867 0.793      0.17230713 0.1697093  0.16153449 0.20601863 0.21280038 0.0776301 ]
2024-01-29 17:52:30,294 - INFO - [0.02157551 0.794      0.17249469 0.16988383 0.16156998 0.20614393 0.21236522 0.07754233]
2024-01-29 17:52:52,829 - INFO - [0.02157465 0.794      0.17258053 0.16993861 0.16157326 0.20615712 0.21220656 0.07754387]
2024-01-29 17:53:13,556 - INFO - [0.02157702 0.793      0.17247549 0.16982022 0.16156764 0.20599371 0.21260095 0.07754196]
2024-01-29 17:53:24,617 - INFO - [0.02157512 0.793      0.17256136 0.16990769 0.16158278 0.20611906 0.2122989  0.07753021]
2024-01-29 17:53:24,650 - INFO - Successfully finished `test_optimize` after 459.903 seconds.
