2024-01-29 16:28:05,330 - INFO - Logging into directory _output/exp_nice_weights/20240129_162805__4294967172.
2024-01-29 16:28:05,335 - INFO - Starting `test_optimize`.
2024-01-29 16:28:18,290 - INFO - [0.01868287 0.792      0.332      0.332      0.332      0.001      0.001      0.001     ]
2024-01-29 16:28:33,827 - INFO - [0.01536605 0.797      0.26102236 0.24736817 0.24853344 0.11109371 0.10416225 0.02782002]
2024-01-29 16:28:49,378 - INFO - [0.01487066 0.803      0.23326302 0.21719591 0.21875255 0.15635298 0.13976216 0.03467339]
2024-01-29 16:29:04,922 - INFO - [0.01475477 0.804      0.22009444 0.20224747 0.20446292 0.17822286 0.15678532 0.03818692]
2024-01-29 16:29:20,444 - INFO - [0.01471159 0.804      0.213129   0.1941523  0.19683857 0.18920894 0.1670734  0.03959779]
2024-01-29 16:29:35,958 - INFO - [0.0146978  0.804      0.20967886 0.19006044 0.19311793 0.19463427 0.17211242 0.04039606]
2024-01-29 16:29:51,459 - INFO - [0.01469175 0.804      0.20796797 0.18799125 0.1913054  0.19731365 0.1745849  0.04083676]
2024-01-29 16:30:06,951 - INFO - [0.01468861 0.804      0.20712401 0.18693669 0.19042677 0.19863559 0.17580116 0.04107583]
2024-01-29 16:30:22,490 - INFO - [0.01468723 0.804      0.20671152 0.18640849 0.18999545 0.19929186 0.17639135 0.0412014 ]
2024-01-29 16:30:38,012 - INFO - [0.0146867  0.804      0.2065088  0.18614763 0.18977302 0.19961315 0.17668337 0.04127405]
2024-01-29 16:30:53,574 - INFO - [0.01468636 0.804      0.20639594 0.18601686 0.18966997 0.19977215 0.17682633 0.0413188 ]
2024-01-29 16:31:09,150 - INFO - [0.01468627 0.804      0.20634237 0.18594566 0.18962643 0.19984169 0.17690954 0.0413343 ]
2024-01-29 16:31:22,247 - INFO - [0.0146861  0.804      0.20631868 0.1859044  0.18961264 0.1998816  0.1769333  0.04134945]
2024-01-29 16:31:37,801 - INFO - [0.01468612 0.804      0.20629494 0.18589279 0.18959892 0.19990437 0.17695694 0.04135197]
2024-01-29 16:31:47,225 - INFO - [0.01468617 0.804      0.20630103 0.18588132 0.18958525 0.19991429 0.17696485 0.04135321]
2024-01-29 16:31:55,425 - INFO - [0.01468612 0.804      0.2063069  0.18586983 0.18958716 0.19992417 0.17695871 0.0413532 ]
2024-01-29 16:32:03,660 - INFO - [0.01468612 0.804      0.20631288 0.18585838 0.1895808  0.1999341  0.17695394 0.04135992]
2024-01-29 16:32:11,874 - INFO - [0.01468611 0.804      0.20631011 0.18584956 0.18958157 0.19994392 0.17695574 0.04135906]
2024-01-29 16:32:20,068 - INFO - [0.01468619 0.804      0.20631595 0.18586628 0.18957129 0.19994111 0.17694966 0.04135562]
2024-01-29 16:32:28,264 - INFO - [0.01468604 0.804      0.20630564 0.1858553  0.18958734 0.19993772 0.17695983 0.04135418]
2024-01-29 16:32:36,444 - INFO - [0.0146861  0.804      0.20631169 0.18587351 0.18957366 0.19992885 0.17695805 0.04135428]
2024-01-29 16:32:36,462 - INFO - Successfully finished `test_optimize` after 271.127 seconds.
