2024-01-29 15:04:41,286 - INFO - Logging into directory _output/exp_good_weights/20240129/20240129_150441.
2024-01-29 15:04:41,290 - INFO - Starting `test_optimize`.
2024-01-29 15:04:47,749 - INFO - [0.02273353 0.8        0.01       0.5        0.3        0.14       0.04       0.01      ]
2024-01-29 15:04:55,852 - INFO - [0.0205785  0.804      0.09600448 0.3277894  0.21830216 0.14501552 0.10295015 0.10993824]
2024-01-29 15:05:03,967 - INFO - [0.02035232 0.807      0.13910776 0.24211212 0.18176679 0.15046586 0.13835566 0.14819175]
2024-01-29 15:05:12,235 - INFO - [0.02045745 0.806      0.16218314 0.19947791 0.16712922 0.15532646 0.14968584 0.16619742]
2024-01-29 15:05:20,409 - INFO - [0.02045808 0.808      0.17596149 0.17986558 0.16248401 0.16016819 0.15727127 0.16424952]
2024-01-29 15:05:28,469 - INFO - [0.02047058 0.808      0.18289022 0.17014469 0.16040325 0.16306493 0.16020761 0.16328923]
2024-01-29 15:05:36,698 - INFO - [0.02045469 0.808      0.18672968 0.16574225 0.15959659 0.16521093 0.16171348 0.16100708]
2024-01-29 15:05:44,790 - INFO - [0.02044982 0.808      0.18835802 0.16315712 0.15883784 0.16663954 0.16296415 0.16004322]
2024-01-29 15:05:52,895 - INFO - [0.02044558 0.808      0.18920977 0.16186544 0.15851195 0.16742224 0.16360882 0.15938169]
2024-01-29 15:06:00,953 - INFO - [0.02044307 0.808      0.18963629 0.16120794 0.15835491 0.16782567 0.16391152 0.15906365]
2024-01-29 15:06:09,057 - INFO - [0.02044173 0.808      0.18986405 0.16086866 0.1582949  0.16802807 0.16404702 0.15889733]
2024-01-29 15:06:17,119 - INFO - [0.02044096 0.808      0.18998909 0.16070782 0.15828006 0.16812485 0.16409682 0.15880136]
2024-01-29 15:06:25,204 - INFO - [0.02044069 0.808      0.19000532 0.16058494 0.15822609 0.16821696 0.16420552 0.15876113]
2024-01-29 15:06:33,258 - INFO - [0.02044057 0.808      0.18997253 0.16049075 0.15815817 0.16830409 0.16432093 0.15875353]
2024-01-29 15:06:41,351 - INFO - [0.02044049 0.808      0.18995491 0.16044581 0.15811791 0.16834591 0.16438636 0.15874915]
2024-01-29 15:06:49,410 - INFO - [0.02044029 0.808      0.18995984 0.16043188 0.15811734 0.16836622 0.16440028 0.15872446]
2024-01-29 15:06:57,497 - INFO - [0.02044037 0.808      0.18994023 0.16040313 0.15809175 0.16838722 0.16444013 0.15873757]
2024-01-29 15:07:05,569 - INFO - [0.02044056 0.808      0.18993898 0.16039324 0.15808162 0.16839334 0.16444777 0.15874498]
2024-01-29 15:07:13,663 - INFO - [0.02044023 0.808      0.18995051 0.16040166 0.15809315 0.16839524 0.16443792 0.15872157]
2024-01-29 15:07:21,716 - INFO - [0.02044054 0.808      0.18995288 0.16039917 0.15809275 0.16838937 0.16442487 0.15874086]
2024-01-29 15:07:29,797 - INFO - [0.02044042 0.808      0.18995391 0.16040684 0.15809473 0.16839142 0.16442616 0.15872681]
2024-01-29 15:07:29,818 - INFO - Successfully finished `test_optimize` after 168.528 seconds.
