2024-01-29 16:39:13,939 - INFO - Logging into directory _output/exp_011000/20240129_163913__4294967150.
2024-01-29 16:39:13,943 - INFO - Starting `test_optimize`.
2024-01-29 16:39:26,736 - INFO - [0.02070554 0.782      0.001      0.498      0.498      0.001      0.001      0.001     ]
2024-01-29 16:39:41,369 - INFO - [0.01673259 0.804      0.10621285 0.3034113  0.30092624 0.1042292  0.15391362 0.03130674]
2024-01-29 16:39:55,496 - INFO - [0.01642127 0.802      0.15566231 0.25044489 0.25173604 0.1486297  0.16956234 0.02396478]
2024-01-29 16:40:10,809 - INFO - [0.01635527 0.804      0.18024196 0.22322848 0.2270375  0.17216244 0.17777802 0.01955161]
2024-01-29 16:40:23,487 - INFO - [0.01637698 0.804      0.19229671 0.20969041 0.21615437 0.18119501 0.18231367 0.01834988]
2024-01-29 16:40:38,051 - INFO - [0.01639599 0.804      0.19836013 0.20289123 0.21104373 0.18531154 0.18470888 0.01768452]
2024-01-29 16:40:50,752 - INFO - [0.01640745 0.803      0.20146862 0.19938481 0.20847243 0.18741633 0.18589225 0.01736555]
2024-01-29 16:41:04,988 - INFO - [0.01641381 0.803      0.20305628 0.19757828 0.20717029 0.18850328 0.18647793 0.01721403]
2024-01-29 16:41:18,442 - INFO - [0.01641732 0.803      0.20386849 0.19665009 0.2065205  0.18905555 0.18676801 0.01713738]
2024-01-29 16:41:31,934 - INFO - [0.01641922 0.803      0.2042928  0.19616392 0.20619522 0.18933508 0.18691647 0.01709646]
2024-01-29 16:41:46,641 - INFO - [0.01642007 0.803      0.2045086  0.1959231  0.20602271 0.1894705  0.18699378 0.01708136]
2024-01-29 16:42:01,603 - INFO - [0.01642067 0.803      0.20460534 0.19579059 0.20593958 0.1895462  0.1870411  0.01707718]
2024-01-29 16:42:17,423 - INFO - [0.01642094 0.803      0.20467199 0.19572164 0.20588633 0.18959188 0.1870587  0.01706941]
2024-01-29 16:42:31,653 - INFO - [0.01642095 0.803      0.20470381 0.19568919 0.20586289 0.1896079  0.18707515 0.01706114]
2024-01-29 16:42:44,957 - INFO - [0.01642111 0.803      0.20471084 0.19567186 0.20586605 0.18962289 0.18706301 0.01706531]
2024-01-29 16:42:59,996 - INFO - [0.01642116 0.803      0.2047179  0.19566327 0.20586297 0.18961006 0.18707946 0.01706632]
2024-01-29 16:43:14,779 - INFO - [0.01642115 0.803      0.20472491 0.19567566 0.20585075 0.18960977 0.18707296 0.0170659 ]
2024-01-29 16:43:29,100 - INFO - [0.01642109 0.803      0.20473194 0.19566336 0.20585707 0.1896202  0.1870622  0.01706523]
2024-01-29 16:43:41,910 - INFO - [0.0164211  0.803      0.20472817 0.1956725  0.20586102 0.18960647 0.18706888 0.01706292]
2024-01-29 16:43:54,303 - INFO - [0.01642105 0.803      0.20473514 0.19565518 0.20586713 0.18962082 0.18705976 0.01706199]
2024-01-29 16:44:06,086 - INFO - [0.01642116 0.803      0.20473553 0.19566743 0.20584901 0.18960732 0.18707725 0.0170634 ]
2024-01-29 16:44:06,106 - INFO - Successfully finished `test_optimize` after 292.164 seconds.
