2024-01-29 17:45:44,294 - INFO - Logging into directory _output/exp_011100_/20240129_174544__4294967184.
2024-01-29 17:45:44,297 - INFO - Starting `test_optimize`.
2024-01-29 17:46:02,139 - INFO - [0.01676401 0.816      0.001      0.332      0.332      0.332      0.001      0.001     ]
2024-01-29 17:46:24,266 - INFO - [0.01390999 0.823      0.09928469 0.25683567 0.25273103 0.24050592 0.11751077 0.0331319 ]
2024-01-29 17:46:45,930 - INFO - [0.01377182 0.823      0.15271872 0.22405829 0.21434282 0.19764923 0.1709628  0.04026819]
2024-01-29 17:47:08,017 - INFO - [0.01388444 0.824      0.17984852 0.20896529 0.19675265 0.17685845 0.19403464 0.04354048]
2024-01-29 17:47:28,714 - INFO - [0.01398333 0.824      0.19414413 0.20371741 0.18759775 0.16910732 0.19937611 0.04605726]
2024-01-29 17:47:49,981 - INFO - [0.01402529 0.824      0.20082171 0.20060825 0.18242918 0.16809274 0.20133784 0.0467103 ]
2024-01-29 17:48:12,034 - INFO - [0.0140455  0.825      0.20417304 0.19885498 0.17947727 0.16811357 0.20251764 0.0468635 ]
2024-01-29 17:48:34,279 - INFO - [0.01405878 0.825      0.20610934 0.19757687 0.17707038 0.16814402 0.20438628 0.0467132 ]
2024-01-29 17:48:56,183 - INFO - [0.01406681 0.825      0.20714724 0.19698015 0.17587008 0.16794711 0.20536987 0.04668563]
2024-01-29 17:49:17,771 - INFO - [0.01407112 0.825      0.20768431 0.19669273 0.17527604 0.16782127 0.2058439  0.04668177]
2024-01-29 17:49:38,917 - INFO - [0.01407335 0.825      0.20795645 0.19655591 0.17498042 0.16774751 0.2060778  0.04668191]
2024-01-29 17:49:59,698 - INFO - [0.01407437 0.825      0.20810178 0.19647948 0.17483142 0.1677243  0.20618357 0.04667949]
2024-01-29 17:50:20,547 - INFO - [0.01407505 0.825      0.20816554 0.19645759 0.17475255 0.16770121 0.20623916 0.04668386]
2024-01-29 17:50:41,873 - INFO - [0.01407522 0.825      0.2082005  0.19644001 0.17472348 0.16768579 0.20626861 0.04668167]
2024-01-29 17:51:02,347 - INFO - [0.01407544 0.825      0.20822312 0.19642678 0.17470451 0.16768903 0.20626664 0.04668991]
2024-01-29 17:51:23,772 - INFO - [0.01407535 0.825      0.20822731 0.19642858 0.17470679 0.16768585 0.20626216 0.04668939]
2024-01-29 17:51:43,570 - INFO - [0.01407545 0.825      0.20823196 0.19642001 0.17470439 0.1676884  0.20626616 0.04668909]
2024-01-29 17:52:04,571 - INFO - [0.01407544 0.825      0.20823474 0.19642588 0.17470169 0.16768165 0.20626573 0.04669035]
2024-01-29 17:52:26,437 - INFO - [0.01407547 0.825      0.20823832 0.19642314 0.17470036 0.16768439 0.20626733 0.04668646]
2024-01-29 17:52:51,101 - INFO - [0.01407539 0.825      0.2082413  0.19642381 0.17469761 0.16768485 0.20626709 0.04668544]
2024-01-29 17:53:11,396 - INFO - [0.01407547 0.825      0.20823991 0.19642709 0.17469741 0.16768619 0.20626335 0.04668605]
2024-01-29 17:53:11,462 - INFO - Successfully finished `test_optimize` after 447.165 seconds.
