2024-01-29 13:53:42,247 - INFO - Logging into directory _output/exp_bad_weights/20240129/20240129_135342.
2024-01-29 13:53:42,250 - INFO - Starting `test_optimize`.
2024-01-29 13:53:48,526 - INFO - [0.03938423 0.727      0.001      0.001      0.001      0.001      0.001      0.995     ]
2024-01-29 13:53:56,526 - INFO - [0.01232862 0.831      0.1873527  0.15516278 0.14610599 0.17022216 0.19719902 0.14395726]
2024-01-29 13:54:04,407 - INFO - [0.01219855 0.832      0.19398621 0.16815434 0.15769875 0.16542366 0.18534574 0.12939121]
2024-01-29 13:54:12,330 - INFO - [0.01214589 0.833      0.19704537 0.17415249 0.1633787  0.1628228  0.18035197 0.1222487 ]
2024-01-29 13:54:20,222 - INFO - [0.01212405 0.833      0.19850348 0.17713074 0.16615883 0.1614348  0.17786017 0.11891193]
2024-01-29 13:54:28,134 - INFO - [0.01211434 0.833      0.19919923 0.17861654 0.16752924 0.16069528 0.17660384 0.1173559 ]
2024-01-29 13:54:36,018 - INFO - [0.01210995 0.833      0.19953121 0.17935412 0.16818599 0.16031171 0.17599158 0.11662541]
2024-01-29 13:54:43,939 - INFO - [0.01210795 0.833      0.1996837  0.17973323 0.16851278 0.16010708 0.17568009 0.1162831 ]
2024-01-29 13:54:51,825 - INFO - [0.01210694 0.833      0.19975333 0.17990622 0.16868287 0.16000156 0.1755258  0.11613026]
2024-01-29 13:54:59,732 - INFO - [0.01210647 0.833      0.19979209 0.18000422 0.16876946 0.15994602 0.17543265 0.11605562]
2024-01-29 13:55:07,634 - INFO - [0.01210634 0.833      0.19980204 0.18005583 0.16879803 0.15992031 0.17539765 0.11602613]
2024-01-29 13:55:15,524 - INFO - [0.01210621 0.833      0.19981195 0.18007758 0.16882654 0.15989457 0.17539228 0.11599704]
2024-01-29 13:55:23,405 - INFO - [0.01210594 0.833      0.19980697 0.18009932 0.16882524 0.15989864 0.17538705 0.11598284]
2024-01-29 13:55:31,327 - INFO - [0.01210604 0.833      0.19981687 0.18009128 0.16882396 0.15990265 0.17538184 0.11598345]
2024-01-29 13:55:39,204 - INFO - [0.01210605 0.833      0.1998249  0.18008503 0.16882269 0.15990673 0.17537664 0.11598407]
2024-01-29 13:55:47,105 - INFO - [0.01210601 0.833      0.19980502 0.18010676 0.16882141 0.15991069 0.17537142 0.11598469]
2024-01-29 13:55:54,974 - INFO - [0.01210598 0.833      0.19981496 0.18009873 0.16882014 0.15991469 0.17536622 0.11598534]
2024-01-29 13:56:02,895 - INFO - [0.01210616 0.833      0.19982487 0.18009071 0.16881892 0.1599146  0.17536102 0.11598986]
2024-01-29 13:56:10,774 - INFO - [0.01210605 0.833      0.19980505 0.18011202 0.16884707 0.15988952 0.17535584 0.11599048]
2024-01-29 13:56:18,681 - INFO - [0.0121062  0.833      0.19981495 0.18010394 0.16884574 0.15989357 0.17535061 0.11599108]
2024-01-29 13:56:26,578 - INFO - [0.01210625 0.833      0.19982442 0.18009588 0.16884443 0.15989764 0.17534584 0.11599168]
2024-01-29 13:56:26,596 - INFO - Successfully finished `test_optimize` after 164.346 seconds.
