2024-01-29 17:45:43,665 - INFO - Logging into directory _output/exp_011100_/20240129_174543__4294967146.
2024-01-29 17:45:43,668 - INFO - Starting `test_optimize`.
2024-01-29 17:46:04,159 - INFO - [0.02222527 0.807      0.001      0.332      0.332      0.332      0.001      0.001     ]
2024-01-29 17:46:25,794 - INFO - [0.01977491 0.812      0.09423284 0.25943607 0.25650698 0.25302577 0.10866624 0.02813212]
2024-01-29 17:46:49,022 - INFO - [0.01980293 0.814      0.14548196 0.22616223 0.22113921 0.21710888 0.14821936 0.04188837]
2024-01-29 17:47:09,430 - INFO - [0.01999939 0.813      0.16939858 0.2116562  0.20285943 0.1968824  0.16986471 0.04933876]
2024-01-29 17:47:30,766 - INFO - [0.02012559 0.813      0.18197894 0.20465344 0.19382089 0.18707633 0.17915529 0.05331517]
2024-01-29 17:47:52,521 - INFO - [0.02018274 0.813      0.18774638 0.19953072 0.19571152 0.18114302 0.18207666 0.05379169]
2024-01-29 17:48:13,621 - INFO - [0.0202118  0.811      0.19074205 0.19687745 0.19667713 0.17820731 0.18347552 0.05402062]
2024-01-29 17:48:37,135 - INFO - [0.02022715 0.811      0.1923022  0.19550961 0.19716556 0.17674199 0.18415053 0.05413013]
2024-01-29 17:49:00,250 - INFO - [0.02023495 0.811      0.19310668 0.19480661 0.1974154  0.17602119 0.18446775 0.05418243]
2024-01-29 17:49:21,282 - INFO - [0.02023912 0.811      0.19352575 0.19443235 0.19754592 0.1756582  0.1846333  0.05420448]
2024-01-29 17:49:43,258 - INFO - [0.02024127 0.811      0.19374792 0.19423702 0.19761649 0.17547542 0.18471187 0.05421123]
2024-01-29 17:50:05,299 - INFO - [0.02024211 0.811      0.19385089 0.19413121 0.19765754 0.17541049 0.1847309  0.05421905]
2024-01-29 17:50:28,888 - INFO - [0.02024268 0.811      0.19390389 0.19408499 0.19766878 0.17537032 0.18474989 0.05422215]
2024-01-29 17:50:50,098 - INFO - [0.02024308 0.811      0.19394529 0.19405    0.19768    0.17533533 0.18476851 0.05422089]
2024-01-29 17:51:11,318 - INFO - [0.02024324 0.811      0.19395876 0.19403362 0.19769113 0.17533019 0.18475772 0.05422855]
2024-01-29 17:51:31,758 - INFO - [0.02024341 0.811      0.19397217 0.19403188 0.19767651 0.17532501 0.18476941 0.05422492]
2024-01-29 17:51:54,677 - INFO - [0.02024311 0.811      0.19395964 0.19404525 0.19768776 0.17531987 0.18476044 0.05422711]
2024-01-29 17:52:16,439 - INFO - [0.02024334 0.811      0.19397305 0.19402885 0.19769651 0.17531471 0.18475987 0.05422694]
2024-01-29 17:52:38,736 - INFO - [0.02024327 0.811      0.19398646 0.1940406  0.19768126 0.17530957 0.18475363 0.05422846]
2024-01-29 17:53:00,887 - INFO - [0.0202433  0.811      0.19397013 0.19403483 0.19769038 0.17530444 0.18477151 0.05422872]
2024-01-29 17:53:19,569 - INFO - [0.02024321 0.811      0.19398348 0.19404814 0.19767375 0.17530479 0.18476091 0.05422897]
2024-01-29 17:53:19,601 - INFO - Successfully finished `test_optimize` after 455.932 seconds.
