2024-01-29 13:52:27,694 - INFO - Logging into directory _output/exp_uniform_weights/20240129/20240129_135227.
2024-01-29 13:52:27,697 - INFO - Starting `test_optimize`.
2024-01-29 13:52:34,310 - INFO - [0.01028343 0.846      0.16666667 0.16666667 0.16666667 0.16666667 0.16666667 0.16666667]
2024-01-29 13:52:42,571 - INFO - [0.00993266 0.846      0.17785466 0.17028563 0.1733855  0.16086867 0.20390782 0.11369775]
2024-01-29 13:52:50,829 - INFO - [0.00985116 0.848      0.18413731 0.17147709 0.17577724 0.15772302 0.22060783 0.09027752]
2024-01-29 13:52:59,064 - INFO - [0.00982743 0.848      0.18734533 0.17204432 0.17693433 0.15608069 0.22836739 0.07922799]
2024-01-29 13:53:07,340 - INFO - [0.00981792 0.848      0.18897179 0.17231053 0.17748338 0.15522052 0.23197922 0.0740345 ]
2024-01-29 13:53:15,638 - INFO - [0.00981374 0.848      0.18979312 0.17244825 0.17774501 0.15475798 0.23366091 0.07159467]
2024-01-29 13:53:23,985 - INFO - [0.00981202 0.848      0.19022389 0.17250445 0.1778577  0.15452659 0.23444313 0.07044426]
2024-01-29 13:53:32,227 - INFO - [0.00981136 0.848      0.19044727 0.1725308  0.1779108  0.15440124 0.23480284 0.06990706]
2024-01-29 13:53:40,483 - INFO - [0.00981113 0.848      0.19055209 0.17254362 0.17793393 0.15434664 0.23497061 0.06965303]
2024-01-29 13:53:48,775 - INFO - [0.0098108  0.848      0.19059743 0.17254853 0.177957   0.15431435 0.23504895 0.0695338 ]
2024-01-29 13:53:57,055 - INFO - [0.0098108  0.848      0.19061296 0.17254508 0.17796786 0.154292   0.23509721 0.06948495]
2024-01-29 13:54:05,294 - INFO - [0.00981091 0.848      0.19062847 0.17254175 0.17796893 0.15427704 0.23511578 0.06946803]
2024-01-29 13:54:13,534 - INFO - [0.00981095 0.848      0.19064388 0.17253827 0.1779622  0.15428443 0.23511936 0.06945182]
2024-01-29 13:54:21,763 - INFO - [0.00981085 0.848      0.19065927 0.17253719 0.17795604 0.15429187 0.23510996 0.06944572]
2024-01-29 13:54:30,010 - INFO - [0.00981089 0.848      0.1906486  0.17256211 0.17795019 0.15426955 0.23512836 0.06944127]
2024-01-29 13:54:38,237 - INFO - [0.00981081 0.848      0.19064426 0.17255862 0.17796305 0.15427698 0.23511715 0.06943997]
2024-01-29 13:54:46,467 - INFO - [0.00981086 0.848      0.19065517 0.17255512 0.17795631 0.15428437 0.23511034 0.06943868]
2024-01-29 13:54:54,687 - INFO - [0.00981079 0.848      0.19064084 0.17255163 0.17796032 0.15429063 0.23511921 0.06943741]
2024-01-29 13:55:02,930 - INFO - [0.00981096 0.848      0.19065619 0.17254846 0.1779598  0.15426941 0.23511587 0.06945027]
2024-01-29 13:55:11,155 - INFO - [0.00981078 0.848      0.19066034 0.17254499 0.17796567 0.15427683 0.23510498 0.06944726]
2024-01-29 13:55:19,390 - INFO - [0.00981086 0.848      0.19064604 0.17254151 0.17795897 0.15428421 0.2351235  0.06944583]
2024-01-29 13:55:19,407 - INFO - Successfully finished `test_optimize` after 171.710 seconds.
