2024-01-29 13:06:53,853 - INFO - Logging into directory _output/exp_uniform_weights/20240129/20240129_130653.
2024-01-29 13:06:53,856 - INFO - Starting `test_optimize`.
2024-01-29 13:07:00,252 - INFO - [0.01569618 0.804      0.16666667 0.16666667 0.16666667 0.16666667 0.16666667 0.16666667]
2024-01-29 13:07:08,270 - INFO - [0.01502324 0.805      0.18585519 0.17651118 0.1790086  0.18488944 0.17211717 0.10161848]
2024-01-29 13:07:16,292 - INFO - [0.01480393 0.804      0.19538245 0.18132673 0.18508427 0.19374958 0.17472354 0.06973346]
2024-01-29 13:07:24,296 - INFO - [0.01473628 0.804      0.20093782 0.18367398 0.18745349 0.19698031 0.17594695 0.05500745]
2024-01-29 13:07:32,312 - INFO - [0.01470838 0.804      0.20365918 0.18482424 0.18857384 0.1985238  0.17650801 0.04791096]
2024-01-29 13:07:40,293 - INFO - [0.0146965  0.804      0.20500757 0.18537387 0.18909754 0.19925049 0.17677024 0.04450017]
2024-01-29 13:07:48,300 - INFO - [0.01469093 0.804      0.20566985 0.18563089 0.18935244 0.19960332 0.17688341 0.04286004]
2024-01-29 13:07:56,287 - INFO - [0.01468846 0.804      0.20599705 0.1857421  0.18948376 0.19976324 0.17693682 0.04207697]
2024-01-29 13:08:04,295 - INFO - [0.01468718 0.804      0.20615226 0.18579456 0.18952984 0.19986247 0.17696047 0.04170037]
2024-01-29 13:08:12,280 - INFO - [0.01468657 0.804      0.2062182  0.18584259 0.18955891 0.19990219 0.17695625 0.04152181]
2024-01-29 13:08:20,337 - INFO - [0.01468624 0.804      0.20625415 0.18586034 0.18957503 0.19991215 0.1769655  0.04143285]
2024-01-29 13:08:28,330 - INFO - [0.01468602 0.804      0.20626326 0.18587589 0.18959105 0.19992201 0.1769594  0.04138838]
2024-01-29 13:08:36,327 - INFO - [0.01468596 0.804      0.20627001 0.18586443 0.18960333 0.19993183 0.17696276 0.04136757]
2024-01-29 13:08:44,304 - INFO - [0.01468588 0.804      0.20627894 0.18586418 0.18958965 0.19994168 0.17696314 0.04136245]
2024-01-29 13:08:52,316 - INFO - [0.01468591 0.804      0.20628504 0.18585861 0.18959977 0.19994275 0.17695706 0.04135674]
2024-01-29 13:09:00,288 - INFO - [0.01468598 0.804      0.20629115 0.18585801 0.18958655 0.19993746 0.17697032 0.04135654]
2024-01-29 13:09:08,282 - INFO - [0.01468597 0.804      0.20629725 0.1858491  0.1895854  0.19994725 0.17696421 0.04135681]
2024-01-29 13:09:16,260 - INFO - [0.01468612 0.804      0.20630331 0.18586719 0.18958656 0.19992736 0.17695813 0.0413574 ]
2024-01-29 13:09:24,285 - INFO - [0.01468597 0.804      0.2063092  0.18585575 0.18959013 0.19993691 0.17695266 0.04135543]
2024-01-29 13:09:32,267 - INFO - [0.01468604 0.804      0.20631516 0.18586519 0.18957725 0.19994086 0.17694823 0.04135335]
2024-01-29 13:09:40,262 - INFO - [0.01468617 0.804      0.20632088 0.18585378 0.18958214 0.19992252 0.17697053 0.04135019]
2024-01-29 13:09:40,278 - INFO - Successfully finished `test_optimize` after 166.422 seconds.
