2024-01-30 15:49:01,736 - INFO - Logging into directory _output/exp_011000/20240130_154901__4294967184.
2024-01-30 15:49:01,740 - INFO - Starting `test_optimize`.
2024-01-30 15:49:16,015 - INFO - [0.02009146 0.807      0.001      0.498      0.498      0.001      0.001      0.001     ]
2024-01-30 15:49:33,440 - INFO - [0.01487405 0.821      0.09359876 0.33505103 0.32705688 0.10407636 0.11297793 0.02723906]
2024-01-30 15:49:52,754 - INFO - [0.01400281 0.823      0.14651708 0.25958544 0.24688403 0.14281245 0.16989703 0.03430397]
2024-01-30 15:50:12,645 - INFO - [0.01390668 0.822      0.17388046 0.22328454 0.20864761 0.15850158 0.19852901 0.03715675]
2024-01-30 15:50:29,779 - INFO - [0.01395377 0.824      0.18815359 0.20731394 0.18929715 0.16619621 0.20911348 0.03992563]
2024-01-30 15:50:46,703 - INFO - [0.01401116 0.824      0.19798136 0.20219792 0.18225661 0.16766    0.20606951 0.04383457]
2024-01-30 15:51:03,249 - INFO - [0.01404191 0.825      0.20298673 0.19926275 0.17845564 0.16786492 0.20616804 0.04526198]
2024-01-30 15:51:19,743 - INFO - [0.01405842 0.825      0.20556913 0.19783083 0.17657164 0.16779898 0.2062411  0.04598839]
2024-01-30 15:51:36,220 - INFO - [0.01406683 0.825      0.20688128 0.19712506 0.17563893 0.1677416  0.20626625 0.0463469 ]
2024-01-30 15:51:53,134 - INFO - [0.0140711  0.825      0.2075427  0.19677027 0.17515843 0.1677243  0.20628949 0.04651482]
2024-01-30 15:52:09,631 - INFO - [0.01407332 0.825      0.20788652 0.19659513 0.17491941 0.16770445 0.20629425 0.04660024]
2024-01-30 15:52:26,114 - INFO - [0.01407448 0.825      0.20806885 0.19650859 0.17479849 0.16768616 0.20629969 0.04663823]
2024-01-30 15:52:42,724 - INFO - [0.0140749  0.825      0.20815343 0.19646434 0.17474204 0.16769387 0.20628519 0.04666118]
2024-01-30 15:52:59,456 - INFO - [0.01407514 0.825      0.20818621 0.19645447 0.17472027 0.16768548 0.20627615 0.04667751]
2024-01-30 15:53:16,451 - INFO - [0.01407539 0.825      0.20821977 0.1964346  0.17469637 0.16768946 0.20628108 0.04667872]
2024-01-30 15:53:33,301 - INFO - [0.01407555 0.825      0.20822766 0.1964267  0.17470191 0.16767499 0.20628195 0.04668672]
2024-01-30 15:53:50,244 - INFO - [0.01407554 0.825      0.20823184 0.19642147 0.17470191 0.16767986 0.20627934 0.04668553]
2024-01-30 15:54:07,846 - INFO - [0.01407554 0.825      0.20823462 0.19642165 0.17470108 0.16768116 0.20627636 0.04668507]
2024-01-30 15:54:24,465 - INFO - [0.01407547 0.825      0.20823738 0.19642042 0.17470264 0.16767907 0.206273   0.0466875 ]
2024-01-30 15:54:41,622 - INFO - [0.01407554 0.825      0.20824017 0.19642547 0.17470038 0.16768152 0.20627117 0.04668124]
2024-01-30 15:54:58,070 - INFO - [0.01407549 0.825      0.20824388 0.19642167 0.17469494 0.16768643 0.2062721  0.04668098]
2024-01-30 15:54:58,184 - INFO - Successfully finished `test_optimize` after 356.444 seconds.
