2024-01-29 17:45:43,802 - INFO - Logging into directory _output/exp_011100_/20240129_174543__4294967168.
2024-01-29 17:45:43,813 - INFO - Starting `test_optimize`.
2024-01-29 17:46:03,571 - INFO - [0.01693217 0.817      0.001      0.332      0.332      0.332      0.001      0.001     ]
2024-01-29 17:46:24,201 - INFO - [0.01414965 0.827      0.0754922  0.2401586  0.23510091 0.23100559 0.13531344 0.08292923]
2024-01-29 17:46:46,045 - INFO - [0.01420114 0.833      0.12138923 0.20577699 0.19374985 0.1925794  0.19176601 0.09473854]
2024-01-29 17:47:07,258 - INFO - [0.01435013 0.832      0.14506419 0.18899812 0.17422478 0.17391698 0.21721575 0.10058022]
2024-01-29 17:47:28,162 - INFO - [0.01445265 0.832      0.15723176 0.18070318 0.16479133 0.16485704 0.22907099 0.1033457 ]
2024-01-29 17:47:50,297 - INFO - [0.01451182 0.832      0.16295648 0.17628983 0.16012467 0.16142334 0.23487008 0.10433552]
2024-01-29 17:48:13,499 - INFO - [0.0145431  0.831      0.1658999  0.17409046 0.15786411 0.1597586  0.23758321 0.10480368]
2024-01-29 17:48:34,669 - INFO - [0.01455802 0.831      0.16739547 0.17300312 0.15676734 0.15895845 0.23885439 0.10502111]
2024-01-29 17:48:56,788 - INFO - [0.01456531 0.831      0.16816951 0.17245807 0.15623716 0.15857263 0.23944476 0.1051179 ]
2024-01-29 17:49:19,063 - INFO - [0.01456917 0.831      0.16856481 0.17218651 0.15597554 0.1583706  0.23972891 0.10517364]
2024-01-29 17:49:40,275 - INFO - [0.01457099 0.831      0.16877216 0.17203432 0.15585063 0.15828621 0.23986384 0.10519288]
2024-01-29 17:50:03,270 - INFO - [0.01457197 0.831      0.16886307 0.17197157 0.15579757 0.15823172 0.23993605 0.10519998]
2024-01-29 17:50:25,450 - INFO - [0.01457243 0.831      0.16892135 0.17193863 0.15577428 0.15820701 0.23995173 0.105207  ]
2024-01-29 17:50:47,624 - INFO - [0.01457263 0.831      0.16894981 0.17191583 0.15575106 0.15820481 0.23996741 0.10521112]
2024-01-29 17:51:08,998 - INFO - [0.01457266 0.831      0.16895461 0.17191271 0.15573525 0.15820795 0.23998302 0.10520642]
2024-01-29 17:51:30,238 - INFO - [0.01457271 0.831      0.1689533  0.17190959 0.15574183 0.15821266 0.23996975 0.10521284]
2024-01-29 17:51:53,723 - INFO - [0.0145728  0.831      0.16895266 0.17190644 0.15574838 0.1582026  0.23998477 0.10520505]
2024-01-29 17:52:14,573 - INFO - [0.0145728  0.831      0.16895141 0.17190331 0.15575473 0.15820768 0.23997115 0.10521166]
2024-01-29 17:52:35,282 - INFO - [0.01457282 0.831      0.16895148 0.1719002  0.1557458  0.15820219 0.23998301 0.10521731]
2024-01-29 17:52:57,661 - INFO - [0.01457278 0.831      0.16895814 0.17189708 0.15575215 0.15820724 0.23997478 0.1052106 ]
2024-01-29 17:53:17,165 - INFO - [0.01457278 0.831      0.1689568  0.17189397 0.15574862 0.15820563 0.23998381 0.10521119]
2024-01-29 17:53:17,199 - INFO - Successfully finished `test_optimize` after 453.386 seconds.
