2024-01-30 15:49:02,294 - INFO - Logging into directory _output/exp_011000/20240130_154902__4294967171.
2024-01-30 15:49:02,310 - INFO - Starting `test_optimize`.
2024-01-30 15:49:16,595 - INFO - [0.02715148 0.799      0.001      0.498      0.498      0.001      0.001      0.001     ]
2024-01-30 15:49:34,767 - INFO - [0.02309236 0.816      0.09839021 0.33562106 0.3271654  0.10117061 0.06998904 0.06766365]
2024-01-30 15:49:53,644 - INFO - [0.02229967 0.82       0.15331523 0.26533085 0.24751814 0.16294552 0.11715557 0.05373468]
2024-01-30 15:50:11,641 - INFO - [0.0222438  0.82       0.18110913 0.22889702 0.20765316 0.19280541 0.14119905 0.04833611]
2024-01-30 15:50:28,584 - INFO - [0.02231257 0.82       0.19535522 0.21028225 0.18767175 0.20727803 0.15316416 0.04624857]
2024-01-30 15:50:46,290 - INFO - [0.02235819 0.82       0.20058201 0.20210135 0.17884177 0.21402994 0.15885824 0.04558674]
2024-01-30 15:51:03,614 - INFO - [0.02238686 0.82       0.20307687 0.1979804  0.17436205 0.2170251  0.16239174 0.04516386]
2024-01-30 15:51:21,383 - INFO - [0.02238979 0.82       0.20450963 0.19643392 0.17277879 0.21499938 0.16647924 0.04479899]
2024-01-30 15:51:38,715 - INFO - [0.02239211 0.82       0.20523301 0.1956417  0.17200069 0.21398753 0.16847722 0.04465979]
2024-01-30 15:51:56,113 - INFO - [0.02239347 0.82       0.2056044  0.1952374  0.17161031 0.21348262 0.16945904 0.04460625]
2024-01-30 15:52:13,123 - INFO - [0.02239419 0.82       0.20578961 0.19504161 0.17142865 0.21321632 0.16993405 0.04458981]
2024-01-30 15:52:30,366 - INFO - [0.02239472 0.82       0.20588532 0.19493528 0.17133641 0.21309908 0.1701704  0.04457348]
2024-01-30 15:52:47,950 - INFO - [0.02239494 0.82       0.20595035 0.19488856 0.17127407 0.21302766 0.17028746 0.04457186]
2024-01-30 15:53:04,834 - INFO - [0.02239504 0.82       0.20596592 0.19487166 0.17124167 0.21299991 0.1703449  0.04457589]
2024-01-30 15:53:21,411 - INFO - [0.02239511 0.82       0.2059727  0.19485481 0.17123897 0.21298273 0.17037255 0.04457822]
2024-01-30 15:53:38,348 - INFO - [0.0223951  0.82       0.20597894 0.19483794 0.17123625 0.21297492 0.17040008 0.04457187]
2024-01-30 15:53:56,365 - INFO - [0.02239516 0.82       0.20598522 0.19483547 0.17123355 0.21297693 0.17039789 0.04457094]
2024-01-30 15:54:13,302 - INFO - [0.02239525 0.82       0.20599145 0.19483258 0.17123084 0.21297884 0.17039569 0.04457054]
2024-01-30 15:54:30,176 - INFO - [0.02239522 0.82       0.20599769 0.19483058 0.17122814 0.21298063 0.17039348 0.04456948]
2024-01-30 15:54:47,213 - INFO - [0.0223952  0.82       0.20599613 0.1948358  0.17122543 0.2129817  0.17039126 0.04456968]
2024-01-30 15:55:03,901 - INFO - [0.02239515 0.82       0.20600237 0.1948342  0.17122275 0.21298327 0.17038907 0.0445684 ]
2024-01-30 15:55:03,938 - INFO - Successfully finished `test_optimize` after 361.627 seconds.
