2024-01-29 16:28:04,556 - INFO - Logging into directory _output/exp_nice_weights/20240129_162804__4294967146.
2024-01-29 16:28:04,560 - INFO - Starting `test_optimize`.
2024-01-29 16:28:20,207 - INFO - [0.02338422 0.802      0.332      0.332      0.332      0.001      0.001      0.001     ]
2024-01-29 16:28:38,014 - INFO - [0.0203133  0.811      0.25801829 0.26093289 0.25480825 0.0860737  0.114195   0.0259719 ]
2024-01-29 16:28:53,608 - INFO - [0.02010694 0.81       0.22526678 0.22820534 0.21951194 0.13064449 0.15595539 0.04041604]
2024-01-29 16:29:09,147 - INFO - [0.02014285 0.81       0.2100545  0.21332611 0.20170778 0.1541744  0.17300768 0.0477295 ]
2024-01-29 16:29:24,598 - INFO - [0.02019758 0.81       0.20277907 0.20549962 0.19312058 0.16558076 0.18055028 0.05246971]
2024-01-29 16:29:40,035 - INFO - [0.0202179  0.81       0.19840483 0.19993685 0.19530885 0.17032135 0.18268692 0.05334119]
2024-01-29 16:29:55,536 - INFO - [0.02022976 0.81       0.19619985 0.19706924 0.19644609 0.17275839 0.18374836 0.05377814]
2024-01-29 16:30:11,010 - INFO - [0.02023628 0.81       0.19508202 0.19559155 0.19704348 0.17400569 0.18427415 0.05400315]
2024-01-29 16:30:26,479 - INFO - [0.02023981 0.811      0.19452876 0.19482957 0.19735277 0.17464896 0.18453056 0.0541093 ]
2024-01-29 16:30:41,945 - INFO - [0.0202414  0.811      0.194244   0.19445372 0.19751304 0.1749718  0.18464835 0.05416906]
2024-01-29 16:30:57,412 - INFO - [0.02024231 0.811      0.19410834 0.19425835 0.19758566 0.17514554 0.18469931 0.05420276]
2024-01-29 16:31:12,865 - INFO - [0.02024278 0.811      0.19403233 0.19415247 0.19762671 0.17522983 0.18474121 0.05421744]
2024-01-29 16:31:24,978 - INFO - [0.02024293 0.811      0.19399506 0.19410367 0.19764054 0.1752827  0.1847602  0.05421788]
2024-01-29 16:31:32,947 - INFO - [0.02024324 0.811      0.19397873 0.1940607  0.1976518  0.17530733 0.18477894 0.0542225 ]
2024-01-29 16:31:41,600 - INFO - [0.02024333 0.811      0.19398946 0.19404431 0.19766305 0.17530848 0.18476813 0.05422657]
2024-01-29 16:31:49,954 - INFO - [0.02024339 0.811      0.19397564 0.19403182 0.19767432 0.17530826 0.18477793 0.05423205]
2024-01-29 16:31:58,246 - INFO - [0.02024331 0.811      0.19396663 0.19404511 0.19768551 0.17530315 0.18476711 0.05423244]
2024-01-29 16:32:06,364 - INFO - [0.02024342 0.811      0.1939801  0.19402875 0.19767755 0.1752983  0.18478405 0.05423128]
2024-01-29 16:32:14,354 - INFO - [0.02024328 0.811      0.19396381 0.19403867 0.19768803 0.17531061 0.18477322 0.05422563]
2024-01-29 16:32:22,356 - INFO - [0.02024332 0.811      0.19397727 0.19402245 0.19769917 0.17530623 0.18476297 0.05423198]
2024-01-29 16:32:31,150 - INFO - [0.02024324 0.811      0.19396198 0.19403583 0.19769292 0.1753235  0.18475389 0.05423185]
2024-01-29 16:32:31,170 - INFO - Successfully finished `test_optimize` after 266.610 seconds.
