2024-01-29 14:01:02,263 - INFO - Logging into directory _output/exp_uniform_weights/20240129/20240129_140102.
2024-01-29 14:01:02,267 - INFO - Starting `test_optimize`.
2024-01-29 14:01:08,780 - INFO - [0.01955365 0.809      0.16666667 0.16666667 0.16666667 0.16666667 0.16666667 0.16666667]
2024-01-29 14:01:16,907 - INFO - [0.01876622 0.811      0.18779092 0.17835112 0.17053249 0.21073876 0.14849041 0.10409635]
2024-01-29 14:01:25,055 - INFO - [0.0185163  0.812      0.1976853  0.18405841 0.17247202 0.23195256 0.14071029 0.07312144]
2024-01-29 14:01:33,169 - INFO - [0.01847504 0.812      0.20088123 0.18554206 0.17212938 0.24016413 0.13522947 0.06605364]
2024-01-29 14:01:41,309 - INFO - [0.01845797 0.812      0.2024629  0.18627523 0.17194787 0.24412277 0.13251269 0.06267852]
2024-01-29 14:01:49,417 - INFO - [0.01845048 0.812      0.20324603 0.1866211  0.17185666 0.24603347 0.13116886 0.06107392]
2024-01-29 14:01:57,551 - INFO - [0.01844709 0.812      0.20363243 0.18678799 0.17182367 0.2469462  0.13050497 0.06030471]
2024-01-29 14:02:05,721 - INFO - [0.01844541 0.812      0.20381896 0.18686542 0.17179669 0.2474039  0.1301748  0.05994028]
2024-01-29 14:02:13,859 - INFO - [0.01844466 0.812      0.20391576 0.18690933 0.17178562 0.24761006 0.13001792 0.05976132]
2024-01-29 14:02:21,958 - INFO - [0.0184443  0.812      0.2039531  0.18692702 0.17178258 0.24771056 0.12994951 0.05967725]
2024-01-29 14:02:30,172 - INFO - [0.01844417 0.812      0.20398493 0.18693468 0.17177953 0.24775144 0.12991188 0.05963751]
2024-01-29 14:02:38,244 - INFO - [0.0184441  0.812      0.20399244 0.18693888 0.17177653 0.24779151 0.12987667 0.05962398]
2024-01-29 14:02:46,339 - INFO - [0.01844415 0.812      0.20399985 0.18693641 0.17177354 0.24780248 0.129869   0.05961869]
2024-01-29 14:02:54,398 - INFO - [0.01844416 0.812      0.2040073  0.18693161 0.17177054 0.24781348 0.12986134 0.05961569]
2024-01-29 14:03:02,511 - INFO - [0.018444   0.812      0.20401473 0.18692835 0.17176756 0.24782372 0.1298537  0.05961207]
2024-01-29 14:03:10,575 - INFO - [0.01844404 0.812      0.20402205 0.18694368 0.17176455 0.24780548 0.12985294 0.05961132]
2024-01-29 14:03:18,698 - INFO - [0.01844419 0.812      0.20401746 0.18693157 0.17176811 0.24781643 0.12985769 0.05960867]
2024-01-29 14:03:26,773 - INFO - [0.01844405 0.812      0.20400041 0.18694218 0.17176528 0.24782538 0.12985377 0.05961301]
2024-01-29 14:03:34,876 - INFO - [0.0184441  0.812      0.20400786 0.18693018 0.17176783 0.24781935 0.12986444 0.05961035]
2024-01-29 14:03:42,948 - INFO - [0.01844404 0.812      0.20401525 0.18693869 0.17176482 0.24781646 0.12985677 0.05960803]
2024-01-29 14:03:51,029 - INFO - [0.01844409 0.812      0.20402065 0.18693157 0.17176232 0.24782495 0.1298492  0.05961135]
2024-01-29 14:03:51,057 - INFO - Successfully finished `test_optimize` after 168.790 seconds.
