2024-01-29 15:19:19,629 - INFO - Logging into directory _output/exp_good_weights/20240129/20240129_151919.
2024-01-29 15:19:19,633 - INFO - Starting `test_optimize`.
2024-01-29 15:19:28,367 - INFO - [0.02487312 0.803      0.01       0.5        0.3        0.14       0.04       0.01      ]
2024-01-29 15:19:39,445 - INFO - [0.0213649  0.813      0.09472156 0.32481304 0.22643965 0.13494225 0.14787085 0.07121263]
2024-01-29 15:19:50,020 - INFO - [0.02088635 0.817      0.14791378 0.24605358 0.20021492 0.14627787 0.1986886  0.06085131]
2024-01-29 15:20:00,725 - INFO - [0.02082315 0.814      0.17705053 0.20976044 0.19308968 0.15574685 0.20553289 0.05881959]
2024-01-29 15:20:10,905 - INFO - [0.02083614 0.815      0.19108945 0.19205932 0.18868616 0.16120623 0.20904113 0.05791762]
2024-01-29 15:20:19,547 - INFO - [0.02085088 0.815      0.1979554  0.18310583 0.18660484 0.16412902 0.21072586 0.05747912]
2024-01-29 15:20:30,773 - INFO - [0.02086159 0.815      0.20131859 0.178589   0.18561187 0.1656806  0.21153374 0.05726625]
2024-01-29 15:20:41,925 - INFO - [0.02086775 0.815      0.20283252 0.17618476 0.18503621 0.16636971 0.21254706 0.05702971]
2024-01-29 15:20:52,476 - INFO - [0.02086999 0.816      0.20357369 0.17498946 0.18475951 0.16673808 0.21302514 0.05691415]
2024-01-29 15:21:03,837 - INFO - [0.0208711  0.816      0.20390357 0.174356   0.18459496 0.1669143  0.21341138 0.05681979]
2024-01-29 15:21:14,432 - INFO - [0.02087164 0.816      0.20406824 0.17403328 0.18451332 0.16700499 0.21360902 0.05677116]
2024-01-29 15:21:25,076 - INFO - [0.02087197 0.816      0.20414774 0.17386892 0.18446904 0.16705598 0.2137115  0.05674677]
2024-01-29 15:21:35,528 - INFO - [0.0208721  0.816      0.20418985 0.17378516 0.18444937 0.16708255 0.21375731 0.05673575]
2024-01-29 15:21:45,993 - INFO - [0.02087214 0.816      0.20420861 0.17373957 0.18443874 0.16709939 0.21378821 0.05672548]
2024-01-29 15:21:54,546 - INFO - [0.02087213 0.816      0.20421523 0.17371917 0.18443248 0.16710795 0.21380368 0.0567215 ]
2024-01-29 15:22:02,538 - INFO - [0.02087212 0.816      0.20422308 0.17370734 0.18443143 0.16711162 0.21380791 0.05671864]
2024-01-29 15:22:10,523 - INFO - [0.02087207 0.816      0.20422561 0.17370155 0.18442819 0.1671118  0.21381259 0.05672038]
2024-01-29 15:22:18,496 - INFO - [0.02087209 0.816      0.20422843 0.17369571 0.18442991 0.16711426 0.21381262 0.0567192 ]
2024-01-29 15:22:26,492 - INFO - [0.02087212 0.816      0.20423026 0.17369573 0.18442903 0.1671157  0.21381126 0.05671808]
2024-01-29 15:22:34,444 - INFO - [0.02087218 0.816      0.20423125 0.17369759 0.18442939 0.16711576 0.21380852 0.05671751]
2024-01-29 15:22:42,436 - INFO - [0.02087219 0.816      0.2042314  0.17369734 0.18442754 0.16711561 0.21380851 0.05671958]
2024-01-29 15:22:42,460 - INFO - Successfully finished `test_optimize` after 202.827 seconds.
