2024-01-30 15:49:01,750 - INFO - Logging into directory _output/exp_011000/20240130_154901__4294967168.
2024-01-30 15:49:01,756 - INFO - Starting `test_optimize`.
2024-01-30 15:49:16,283 - INFO - [0.02031481 0.807      0.001      0.498      0.498      0.001      0.001      0.001     ]
2024-01-30 15:49:33,936 - INFO - [0.01540606 0.826      0.0762592  0.32297906 0.31352475 0.06785059 0.13447626 0.08491015]
2024-01-30 15:49:52,979 - INFO - [0.01460982 0.83       0.12293851 0.24811064 0.2349261  0.11080636 0.18751782 0.09570067]
2024-01-30 15:50:11,284 - INFO - [0.01449998 0.832      0.14707813 0.21045457 0.19567496 0.13391258 0.21145533 0.10142446]
2024-01-30 15:50:28,868 - INFO - [0.0145153  0.832      0.15842175 0.19106153 0.1759744  0.14492798 0.22619404 0.10342029]
2024-01-30 15:50:46,651 - INFO - [0.01454598 0.832      0.16394827 0.18166573 0.16654804 0.15003975 0.23340091 0.10439719]
2024-01-30 15:51:03,919 - INFO - [0.01455943 0.832      0.16642252 0.17684555 0.16105971 0.15402918 0.2368347  0.10480828]
2024-01-30 15:51:21,841 - INFO - [0.01456749 0.831      0.16767652 0.17440842 0.15835655 0.15606271 0.23847881 0.10501701]
2024-01-30 15:51:39,051 - INFO - [0.0145701  0.831      0.16831613 0.17317693 0.15702143 0.15711153 0.23926026 0.1051137 ]
2024-01-30 15:51:55,614 - INFO - [0.01457154 0.831      0.16864279 0.17254761 0.15637185 0.15764129 0.2396338  0.10516258]
2024-01-30 15:52:12,396 - INFO - [0.01457213 0.831      0.16881405 0.17222787 0.15605046 0.1579148  0.23980795 0.10518489]
2024-01-30 15:52:29,872 - INFO - [0.01457267 0.831      0.1689021  0.1720756  0.15589367 0.15803941 0.2398839  0.10520523]
2024-01-30 15:52:47,570 - INFO - [0.01457264 0.831      0.16893151 0.17198485 0.15581104 0.15813045 0.23992984 0.10521232]
2024-01-30 15:53:05,264 - INFO - [0.01457263 0.831      0.16895998 0.17195188 0.155772   0.1581654  0.23994564 0.10520516]
2024-01-30 15:53:22,052 - INFO - [0.01457285 0.831      0.16898042 0.17191999 0.15575001 0.15817487 0.23996136 0.10521338]
2024-01-30 15:53:39,028 - INFO - [0.01457278 0.831      0.16897906 0.17191686 0.15574157 0.15817998 0.239977   0.10520557]
2024-01-30 15:53:55,921 - INFO - [0.01457282 0.831      0.16897769 0.17191373 0.15574807 0.15818509 0.23996313 0.1052123 ]
2024-01-30 15:54:12,928 - INFO - [0.01457283 0.831      0.16897632 0.1719106  0.15572882 0.15819021 0.23997734 0.10521676]
2024-01-30 15:54:30,037 - INFO - [0.0145729  0.831      0.16897495 0.17190747 0.15573539 0.1581953  0.23996449 0.10522238]
2024-01-30 15:54:46,924 - INFO - [0.01457278 0.831      0.16897358 0.17190434 0.15574123 0.15819764 0.23997973 0.10520349]
2024-01-30 15:55:02,656 - INFO - [0.01457275 0.831      0.16897222 0.17190123 0.15574716 0.15820268 0.23996857 0.10520819]
2024-01-30 15:55:02,685 - INFO - Successfully finished `test_optimize` after 360.929 seconds.
