2024-01-29 16:39:13,458 - INFO - Logging into directory _output/exp_011000/20240129_163913__4294967152.
2024-01-29 16:39:13,462 - INFO - Starting `test_optimize`.
2024-01-29 16:39:26,025 - INFO - [0.01232786 0.777      0.001      0.498      0.498      0.001      0.001      0.001     ]
2024-01-29 16:39:40,659 - INFO - [0.00721435 0.817      0.12483475 0.26265684 0.26808774 0.12738688 0.18614982 0.03088402]
2024-01-29 16:39:55,836 - INFO - [0.0073225  0.817      0.16239728 0.21922365 0.22587995 0.13860063 0.21304756 0.04085087]
2024-01-29 16:40:11,627 - INFO - [0.0075077  0.817      0.18100397 0.19675572 0.2029606  0.14331675 0.23092817 0.04503476]
2024-01-29 16:40:27,191 - INFO - [0.00761847 0.814      0.19088551 0.18562032 0.19001171 0.14770727 0.23873651 0.04703871]
2024-01-29 16:40:43,775 - INFO - [0.00768333 0.814      0.19593489 0.18003237 0.18351547 0.1501628  0.2422761  0.04807838]
2024-01-29 16:40:59,996 - INFO - [0.00771136 0.814      0.19761568 0.1768378  0.18014216 0.15253316 0.24495174 0.04791943]
2024-01-29 16:41:16,335 - INFO - [0.00772539 0.814      0.1984909  0.17522456 0.17844848 0.15380411 0.24615984 0.04787206]
2024-01-29 16:41:32,302 - INFO - [0.00773221 0.814      0.19894847 0.17441528 0.17759448 0.15447499 0.2467078  0.04785903]
2024-01-29 16:41:47,359 - INFO - [0.00773555 0.814      0.19918604 0.1739938  0.17717046 0.15483972 0.24695325 0.04785671]
2024-01-29 16:42:04,550 - INFO - [0.00773714 0.814      0.19931549 0.17378759 0.1769557  0.1550256  0.24705413 0.04786151]
2024-01-29 16:42:20,575 - INFO - [0.00773795 0.814      0.19938096 0.17369398 0.17683719 0.15512235 0.24709538 0.04787014]
2024-01-29 16:42:35,184 - INFO - [0.0077383  0.814      0.19942066 0.17364401 0.1767716  0.15518881 0.24710681 0.04786808]
2024-01-29 16:42:51,723 - INFO - [0.0077384  0.814      0.19943088 0.17361011 0.17674309 0.15522547 0.24711823 0.04787224]
2024-01-29 16:43:05,152 - INFO - [0.00773843 0.814      0.19943582 0.17359528 0.17673708 0.15523237 0.2471296  0.04786992]
2024-01-29 16:43:20,741 - INFO - [0.00773847 0.814      0.1994458  0.17359118 0.17673109 0.15523921 0.24712567 0.04786709]
2024-01-29 16:43:37,116 - INFO - [0.00773857 0.814      0.19943611 0.17358707 0.1767251  0.15524603 0.24713697 0.04786868]
2024-01-29 16:43:52,119 - INFO - [0.00773856 0.814      0.19944623 0.17358297 0.17671914 0.1552529  0.24712713 0.04787163]
2024-01-29 16:44:07,008 - INFO - [0.00773858 0.814      0.19944172 0.17357887 0.17671317 0.15525967 0.24713838 0.0478682 ]
2024-01-29 16:44:17,582 - INFO - [0.00773859 0.814      0.19945174 0.17357482 0.17670809 0.1552653  0.24712968 0.04787037]
2024-01-29 16:44:26,707 - INFO - [0.00773861 0.814      0.19943616 0.17357105 0.17671764 0.15525842 0.24714102 0.04787571]
2024-01-29 16:44:26,727 - INFO - Successfully finished `test_optimize` after 313.265 seconds.
