2024-01-30 15:49:01,731 - INFO - Logging into directory _output/exp_011000/20240130_154901__4294967173.
2024-01-30 15:49:01,736 - INFO - Starting `test_optimize`.
2024-01-30 15:49:16,392 - INFO - [0.01231308 0.799      0.001      0.498      0.498      0.001      0.001      0.001     ]
2024-01-30 15:49:35,765 - INFO - [0.0079706  0.822      0.07107564 0.32352853 0.31680244 0.09598452 0.11351132 0.07909748]
2024-01-30 15:49:55,200 - INFO - [0.00736969 0.821      0.11882661 0.24743354 0.23980853 0.15715708 0.16249293 0.07428124]
2024-01-30 15:50:12,260 - INFO - [0.0073276  0.819      0.14524628 0.20890281 0.20291735 0.18857831 0.18222335 0.07213195]
2024-01-30 15:50:29,897 - INFO - [0.00743868 0.82       0.15919416 0.19019662 0.18218823 0.20389567 0.1934049  0.07112043]
2024-01-30 15:50:46,811 - INFO - [0.00752097 0.82       0.16763063 0.18264939 0.17216849 0.2040671  0.20073107 0.07275323]
2024-01-30 15:51:04,118 - INFO - [0.00756666 0.82       0.17202036 0.17885779 0.16712892 0.20422336 0.20422752 0.07354209]
2024-01-30 15:51:22,056 - INFO - [0.00759138 0.82       0.17403981 0.17671244 0.1644474  0.20576486 0.20558041 0.07345504]
2024-01-30 15:51:39,060 - INFO - [0.00760294 0.82       0.17272441 0.17608264 0.16337653 0.20720115 0.2071645  0.07345071]
2024-01-30 15:51:56,719 - INFO - [0.00760863 0.82       0.17206538 0.17578116 0.16285001 0.20792159 0.20791477 0.07346706]
2024-01-30 15:52:13,305 - INFO - [0.00761141 0.82       0.17173448 0.17563815 0.16258951 0.20828407 0.20827556 0.07347827]
2024-01-30 15:52:30,818 - INFO - [0.00761279 0.82       0.17155281 0.17557323 0.16247277 0.2084676  0.20844431 0.07348924]
2024-01-30 15:52:48,427 - INFO - [0.0076135  0.82       0.17146175 0.17553815 0.16241571 0.20856126 0.20852263 0.07350039]
2024-01-30 15:53:05,858 - INFO - [0.00761372 0.82       0.17142911 0.17553274 0.1623885  0.20859572 0.20855713 0.0734967 ]
2024-01-30 15:53:22,925 - INFO - [0.00761382 0.82       0.17141652 0.17552748 0.16236134 0.20861124 0.20857963 0.07350385]
2024-01-30 15:53:39,648 - INFO - [0.00761385 0.82       0.17141356 0.17552219 0.1623639  0.2086159  0.20858432 0.07350016]
2024-01-30 15:53:56,980 - INFO - [0.00761387 0.82       0.17140979 0.1755169  0.16236646 0.20862056 0.208589   0.07349731]
2024-01-30 15:54:14,168 - INFO - [0.00761395 0.82       0.17140695 0.17551161 0.16236809 0.20862523 0.20859368 0.07349442]
2024-01-30 15:54:31,757 - INFO - [0.00761393 0.82       0.17140414 0.17550632 0.16236211 0.20862989 0.20859836 0.07349925]
2024-01-30 15:54:48,669 - INFO - [0.00761393 0.82       0.17140126 0.17550103 0.16236471 0.20863453 0.20860299 0.07349555]
2024-01-30 15:55:03,403 - INFO - [0.007614   0.82       0.17139845 0.1754958  0.16236131 0.20863913 0.20860733 0.07349805]
2024-01-30 15:55:03,446 - INFO - Successfully finished `test_optimize` after 361.710 seconds.
