2024-01-29 17:45:44,590 - INFO - Logging into directory _output/exp_011100_/20240129_174544__4294967149.
2024-01-29 17:45:44,612 - INFO - Starting `test_optimize`.
2024-01-29 17:46:02,634 - INFO - [0.01735692 0.811      0.001      0.332      0.332      0.332      0.001      0.001     ]
2024-01-29 17:46:27,324 - INFO - [0.01427654 0.818      0.11108062 0.25737607 0.24753642 0.24065363 0.125698   0.01765524]
2024-01-29 17:46:48,600 - INFO - [0.01421805 0.821      0.16487376 0.22237226 0.21632782 0.19587794 0.17314488 0.02740339]
2024-01-29 17:47:11,533 - INFO - [0.01434767 0.819      0.1906752  0.20382495 0.2018043  0.1725101  0.19887209 0.03231343]
2024-01-29 17:47:36,652 - INFO - [0.01444673 0.819      0.20382439 0.19462928 0.19491802 0.1611158  0.2105864  0.03492612]
2024-01-29 17:47:58,447 - INFO - [0.01450734 0.819      0.21047375 0.18999781 0.19158475 0.15550035 0.21618688 0.03625652]
2024-01-29 17:48:19,858 - INFO - [0.01454161 0.818      0.21255593 0.18736337 0.18925174 0.15218987 0.22226149 0.03637763]
2024-01-29 17:48:41,428 - INFO - [0.01455998 0.818      0.21363075 0.18604088 0.18813233 0.15056129 0.22515665 0.0364781 ]
2024-01-29 17:49:04,543 - INFO - [0.01456916 0.818      0.2141948  0.18537501 0.18758404 0.1497667  0.22653697 0.03654252]
2024-01-29 17:49:27,587 - INFO - [0.01457392 0.817      0.21448275 0.18503641 0.18733315 0.14937374 0.22719088 0.036583  ]
2024-01-29 17:49:51,043 - INFO - [0.01457611 0.817      0.21463253 0.18487653 0.18720172 0.14917567 0.22751208 0.03660151]
2024-01-29 17:50:13,557 - INFO - [0.01457715 0.817      0.21469326 0.1848042  0.18713342 0.14909589 0.22765443 0.03661884]
2024-01-29 17:50:39,670 - INFO - [0.01457782 0.817      0.21472439 0.18476349 0.18710303 0.14904685 0.22773699 0.03662517]
2024-01-29 17:51:01,000 - INFO - [0.01457814 0.817      0.21475509 0.18473724 0.18709084 0.14902765 0.22776002 0.03662914]
2024-01-29 17:51:23,510 - INFO - [0.01457831 0.817      0.2147686  0.18472649 0.18708092 0.14900848 0.22778302 0.03663248]
2024-01-29 17:51:48,259 - INFO - [0.01457842 0.817      0.21476963 0.18471572 0.18708266 0.14900012 0.22779629 0.03663557]
2024-01-29 17:52:09,153 - INFO - [0.01457845 0.817      0.21477066 0.18470649 0.18708113 0.14900973 0.22779442 0.0366376 ]
2024-01-29 17:52:30,244 - INFO - [0.01457848 0.817      0.21477167 0.18471837 0.18709128 0.14899063 0.22778764 0.03664034]
2024-01-29 17:52:53,361 - INFO - [0.01457849 0.817      0.2147727  0.18470763 0.1870791  0.14900123 0.22780296 0.03663639]
2024-01-29 17:53:14,643 - INFO - [0.01457852 0.817      0.21477371 0.18469973 0.18708928 0.14900909 0.22779617 0.03663203]
2024-01-29 17:53:24,107 - INFO - [0.01457854 0.817      0.21477473 0.18469808 0.18707758 0.1490169  0.22779712 0.0366356 ]
2024-01-29 17:53:24,135 - INFO - Successfully finished `test_optimize` after 459.523 seconds.
