2024-01-29 13:12:36,510 - INFO - Logging into directory _output/exp_uniform_weights/20240129/20240129_131236.
2024-01-29 13:12:36,513 - INFO - Starting `test_optimize`.
2024-01-29 13:12:43,023 - INFO - [0.01384355 0.814      0.16666667 0.16666667 0.16666667 0.16666667 0.16666667 0.16666667]
2024-01-29 13:12:51,063 - INFO - [0.01403518 0.812      0.16298069 0.15790106 0.15311497 0.15584028 0.18876697 0.18139604]
2024-01-29 13:12:59,086 - INFO - [0.01404764 0.812      0.1638763  0.15533365 0.14888507 0.15292811 0.20102069 0.17795624]
2024-01-29 13:13:07,091 - INFO - [0.01405044 0.813      0.16451094 0.15424143 0.14698587 0.15168062 0.20680436 0.17577678]
2024-01-29 13:13:15,118 - INFO - [0.01405211 0.813      0.16486414 0.15372971 0.14608513 0.15110476 0.20949738 0.17471896]
2024-01-29 13:13:23,115 - INFO - [0.01405319 0.813      0.16505441 0.15346542 0.14564914 0.15084527 0.2107726  0.17421319]
2024-01-29 13:13:31,151 - INFO - [0.01405387 0.813      0.16515438 0.15333998 0.14543828 0.15072255 0.21135928 0.17398551]
2024-01-29 13:13:39,144 - INFO - [0.01405413 0.813      0.16520928 0.15328819 0.14534105 0.15066494 0.21162379 0.17387268]
2024-01-29 13:13:47,149 - INFO - [0.01405416 0.813      0.16523612 0.15326272 0.14529409 0.15063711 0.21174684 0.17382318]
2024-01-29 13:13:55,144 - INFO - [0.01405423 0.813      0.16524698 0.15325294 0.14527206 0.1506239  0.21180281 0.17380135]
2024-01-29 13:14:03,154 - INFO - [0.01405435 0.813      0.16525453 0.15324682 0.14525984 0.15061171 0.21183035 0.17379679]
2024-01-29 13:14:11,143 - INFO - [0.01405428 0.813      0.16526276 0.15325184 0.14526032 0.15060739 0.21183668 0.17378104]
2024-01-29 13:14:19,152 - INFO - [0.01405451 0.813      0.16525966 0.15324394 0.14525029 0.15060602 0.21184808 0.17379196]
2024-01-29 13:14:27,130 - INFO - [0.01405437 0.813      0.16526172 0.15325038 0.1452511  0.15060705 0.21184923 0.17378052]
2024-01-29 13:14:35,123 - INFO - [0.01405442 0.813      0.16526316 0.15324976 0.14524926 0.15060835 0.21184941 0.17378002]
2024-01-29 13:14:43,093 - INFO - [0.01405441 0.813      0.16526288 0.15324798 0.1452495  0.15060642 0.21184976 0.17378347]
2024-01-29 13:14:51,104 - INFO - [0.01405445 0.813      0.16525935 0.15324867 0.14524961 0.15060481 0.21185347 0.17378405]
2024-01-29 13:14:59,094 - INFO - [0.01405438 0.813      0.16526301 0.15325162 0.14524938 0.15060619 0.21184887 0.17378093]
2024-01-29 13:15:07,092 - INFO - [0.01405434 0.813      0.16525885 0.15324658 0.14525025 0.15060394 0.21185195 0.17378852]
2024-01-29 13:15:15,067 - INFO - [0.0140544  0.813      0.16526513 0.15324904 0.14525065 0.15060836 0.21184652 0.17378026]
2024-01-29 13:15:23,080 - INFO - [0.01405438 0.813      0.16526787 0.15324731 0.14524955 0.15060651 0.21185167 0.17377707]
2024-01-29 13:15:23,096 - INFO - Successfully finished `test_optimize` after 166.583 seconds.
