2024-01-30 15:49:01,679 - INFO - Logging into directory _output/exp_011000/20240130_154901__4294967148.
2024-01-30 15:49:01,682 - INFO - Starting `test_optimize`.
2024-01-30 15:49:15,000 - INFO - [0.02957393 0.782      0.001      0.498      0.498      0.001      0.001      0.001     ]
2024-01-30 15:49:32,182 - INFO - [0.02336171 0.806      0.11211879 0.28283793 0.25943473 0.1114917  0.16941425 0.06470269]
2024-01-30 15:49:49,016 - INFO - [0.02295599 0.808      0.14055273 0.23432411 0.19885187 0.13313501 0.2158761  0.07726012]
2024-01-30 15:50:07,054 - INFO - [0.02284952 0.806      0.15987906 0.21257724 0.170341   0.14653096 0.23954281 0.07112901]
2024-01-30 15:50:24,313 - INFO - [0.02282539 0.808      0.17032453 0.20249966 0.15573521 0.15379164 0.2510322  0.06661679]
2024-01-30 15:50:41,359 - INFO - [0.02280684 0.808      0.17467199 0.1964028  0.14799938 0.16024438 0.25525641 0.06542505]
2024-01-30 15:50:57,893 - INFO - [0.02280409 0.809      0.17703776 0.19313674 0.14373228 0.16347973 0.25691578 0.06569769]
2024-01-30 15:51:14,596 - INFO - [0.02280042 0.809      0.17846926 0.19187449 0.14178841 0.16509107 0.25768176 0.06509504]
2024-01-30 15:51:31,235 - INFO - [0.02279719 0.809      0.17924504 0.19130115 0.14086129 0.16595769 0.25810716 0.06452766]
2024-01-30 15:51:47,745 - INFO - [0.02279558 0.809      0.17964019 0.1910177  0.14039284 0.16639881 0.25831941 0.06423099]
2024-01-30 15:52:04,740 - INFO - [0.02279467 0.809      0.17984147 0.19087987 0.14015867 0.16662335 0.25842226 0.06407433]
2024-01-30 15:52:21,173 - INFO - [0.02279427 0.809      0.17993487 0.19080526 0.14003718 0.16673562 0.258481   0.06400604]
2024-01-30 15:52:37,814 - INFO - [0.02279405 0.809      0.17998351 0.19076541 0.13997246 0.16679393 0.25850758 0.06397713]
2024-01-30 15:52:54,578 - INFO - [0.02279397 0.809      0.18001902 0.19075543 0.13994567 0.16681917 0.25850144 0.06395925]
2024-01-30 15:53:11,436 - INFO - [0.02279388 0.809      0.1800237  0.19074315 0.13993017 0.16683766 0.25852713 0.06393814]
2024-01-30 15:53:28,482 - INFO - [0.02279379 0.809      0.18002349 0.19073534 0.1399204  0.166848   0.25852895 0.06394386]
2024-01-30 15:53:45,811 - INFO - [0.02279379 0.809      0.18004128 0.19074453 0.13992165 0.16684936 0.25851789 0.06392521]
2024-01-30 15:54:02,686 - INFO - [0.02279378 0.809      0.1800444  0.19074497 0.13991809 0.16684717 0.25851104 0.06393433]
2024-01-30 15:54:19,787 - INFO - [0.02279377 0.809      0.18004437 0.19074498 0.13991573 0.16684698 0.25850943 0.06393855]
2024-01-30 15:54:36,345 - INFO - [0.0227938  0.809      0.18003915 0.19074045 0.13991085 0.16685039 0.25851551 0.06394368]
2024-01-30 15:54:53,117 - INFO - [0.02279371 0.809      0.180035   0.19073908 0.13991198 0.1668563  0.25852665 0.06393101]
2024-01-30 15:54:53,161 - INFO - Successfully finished `test_optimize` after 351.479 seconds.
