2024-01-29 16:28:05,341 - INFO - Logging into directory _output/exp_nice_weights/20240129_162805__4294967159.
2024-01-29 16:28:05,345 - INFO - Starting `test_optimize`.
2024-01-29 16:28:18,331 - INFO - [0.01930376 0.799      0.332      0.332      0.332      0.001      0.001      0.001     ]
2024-01-29 16:28:33,912 - INFO - [0.01597509 0.809      0.23913242 0.2351954  0.22059265 0.0715535  0.16316982 0.07035611]
2024-01-29 16:28:49,453 - INFO - [0.01609457 0.806      0.2100358  0.20227034 0.18277675 0.12065902 0.18887533 0.09538274]
2024-01-29 16:29:04,954 - INFO - [0.01624461 0.81       0.1964788  0.18656506 0.16450104 0.14472303 0.20115894 0.10657316]
2024-01-29 16:29:20,399 - INFO - [0.01633097 0.809      0.19009945 0.17877716 0.15558045 0.15663852 0.20705314 0.11185134]
2024-01-29 16:29:35,756 - INFO - [0.0163771  0.809      0.18709813 0.17491139 0.15121387 0.16254975 0.20986962 0.11435724]
2024-01-29 16:29:51,213 - INFO - [0.01640146 0.809      0.18568577 0.17298307 0.14907861 0.16549154 0.21121398 0.11554702]
2024-01-29 16:30:06,674 - INFO - [0.01641371 0.809      0.18501912 0.1720262  0.14803603 0.1669517  0.2118523  0.11611468]
2024-01-29 16:30:22,001 - INFO - [0.01641987 0.809      0.18473408 0.17158386 0.14752294 0.16765499 0.21213315 0.11637091]
2024-01-29 16:30:36,977 - INFO - [0.01641757 0.809      0.18533097 0.17223629 0.14729619 0.16631161 0.21231449 0.11651051]
2024-01-29 16:30:44,960 - INFO - [0.01641787 0.809      0.18518203 0.17210479 0.14715725 0.16681105 0.21226481 0.11648005]
2024-01-29 16:30:53,023 - INFO - [0.01641578 0.809      0.18533392 0.17231388 0.14709674 0.1666539  0.21217987 0.11642168]
2024-01-29 16:31:01,009 - INFO - [0.01642095 0.809      0.18486793 0.17171578 0.14704885 0.16753902 0.21230482 0.11652353]
2024-01-29 16:31:09,040 - INFO - [0.01641811 0.809      0.18539321 0.17230852 0.14706062 0.16625763 0.21239667 0.11658331]
2024-01-29 16:31:17,014 - INFO - [0.01641829 0.809      0.18520589 0.17212801 0.14704069 0.16678761 0.21231686 0.11652088]
2024-01-29 16:31:24,976 - INFO - [0.01641614 0.809      0.18536349 0.17234576 0.14704308 0.16654895 0.21223767 0.11646103]
2024-01-29 16:31:33,110 - INFO - [0.01642086 0.809      0.18489599 0.17174792 0.14702499 0.16745926 0.21233864 0.1165332 ]
2024-01-29 16:31:41,850 - INFO - [0.01641796 0.809      0.18542123 0.17234054 0.14703695 0.16620789 0.21240111 0.1165923 ]
2024-01-29 16:31:57,275 - INFO - [0.01641897 0.809      0.18516009 0.17206103 0.14702611 0.16686328 0.21234742 0.11654209]
2024-01-29 16:32:12,711 - INFO - [0.01641676 0.809      0.18547457 0.17243619 0.14703488 0.16615953 0.21235093 0.11654392]
2024-01-29 16:32:28,144 - INFO - [0.01642133 0.809      0.18492796 0.17177825 0.14701684 0.16729598 0.21240056 0.11658039]
2024-01-29 16:32:28,165 - INFO - Successfully finished `test_optimize` after 262.820 seconds.
