2024-01-30 15:49:01,642 - INFO - Logging into directory _output/exp_011000/20240130_154901__4294967162.
2024-01-30 15:49:01,648 - INFO - Starting `test_optimize`.
2024-01-30 15:49:15,125 - INFO - [0.02025612 0.801      0.001      0.498      0.498      0.001      0.001      0.001     ]
2024-01-30 15:49:32,394 - INFO - [0.01676986 0.811      0.0831288  0.33986101 0.33248138 0.07498237 0.12548006 0.04406646]
2024-01-30 15:49:50,119 - INFO - [0.0164258  0.81       0.12641183 0.26270697 0.25070065 0.11429616 0.18091151 0.06497291]
2024-01-30 15:50:06,608 - INFO - [0.01645456 0.81       0.15170398 0.22617987 0.21299203 0.13705371 0.1971474  0.07492306]
2024-01-30 15:50:24,334 - INFO - [0.01652677 0.81       0.16501127 0.20743601 0.19395131 0.14919989 0.20493022 0.07947125]
2024-01-30 15:50:41,450 - INFO - [0.01658652 0.811      0.17275743 0.19823933 0.1844223  0.15619646 0.20663489 0.08174961]
2024-01-30 15:50:58,092 - INFO - [0.01661745 0.81       0.17636909 0.19291888 0.18066889 0.15968943 0.20766148 0.08269221]
2024-01-30 15:51:14,824 - INFO - [0.01663161 0.81       0.17825945 0.19017468 0.17878184 0.16154024 0.20814325 0.08310047]
2024-01-30 15:51:31,502 - INFO - [0.01663859 0.81       0.17923559 0.1887607  0.1778215  0.16251299 0.20838337 0.08328595]
2024-01-30 15:51:47,961 - INFO - [0.01664228 0.81       0.17976414 0.18803258 0.17733823 0.16302177 0.20847756 0.08336578]
2024-01-30 15:52:04,572 - INFO - [0.01664402 0.81       0.18002434 0.18766233 0.17709355 0.16329201 0.20852667 0.08340116]
2024-01-30 15:52:21,420 - INFO - [0.01664507 0.81       0.18016528 0.18747106 0.17696819 0.16341338 0.20856115 0.083421  ]
2024-01-30 15:52:38,263 - INFO - [0.01664556 0.81       0.18024427 0.18736926 0.17690246 0.16349272 0.20856583 0.08342547]
2024-01-30 15:52:54,952 - INFO - [0.01664581 0.81       0.18028232 0.18732615 0.17686656 0.16352443 0.20857053 0.08343002]
2024-01-30 15:53:12,186 - INFO - [0.01664589 0.81       0.18030393 0.18728396 0.17686044 0.1635561  0.20857516 0.08342036]
2024-01-30 15:53:29,460 - INFO - [0.01664607 0.81       0.18031323 0.1872716  0.17685433 0.16355796 0.20857981 0.08342298]
2024-01-30 15:53:46,734 - INFO - [0.01664596 0.81       0.18030719 0.18727165 0.17684826 0.16356017 0.2085845  0.08342823]
2024-01-30 15:54:04,347 - INFO - [0.01664605 0.81       0.18032654 0.18725932 0.17684218 0.16356204 0.20858896 0.083421  ]
2024-01-30 15:54:21,868 - INFO - [0.01664607 0.81       0.18031839 0.18726175 0.17683612 0.16356394 0.20859362 0.08342621]
2024-01-30 15:54:39,438 - INFO - [0.01664605 0.81       0.18031026 0.18726318 0.17683114 0.16356584 0.20859817 0.08343146]
2024-01-30 15:54:56,037 - INFO - [0.0166461  0.81       0.1803215  0.187251   0.17685248 0.1635679  0.20857309 0.08343399]
2024-01-30 15:54:56,160 - INFO - Successfully finished `test_optimize` after 354.512 seconds.
