2024-01-30 15:49:01,550 - INFO - Logging into directory _output/exp_011000/20240130_154901__4294967151.
2024-01-30 15:49:01,553 - INFO - Starting `test_optimize`.
2024-01-30 15:49:15,416 - INFO - [0.02009089 0.787      0.001      0.498      0.498      0.001      0.001      0.001     ]
2024-01-30 15:49:33,059 - INFO - [0.01479804 0.803      0.11195446 0.28593561 0.27784401 0.12533359 0.15466316 0.04426919]
2024-01-30 15:49:52,218 - INFO - [0.01483143 0.803      0.15181229 0.22537328 0.21888763 0.17268139 0.16256396 0.06868147]
2024-01-30 15:50:11,522 - INFO - [0.01500584 0.801      0.17120492 0.19573165 0.19028169 0.19315965 0.16903602 0.08058607]
2024-01-30 15:50:28,564 - INFO - [0.01510255 0.8        0.18056974 0.18052584 0.17556636 0.2027532  0.17477974 0.08580513]
2024-01-30 15:50:45,174 - INFO - [0.01515668 0.8        0.185049   0.17268676 0.16792715 0.20717314 0.1791472  0.08801677]
2024-01-30 15:51:01,713 - INFO - [0.01518516 0.8        0.18732868 0.16878222 0.16409487 0.20931752 0.18140674 0.08906999]
2024-01-30 15:51:18,549 - INFO - [0.01520118 0.8        0.18825778 0.16710582 0.16250701 0.21006453 0.18196847 0.0900964 ]
2024-01-30 15:51:34,740 - INFO - [0.01521004 0.8        0.18877912 0.16631882 0.16175219 0.21048462 0.1820368  0.09062856]
2024-01-30 15:51:51,622 - INFO - [0.01521454 0.8        0.18904465 0.16592956 0.16137828 0.21069388 0.18207401 0.09087968]
2024-01-30 15:52:08,364 - INFO - [0.01521685 0.8        0.18918075 0.16574164 0.161194   0.21079639 0.18208571 0.09100152]
2024-01-30 15:52:24,689 - INFO - [0.01521786 0.8        0.18924615 0.16564679 0.16109627 0.21085079 0.1821012  0.09105881]
2024-01-30 15:52:41,660 - INFO - [0.01521844 0.8        0.18928178 0.16560061 0.16104963 0.21087793 0.1821079  0.09108213]
2024-01-30 15:52:58,959 - INFO - [0.01521863 0.8        0.1892994  0.16557963 0.1610281  0.21088919 0.18210946 0.09109423]
2024-01-30 15:53:15,747 - INFO - [0.01521874 0.8        0.1893094  0.1655679  0.16101848 0.21089214 0.18211263 0.09109948]
2024-01-30 15:53:33,498 - INFO - [0.01521879 0.8        0.18931405 0.16556633 0.16101433 0.21089301 0.18210909 0.09110325]
2024-01-30 15:53:50,838 - INFO - [0.01521886 0.8        0.18931794 0.16556613 0.16101234 0.21089067 0.18210617 0.09110679]
2024-01-30 15:54:07,875 - INFO - [0.01521886 0.8        0.18931781 0.16556408 0.16101463 0.21089014 0.18210667 0.09110672]
2024-01-30 15:54:25,418 - INFO - [0.01521898 0.8        0.18931893 0.16556212 0.16101275 0.21088944 0.18210769 0.09110903]
2024-01-30 15:54:42,982 - INFO - [0.01521888 0.8        0.1893189  0.16556399 0.16101383 0.21088848 0.18210663 0.09110823]
2024-01-30 15:54:59,171 - INFO - [0.01521892 0.8        0.18931901 0.16556188 0.1610152  0.2108877  0.18210703 0.09110919]
2024-01-30 15:54:59,224 - INFO - Successfully finished `test_optimize` after 357.671 seconds.
