2024-01-29 12:21:49,613 - INFO - Logging into directory _output/exp_uniform_weights/20240129/20240129_122149.
2024-01-29 12:21:49,616 - INFO - Starting `test_optimize`.
2024-01-29 12:21:56,104 - INFO - [0.01069979 0.821      0.16666667 0.16666667 0.16666667 0.16666667 0.16666667 0.16666667]
2024-01-29 12:22:04,088 - INFO - [0.01040836 0.821      0.17293961 0.17141099 0.16503264 0.15660761 0.2067958  0.12721336]
2024-01-29 12:22:12,078 - INFO - [0.01032766 0.822      0.17649204 0.17405081 0.16455916 0.15179156 0.22407712 0.10902932]
2024-01-29 12:22:20,057 - INFO - [0.01028839 0.822      0.17921098 0.176175   0.16567737 0.15050814 0.226789   0.10163954]
2024-01-29 12:22:28,051 - INFO - [0.01026909 0.823      0.18075725 0.17729484 0.16634114 0.1500545  0.22727753 0.09827479]
2024-01-29 12:22:36,002 - INFO - [0.01026049 0.823      0.18151765 0.17782889 0.16664656 0.14979683 0.2275086  0.0967015 ]
2024-01-29 12:22:43,992 - INFO - [0.01025674 0.823      0.1818846  0.17808411 0.16678485 0.14964536 0.22762774 0.09597339]
2024-01-29 12:22:51,949 - INFO - [0.01025503 0.823      0.18206722 0.1782057  0.16684702 0.14956546 0.22769044 0.09562422]
2024-01-29 12:22:59,941 - INFO - [0.01025438 0.823      0.18214905 0.17826684 0.16687706 0.14951253 0.22772112 0.09547346]
2024-01-29 12:23:07,889 - INFO - [0.01025418 0.823      0.18218812 0.17829625 0.16688856 0.14948444 0.22773674 0.09540586]
2024-01-29 12:23:15,880 - INFO - [0.01025425 0.823      0.18219624 0.17831531 0.16689681 0.14945936 0.22774102 0.09539121]
2024-01-29 12:23:23,841 - INFO - [0.01025381 0.823      0.18223186 0.17831554 0.16690147 0.14947516 0.22773279 0.09534319]
2024-01-29 12:23:31,825 - INFO - [0.01025382 0.823      0.18222784 0.17831889 0.16689833 0.14946379 0.22774985 0.09534141]
2024-01-29 12:23:39,772 - INFO - [0.01025397 0.823      0.18222056 0.17832503 0.16689989 0.14945245 0.22774944 0.09535268]
2024-01-29 12:23:47,759 - INFO - [0.01025388 0.823      0.18223393 0.17832208 0.16690186 0.14946334 0.22774187 0.09533693]
2024-01-29 12:23:55,713 - INFO - [0.01025398 0.823      0.18222386 0.17832513 0.1668997  0.14945316 0.22774971 0.09534848]
2024-01-29 12:24:03,700 - INFO - [0.01025404 0.823      0.18222275 0.17832778 0.16690017 0.14945249 0.22774351 0.09535328]
2024-01-29 12:24:11,656 - INFO - [0.01025406 0.823      0.18222018 0.17832948 0.16690181 0.14945041 0.22773968 0.09535845]
2024-01-29 12:24:19,641 - INFO - [0.01025401 0.823      0.18223265 0.17832221 0.1669009  0.14945886 0.22774194 0.09534337]
2024-01-29 12:24:27,582 - INFO - [0.01025385 0.823      0.18223439 0.17832014 0.16689807 0.14946209 0.2277514  0.09533393]
2024-01-29 12:24:35,546 - INFO - [0.01025407 0.823      0.18221931 0.17832722 0.16689792 0.14944842 0.2277521  0.09535503]
2024-01-29 12:24:35,564 - INFO - Successfully finished `test_optimize` after 165.948 seconds.
