2024-01-29 17:45:44,243 - INFO - Logging into directory _output/exp_011100_/20240129_174544__4294967183.
2024-01-29 17:45:44,261 - INFO - Starting `test_optimize`.
2024-01-29 17:46:02,321 - INFO - [0.01653583 0.816      0.001      0.332      0.332      0.332      0.001      0.001     ]
2024-01-29 17:46:24,180 - INFO - [0.01349435 0.826      0.09040546 0.25036013 0.25264469 0.24467455 0.15451309 0.00740215]
2024-01-29 17:46:46,165 - INFO - [0.01344475 0.832      0.13973485 0.21175826 0.21648394 0.20617059 0.21248208 0.01337029]
2024-01-29 17:47:07,389 - INFO - [0.01354319 0.833      0.16599315 0.19265454 0.20196289 0.1844479  0.2381679  0.01677359]
2024-01-29 17:47:29,613 - INFO - [0.01362554 0.833      0.17937779 0.18453698 0.1936074  0.17647541 0.24637645 0.01962587]
2024-01-29 17:47:51,131 - INFO - [0.01367082 0.834      0.1861196  0.1804332  0.18956695 0.17254536 0.25026789 0.02106701]
2024-01-29 17:48:12,030 - INFO - [0.01369514 0.833      0.18950364 0.17835706 0.18761721 0.17060563 0.25212404 0.0217924 ]
2024-01-29 17:48:36,498 - INFO - [0.01370771 0.833      0.19121757 0.17730767 0.18667209 0.16963939 0.25300702 0.02215615]
2024-01-29 17:48:58,533 - INFO - [0.01371391 0.833      0.19207202 0.17677836 0.1862134  0.16916113 0.25343198 0.02234307]
2024-01-29 17:49:19,434 - INFO - [0.01371701 0.833      0.19250959 0.17650872 0.18599333 0.16892686 0.25361842 0.02244301]
2024-01-29 17:49:40,253 - INFO - [0.01371854 0.833      0.19273235 0.17636476 0.18589243 0.16880643 0.25371945 0.02248456]
2024-01-29 17:50:03,079 - INFO - [0.01371938 0.833      0.19283594 0.17629939 0.18583131 0.16874564 0.25378165 0.02250605]
2024-01-29 17:50:26,087 - INFO - [0.01371965 0.833      0.19288947 0.17626393 0.18581977 0.1687147  0.25378913 0.02252303]
2024-01-29 17:50:46,251 - INFO - [0.01371979 0.833      0.1929269  0.17623354 0.18580829 0.16871344 0.25379655 0.02252132]
2024-01-29 17:51:06,445 - INFO - [0.01371993 0.833      0.19294094 0.17622782 0.18579686 0.16870986 0.25380394 0.02252056]
2024-01-29 17:51:27,117 - INFO - [0.01371994 0.833      0.1929491  0.17622216 0.18578546 0.16870861 0.25381133 0.02252338]
2024-01-29 17:51:48,729 - INFO - [0.01372003 0.833      0.19296065 0.17621651 0.18577407 0.1687074  0.25381872 0.02252269]
2024-01-29 17:52:10,755 - INFO - [0.01372006 0.833      0.19294496 0.17621085 0.18578827 0.16870615 0.25382605 0.02252372]
2024-01-29 17:52:32,923 - INFO - [0.01372028 0.833      0.19295217 0.17620678 0.18577725 0.16870493 0.25383329 0.02252545]
2024-01-29 17:52:54,279 - INFO - [0.01372009 0.833      0.19293897 0.1762027  0.18579063 0.16870375 0.25384051 0.0225235 ]
2024-01-29 17:53:13,854 - INFO - [0.01372001 0.833      0.19295302 0.17622282 0.18578374 0.16870256 0.2538116  0.0225263 ]
2024-01-29 17:53:13,887 - INFO - Successfully finished `test_optimize` after 449.625 seconds.
