2024-01-29 12:19:57,893 - INFO - Logging into directory _output/exp_bad_weights/20240129/20240129_121957.
2024-01-29 12:19:57,896 - INFO - Starting `test_optimize`.
2024-01-29 12:20:04,336 - INFO - [0.05242497 0.664      0.001      0.001      0.001      0.001      0.001      0.995     ]
2024-01-29 12:20:12,357 - INFO - [0.02372602 0.798      0.24449074 0.17615218 0.15300401 0.18780591 0.2287243  0.0098229 ]
2024-01-29 12:20:20,404 - INFO - [0.02360559 0.799      0.21063285 0.16698165 0.16677174 0.19698215 0.2165858  0.04204581]
2024-01-29 12:20:28,415 - INFO - [0.0234839  0.8        0.19870803 0.16503544 0.17578535 0.20544229 0.21923491 0.0357939 ]
2024-01-29 12:20:36,445 - INFO - [0.02342519 0.8        0.1928813  0.16363664 0.18027696 0.20995201 0.22166108 0.03159206]
2024-01-29 12:20:44,440 - INFO - [0.02339631 0.8        0.18991542 0.16269033 0.18251711 0.21228439 0.22316375 0.02942912]
2024-01-29 12:20:52,467 - INFO - [0.02338183 0.8        0.18840827 0.16210847 0.1836451  0.21347255 0.2240137  0.02835194]
2024-01-29 12:21:00,456 - INFO - [0.02337471 0.8        0.18763626 0.16176933 0.18421623 0.21408486 0.22447841 0.02781495]
2024-01-29 12:21:08,493 - INFO - [0.02337129 0.8        0.18725191 0.16157211 0.18450956 0.21439368 0.2247241  0.02754862]
2024-01-29 12:21:16,480 - INFO - [0.02336956 0.8        0.18706027 0.16146725 0.1846593  0.2145455  0.22485386 0.02741381]
2024-01-29 12:21:24,498 - INFO - [0.02336872 0.8        0.18695858 0.16140841 0.18473925 0.21462849 0.22491832 0.02734688]
2024-01-29 12:21:32,485 - INFO - [0.02336812 0.8        0.18691199 0.16138135 0.18477747 0.21467116 0.22494715 0.02731091]
2024-01-29 12:21:40,515 - INFO - [0.02336798 0.8        0.18688296 0.16135894 0.18479703 0.21469571 0.22496894 0.02729638]
2024-01-29 12:21:48,537 - INFO - [0.02336776 0.8        0.18687089 0.16135666 0.184808   0.21470734 0.22497079 0.02728635]
2024-01-29 12:21:56,558 - INFO - [0.02336773 0.8        0.18685885 0.16135797 0.18481193 0.21470858 0.22497784 0.02728487]
2024-01-29 12:22:04,545 - INFO - [0.02336774 0.8        0.18685564 0.16135994 0.18480906 0.21470977 0.22498526 0.02728035]
2024-01-29 12:22:12,578 - INFO - [0.02336781 0.8        0.18686061 0.16134904 0.18481484 0.21471111 0.22498213 0.02728222]
2024-01-29 12:22:20,565 - INFO - [0.02336768 0.8        0.18685241 0.1613514  0.18481572 0.2147124  0.22498548 0.02728267]
2024-01-29 12:22:28,575 - INFO - [0.0233677  0.8        0.18684825 0.1613532  0.18481916 0.21471344 0.22498509 0.02728087]
2024-01-29 12:22:36,551 - INFO - [0.02336774 0.8        0.1868602  0.16135152 0.18481414 0.21471447 0.22498323 0.0272764 ]
2024-01-29 12:22:44,568 - INFO - [0.0233678  0.8        0.18685184 0.1613539  0.18481791 0.21471548 0.22498016 0.0272806 ]
2024-01-29 12:22:44,587 - INFO - Successfully finished `test_optimize` after 166.690 seconds.
