2024-01-29 13:45:17,654 - INFO - Logging into directory _output/exp_bad_weights/20240129/20240129_134517.
2024-01-29 13:45:17,657 - INFO - Starting `test_optimize`.
2024-01-29 13:45:24,090 - INFO - [0.04342091 0.713      0.001      0.001      0.001      0.001      0.001      0.995     ]
2024-01-29 13:45:32,189 - INFO - [0.01406936 0.822      0.19270135 0.17500214 0.15553275 0.19793022 0.23245472 0.04637877]
2024-01-29 13:45:40,267 - INFO - [0.01405957 0.823      0.20142886 0.18662378 0.1671717  0.17957963 0.21904264 0.04615333]
2024-01-29 13:45:48,318 - INFO - [0.01406815 0.824      0.2058081  0.19251022 0.17297994 0.17005304 0.21265344 0.04599524]
2024-01-29 13:45:56,381 - INFO - [0.01406409 0.825      0.20731261 0.19485037 0.17523095 0.16853431 0.20884006 0.04523172]
2024-01-29 13:46:04,441 - INFO - [0.0140657  0.825      0.20753618 0.19597499 0.17578673 0.16826078 0.2062722  0.04616906]
2024-01-29 13:46:12,512 - INFO - [0.01407002 0.825      0.20785446 0.19616394 0.17521906 0.16810575 0.20625    0.04640672]
2024-01-29 13:46:20,556 - INFO - [0.01407261 0.825      0.20803349 0.19628717 0.17495    0.16791302 0.20626645 0.04654991]
2024-01-29 13:46:28,627 - INFO - [0.01407405 0.825      0.2081247  0.1963629  0.17483    0.1677946  0.20625992 0.0466279 ]
2024-01-29 13:46:36,667 - INFO - [0.01407478 0.825      0.20818771 0.19638737 0.17475131 0.16774194 0.2062782  0.04665351]
2024-01-29 13:46:44,740 - INFO - [0.01407515 0.825      0.20821524 0.19640522 0.17472394 0.16771169 0.20627286 0.04667109]
2024-01-29 13:46:52,845 - INFO - [0.01407552 0.825      0.20823152 0.19641279 0.17470226 0.16769293 0.20628522 0.04667516]
2024-01-29 13:47:00,890 - INFO - [0.01407546 0.825      0.20822974 0.19641894 0.17470089 0.16769077 0.20627423 0.04668543]
2024-01-29 13:47:09,059 - INFO - [0.01407556 0.825      0.20823266 0.19642928 0.17469896 0.16768017 0.20627125 0.04668761]
2024-01-29 13:47:17,086 - INFO - [0.01407556 0.825      0.20823675 0.19642383 0.17469686 0.16768377 0.20627095 0.04668779]
2024-01-29 13:47:25,081 - INFO - [0.01407553 0.825      0.20823847 0.19642632 0.17469805 0.16768381 0.20626874 0.04668457]
2024-01-29 13:47:33,113 - INFO - [0.01407556 0.825      0.20823584 0.19642843 0.17470552 0.16767895 0.2062588  0.0466924 ]
2024-01-29 13:47:41,097 - INFO - [0.01407554 0.825      0.20823827 0.19642386 0.17470245 0.16768327 0.20625845 0.04669367]
2024-01-29 13:47:49,087 - INFO - [0.01407545 0.825      0.20823921 0.19642709 0.17470109 0.1676829  0.20626053 0.0466892 ]
2024-01-29 13:47:57,048 - INFO - [0.01407559 0.825      0.20824322 0.1964248  0.17469949 0.16768374 0.20626299 0.04668568]
2024-01-29 13:48:05,002 - INFO - [0.01407551 0.825      0.20824346 0.19642252 0.17470266 0.16768147 0.20625983 0.04669007]
2024-01-29 13:48:05,018 - INFO - Successfully finished `test_optimize` after 167.361 seconds.
