2024-01-29 17:45:43,654 - INFO - Logging into directory _output/exp_011100_/20240129_174543__4294967167.
2024-01-29 17:45:43,658 - INFO - Starting `test_optimize`.
2024-01-29 17:46:01,786 - INFO - [0.0210275 0.784     0.001     0.332     0.332     0.332     0.001     0.001    ]
2024-01-29 17:46:23,393 - INFO - [0.01832072 0.796      0.12903389 0.20368598 0.21197838 0.1917142  0.21655922 0.0470284 ]
2024-01-29 17:46:51,054 - INFO - [0.01866136 0.797      0.16292408 0.17872681 0.18124902 0.16201347 0.26392406 0.05116259]
2024-01-29 17:47:15,635 - INFO - [0.01877102 0.797      0.17891391 0.17290665 0.17140719 0.1520381  0.27334118 0.05139307]
2024-01-29 17:47:38,749 - INFO - [0.01880043 0.797      0.18633078 0.17113419 0.16762853 0.14903288 0.2744706  0.051403  ]
2024-01-29 17:48:01,785 - INFO - [0.0188126  0.797      0.1893716  0.17032236 0.16592714 0.14794971 0.27498862 0.05144058]
2024-01-29 17:48:24,560 - INFO - [0.01881856 0.797      0.19060647 0.16995427 0.16517678 0.14753567 0.27530435 0.05142246]
2024-01-29 17:48:45,756 - INFO - [0.01882145 0.797      0.1910993  0.16979085 0.16483971 0.14736307 0.27545241 0.05145467]
2024-01-29 17:49:10,149 - INFO - [0.01882271 0.797      0.19130343 0.16972272 0.16469453 0.14729957 0.27552098 0.05145869]
2024-01-29 17:49:34,158 - INFO - [0.01882306 0.797      0.19139218 0.16969775 0.16463768 0.14727655 0.27555603 0.05143981]
2024-01-29 17:49:57,459 - INFO - [0.0188233  0.797      0.19142452 0.16968539 0.16460499 0.14726003 0.27556223 0.05146292]
2024-01-29 17:50:20,144 - INFO - [0.01882343 0.797      0.19144309 0.16968003 0.16460159 0.14726166 0.27557051 0.05144306]
2024-01-29 17:50:42,184 - INFO - [0.01882335 0.797      0.19145313 0.1696815  0.16459717 0.14726226 0.27557942 0.05142651]
2024-01-29 17:51:06,392 - INFO - [0.0188235  0.797      0.19144887 0.16967671 0.16458996 0.14725687 0.27556983 0.05145778]
2024-01-29 17:51:29,288 - INFO - [0.0188234  0.797      0.19145623 0.16968328 0.16459377 0.14725968 0.2755805  0.05142649]
2024-01-29 17:51:52,168 - INFO - [0.01882352 0.797      0.19144954 0.1696756  0.16458885 0.14725584 0.27556771 0.05146243]
2024-01-29 17:52:16,278 - INFO - [0.0188235  0.797      0.19144927 0.16967905 0.16458645 0.14725362 0.27557427 0.05145737]
2024-01-29 17:52:40,841 - INFO - [0.01882329 0.797      0.19145837 0.1696852  0.1645904  0.14726011 0.27557984 0.05142612]
2024-01-29 17:53:03,247 - INFO - [0.01882344 0.797      0.19145128 0.169677   0.16458844 0.14725707 0.27556634 0.05145988]
2024-01-29 17:53:22,256 - INFO - [0.01882353 0.797      0.19144914 0.16967754 0.16458586 0.1472543  0.27557042 0.05146274]
2024-01-29 17:53:31,772 - INFO - [0.01882344 0.797      0.19145067 0.16968063 0.16458394 0.14725344 0.2755703  0.0514611 ]
2024-01-29 17:53:31,800 - INFO - Successfully finished `test_optimize` after 468.142 seconds.
