2024-01-29 17:45:43,490 - INFO - Logging into directory _output/exp_011100_/20240129_174543__4294967175.
2024-01-29 17:45:43,493 - INFO - Starting `test_optimize`.
2024-01-29 17:46:02,468 - INFO - [0.02578729 0.799      0.001      0.332      0.332      0.332      0.001      0.001     ]
2024-01-29 17:46:22,255 - INFO - [0.02110094 0.816      0.09191612 0.23247275 0.23501818 0.2270747  0.13572027 0.07779809]
2024-01-29 17:46:46,833 - INFO - [0.02078383 0.813      0.14700733 0.19857462 0.20523192 0.19158672 0.19544064 0.0621588 ]
2024-01-29 17:47:10,221 - INFO - [0.02080716 0.814      0.17588808 0.18461533 0.19461615 0.17752305 0.20925987 0.05809753]
2024-01-29 17:47:34,425 - INFO - [0.02083411 0.815      0.19054791 0.1792835  0.18949944 0.17227086 0.21085148 0.0575468 ]
2024-01-29 17:47:56,969 - INFO - [0.0208516  0.815      0.19769733 0.17662543 0.18703735 0.16975385 0.21160048 0.05728557]
2024-01-29 17:48:22,689 - INFO - [0.02086157 0.815      0.20119353 0.17530866 0.18583423 0.1685379  0.21196088 0.05716487]
2024-01-29 17:48:44,979 - INFO - [0.02086706 0.815      0.20285067 0.17460513 0.18521371 0.1679161  0.21235505 0.05705936]
2024-01-29 17:49:08,650 - INFO - [0.02086976 0.816      0.20358236 0.17417289 0.18484214 0.16751844 0.21296778 0.05691635]
2024-01-29 17:49:30,727 - INFO - [0.02087115 0.816      0.20391238 0.17393406 0.18463381 0.1673072  0.21338864 0.05682379]
2024-01-29 17:49:52,917 - INFO - [0.02087161 0.816      0.20407361 0.17381275 0.18452938 0.1672087  0.21360354 0.05677202]
2024-01-29 17:50:14,660 - INFO - [0.02087189 0.816      0.20415007 0.17375687 0.18447785 0.16715702 0.21371196 0.05674626]
2024-01-29 17:50:38,144 - INFO - [0.02087212 0.816      0.20418859 0.17372501 0.18445159 0.16713631 0.21376671 0.05673172]
2024-01-29 17:51:02,084 - INFO - [0.02087215 0.816      0.20420794 0.17370963 0.1844404  0.16712582 0.21379316 0.05672301]
2024-01-29 17:51:24,754 - INFO - [0.02087214 0.816      0.20421997 0.17370242 0.18443733 0.16712227 0.21379687 0.05672115]
2024-01-29 17:51:46,862 - INFO - [0.02087216 0.816      0.20422338 0.17369978 0.1844326  0.16711961 0.21380754 0.05671709]
2024-01-29 17:52:08,775 - INFO - [0.02087224 0.816      0.2042264  0.17369802 0.18443093 0.16711822 0.21380812 0.05671826]
2024-01-29 17:52:31,654 - INFO - [0.02087221 0.816      0.204228   0.17369573 0.18442918 0.16711797 0.21380989 0.05671921]
2024-01-29 17:52:56,197 - INFO - [0.02087214 0.816      0.20423    0.17369758 0.18442787 0.16711785 0.21380965 0.05671709]
2024-01-29 17:53:15,602 - INFO - [0.02087219 0.816      0.20423122 0.17369629 0.18442751 0.16711682 0.21381041 0.05671774]
2024-01-29 17:53:26,955 - INFO - [0.02087214 0.816      0.20423049 0.17369597 0.1844262  0.1671164  0.21381515 0.05671581]
2024-01-29 17:53:26,988 - INFO - Successfully finished `test_optimize` after 463.495 seconds.
