2024-01-29 17:45:43,802 - INFO - Logging into directory _output/exp_011100_/20240129_174543__4294967153.
2024-01-29 17:45:43,813 - INFO - Starting `test_optimize`.
2024-01-29 17:46:03,975 - INFO - [0.01600332 0.831      0.001      0.332      0.332      0.332      0.001      0.001     ]
2024-01-29 17:46:26,066 - INFO - [0.01369806 0.834      0.099142   0.26122844 0.25164765 0.2566494  0.08968211 0.0416504 ]
2024-01-29 17:46:50,941 - INFO - [0.01364853 0.838      0.14750527 0.22770788 0.21370007 0.21986675 0.13173246 0.05948755]
2024-01-29 17:47:13,345 - INFO - [0.01375542 0.836      0.17096819 0.21019353 0.19415674 0.20500867 0.15151748 0.06815534]
2024-01-29 17:47:38,615 - INFO - [0.01384455 0.836      0.18261033 0.20158389 0.18679737 0.19731089 0.16053073 0.07116672]
2024-01-29 17:48:00,823 - INFO - [0.01389446 0.836      0.18792067 0.19765568 0.18267524 0.19390742 0.16470926 0.07313176]
2024-01-29 17:48:24,414 - INFO - [0.01392091 0.836      0.19064786 0.19570026 0.1806701  0.19221984 0.16673493 0.07402702]
2024-01-29 17:48:45,912 - INFO - [0.01393448 0.836      0.19203356 0.19472873 0.17970847 0.1913746  0.16771485 0.0744397 ]
2024-01-29 17:49:07,244 - INFO - [0.0139412  0.836      0.19276157 0.19423532 0.17922699 0.19095907 0.16819069 0.07462639]
2024-01-29 17:49:28,556 - INFO - [0.01394463 0.836      0.19313309 0.19398052 0.17901015 0.19076397 0.16840138 0.07471088]
2024-01-29 17:49:50,064 - INFO - [0.01394635 0.836      0.19332564 0.19386011 0.1788836  0.19066009 0.16851947 0.07475108]
2024-01-29 17:50:12,784 - INFO - [0.01394717 0.836      0.19342767 0.1937899  0.17882735 0.1906109  0.16857794 0.07476629]
2024-01-29 17:50:37,411 - INFO - [0.01394763 0.836      0.19347122 0.19377367 0.17879748 0.19057435 0.16860659 0.07477671]
2024-01-29 17:50:59,532 - INFO - [0.01394794 0.836      0.19348498 0.19375746 0.17879026 0.19056006 0.16862008 0.07478708]
2024-01-29 17:51:22,616 - INFO - [0.01394776 0.836      0.19349875 0.19374639 0.17878366 0.19056961 0.16861896 0.07478274]
2024-01-29 17:51:43,443 - INFO - [0.01394806 0.836      0.19351241 0.19374883 0.17877652 0.19055705 0.16861781 0.07478733]
2024-01-29 17:52:07,612 - INFO - [0.01394813 0.836      0.19352582 0.19375798 0.17877088 0.19054565 0.16861676 0.07478286]
2024-01-29 17:52:30,497 - INFO - [0.01394785 0.836      0.19350983 0.19374178 0.1787934  0.19056098 0.16861564 0.07477842]
2024-01-29 17:52:53,258 - INFO - [0.01394789 0.836      0.19350256 0.19375288 0.17878617 0.19055514 0.16861452 0.07478881]
2024-01-29 17:53:14,468 - INFO - [0.01394798 0.836      0.19351624 0.19373679 0.17877893 0.19057031 0.16861339 0.07478432]
2024-01-29 17:53:27,611 - INFO - [0.013948   0.836      0.19352694 0.19375037 0.17877328 0.19055602 0.16861227 0.07478116]
2024-01-29 17:53:27,639 - INFO - Successfully finished `test_optimize` after 463.826 seconds.
