2024-01-29 14:36:24,589 - INFO - Logging into directory _output/exp_good_weights/20240129/20240129_143624.
2024-01-29 14:36:24,592 - INFO - Starting `test_optimize`.
2024-01-29 14:36:30,879 - INFO - [0.0224861 0.786     0.01      0.5       0.3       0.14      0.04      0.01     ]
2024-01-29 14:36:38,838 - INFO - [0.02110817 0.798      0.11688638 0.26626298 0.18654996 0.17836438 0.17494151 0.07699479]
2024-01-29 14:36:46,761 - INFO - [0.0213446  0.794      0.15263417 0.21269424 0.17069739 0.18626659 0.19049741 0.08721013]
2024-01-29 14:36:54,673 - INFO - [0.02147919 0.793      0.16670027 0.18698888 0.16323936 0.19605844 0.20197836 0.08503477]
2024-01-29 14:37:02,601 - INFO - [0.02154679 0.795      0.17023282 0.17562053 0.16129786 0.20213559 0.20994972 0.08076339]
2024-01-29 14:37:10,525 - INFO - [0.02156651 0.794      0.17169081 0.17184433 0.16122849 0.20469423 0.2120384  0.07850372]
2024-01-29 14:37:18,464 - INFO - [0.02157223 0.793      0.17223032 0.17058766 0.16137135 0.20564228 0.21240065 0.07776775]
2024-01-29 14:37:26,360 - INFO - [0.02157377 0.793      0.17245752 0.17016619 0.16147332 0.20597649 0.21234354 0.07758299]
2024-01-29 14:37:34,277 - INFO - [0.02157429 0.793      0.17254347 0.1700168  0.16153599 0.20610191 0.21225308 0.07754876]
2024-01-29 14:37:42,169 - INFO - [0.02157423 0.794      0.17259865 0.16997804 0.16156873 0.20613794 0.21216841 0.07754827]
2024-01-29 14:37:50,095 - INFO - [0.02157877 0.793      0.17229737 0.16971821 0.16152336 0.20600455 0.21281932 0.07763721]
2024-01-29 14:37:58,016 - INFO - [0.02157564 0.793      0.17250149 0.16987328 0.16157317 0.20612988 0.21237767 0.0775445 ]
2024-01-29 14:38:05,929 - INFO - [0.02157455 0.794      0.17257914 0.16993093 0.16157626 0.20616579 0.21220408 0.07754388]
2024-01-29 14:38:13,834 - INFO - [0.02157699 0.793      0.17247187 0.16981202 0.16156757 0.20600004 0.21260221 0.07754633]
2024-01-29 14:38:21,763 - INFO - [0.02157504 0.793      0.17255773 0.16991235 0.16158128 0.20612521 0.21229351 0.07752993]
2024-01-29 14:38:29,668 - INFO - [0.02157456 0.794      0.17258631 0.16994017 0.16158432 0.2061611  0.21217689 0.07755117]
2024-01-29 14:38:37,581 - INFO - [0.02157894 0.793      0.17229311 0.16970159 0.16152771 0.20601724 0.21281998 0.07764032]
2024-01-29 14:38:45,464 - INFO - [0.02157565 0.793      0.17249589 0.1698774  0.16156968 0.20614201 0.21236941 0.07754554]
2024-01-29 14:38:53,405 - INFO - [0.02157452 0.794      0.17258063 0.16993505 0.16157296 0.2061674  0.21220219 0.07754184]
2024-01-29 14:39:01,298 - INFO - [0.02157711 0.793      0.17246601 0.16981281 0.16155921 0.20600282 0.21261328 0.0775458 ]
2024-01-29 14:39:09,212 - INFO - [0.02157513 0.794      0.17255187 0.16990294 0.1615842  0.20612808 0.21230441 0.07752853]
2024-01-29 14:39:09,230 - INFO - Successfully finished `test_optimize` after 164.638 seconds.
