2024-01-29 12:31:07,960 - INFO - Logging into directory _output/exp_bad_weights/20240129/20240129_123107.
2024-01-29 12:31:07,965 - INFO - Starting `test_optimize`.
2024-01-29 12:31:15,386 - INFO - [0.04016873 0.673      0.001      0.001      0.001      0.001      0.001      0.995     ]
2024-01-29 12:31:24,760 - INFO - [1.40134402e-02 8.01000000e-01 2.18656510e-01 1.76919103e-01 1.72992125e-01 2.09785685e-01 2.21209094e-01 4.37503360e-04]
2024-01-29 12:31:34,135 - INFO - [0.01405182 0.802      0.2065613  0.17127767 0.17533436 0.21762721 0.19508789 0.03411151]
2024-01-29 12:31:43,461 - INFO - [0.01411644 0.802      0.20012264 0.16916184 0.17822859 0.22061075 0.18165237 0.05022381]
2024-01-29 12:31:52,814 - INFO - [0.01415619 0.802      0.19691525 0.16812181 0.17971091 0.22212654 0.17522973 0.05789571]
2024-01-29 12:32:02,131 - INFO - [0.01417702 0.802      0.19531818 0.16761471 0.18044777 0.22289644 0.1721606  0.06156233]
2024-01-29 12:32:11,476 - INFO - [0.01418752 0.802      0.19450915 0.16737393 0.18082649 0.2232794  0.1706977  0.06331322]
2024-01-29 12:32:20,781 - INFO - [0.01419247 0.802      0.19410528 0.16725424 0.18100815 0.22347574 0.17000665 0.06414987]
2024-01-29 12:32:30,109 - INFO - [0.01419487 0.802      0.19391011 0.16719373 0.18110286 0.22356318 0.16967686 0.0645533 ]
2024-01-29 12:32:39,433 - INFO - [0.01419397 0.802      0.1940725  0.167307   0.18096147 0.22346616 0.16975769 0.06443522]
2024-01-29 12:32:48,770 - INFO - [0.01419572 0.802      0.19390649 0.1672172  0.18107213 0.22356674 0.16954729 0.06469012]
2024-01-29 12:32:58,074 - INFO - [0.01419444 0.802      0.19406892 0.16732019 0.18094443 0.22347303 0.16969453 0.06449886]
2024-01-29 12:33:07,410 - INFO - [0.01419593 0.802      0.19389232 0.16723038 0.18108425 0.2235626  0.16951402 0.06471639]
2024-01-29 12:33:16,713 - INFO - [0.01419448 0.802      0.19405478 0.16731949 0.18095656 0.2234689  0.16969039 0.06450987]
2024-01-29 12:33:26,039 - INFO - [0.01419589 0.802      0.19388939 0.16722971 0.18107246 0.22357418 0.16951002 0.06472419]
2024-01-29 12:33:35,312 - INFO - [0.01419447 0.802      0.19405188 0.16731882 0.18094476 0.2234803  0.16968699 0.06451724]
2024-01-29 12:33:44,596 - INFO - [0.01419586 0.802      0.19388649 0.16722904 0.18108508 0.22356547 0.16950653 0.06472743]
2024-01-29 12:33:53,860 - INFO - [0.01419451 0.802      0.19404896 0.16731814 0.18095733 0.22347167 0.16968353 0.06452039]
2024-01-29 12:34:03,118 - INFO - [0.01419599 0.802      0.19388357 0.16722836 0.18109217 0.22356109 0.16950426 0.06473055]
2024-01-29 12:34:12,330 - INFO - [0.0141945  0.802      0.19404607 0.16731746 0.18096441 0.22346745 0.16968127 0.06452341]
2024-01-29 12:34:21,550 - INFO - [0.01419588 0.802      0.19388068 0.16722769 0.18107498 0.22356451 0.16951872 0.06473345]
2024-01-29 12:34:21,566 - INFO - Successfully finished `test_optimize` after 193.601 seconds.
