2024-01-29 17:45:43,716 - INFO - Logging into directory _output/exp_011100_/20240129_174543__4294967178.
2024-01-29 17:45:43,720 - INFO - Starting `test_optimize`.
2024-01-29 17:46:02,558 - INFO - [0.01317662 0.805      0.001      0.332      0.332      0.332      0.001      0.001     ]
2024-01-29 17:46:23,800 - INFO - [0.00957274 0.818      0.08669426 0.24842863 0.24295235 0.24757312 0.16673337 0.00761825]
2024-01-29 17:46:46,259 - INFO - [0.00928288 0.822      0.13735424 0.21397315 0.20848225 0.21330582 0.21146965 0.01541489]
2024-01-29 17:47:09,616 - INFO - [0.00927031 0.818      0.16396983 0.19843654 0.19209702 0.19819677 0.22664566 0.02065413]
2024-01-29 17:47:31,947 - INFO - [0.00929924 0.818      0.17797495 0.19057508 0.18560131 0.19073127 0.23226191 0.02285551]
2024-01-29 17:47:53,479 - INFO - [0.00932777 0.818      0.18398517 0.18591198 0.18241368 0.18689707 0.23725621 0.02353589]
2024-01-29 17:48:14,542 - INFO - [0.00934292 0.818      0.18682425 0.18380992 0.18100449 0.18530244 0.23961146 0.02344737]
2024-01-29 17:48:39,874 - INFO - [0.00935083 0.817      0.18827602 0.18272758 0.18031098 0.18451819 0.24075967 0.0234076 ]
2024-01-29 17:49:05,188 - INFO - [0.00935486 0.817      0.18900789 0.18218179 0.17997386 0.1841478  0.24131109 0.02337755]
2024-01-29 17:49:28,647 - INFO - [0.00935689 0.817      0.18940231 0.18190445 0.17979328 0.18395862 0.24157941 0.02336191]
2024-01-29 17:49:51,956 - INFO - [0.00935793 0.817      0.18959725 0.18175271 0.17972271 0.18385899 0.24171332 0.02335506]
2024-01-29 17:50:16,397 - INFO - [0.00935838 0.817      0.18970257 0.18168403 0.17968284 0.18381889 0.24176587 0.02334582]
2024-01-29 17:50:38,369 - INFO - [0.00935868 0.817      0.18974841 0.18164526 0.17964534 0.1838048  0.24181005 0.02334616]
2024-01-29 17:50:59,836 - INFO - [0.00935888 0.817      0.18976548 0.18163112 0.17963764 0.18379451 0.2418246  0.0233466 ]
2024-01-29 17:51:22,445 - INFO - [0.00935889 0.817      0.1897815  0.18162146 0.17962992 0.18378429 0.24183914 0.02334371]
2024-01-29 17:51:45,676 - INFO - [0.00935891 0.817      0.18979745 0.18161254 0.17962244 0.18377411 0.24184498 0.02334857]
2024-01-29 17:52:08,334 - INFO - [0.00935898 0.817      0.1898122  0.18160363 0.17962717 0.18377475 0.2418334  0.02334888]
2024-01-29 17:52:34,087 - INFO - [0.00935905 0.817      0.18980196 0.18159479 0.17963746 0.18376549 0.24184784 0.0233525 ]
2024-01-29 17:52:56,054 - INFO - [0.00935906 0.817      0.18981378 0.18160161 0.17962974 0.18377464 0.24183264 0.02334752]
2024-01-29 17:53:16,226 - INFO - [0.00935913 0.817      0.18980177 0.18159512 0.17964458 0.18376467 0.24184708 0.0233467 ]
2024-01-29 17:53:29,881 - INFO - [0.00935906 0.817      0.18981569 0.18158655 0.17963688 0.18378249 0.2418319  0.02334647]
2024-01-29 17:53:29,911 - INFO - Successfully finished `test_optimize` after 466.191 seconds.
