2024-01-29 15:40:05,307 - INFO - Logging into directory _output/exp_good_weights/20240129/20240129_154005.
2024-01-29 15:40:05,310 - INFO - Starting `test_optimize`.
2024-01-29 15:40:11,828 - INFO - [0.01024955 0.821      0.01       0.5        0.3        0.14       0.04       0.01      ]
2024-01-29 15:40:21,464 - INFO - [0.00853104 0.831      0.10733296 0.34499434 0.24114646 0.14793004 0.10622282 0.05237344]
2024-01-29 15:40:32,325 - INFO - [0.00821401 0.831      0.15884319 0.27368054 0.21979845 0.16001575 0.14378829 0.04387385]
2024-01-29 15:40:42,782 - INFO - [0.00816309 0.831      0.18693623 0.23890904 0.20315382 0.16568846 0.16364399 0.04166846]
2024-01-29 15:40:53,153 - INFO - [0.00819817 0.833      0.19777639 0.22232315 0.19468847 0.16844584 0.17432308 0.04244303]
2024-01-29 15:41:03,545 - INFO - [0.00824451 0.833      0.20226784 0.21306798 0.18939731 0.16906594 0.1788955  0.04730542]
2024-01-29 15:41:14,126 - INFO - [0.00827388 0.833      0.20433788 0.20831855 0.18648002 0.16920675 0.18127143 0.05038537]
2024-01-29 15:41:24,584 - INFO - [0.00828496 0.833      0.20561171 0.20610076 0.1852334  0.16948189 0.18269268 0.05087953]
2024-01-29 15:41:35,269 - INFO - [0.00829079 0.833      0.20625989 0.20496933 0.18460926 0.16962585 0.18341053 0.05112511]
2024-01-29 15:41:46,032 - INFO - [0.00829201 0.833      0.20615518 0.20449252 0.18453638 0.169735   0.1837808  0.05130012]
2024-01-29 15:41:54,863 - INFO - [0.00829338 0.833      0.20611526 0.20422158 0.18446425 0.16975884 0.18393351 0.05150659]
2024-01-29 15:42:05,357 - INFO - [0.00829388 0.833      0.20604947 0.20408672 0.18444626 0.16978344 0.18401603 0.0516181 ]
2024-01-29 15:42:15,880 - INFO - [0.00829417 0.833      0.20601368 0.20402202 0.18443902 0.16979551 0.18405864 0.05167114]
2024-01-29 15:42:26,583 - INFO - [0.0082946  0.833      0.20602511 0.20398167 0.1844184  0.16979203 0.18407029 0.05171251]
2024-01-29 15:42:37,502 - INFO - [0.00829472 0.833      0.20603262 0.20396067 0.18441312 0.16979584 0.18408042 0.05171726]
2024-01-29 15:42:48,126 - INFO - [0.00829454 0.833      0.20598492 0.20395866 0.18442999 0.16980548 0.18409222 0.05172869]
2024-01-29 15:42:58,702 - INFO - [0.00829468 0.833      0.20600614 0.20394973 0.18441963 0.1697998  0.18408783 0.05173686]
2024-01-29 15:43:09,555 - INFO - [0.00829472 0.833      0.20601696 0.20394886 0.1844185  0.16980052 0.18409002 0.05172508]
2024-01-29 15:43:22,421 - INFO - [0.00829478 0.833      0.20601654 0.20394553 0.18441682 0.16979888 0.18408915 0.051733  ]
2024-01-29 15:43:31,321 - INFO - [0.00829467 0.833      0.20601358 0.2039447  0.18441659 0.1697977  0.18408938 0.05173811]
2024-01-29 15:43:41,803 - INFO - [0.00829471 0.833      0.20601778 0.20394704 0.18441896 0.16980091 0.1840919  0.05172335]
2024-01-29 15:43:41,825 - INFO - Successfully finished `test_optimize` after 216.516 seconds.
