2024-01-29 13:13:55,041 - INFO - Logging into directory _output/exp_bad_weights/20240129/20240129_131355.
2024-01-29 13:13:55,043 - INFO - Starting `test_optimize`.
2024-01-29 13:14:01,574 - INFO - [0.03441538 0.685      0.001      0.001      0.001      0.001      0.001      0.995     ]
2024-01-29 13:14:09,760 - INFO - [0.00778158 0.819      0.20369206 0.16024108 0.20329678 0.20869039 0.22267228 0.00140743]
2024-01-29 13:14:17,931 - INFO - [0.00760479 0.819      0.18468928 0.16163807 0.17783533 0.20031776 0.20513548 0.07038409]
2024-01-29 13:14:26,083 - INFO - [0.0076101  0.819      0.18066855 0.16783884 0.16990517 0.20381607 0.20589019 0.07188118]
2024-01-29 13:14:34,244 - INFO - [0.00761325 0.819      0.17860508 0.17105407 0.16587836 0.20552063 0.20631355 0.0726283 ]
2024-01-29 13:14:42,366 - INFO - [0.00761348 0.82       0.17508015 0.17319602 0.16412157 0.20708945 0.20748274 0.07302999]
2024-01-29 13:14:50,536 - INFO - [0.0076138  0.82       0.17328441 0.17431106 0.16323094 0.2078695  0.2080541  0.07324998]
2024-01-29 13:14:58,655 - INFO - [0.00761392 0.82       0.17235717 0.17489621 0.1627863  0.20826174 0.20832725 0.07337134]
2024-01-29 13:15:06,829 - INFO - [0.00761409 0.82       0.17187726 0.17518918 0.16257966 0.20844536 0.20847353 0.07343493]
2024-01-29 13:15:14,951 - INFO - [0.00761415 0.82       0.17163593 0.17534803 0.16246302 0.20853952 0.20853789 0.07347555]
2024-01-29 13:15:23,112 - INFO - [0.00761408 0.82       0.17151386 0.17543224 0.16240603 0.20857452 0.20857242 0.07350098]
2024-01-29 13:15:31,270 - INFO - [0.00761392 0.82       0.17145143 0.17547971 0.16237885 0.20860903 0.20857716 0.0735039 ]
2024-01-29 13:15:39,409 - INFO - [0.00761405 0.82       0.17141882 0.17550415 0.16236801 0.20861369 0.20858184 0.07351345]
2024-01-29 13:15:47,523 - INFO - [0.00761401 0.82       0.17141573 0.17549898 0.16237061 0.20861837 0.20858653 0.07350976]
2024-01-29 13:15:55,644 - INFO - [0.00761406 0.82       0.17141284 0.17549376 0.16237305 0.20862302 0.20859121 0.07350606]
2024-01-29 13:16:03,719 - INFO - [0.007614   0.82       0.17140871 0.17549621 0.1623684  0.20862769 0.20859589 0.07350312]
2024-01-29 13:16:11,828 - INFO - [0.00761408 0.82       0.17140585 0.17549092 0.16237095 0.20863228 0.20860052 0.07349945]
2024-01-29 13:16:19,949 - INFO - [0.00761412 0.82       0.17140301 0.17549512 0.16236393 0.20863689 0.20860516 0.07349582]
2024-01-29 13:16:28,072 - INFO - [0.00761405 0.82       0.17140017 0.17549078 0.16236652 0.20864154 0.20860407 0.0734969 ]
2024-01-29 13:16:36,192 - INFO - [0.00761403 0.82       0.17139736 0.17548956 0.16236304 0.20864582 0.20860873 0.07349557]
2024-01-29 13:16:44,300 - INFO - [0.00761406 0.82       0.17139453 0.17548822 0.16236556 0.20865041 0.20860632 0.073495  ]
2024-01-29 13:16:44,322 - INFO - Successfully finished `test_optimize` after 169.279 seconds.
