2024-01-29 11:56:16,093 - INFO - Logging into directory _output/exp_uniform_weights/20240129/20240129_115616.
2024-01-29 11:56:16,097 - INFO - Starting `test_optimize`.
2024-01-29 11:56:22,653 - INFO - [0.01575995 0.808      0.16666667 0.16666667 0.16666667 0.16666667 0.16666667 0.16666667]
2024-01-29 11:56:30,638 - INFO - [0.01530412 0.812      0.1770348  0.17899624 0.1753374  0.16606063 0.19024076 0.11233026]
2024-01-29 11:56:38,612 - INFO - [0.0151972  0.814      0.18067808 0.18404295 0.17855155 0.16332996 0.20017019 0.09322727]
2024-01-29 11:56:46,555 - INFO - [0.01515468 0.813      0.18254085 0.18687524 0.18042135 0.1618433  0.20439173 0.08392742]
2024-01-29 11:56:54,527 - INFO - [0.01513651 0.813      0.18343045 0.18826434 0.18133648 0.16107209 0.20638724 0.07950941]
2024-01-29 11:57:02,471 - INFO - [0.01512796 0.813      0.18386729 0.18895717 0.18177454 0.16067393 0.20731731 0.07740982]
2024-01-29 11:57:10,571 - INFO - [0.01512414 0.813      0.18406564 0.18929896 0.18199085 0.16046907 0.20776962 0.07640579]
2024-01-29 11:57:18,596 - INFO - [0.01512233 0.813      0.18417436 0.18946411 0.18209939 0.16035376 0.207983   0.07592539]
2024-01-29 11:57:26,532 - INFO - [0.01512168 0.813      0.18422349 0.18953981 0.18214971 0.16029905 0.20807743 0.0757104 ]
2024-01-29 11:57:34,426 - INFO - [0.01512113 0.813      0.18424286 0.18958566 0.1821703  0.16027318 0.20811954 0.07560846]
2024-01-29 11:57:42,357 - INFO - [0.01512094 0.813      0.18426216 0.18960172 0.18217871 0.16025892 0.20814194 0.07555659]
2024-01-29 11:57:50,240 - INFO - [0.01512072 0.813      0.18426917 0.18961775 0.18216963 0.16026276 0.2081469  0.07553383]
2024-01-29 11:57:58,120 - INFO - [0.01512085 0.813      0.18427292 0.18960403 0.18218677 0.16026647 0.20815183 0.07551792]
2024-01-29 11:58:05,970 - INFO - [0.01512071 0.813      0.18426238 0.18961993 0.1821775  0.16027033 0.20815676 0.07551302]
2024-01-29 11:58:13,833 - INFO - [0.01512078 0.813      0.18427745 0.1896062  0.18217231 0.16027416 0.20816171 0.07550813]
2024-01-29 11:58:21,682 - INFO - [0.01512067 0.813      0.18426692 0.18960693 0.18218654 0.16026951 0.20816664 0.07550349]
2024-01-29 11:58:29,551 - INFO - [0.01512074 0.813      0.18425639 0.18960902 0.18217726 0.16027279 0.20817158 0.07551292]
2024-01-29 11:58:37,403 - INFO - [0.01512082 0.813      0.18427525 0.18961111 0.18217929 0.16025099 0.20817535 0.07550804]
2024-01-29 11:58:45,283 - INFO - [0.01512085 0.813      0.18426488 0.18960278 0.18219408 0.16025487 0.20818023 0.07550313]
2024-01-29 11:58:53,124 - INFO - [0.01512073 0.813      0.18426698 0.18961379 0.1821848  0.16025873 0.20816688 0.07550883]
2024-01-29 11:59:00,969 - INFO - [0.01512058 0.813      0.18425848 0.18962744 0.18217565 0.1602626  0.20817181 0.07550406]
2024-01-29 11:59:00,983 - INFO - Successfully finished `test_optimize` after 164.887 seconds.
