2024-01-29 16:28:04,981 - INFO - Logging into directory _output/exp_nice_weights/20240129_162804__4294967144.
2024-01-29 16:28:04,985 - INFO - Starting `test_optimize`.
2024-01-29 16:28:17,872 - INFO - [0.02514129 0.766      0.332      0.332      0.332      0.001      0.001      0.001     ]
2024-01-29 16:28:33,259 - INFO - [0.01965389 0.786      0.15926507 0.1409799  0.12010983 0.22389297 0.28381211 0.07193999]
2024-01-29 16:28:48,654 - INFO - [0.0194048  0.788      0.19353531 0.18693499 0.15982416 0.18597439 0.26173127 0.01199992]
2024-01-29 16:29:04,052 - INFO - [0.01952899 0.787      0.19337912 0.18006653 0.15941197 0.17871515 0.26214153 0.02628574]
2024-01-29 16:29:19,428 - INFO - [0.01949422 0.788      0.19235614 0.180526   0.15943396 0.18183807 0.2598815  0.02596433]
2024-01-29 16:29:34,809 - INFO - [0.01950454 0.788      0.19277605 0.1803128  0.15934113 0.18087727 0.26111373 0.02557905]
2024-01-29 16:29:50,161 - INFO - [0.01950043 0.788      0.19257765 0.18041201 0.15939657 0.18125536 0.26064029 0.02571812]
2024-01-29 16:30:05,510 - INFO - [0.0195022  0.788      0.19266716 0.18037601 0.15937869 0.18109064 0.26082796 0.02565951]
2024-01-29 16:30:20,864 - INFO - [0.0195013  0.788      0.1926277  0.18038927 0.15938309 0.18116707 0.26075682 0.02567613]
2024-01-29 16:30:36,234 - INFO - [0.01950167 0.788      0.19264174 0.18038104 0.15938373 0.18113863 0.26078257 0.02567228]
2024-01-29 16:30:51,612 - INFO - [0.01950162 0.788      0.19263001 0.18039565 0.15938802 0.18114088 0.26076919 0.02567626]
2024-01-29 16:31:07,001 - INFO - [0.01950182 0.788      0.19264568 0.18038742 0.15938272 0.18113247 0.26077306 0.02567855]
2024-01-29 16:31:22,357 - INFO - [0.01950159 0.788      0.19263537 0.18037985 0.15938705 0.18114971 0.26077566 0.02567232]
2024-01-29 16:31:37,690 - INFO - [0.01950159 0.788      0.19263458 0.18038358 0.15939169 0.18114206 0.26077709 0.02567102]
2024-01-29 16:31:52,932 - INFO - [0.0195017  0.788      0.19264872 0.18037826 0.15937866 0.1811406  0.26077557 0.02567816]
2024-01-29 16:32:08,280 - INFO - [0.01950162 0.788      0.19263308 0.18039474 0.15938286 0.18113743 0.26077849 0.02567344]
2024-01-29 16:32:19,233 - INFO - [0.01950165 0.788      0.1926471  0.18038559 0.15938519 0.18113238 0.26077512 0.0256747 ]
2024-01-29 16:32:27,302 - INFO - [0.01950166 0.788      0.19263725 0.18037784 0.15938836 0.18114427 0.26077732 0.02567491]
2024-01-29 16:32:35,346 - INFO - [0.01950167 0.788      0.19264174 0.18039073 0.1593845  0.18113856 0.26076704 0.02567741]
2024-01-29 16:32:43,346 - INFO - [0.01950169 0.788      0.19264582 0.18038256 0.15938714 0.18113762 0.26077032 0.02567652]
2024-01-29 16:32:51,331 - INFO - [0.01950162 0.788      0.19263954 0.18038878 0.15939152 0.18113476 0.26077306 0.02567238]
2024-01-29 16:32:51,351 - INFO - Successfully finished `test_optimize` after 286.366 seconds.
