2024-01-29 17:45:43,835 - INFO - Logging into directory _output/exp_011100_/20240129_174543__4294967150.
2024-01-29 17:45:43,841 - INFO - Starting `test_optimize`.
2024-01-29 17:46:02,685 - INFO - [0.01925089 0.799      0.001      0.332      0.332      0.332      0.001      0.001     ]
2024-01-29 17:46:24,049 - INFO - [0.01656406 0.806      0.10040481 0.26003456 0.26217365 0.25860065 0.1072342  0.01155208]
2024-01-29 17:46:43,878 - INFO - [0.01635074 0.804      0.15195066 0.22690465 0.23207968 0.22445336 0.14893955 0.01567216]
2024-01-29 17:47:04,273 - INFO - [0.01633834 0.803      0.178505   0.21071446 0.21774665 0.208195   0.16909036 0.01574855]
2024-01-29 17:47:24,865 - INFO - [0.01637383 0.804      0.19200389 0.20308039 0.21133938 0.19782989 0.17923978 0.0165067 ]
2024-01-29 17:47:46,280 - INFO - [0.01639543 0.803      0.19819294 0.19945458 0.2086027  0.1937204  0.18326148 0.01676793]
2024-01-29 17:48:06,876 - INFO - [0.01640788 0.803      0.20137073 0.19759172 0.2072372  0.19167233 0.18521759 0.01691039]
2024-01-29 17:48:29,761 - INFO - [0.0164144  0.803      0.20301272 0.19664988 0.20654884 0.19064464 0.18616264 0.01698124]
2024-01-29 17:48:51,801 - INFO - [0.0164178  0.803      0.20385469 0.19617176 0.20619735 0.19012398 0.18662754 0.01702463]
2024-01-29 17:49:13,700 - INFO - [0.01641945 0.803      0.20427927 0.19592029 0.20602484 0.18987173 0.18685403 0.01704988]
2024-01-29 17:49:35,913 - INFO - [0.01642026 0.803      0.20449512 0.19579802 0.20594175 0.18973878 0.18696117 0.01706523]
2024-01-29 17:49:57,450 - INFO - [0.01642073 0.803      0.20462129 0.19574758 0.2058886  0.18966661 0.18700863 0.01706723]
2024-01-29 17:50:18,874 - INFO - [0.01642092 0.803      0.20467651 0.19570081 0.20586517 0.1896524  0.18703561 0.01706951]
2024-01-29 17:50:41,279 - INFO - [0.01642102 0.803      0.20470363 0.19568345 0.20585302 0.18963861 0.18705323 0.01706808]
2024-01-29 17:51:04,242 - INFO - [0.01642118 0.803      0.20471068 0.1956661  0.20585777 0.18962489 0.18707073 0.01706978]
2024-01-29 17:51:25,853 - INFO - [0.01642107 0.803      0.20471773 0.19567816 0.20586026 0.1896112  0.18706547 0.01706718]
2024-01-29 17:51:45,863 - INFO - [0.01642119 0.803      0.20472473 0.19566098 0.20586647 0.1896055  0.18707499 0.01706726]
2024-01-29 17:52:06,774 - INFO - [0.01642115 0.803      0.20473175 0.19564863 0.20587179 0.18961626 0.18706484 0.0170667 ]
2024-01-29 17:52:27,584 - INFO - [0.01642115 0.803      0.20473871 0.19566107 0.20584956 0.18960282 0.18708105 0.01706681]
2024-01-29 17:52:48,376 - INFO - [0.01642103 0.803      0.20474322 0.1956597  0.20584792 0.18961868 0.18706889 0.01706166]
2024-01-29 17:53:09,655 - INFO - [0.01642108 0.803      0.20472942 0.19567208 0.20585421 0.18960571 0.18707645 0.01706216]
2024-01-29 17:53:09,762 - INFO - Successfully finished `test_optimize` after 445.921 seconds.
