2024-01-29 15:43:45,255 - INFO - Logging into directory _output/exp_good_weights/20240129/20240129_154345.
2024-01-29 15:43:45,258 - INFO - Starting `test_optimize`.
2024-01-29 15:43:53,584 - INFO - [0.01685944 0.812      0.01       0.5        0.3        0.14       0.04       0.01      ]
2024-01-29 15:44:05,039 - INFO - [0.01407278 0.823      0.09552541 0.33979246 0.23637664 0.14950609 0.16757585 0.01122351]
2024-01-29 15:44:15,435 - INFO - [0.01360177 0.834      0.14187649 0.25850809 0.20826451 0.15812419 0.21833517 0.01489148]
2024-01-29 15:44:25,415 - INFO - [0.0136006  0.833      0.16660899 0.21720396 0.19564232 0.16557583 0.23753737 0.01743152]
2024-01-29 15:44:36,167 - INFO - [0.01363913 0.833      0.18023044 0.19723751 0.19086474 0.16685407 0.24507557 0.01973766]
2024-01-29 15:44:46,491 - INFO - [0.01367595 0.834      0.18645161 0.1870016  0.18812557 0.16768967 0.24965128 0.02108028]
2024-01-29 15:44:56,861 - INFO - [0.01369708 0.833      0.18962942 0.18174809 0.18686061 0.1681601  0.25181913 0.02178271]
2024-01-29 15:45:05,556 - INFO - [0.01370835 0.833      0.19125396 0.17905848 0.18628258 0.16841243 0.25284404 0.0221485 ]
2024-01-29 15:45:13,697 - INFO - [0.01371412 0.833      0.19208881 0.17768097 0.18600871 0.16855697 0.25332901 0.02233547]
2024-01-29 15:45:21,755 - INFO - [0.01371706 0.833      0.19252025 0.17697783 0.1858785  0.16861562 0.25357506 0.02243275]
2024-01-29 15:45:29,815 - INFO - [0.01371861 0.833      0.19272646 0.17661425 0.18583672 0.16864432 0.25370175 0.02247645]
2024-01-29 15:45:37,974 - INFO - [0.01371933 0.833      0.19283006 0.17642964 0.18579727 0.1686729  0.25376868 0.02250144]
2024-01-29 15:45:45,966 - INFO - [0.01371969 0.833      0.19290179 0.17633449 0.18578763 0.1686831  0.25377613 0.02251684]
2024-01-29 15:45:54,088 - INFO - [0.01371977 0.833      0.19291636 0.17629625 0.18579617 0.16868216 0.25378361 0.02252546]
2024-01-29 15:46:02,194 - INFO - [0.01371989 0.833      0.19293049 0.17626077 0.18579565 0.16868794 0.25379109 0.02253406]
2024-01-29 15:46:10,281 - INFO - [0.01372003 0.833      0.19294456 0.17625263 0.18578427 0.16868678 0.25379854 0.0225332 ]
2024-01-29 15:46:18,267 - INFO - [0.01371999 0.833      0.19295846 0.17624688 0.18577337 0.16868564 0.25380597 0.02252972]
2024-01-29 15:46:26,347 - INFO - [0.01372002 0.833      0.1929432  0.17624111 0.18579155 0.16868451 0.25381339 0.02252625]
2024-01-29 15:46:34,440 - INFO - [0.01372005 0.833      0.19295627 0.17623538 0.18578015 0.16868335 0.25382078 0.02252413]
2024-01-29 15:46:42,422 - INFO - [0.01372006 0.833      0.19294056 0.17622967 0.18579453 0.16868219 0.25382805 0.02252503]
2024-01-29 15:46:50,401 - INFO - [0.01372021 0.833      0.19295129 0.17622399 0.18578312 0.16868103 0.25383526 0.02252527]
2024-01-29 15:46:50,422 - INFO - Successfully finished `test_optimize` after 185.164 seconds.
