2024-01-29 12:38:44,565 - INFO - Logging into directory _output/exp_uniform_weights/20240129/20240129_123844.
2024-01-29 12:38:44,567 - INFO - Starting `test_optimize`.
2024-01-29 12:38:50,890 - INFO - [0.01718905 0.806      0.16666667 0.16666667 0.16666667 0.16666667 0.16666667 0.16666667]
2024-01-29 12:38:58,856 - INFO - [0.01684041 0.808      0.17339553 0.17784619 0.17118244 0.16543438 0.18927413 0.12286731]
2024-01-29 12:39:06,810 - INFO - [0.01672424 0.809      0.17688872 0.18254782 0.17415322 0.16466315 0.19960031 0.10214674]
2024-01-29 12:39:14,731 - INFO - [0.0166796  0.81       0.1786181  0.18489286 0.1755788  0.16421345 0.20440628 0.09229044]
2024-01-29 12:39:22,670 - INFO - [0.01666079 0.81       0.17947511 0.18607381 0.17625256 0.16394538 0.20663708 0.08761611]
2024-01-29 12:39:30,582 - INFO - [0.01665282 0.81       0.17990921 0.18665817 0.17657441 0.16377403 0.20767872 0.08540545]
2024-01-29 12:39:38,588 - INFO - [0.01664914 0.81       0.18011008 0.18695854 0.17671752 0.1636865  0.20816064 0.08436666]
2024-01-29 12:39:46,746 - INFO - [0.01664745 0.81       0.18022113 0.18709646 0.17680074 0.16363052 0.20837422 0.08387695]
2024-01-29 12:39:54,837 - INFO - [0.01664671 0.81       0.18027262 0.18717362 0.1768245  0.16360264 0.20848292 0.08364369]
2024-01-29 12:40:02,951 - INFO - [0.01664626 0.81       0.18029429 0.18722087 0.17683381 0.16360126 0.20852005 0.08352963]
2024-01-29 12:40:10,907 - INFO - [0.0166462  0.81       0.18031581 0.18723837 0.17682774 0.16358997 0.20855455 0.08347351]
2024-01-29 12:40:18,844 - INFO - [0.0166459  0.81       0.18030764 0.18725571 0.17683715 0.16359137 0.20855924 0.08344888]
2024-01-29 12:40:26,800 - INFO - [0.01664592 0.81       0.18030661 0.18726584 0.17683107 0.16359322 0.20856394 0.08343922]
2024-01-29 12:40:34,723 - INFO - [0.0166458  0.81       0.18030079 0.18725538 0.1768432  0.16359511 0.20856865 0.08343689]
2024-01-29 12:40:42,681 - INFO - [0.01664592 0.81       0.18031684 0.18724354 0.17683712 0.16359496 0.20857334 0.08343424]
2024-01-29 12:40:50,600 - INFO - [0.01664575 0.81       0.18030868 0.1872609  0.17683105 0.16359678 0.20857805 0.08342461]
2024-01-29 12:40:58,550 - INFO - [0.01664584 0.81       0.1803057  0.18724857 0.17683475 0.16359849 0.20858274 0.08342976]
2024-01-29 12:41:06,471 - INFO - [0.01664577 0.81       0.1802997  0.18726483 0.17682867 0.16359954 0.20858714 0.08342011]
2024-01-29 12:41:14,436 - INFO - [0.01664595 0.81       0.18031365 0.18725249 0.1768226  0.16359587 0.20859011 0.08342527]
2024-01-29 12:41:22,366 - INFO - [0.01664577 0.81       0.18030548 0.18725902 0.17684305 0.16359261 0.20856936 0.08343052]
2024-01-29 12:41:30,300 - INFO - [0.01664594 0.81       0.18032673 0.18724671 0.17683697 0.16359435 0.20857406 0.08342116]
2024-01-29 12:41:30,316 - INFO - Successfully finished `test_optimize` after 165.749 seconds.
