2024-01-29 12:01:50,291 - INFO - Logging into directory _output/exp_uniform_weights/20240129/20240129_120150.
2024-01-29 12:01:50,295 - INFO - Starting `test_optimize`.
2024-01-29 12:01:56,567 - INFO - [0.0154586  0.817      0.16666667 0.16666667 0.16666667 0.16666667 0.16666667 0.16666667]
2024-01-29 12:02:04,506 - INFO - [0.01486196 0.818      0.19204211 0.17607045 0.17771098 0.15867606 0.19507502 0.10042544]
2024-01-29 12:02:12,432 - INFO - [0.01468366 0.819      0.20472594 0.18078426 0.1832139  0.15456958 0.20874704 0.06795937]
2024-01-29 12:02:20,327 - INFO - [0.01462477 0.818      0.20976438 0.18280374 0.18518692 0.15187727 0.21871983 0.05164779]
2024-01-29 12:02:28,241 - INFO - [0.01459854 0.817      0.21227467 0.18378332 0.18615969 0.15048556 0.22347505 0.04382173]
2024-01-29 12:02:36,227 - INFO - [0.0145876  0.817      0.21352901 0.18425645 0.18662563 0.14977396 0.22574207 0.04007285]
2024-01-29 12:02:44,164 - INFO - [0.01458269 0.817      0.21415664 0.18448606 0.18685527 0.14939678 0.22682437 0.03828087]
2024-01-29 12:02:52,057 - INFO - [0.01458058 0.817      0.21447897 0.18459472 0.18696433 0.14919865 0.22734042 0.03742286]
2024-01-29 12:02:59,986 - INFO - [0.01457941 0.817      0.21462917 0.1846604  0.18702595 0.14909081 0.22757927 0.03701439]
2024-01-29 12:03:07,885 - INFO - [0.01457905 0.817      0.21471541 0.18468033 0.18705381 0.14904185 0.22769181 0.03681674]
2024-01-29 12:03:15,808 - INFO - [0.01457876 0.817      0.21474624 0.18469937 0.18707138 0.14902189 0.22774465 0.03671639]
2024-01-29 12:03:23,731 - INFO - [0.01457848 0.817      0.21476173 0.18471327 0.18708637 0.14900278 0.22776771 0.03666816]
2024-01-29 12:03:31,647 - INFO - [0.01457845 0.817      0.21476282 0.18470256 0.18707889 0.14901328 0.22779068 0.03665183]
2024-01-29 12:03:39,553 - INFO - [0.01457843 0.817      0.21476386 0.1847192  0.1870874  0.14899415 0.22779326 0.03664209]
2024-01-29 12:03:47,504 - INFO - [0.01457842 0.817      0.21476491 0.18470846 0.18708973 0.14900467 0.22779414 0.03663812]
2024-01-29 12:03:55,396 - INFO - [0.01457839 0.817      0.21476595 0.18471599 0.18707758 0.14901416 0.22778784 0.03663849]
2024-01-29 12:04:03,318 - INFO - [0.01457849 0.817      0.21476698 0.18470745 0.18709497 0.14899631 0.22779633 0.03663794]
2024-01-29 12:04:11,200 - INFO - [0.01457852 0.817      0.21476801 0.18470916 0.1870828  0.14900686 0.22779876 0.03663437]
2024-01-29 12:04:19,133 - INFO - [0.01457845 0.817      0.21476904 0.18471237 0.18708672 0.14900351 0.22779197 0.03663639]
2024-01-29 12:04:27,014 - INFO - [0.0145784  0.817      0.21477008 0.18470572 0.1870746  0.14901403 0.22780447 0.03663119]
2024-01-29 12:04:34,914 - INFO - [0.01457849 0.817      0.21477108 0.18471071 0.18709183 0.14899491 0.22779766 0.03663378]
2024-01-29 12:04:34,936 - INFO - Successfully finished `test_optimize` after 164.641 seconds.
