2024-01-29 16:28:04,937 - INFO - Logging into directory _output/exp_nice_weights/20240129_162804__4294967161.
2024-01-29 16:28:04,941 - INFO - Starting `test_optimize`.
2024-01-29 16:28:17,698 - INFO - [0.02168453 0.793      0.332      0.332      0.332      0.001      0.001      0.001     ]
2024-01-29 16:28:33,060 - INFO - [0.01797272 0.805      0.22873461 0.22462583 0.21921232 0.09065761 0.12117246 0.1155972 ]
2024-01-29 16:28:48,456 - INFO - [0.01751457 0.807      0.19453833 0.18864726 0.18230242 0.13951327 0.17109184 0.12390695]
2024-01-29 16:29:03,834 - INFO - [0.01739698 0.804      0.17902902 0.17190529 0.16382465 0.16419832 0.19349796 0.12754473]
2024-01-29 16:29:19,178 - INFO - [0.01737875 0.805      0.17335545 0.16408128 0.15536256 0.17686383 0.20144841 0.12888849]
2024-01-29 16:29:34,534 - INFO - [0.01736948 0.806      0.17034216 0.16009684 0.15063167 0.18448876 0.20495106 0.12948948]
2024-01-29 16:29:49,877 - INFO - [0.01736239 0.806      0.16921267 0.15842503 0.14871207 0.18846847 0.20556054 0.12962118]
2024-01-29 16:30:05,203 - INFO - [0.01735862 0.806      0.16870937 0.15764    0.14782867 0.1904356  0.20574516 0.12964129]
2024-01-29 16:30:20,560 - INFO - [0.01735702 0.806      0.1684719  0.15725686 0.14740799 0.19139726 0.20581043 0.12965557]
2024-01-29 16:30:35,915 - INFO - [0.01735628 0.806      0.16835751 0.15706903 0.14720494 0.19186458 0.20584235 0.12966159]
2024-01-29 16:30:51,307 - INFO - [0.01735606 0.806      0.16829893 0.15697126 0.14710025 0.19209757 0.20585757 0.12967432]
2024-01-29 16:31:06,691 - INFO - [0.01735606 0.806      0.16826823 0.15691316 0.14703895 0.19221811 0.20585421 0.12970743]
2024-01-29 16:31:22,070 - INFO - [0.01735569 0.806      0.16825981 0.15689221 0.14701714 0.19228733 0.20587234 0.12967116]
2024-01-29 16:31:37,420 - INFO - [0.01735611 0.806      0.16824642 0.156884   0.1470083  0.19228669 0.20586282 0.12971175]
2024-01-29 16:31:52,787 - INFO - [0.01735585 0.806      0.16824922 0.15688552 0.14701025 0.19230141 0.20586188 0.12969168]
2024-01-29 16:32:08,153 - INFO - [0.01735581 0.806      0.16824777 0.1568819  0.14700836 0.19230734 0.20587027 0.12968428]
2024-01-29 16:32:23,530 - INFO - [0.01735607 0.806      0.16824041 0.15686783 0.14699325 0.19232135 0.20586304 0.12971407]
2024-01-29 16:32:37,920 - INFO - [0.01735554 0.806      0.16824868 0.15686902 0.14699577 0.19233873 0.20587072 0.12967718]
2024-01-29 16:32:45,923 - INFO - [0.01735609 0.806      0.16823907 0.15685993 0.14698775 0.19233613 0.20586449 0.12971258]
2024-01-29 16:32:53,904 - INFO - [0.01735601 0.806      0.16824123 0.15686335 0.14699042 0.19232996 0.20586514 0.1297099 ]
2024-01-29 16:33:01,883 - INFO - [0.01735613 0.806      0.16824028 0.1568616  0.14698984 0.1923296  0.20586088 0.12971777]
2024-01-29 16:33:01,902 - INFO - Successfully finished `test_optimize` after 296.961 seconds.
