2024-01-29 12:47:09,149 - INFO - Logging into directory _output/exp_uniform_weights/20240129/20240129_124709.
2024-01-29 12:47:09,152 - INFO - Starting `test_optimize`.
2024-01-29 12:47:15,508 - INFO - [0.01410255 0.82       0.16666667 0.16666667 0.16666667 0.16666667 0.16666667 0.16666667]
2024-01-29 12:47:23,517 - INFO - [0.01370802 0.822      0.18305728 0.18001641 0.17424725 0.18656369 0.14624548 0.12986992]
2024-01-29 12:47:31,517 - INFO - [0.01356443 0.823      0.1911287  0.1866181  0.17793533 0.19615427 0.13601275 0.11215077]
2024-01-29 12:47:39,493 - INFO - [0.01350746 0.821      0.19508354 0.18987834 0.17971255 0.20077047 0.13088439 0.1036707 ]
2024-01-29 12:47:47,479 - INFO - [0.01348711 0.821      0.1973477  0.19160211 0.18019135 0.20385145 0.12687047 0.10013692]
2024-01-29 12:47:55,462 - INFO - [0.01347372 0.821      0.19816871 0.19221324 0.18019496 0.20472263 0.12681009 0.09789038]
2024-01-29 12:48:03,478 - INFO - [0.01346733 0.821      0.19857235 0.19251209 0.18020144 0.20512521 0.12677434 0.09681465]
2024-01-29 12:48:11,435 - INFO - [0.01346448 0.821      0.19876659 0.19265346 0.1801898  0.20532849 0.12674722 0.09631449]
2024-01-29 12:48:19,429 - INFO - [0.01346295 0.821      0.19886202 0.19273196 0.18020481 0.20540297 0.12674122 0.09605706]
2024-01-29 12:48:27,372 - INFO - [0.01346226 0.821      0.1989079  0.19277047 0.18021293 0.20543721 0.12673777 0.0959337 ]
2024-01-29 12:48:35,386 - INFO - [0.01346191 0.821      0.19893159 0.19279753 0.18023191 0.20543616 0.12673815 0.09586452]
2024-01-29 12:48:43,689 - INFO - [0.01346145 0.821      0.19894037 0.19281498 0.18025394 0.20542707 0.12673669 0.095827  ]
2024-01-29 12:48:51,958 - INFO - [0.01346151 0.821      0.19894458 0.1928158  0.18024829 0.2054382  0.12673655 0.09581655]
2024-01-29 12:49:00,206 - INFO - [0.01346141 0.821      0.19894722 0.19282006 0.18024565 0.20544063 0.12673347 0.09581299]
2024-01-29 12:49:08,387 - INFO - [0.01346126 0.821      0.19894636 0.19282794 0.18026124 0.20542859 0.12673578 0.09580012]
2024-01-29 12:49:16,353 - INFO - [0.01346129 0.821      0.19894651 0.19283354 0.18026516 0.20541817 0.1267432  0.09579335]
2024-01-29 12:49:24,348 - INFO - [0.0134612  0.821      0.19894822 0.19283091 0.18026932 0.2054196  0.12673722 0.09579478]
2024-01-29 12:49:32,312 - INFO - [0.01346139 0.821      0.19894895 0.19282717 0.18025444 0.20543034 0.12673622 0.09580279]
2024-01-29 12:49:40,311 - INFO - [0.01346142 0.821      0.198948   0.19282182 0.1802488  0.20543744 0.12673452 0.09580939]
2024-01-29 12:49:48,268 - INFO - [0.01346133 0.821      0.19894822 0.19282119 0.18025014 0.20543797 0.12673661 0.0958059 ]
2024-01-29 12:49:56,245 - INFO - [0.01346131 0.821      0.1989484  0.1928236  0.18025948 0.20543233 0.1267357  0.0958005 ]
2024-01-29 12:49:56,260 - INFO - Successfully finished `test_optimize` after 167.108 seconds.
