2024-01-29 13:31:11,280 - INFO - Logging into directory _output/exp_bad_weights/20240129/20240129_133111.
2024-01-29 13:31:11,283 - INFO - Starting `test_optimize`.
2024-01-29 13:31:17,796 - INFO - [0.04228742 0.704      0.001      0.001      0.001      0.001      0.001      0.995     ]
2024-01-29 13:31:25,908 - INFO - [1.41194103e-02 8.19000000e-01 2.23114163e-01 2.04234183e-01 1.85399413e-01 1.71512157e-01 2.15492487e-01 2.47703021e-04]
2024-01-29 13:31:34,016 - INFO - [0.01420519 0.819      0.21635897 0.20102891 0.17697556 0.17120796 0.19438952 0.04003904]
2024-01-29 13:31:42,127 - INFO - [0.01428476 0.819      0.21317104 0.19960837 0.17278701 0.17133817 0.18420838 0.05888706]
2024-01-29 13:31:50,244 - INFO - [0.01433181 0.818      0.21165305 0.19896266 0.17067534 0.17152941 0.17929526 0.06788424]
2024-01-29 13:31:58,334 - INFO - [0.01435634 0.818      0.2109161  0.19867487 0.16961169 0.17167556 0.17692313 0.07219865]
2024-01-29 13:32:06,463 - INFO - [0.01436855 0.818      0.2105619  0.1985364  0.16907375 0.17178726 0.17577894 0.07426182]
2024-01-29 13:32:14,553 - INFO - [0.01437462 0.818      0.21039365 0.19848578 0.168804   0.17184375 0.17521828 0.07525453]
2024-01-29 13:32:22,671 - INFO - [0.01437753 0.818      0.21030998 0.19846657 0.16865383 0.17188458 0.17494579 0.07573932]
2024-01-29 13:32:30,777 - INFO - [0.01437901 0.818      0.21028368 0.19844741 0.16857834 0.17191114 0.1748216  0.0759578 ]
2024-01-29 13:32:38,905 - INFO - [0.01437973 0.818      0.2102575  0.19842832 0.16854741 0.17193611 0.17475714 0.07607349]
2024-01-29 13:32:47,220 - INFO - [0.01438011 0.818      0.21026087 0.19843894 0.16851687 0.17193295 0.17472251 0.07612781]
2024-01-29 13:32:55,567 - INFO - [0.01438015 0.818      0.21025933 0.19842511 0.16851579 0.17192981 0.17471769 0.07615233]
2024-01-29 13:33:03,677 - INFO - [0.01438018 0.818      0.21024807 0.19843587 0.16851462 0.17192668 0.17471288 0.07616194]
2024-01-29 13:33:11,780 - INFO - [0.01438019 0.818      0.21025173 0.19844593 0.16851352 0.17192355 0.17470808 0.07615722]
2024-01-29 13:33:19,855 - INFO - [0.01438025 0.818      0.21025543 0.1984311  0.16851246 0.17193089 0.17470331 0.07616683]
2024-01-29 13:33:27,939 - INFO - [0.01438033 0.818      0.21025909 0.19842717 0.16851138 0.17192777 0.17469852 0.0761761 ]
2024-01-29 13:33:36,023 - INFO - [0.01438035 0.818      0.21026276 0.19843775 0.16851027 0.17192464 0.17469372 0.07617086]
2024-01-29 13:33:44,128 - INFO - [0.01438036 0.818      0.2102664  0.19843996 0.16850919 0.17192151 0.17468894 0.07617402]
2024-01-29 13:33:52,198 - INFO - [0.01438045 0.818      0.21026997 0.1984213  0.16850811 0.17191841 0.17470498 0.07617719]
2024-01-29 13:34:00,294 - INFO - [0.01438044 0.818      0.21027352 0.19843206 0.16850701 0.17191531 0.17470016 0.07617188]
2024-01-29 13:34:00,310 - INFO - Successfully finished `test_optimize` after 169.027 seconds.
