2024-01-29 12:51:27,575 - INFO - Logging into directory _output/exp_bad_weights/20240129/20240129_125127.
2024-01-29 12:51:27,578 - INFO - Starting `test_optimize`.
2024-01-29 12:51:34,073 - INFO - [0.04121647 0.685      0.001      0.001      0.001      0.001      0.001      0.995     ]
2024-01-29 12:51:42,932 - INFO - [0.01331037 0.824      0.20732924 0.18844007 0.19269921 0.18022004 0.20909895 0.0222125 ]
2024-01-29 12:51:52,080 - INFO - [0.01331821 0.825      0.20260328 0.18982628 0.18650746 0.19271006 0.16678973 0.06156315]
2024-01-29 12:52:00,071 - INFO - [0.01337652 0.823      0.20054963 0.19101703 0.1837191  0.1989436  0.14593361 0.07983702]
2024-01-29 12:52:08,067 - INFO - [0.0134178  0.822      0.19963631 0.19183682 0.18243545 0.20203035 0.1356741  0.08838692]
2024-01-29 12:52:16,036 - INFO - [0.01344176 0.821      0.19933119 0.19240645 0.18180016 0.20379785 0.13011245 0.09255199]
2024-01-29 12:52:24,030 - INFO - [0.01345638 0.821      0.19937825 0.19274187 0.18111219 0.20524685 0.12670991 0.0948109 ]
2024-01-29 12:52:32,021 - INFO - [0.01345915 0.821      0.19915603 0.19275369 0.18064621 0.20534968 0.12676091 0.09533341]
2024-01-29 12:52:39,998 - INFO - [0.01346011 0.821      0.19904913 0.19278894 0.18046942 0.20537771 0.1267523  0.09556251]
2024-01-29 12:52:47,992 - INFO - [0.01346073 0.821      0.19899701 0.19281024 0.1803762  0.20539303 0.12674657 0.09567691]
2024-01-29 12:52:55,971 - INFO - [0.01346088 0.821      0.19896963 0.19282494 0.18033573 0.20539826 0.12674509 0.0957263 ]
2024-01-29 12:53:03,957 - INFO - [0.01346108 0.821      0.19895716 0.1928273  0.18030261 0.20541306 0.12674111 0.09575873]
2024-01-29 12:53:11,963 - INFO - [0.0134611  0.821      0.19895132 0.19283256 0.18029223 0.20541301 0.12673771 0.09577315]
2024-01-29 12:53:19,921 - INFO - [0.0134612  0.821      0.19895098 0.19283012 0.18027344 0.20541759 0.12673981 0.09578807]
2024-01-29 12:53:27,939 - INFO - [0.01346133 0.821      0.19895229 0.19282696 0.18026228 0.20542562 0.12673765 0.09579512]
2024-01-29 12:53:35,888 - INFO - [0.01346119 0.821      0.19895136 0.1928294  0.18027399 0.20541728 0.12673911 0.09578887]
2024-01-29 12:53:43,852 - INFO - [0.01346126 0.821      0.19895177 0.19282907 0.18026197 0.20542875 0.12673481 0.09579363]
2024-01-29 12:53:51,780 - INFO - [0.01346117 0.821      0.19895065 0.19283339 0.18026902 0.20542087 0.12673636 0.09578974]
2024-01-29 12:53:59,726 - INFO - [0.01346117 0.821      0.19894876 0.19283415 0.18026504 0.20542176 0.12673739 0.09579296]
2024-01-29 12:54:07,663 - INFO - [0.01346119 0.821      0.19894867 0.19282995 0.18026069 0.20542972 0.12673633 0.0957947 ]
2024-01-29 12:54:15,606 - INFO - [0.01346128 0.821      0.19895054 0.19282982 0.18027137 0.20541994 0.12673692 0.09579132]
2024-01-29 12:54:15,622 - INFO - Successfully finished `test_optimize` after 168.044 seconds.
