2024-01-29 13:59:45,575 - INFO - Logging into directory _output/exp_good_weights/20240129/20240129_135945.
2024-01-29 13:59:45,578 - INFO - Starting `test_optimize`.
2024-01-29 13:59:52,111 - INFO - [0.01650679 0.803      0.01       0.5        0.3        0.14       0.04       0.01      ]
2024-01-29 14:00:00,338 - INFO - [0.01481451 0.816      0.09644733 0.3450214  0.23559384 0.15381874 0.11981151 0.04930723]
2024-01-29 14:00:08,571 - INFO - [0.0147053  0.813      0.13738284 0.26651797 0.20847569 0.16011499 0.16013029 0.06737829]
2024-01-29 14:00:16,750 - INFO - [0.01482738 0.813      0.15744194 0.22703616 0.19523531 0.16356866 0.18521509 0.07150287]
2024-01-29 14:00:24,925 - INFO - [0.01493934 0.814      0.17008121 0.20758705 0.18823411 0.1647688  0.19609098 0.07323791]
2024-01-29 14:00:33,069 - INFO - [0.0150182  0.814      0.17737477 0.19798337 0.1845329  0.16446997 0.20084505 0.07479389]
2024-01-29 14:00:41,239 - INFO - [0.01505814 0.814      0.18115115 0.19355571 0.18306273 0.16431122 0.20259391 0.07532529]
2024-01-29 14:00:49,389 - INFO - [0.0150897  0.814      0.18268123 0.19154489 0.18257649 0.16222632 0.20554619 0.07542491]
2024-01-29 14:00:57,570 - INFO - [0.01510548 0.814      0.18345585 0.19056095 0.18235853 0.16121624 0.20693487 0.07547355]
2024-01-29 14:01:05,876 - INFO - [0.0151135  0.814      0.18386275 0.19007017 0.18225981 0.1607139  0.20759545 0.07549787]
2024-01-29 14:01:14,070 - INFO - [0.01511716 0.814      0.18406098 0.18983963 0.1822207  0.16047923 0.2078986  0.07550086]
2024-01-29 14:01:22,253 - INFO - [0.01511912 0.814      0.18416971 0.18971117 0.18221056 0.16036384 0.2080476  0.07549708]
2024-01-29 14:01:30,452 - INFO - [0.01511985 0.813      0.18421881 0.18966377 0.18220124 0.16030806 0.20811217 0.075496  ]
2024-01-29 14:01:38,620 - INFO - [0.01512034 0.813      0.18423812 0.18963495 0.18219197 0.16028214 0.20814691 0.07550596]
2024-01-29 14:01:46,841 - INFO - [0.01512064 0.813      0.18425742 0.18962122 0.18218398 0.16027041 0.20815186 0.07551509]
2024-01-29 14:01:55,033 - INFO - [0.01512069 0.813      0.18427554 0.1896075  0.18217577 0.16027422 0.20815681 0.0755102 ]
2024-01-29 14:02:03,234 - INFO - [0.01512057 0.813      0.18426514 0.18961439 0.18217543 0.1602758  0.20816177 0.07550753]
2024-01-29 14:02:11,432 - INFO - [0.01512067 0.813      0.18426481 0.18960541 0.18219247 0.16026138 0.20816673 0.07550931]
2024-01-29 14:02:19,642 - INFO - [0.0151207  0.813      0.18425934 0.18961133 0.18218321 0.16026515 0.20817165 0.07550934]
2024-01-29 14:02:27,811 - INFO - [0.01512086 0.813      0.18427759 0.18959762 0.18217392 0.16026886 0.20817506 0.07550691]
2024-01-29 14:02:35,978 - INFO - [0.0151208  0.813      0.18426706 0.18960443 0.18218823 0.16026039 0.2081769  0.07550301]
2024-01-29 14:02:36,002 - INFO - Successfully finished `test_optimize` after 170.424 seconds.
