2024-01-29 16:28:05,301 - INFO - Logging into directory _output/exp_nice_weights/20240129_162805__4294967167.
2024-01-29 16:28:05,305 - INFO - Starting `test_optimize`.
2024-01-29 16:28:18,373 - INFO - [0.02102342 0.785      0.332      0.332      0.332      0.001      0.001      0.001     ]
2024-01-29 16:28:31,161 - INFO - [0.01841058 0.8        0.2305107  0.21412283 0.21630484 0.09056836 0.20176667 0.04672664]
2024-01-29 16:28:39,385 - INFO - [0.01845257 0.798      0.21444175 0.19220959 0.19146289 0.12629615 0.22762543 0.04796421]
2024-01-29 16:28:47,673 - INFO - [0.01853867 0.797      0.20671901 0.18203294 0.17918976 0.14289673 0.24111077 0.04805072]
2024-01-29 16:28:55,896 - INFO - [0.0186402  0.796      0.20121756 0.17561711 0.17154716 0.1478942  0.25316221 0.05056172]
2024-01-29 16:29:04,226 - INFO - [0.01879321 0.798      0.19525164 0.17012174 0.16531752 0.146817   0.27116531 0.05132679]
2024-01-29 16:29:12,439 - INFO - [0.0188253  0.797      0.19246837 0.16939554 0.16443796 0.14680707 0.27541518 0.05147594]
2024-01-29 16:29:20,661 - INFO - [0.0188254  0.797      0.19182225 0.16952035 0.16448472 0.1470719  0.27565834 0.05144243]
2024-01-29 16:29:28,813 - INFO - [0.01882454 0.797      0.19159326 0.16960399 0.16453387 0.14718188 0.27562204 0.05146493]
2024-01-29 16:29:37,034 - INFO - [0.01882396 0.797      0.19150628 0.16964497 0.16456689 0.14722961 0.27559429 0.05145793]
2024-01-29 16:29:45,380 - INFO - [0.0188236  0.797      0.19147086 0.16966097 0.16457979 0.14724579 0.2755807  0.05146199]
2024-01-29 16:29:57,857 - INFO - [0.01882342 0.797      0.19146393 0.16967452 0.16459265 0.14725655 0.27558553 0.05142684]
2024-01-29 16:30:13,466 - INFO - [0.01882352 0.797      0.1914553  0.16967489 0.16458775 0.14725369 0.27557412 0.05145425]
2024-01-29 16:30:22,805 - INFO - [0.0188235  0.797      0.19145291 0.16967823 0.16458489 0.14725251 0.2755751  0.05145638]
2024-01-29 16:30:30,998 - INFO - [0.01882351 0.797      0.19145206 0.16967718 0.16458428 0.1472528  0.27557015 0.05146356]
2024-01-29 16:30:39,189 - INFO - [0.0188236  0.797      0.19145076 0.16967852 0.16458507 0.14725269 0.27557003 0.05146283]
2024-01-29 16:30:47,391 - INFO - [0.01882348 0.797      0.19145131 0.16967987 0.16458365 0.14725192 0.2755737  0.05145958]
2024-01-29 16:30:55,575 - INFO - [0.01882341 0.797      0.19145773 0.16968501 0.16459191 0.14725912 0.27557972 0.05142645]
2024-01-29 16:31:03,882 - INFO - [0.01882344 0.797      0.19145249 0.16967933 0.16458859 0.14725527 0.27556908 0.05145526]
2024-01-29 16:31:12,097 - INFO - [0.01882347 0.797      0.19145048 0.16967779 0.16458513 0.14725427 0.27556914 0.05146322]
2024-01-29 16:31:20,615 - INFO - [0.01882333 0.797      0.19145696 0.16968361 0.16459137 0.14726001 0.27558252 0.05142556]
2024-01-29 16:31:20,635 - INFO - Successfully finished `test_optimize` after 195.330 seconds.
