2024-01-29 16:39:13,705 - INFO - Logging into directory _output/exp_011000/20240129_163913__4294967167.
2024-01-29 16:39:13,717 - INFO - Starting `test_optimize`.
2024-01-29 16:39:26,229 - INFO - [0.02180454 0.777      0.001      0.498      0.498      0.001      0.001      0.001     ]
2024-01-29 16:39:40,168 - INFO - [0.018417   0.797      0.13640404 0.22884621 0.23596378 0.11829057 0.22615699 0.05433835]
2024-01-29 16:39:56,071 - INFO - [0.01859604 0.797      0.16715463 0.19309098 0.1949514  0.13535079 0.26114383 0.04830839]
2024-01-29 16:40:10,621 - INFO - [0.01870454 0.797      0.18280351 0.17925176 0.17760378 0.14363119 0.26797822 0.04873158]
2024-01-29 16:40:24,609 - INFO - [0.01877876 0.797      0.1892368  0.17268482 0.16912006 0.14622049 0.27209455 0.05064321]
2024-01-29 16:40:39,989 - INFO - [0.01881234 0.797      0.19158651 0.17012435 0.16554032 0.14696573 0.27439365 0.05138932]
2024-01-29 16:40:53,776 - INFO - [0.01882144 0.797      0.1913987  0.1697575  0.16490567 0.14712106 0.27536136 0.05145573]
2024-01-29 16:41:09,245 - INFO - [0.018823   0.797      0.19141656 0.16969573 0.16471057 0.14721182 0.27552444 0.05144079]
2024-01-29 16:41:24,540 - INFO - [0.01882322 0.797      0.19143733 0.16968301 0.1646415  0.14724459 0.27556103 0.05143252]
2024-01-29 16:41:39,570 - INFO - [0.01882343 0.797      0.19144179 0.16967542 0.16460879 0.14724964 0.27556437 0.05146   ]
2024-01-29 16:41:53,325 - INFO - [0.01882333 0.797      0.19145252 0.16968259 0.16460073 0.14725755 0.27558026 0.05142635]
2024-01-29 16:42:07,260 - INFO - [0.01882352 0.797      0.19144754 0.16967581 0.16459249 0.14725564 0.27556643 0.05146203]
2024-01-29 16:42:22,533 - INFO - [0.01882351 0.797      0.19144744 0.16967829 0.16458786 0.14725374 0.27557278 0.05145992]
2024-01-29 16:42:37,456 - INFO - [0.01882356 0.797      0.19144888 0.16967845 0.16458568 0.14725363 0.27557057 0.05146272]
2024-01-29 16:42:52,752 - INFO - [0.0188236  0.797      0.19144909 0.16967864 0.16458456 0.14725319 0.27557158 0.05146286]
2024-01-29 16:43:06,405 - INFO - [0.01882335 0.797      0.19145723 0.16968398 0.16459213 0.14725904 0.27558085 0.05142676]
2024-01-29 16:43:21,035 - INFO - [0.01882353 0.797      0.19145024 0.16967638 0.16458909 0.14725624 0.27556753 0.05146047]
2024-01-29 16:43:34,317 - INFO - [0.01882355 0.797      0.1914496  0.16967666 0.16458659 0.14725544 0.27557051 0.05146117]
2024-01-29 16:43:45,505 - INFO - [0.01882351 0.797      0.19144963 0.16967854 0.16458572 0.14725332 0.27557212 0.05146068]
2024-01-29 16:43:57,758 - INFO - [0.01882336 0.797      0.19145694 0.16968417 0.16459088 0.14726058 0.27557886 0.05142857]
2024-01-29 16:44:06,480 - INFO - [0.01882347 0.797      0.19145077 0.16967687 0.16458818 0.14725569 0.27556774 0.05146075]
2024-01-29 16:44:06,499 - INFO - Successfully finished `test_optimize` after 292.781 seconds.
