2024-01-29 16:08:20,126 - INFO - Logging into directory _output/exp_good_weights/20240129/20240129_160820.
2024-01-29 16:08:20,129 - INFO - Starting `test_optimize`.
2024-01-29 16:08:26,467 - INFO - [0.02114259 0.785      0.01       0.5        0.3        0.14       0.04       0.01      ]
2024-01-29 16:08:34,456 - INFO - [0.01870689 0.802      0.12192833 0.27262083 0.19988899 0.14798811 0.19552867 0.06204506]
2024-01-29 16:08:42,436 - INFO - [0.01875552 0.801      0.15694581 0.2272608  0.1873796  0.16214448 0.21392697 0.05234234]
2024-01-29 16:08:50,432 - INFO - [0.01887625 0.801      0.17472768 0.20443705 0.1806808  0.1691425  0.22088508 0.05012694]
2024-01-29 16:08:58,376 - INFO - [0.01894846 0.801      0.18355997 0.19319445 0.17759673 0.17307651 0.22405231 0.04852003]
2024-01-29 16:09:06,321 - INFO - [0.01898783 0.801      0.18809138 0.18748245 0.17616242 0.17511985 0.22563075 0.04751306]
2024-01-29 16:09:14,265 - INFO - [0.01900856 0.801      0.19040073 0.18456319 0.17547938 0.17616209 0.22640339 0.04699121]
2024-01-29 16:09:22,204 - INFO - [0.01901961 0.801      0.19156581 0.18305925 0.17514621 0.1766831  0.22677308 0.04677258]
2024-01-29 16:09:30,138 - INFO - [0.019025   0.801      0.19217376 0.18230452 0.1750043  0.17696041 0.22696777 0.04658919]
2024-01-29 16:09:38,077 - INFO - [0.01902762 0.801      0.19248258 0.18191944 0.17493512 0.17710274 0.22706218 0.04649799]
2024-01-29 16:09:46,003 - INFO - [0.01902907 0.801      0.19263849 0.18172111 0.17490289 0.17716965 0.22710717 0.04646073]
2024-01-29 16:09:53,959 - INFO - [0.01902982 0.801      0.19272128 0.18162088 0.17488652 0.17720714 0.2271286  0.04643557]
2024-01-29 16:10:01,886 - INFO - [0.01903019 0.801      0.19275716 0.18156633 0.17487887 0.17722338 0.22714224 0.04643204]
2024-01-29 16:10:09,823 - INFO - [0.01903031 0.801      0.1927778  0.18153974 0.17487498 0.17723157 0.22714677 0.04642924]
2024-01-29 16:10:17,767 - INFO - [0.01903053 0.801      0.19278689 0.18152729 0.17487365 0.17723596 0.22714914 0.04642703]
2024-01-29 16:10:25,700 - INFO - [0.01903063 0.801      0.19279261 0.18151647 0.17487144 0.17723978 0.22715166 0.04642798]
2024-01-29 16:10:33,652 - INFO - [0.01903061 0.801      0.19279575 0.18150844 0.17487326 0.17724092 0.22715151 0.04643013]
2024-01-29 16:10:41,622 - INFO - [0.01903064 0.801      0.19279711 0.18150795 0.17487104 0.17724179 0.22715183 0.04643027]
2024-01-29 16:10:49,599 - INFO - [0.01903068 0.801      0.19279854 0.18150611 0.17487207 0.17724326 0.22715059 0.04642939]
2024-01-29 16:10:57,553 - INFO - [0.01903064 0.801      0.19279927 0.18150584 0.17486936 0.17724355 0.22714931 0.04643271]
2024-01-29 16:11:05,516 - INFO - [0.01903073 0.801      0.19279875 0.1815058  0.17487113 0.17724361 0.22714899 0.04643165]
2024-01-29 16:11:05,535 - INFO - Successfully finished `test_optimize` after 165.406 seconds.
