2024-01-30 15:49:01,820 - INFO - Logging into directory _output/exp_011000/20240130_154901__4294967144.
2024-01-30 15:49:01,829 - INFO - Starting `test_optimize`.
2024-01-30 15:49:16,255 - INFO - [0.02720532 0.767      0.001      0.498      0.498      0.001      0.001      0.001     ]
2024-01-30 15:49:33,705 - INFO - [0.01966243 0.788      0.18510377 0.18573055 0.16198817 0.17119926 0.24443237 0.05154591]
2024-01-30 15:49:54,174 - INFO - [0.01951566 0.787      0.19604526 0.17875977 0.15913582 0.17979108 0.26112965 0.02513841]
2024-01-30 15:50:12,986 - INFO - [0.01949276 0.788      0.19192451 0.18065487 0.15930416 0.1820627  0.26007512 0.02597855]
2024-01-30 15:50:29,911 - INFO - [0.01950528 0.788      0.19281672 0.18030843 0.15936854 0.18078741 0.26120478 0.02551417]
2024-01-30 15:50:46,787 - INFO - [0.01950004 0.788      0.19256945 0.18042208 0.15939374 0.18128604 0.26059875 0.02572998]
2024-01-30 15:51:04,539 - INFO - [0.01950213 0.788      0.19267268 0.18037173 0.15937287 0.18109062 0.2608411  0.02565105]
2024-01-30 15:51:21,920 - INFO - [0.01950139 0.788      0.19262952 0.1804028  0.15938418 0.18116771 0.26073629 0.02567942]
2024-01-30 15:51:39,898 - INFO - [0.01950176 0.788      0.19264518 0.18038973 0.15938778 0.18112537 0.26078641 0.02566551]
2024-01-30 15:51:58,761 - INFO - [0.01950165 0.788      0.19265276 0.18038163 0.15936394 0.18114583 0.26077524 0.02568059]
2024-01-30 15:52:16,588 - INFO - [0.01950166 0.788      0.19263706 0.18039027 0.15938932 0.1811372  0.26077875 0.02566737]
2024-01-30 15:52:33,892 - INFO - [0.01950159 0.788      0.1926413  0.18038233 0.1593823  0.18114249 0.26077431 0.0256773 ]
2024-01-30 15:52:51,349 - INFO - [0.0195016  0.788      0.19263458 0.18038    0.15938613 0.18114994 0.26077726 0.02567204]
2024-01-30 15:53:08,763 - INFO - [0.01950168 0.788      0.19264826 0.18038452 0.15938145 0.18114132 0.26077101 0.02567338]
2024-01-30 15:53:26,011 - INFO - [0.0195016  0.788      0.19263883 0.18038222 0.15938558 0.18114123 0.26077381 0.02567839]
2024-01-30 15:53:42,940 - INFO - [0.01950164 0.788      0.19263832 0.18038799 0.15938787 0.18113866 0.26077506 0.02567209]
2024-01-30 15:54:00,475 - INFO - [0.01950166 0.788      0.19264187 0.18037975 0.15938455 0.18113661 0.26077846 0.02567883]
2024-01-30 15:54:16,985 - INFO - [0.01950161 0.788      0.19262744 0.18037803 0.15938401 0.18115643 0.260777   0.02567701]
2024-01-30 15:54:34,200 - INFO - [0.01950157 0.788      0.19264174 0.18038167 0.15938835 0.18114458 0.26077652 0.02566716]
2024-01-30 15:54:51,185 - INFO - [0.01950163 0.788      0.19263729 0.18039578 0.15938705 0.18113713 0.26077488 0.02566786]
2024-01-30 15:55:05,501 - INFO - [0.01950172 0.788      0.19264498 0.18038063 0.15939105 0.18113758 0.26077375 0.02567196]
2024-01-30 15:55:05,534 - INFO - Successfully finished `test_optimize` after 363.705 seconds.
