2024-01-29 12:17:11,362 - INFO - Logging into directory _output/exp_bad_weights/20240129/20240129_121711.
2024-01-29 12:17:11,366 - INFO - Starting `test_optimize`.
2024-01-29 12:17:17,639 - INFO - [0.04334761 0.724      0.001      0.001      0.001      0.001      0.001      0.995     ]
2024-01-29 12:17:25,557 - INFO - [0.0146446  0.834      0.1729691  0.17088883 0.15986063 0.18219694 0.15856238 0.15552208]
2024-01-29 12:17:33,453 - INFO - [0.01422838 0.835      0.18358624 0.18257838 0.16976133 0.18682514 0.16398694 0.11326197]
2024-01-29 12:17:41,335 - INFO - [0.01406826 0.835      0.18873207 0.18830349 0.17450401 0.18892875 0.1665124  0.09301934]
2024-01-29 12:17:49,232 - INFO - [0.01400173 0.836      0.19121256 0.19109152 0.17676356 0.18985832 0.16767417 0.08339991]
2024-01-29 12:17:57,102 - INFO - [0.0139725  0.836      0.1924009  0.1924476  0.17783014 0.19026196 0.16820703 0.0788524 ]
2024-01-29 12:18:05,015 - INFO - [0.01395944 0.836      0.19298132 0.1931172  0.17832996 0.19042684 0.16844264 0.076702  ]
2024-01-29 12:18:12,884 - INFO - [0.01395341 0.836      0.19326341 0.19343081 0.17856918 0.19050217 0.16854145 0.07569293]
2024-01-29 12:18:20,783 - INFO - [0.01395054 0.836      0.1933964  0.19359346 0.17868122 0.19053891 0.16857867 0.07521127]
2024-01-29 12:18:28,657 - INFO - [0.01394912 0.836      0.19345482 0.19366674 0.17873365 0.19055441 0.16860734 0.07498305]
2024-01-29 12:18:36,566 - INFO - [0.01394849 0.836      0.19347747 0.19371013 0.1787563  0.19056049 0.16861224 0.07488339]
2024-01-29 12:18:44,565 - INFO - [0.01394826 0.836      0.19349143 0.19373445 0.17877886 0.19054769 0.1686115  0.07483607]
2024-01-29 12:18:52,624 - INFO - [0.01394814 0.836      0.19350517 0.19374742 0.17877162 0.19056071 0.16861035 0.07480469]
2024-01-29 12:19:00,548 - INFO - [0.01394805 0.836      0.19351788 0.19375488 0.17877966 0.19054642 0.16860922 0.074792  ]
2024-01-29 12:19:08,486 - INFO - [0.01394811 0.836      0.1935281  0.19374092 0.17877324 0.19056186 0.16860808 0.07478777]
2024-01-29 12:19:16,355 - INFO - [0.01394804 0.836      0.19351211 0.19375445 0.17878921 0.19054759 0.168607   0.07478967]
2024-01-29 12:19:24,242 - INFO - [0.01394801 0.836      0.19352581 0.1937384  0.17878199 0.19056277 0.16860586 0.07478521]
2024-01-29 12:19:32,101 - INFO - [0.01394798 0.836      0.19350973 0.19375192 0.17877477 0.19057144 0.16860503 0.07478707]
2024-01-29 12:19:39,987 - INFO - [0.01394804 0.836      0.19351913 0.19373642 0.17879727 0.19055714 0.16860726 0.07478275]
2024-01-29 12:19:47,839 - INFO - [0.01394804 0.836      0.19352902 0.19375001 0.17879005 0.190543   0.16860615 0.07478184]
2024-01-29 12:19:55,715 - INFO - [0.01394801 0.836      0.19351296 0.19374989 0.17878282 0.19055846 0.168606   0.07478988]
2024-01-29 12:19:55,735 - INFO - Successfully finished `test_optimize` after 164.370 seconds.
