2024-01-29 17:45:43,897 - INFO - Logging into directory _output/exp_011100_/20240129_174543__4294967148.
2024-01-29 17:45:43,913 - INFO - Starting `test_optimize`.
2024-01-29 17:46:02,868 - INFO - [0.02520271 0.792      0.001      0.332      0.332      0.332      0.001      0.001     ]
2024-01-29 17:46:23,813 - INFO - [0.02239659 0.807      0.09015527 0.25111055 0.22877212 0.23288898 0.15126248 0.04581057]
2024-01-29 17:46:43,864 - INFO - [0.02248232 0.806      0.13210355 0.217072   0.18171979 0.19170047 0.2070453  0.07035891]
2024-01-29 17:47:03,727 - INFO - [0.02264675 0.807      0.15499894 0.20243101 0.1606598  0.17437753 0.23464485 0.07288791]
2024-01-29 17:47:23,402 - INFO - [0.02272992 0.808      0.16731644 0.19634217 0.14992957 0.16875531 0.24779259 0.06986394]
2024-01-29 17:47:46,372 - INFO - [0.02275266 0.809      0.17369735 0.19343454 0.14500803 0.16803187 0.25389019 0.06593797]
2024-01-29 17:48:08,090 - INFO - [0.02277802 0.809      0.17657398 0.19166102 0.14221387 0.16737209 0.25634721 0.06583185]
2024-01-29 17:48:27,733 - INFO - [0.02278639 0.809      0.17828713 0.19117686 0.14105418 0.16707236 0.25748831 0.06492116]
2024-01-29 17:48:47,981 - INFO - [0.02279025 0.809      0.17916723 0.19095798 0.14049026 0.16694795 0.25802419 0.06441227]
2024-01-29 17:49:09,129 - INFO - [0.02279213 0.809      0.17960246 0.19084685 0.14020479 0.1668907  0.25827786 0.06417726]
2024-01-29 17:49:30,343 - INFO - [0.02279291 0.809      0.17981486 0.19078793 0.14006001 0.16686825 0.25841379 0.06405521]
2024-01-29 17:49:50,977 - INFO - [0.02279343 0.809      0.17992875 0.1907627  0.13998811 0.16685578 0.25846705 0.06399758]
2024-01-29 17:50:12,163 - INFO - [0.02279366 0.809      0.17998932 0.19075161 0.13995296 0.16684999 0.25848815 0.06396794]
2024-01-29 17:50:33,396 - INFO - [0.02279381 0.809      0.18001461 0.19073911 0.13993156 0.16685003 0.25850752 0.06395713]
2024-01-29 17:50:53,158 - INFO - [0.02279367 0.809      0.18002324 0.19073708 0.13992427 0.16685459 0.25852534 0.06393551]
2024-01-29 17:51:16,372 - INFO - [0.02279375 0.809      0.18003157 0.1907355  0.13991752 0.16685423 0.2585195  0.06394169]
2024-01-29 17:51:37,275 - INFO - [0.02279369 0.809      0.18003921 0.19074327 0.13991517 0.16685158 0.25850815 0.06394269]
2024-01-29 17:51:59,592 - INFO - [0.02279378 0.809      0.18003398 0.19073866 0.13990951 0.1668521  0.25851887 0.0639469 ]
2024-01-29 17:52:21,274 - INFO - [0.02279381 0.809      0.18002951 0.19073838 0.13991055 0.1668551  0.2585327  0.0639337 ]
2024-01-29 17:52:43,634 - INFO - [0.02279375 0.809      0.1800285  0.19073738 0.1399136  0.16685446 0.25854078 0.0639253 ]
2024-01-29 17:53:03,788 - INFO - [0.02279379 0.809      0.18002476 0.19073166 0.13991013 0.16685784 0.25855246 0.06392314]
2024-01-29 17:53:03,861 - INFO - Successfully finished `test_optimize` after 439.948 seconds.
