2024-01-29 12:13:52,135 - INFO - Logging into directory _output/exp_bad_weights/20240129/20240129_121352.
2024-01-29 12:13:52,137 - INFO - Starting `test_optimize`.
2024-01-29 12:13:59,504 - INFO - [0.03755576 0.695      0.001      0.001      0.001      0.001      0.001      0.995     ]
2024-01-29 12:14:09,011 - INFO - [7.66820025e-03 8.14000000e-01 1.98018566e-01 1.76102862e-01 1.74941763e-01 1.70750290e-01 2.80086547e-01 9.99400218e-05]
2024-01-29 12:14:18,519 - INFO - [0.00769462 0.812      0.19945005 0.17516606 0.17475945 0.16198765 0.26289719 0.02573955]
2024-01-29 12:14:27,987 - INFO - [0.00771152 0.813      0.19946527 0.17434955 0.17566462 0.15865633 0.25447515 0.03738917]
2024-01-29 12:14:37,475 - INFO - [0.0077242  0.814      0.19947141 0.17395774 0.17615993 0.15696891 0.25054541 0.04289652]
2024-01-29 12:14:46,926 - INFO - [0.00773112 0.814      0.19945563 0.17377429 0.17642233 0.15611503 0.24872033 0.04551245]
2024-01-29 12:14:56,405 - INFO - [0.00773482 0.814      0.19944359 0.17368056 0.1765653  0.15569049 0.24786647 0.04675358]
2024-01-29 12:15:05,874 - INFO - [0.00773678 0.814      0.19945303 0.17362955 0.17664853 0.15546048 0.24746807 0.04734033]
2024-01-29 12:15:15,361 - INFO - [0.00773781 0.814      0.1994524  0.17359701 0.17668265 0.15534808 0.24729931 0.04762056]
2024-01-29 12:15:24,830 - INFO - [0.00773822 0.814      0.19943529 0.17359279 0.17670637 0.15529525 0.24721867 0.04775158]
2024-01-29 12:15:34,489 - INFO - [0.00773849 0.814      0.19944546 0.17358866 0.17670041 0.15527231 0.24717039 0.04782278]
2024-01-29 12:15:43,946 - INFO - [0.00773864 0.814      0.19944493 0.17358452 0.17671911 0.15525036 0.24715193 0.04784908]
2024-01-29 12:15:53,474 - INFO - [0.00773854 0.814      0.19945498 0.17358042 0.17671315 0.15525721 0.24713352 0.04786077]
2024-01-29 12:16:02,940 - INFO - [0.00773855 0.814      0.19943559 0.17357634 0.17672206 0.15525535 0.24714479 0.04786588]
2024-01-29 12:16:12,391 - INFO - [0.00773859 0.814      0.19944574 0.17357227 0.1767161  0.15525845 0.24713585 0.04787161]
2024-01-29 12:16:21,853 - INFO - [0.00773873 0.814      0.1994476  0.17357121 0.17671013 0.15525661 0.24714547 0.04786894]
2024-01-29 12:16:31,326 - INFO - [0.00773864 0.814      0.1994563  0.17357437 0.17670621 0.15526342 0.24712747 0.0478722 ]
2024-01-29 12:16:40,791 - INFO - [0.00773868 0.814      0.1994371  0.1735723  0.17672196 0.15525299 0.24713878 0.04787681]
2024-01-29 12:16:50,273 - INFO - [0.00773851 0.814      0.19944724 0.17357765 0.176716   0.15525986 0.24712536 0.04787393]
2024-01-29 12:16:59,731 - INFO - [0.00773869 0.814      0.19945134 0.17357358 0.17671005 0.15525527 0.24713671 0.04787304]
2024-01-29 12:17:09,215 - INFO - [0.00773856 0.814      0.19944176 0.1735695  0.17671402 0.15526208 0.24714288 0.04786981]
2024-01-29 12:17:09,232 - INFO - Successfully finished `test_optimize` after 197.095 seconds.
