2024-01-29 14:11:07,194 - INFO - Logging into directory _output/exp_good_weights/20240129/20240129_141107.
2024-01-29 14:11:07,197 - INFO - Starting `test_optimize`.
2024-01-29 14:11:13,775 - INFO - [0.01725709 0.795      0.01       0.5        0.3        0.14       0.04       0.01      ]
2024-01-29 14:11:22,038 - INFO - [0.01471212 0.801      0.10038339 0.31112507 0.21321273 0.17099716 0.16038297 0.04389866]
2024-01-29 14:11:30,297 - INFO - [0.01476914 0.8        0.14431392 0.23721594 0.18496156 0.19395293 0.17164373 0.06791194]
2024-01-29 14:11:38,533 - INFO - [0.01497026 0.799      0.16729404 0.20183864 0.17306075 0.20295338 0.17455114 0.08030204]
2024-01-29 14:11:46,792 - INFO - [0.01508456 0.8        0.17830639 0.18350896 0.16674398 0.20697007 0.1788795  0.08559109]
2024-01-29 14:11:54,995 - INFO - [0.01514724 0.8        0.18387981 0.17416885 0.16337642 0.20909521 0.18161599 0.08786365]
2024-01-29 14:12:03,247 - INFO - [0.01518251 0.8        0.18654321 0.16983399 0.16213346 0.20993502 0.18201166 0.08954268]
2024-01-29 14:12:11,458 - INFO - [0.01520074 0.8        0.18791461 0.16769131 0.1615472  0.21040754 0.18207443 0.0903649 ]
2024-01-29 14:12:19,706 - INFO - [0.01520989 0.8        0.18860985 0.16662498 0.16127065 0.21064597 0.18209268 0.09075588]
2024-01-29 14:12:27,923 - INFO - [0.01521454 0.8        0.18896602 0.16609146 0.16113366 0.21076709 0.1821027  0.09093901]
2024-01-29 14:12:36,168 - INFO - [0.01521671 0.8        0.18914419 0.16582365 0.16106828 0.21082775 0.18210688 0.09102929]
2024-01-29 14:12:44,377 - INFO - [0.01521787 0.8        0.18923405 0.16569445 0.16104329 0.21085693 0.18210155 0.09106974]
2024-01-29 14:12:52,605 - INFO - [0.01521837 0.8        0.18927404 0.16562405 0.1610281  0.21087815 0.18210624 0.09108942]
2024-01-29 14:13:00,818 - INFO - [0.01521877 0.8        0.1892994  0.16559005 0.1610177  0.21088521 0.18210948 0.09109806]
2024-01-29 14:13:09,071 - INFO - [0.0152187  0.8        0.18930863 0.16557732 0.16101606 0.21088795 0.18210718 0.09110294]
2024-01-29 14:13:17,284 - INFO - [0.01521885 0.8        0.18931504 0.16556762 0.1610149  0.21088973 0.18210621 0.09110654]
2024-01-29 14:13:25,516 - INFO - [0.015219   0.8        0.1893176  0.1655619  0.1610202  0.21088894 0.18210363 0.09110764]
2024-01-29 14:13:33,737 - INFO - [0.0152189  0.8        0.18931809 0.16556661 0.16101483 0.21089001 0.18210162 0.09110889]
2024-01-29 14:13:41,965 - INFO - [0.01521896 0.8        0.18931901 0.16556601 0.16101784 0.21088809 0.18209915 0.09110987]
2024-01-29 14:13:50,154 - INFO - [0.01521896 0.8        0.18931918 0.16556004 0.16101816 0.21089138 0.18210146 0.09110977]
2024-01-29 14:13:58,369 - INFO - [0.01521897 0.8        0.189321   0.16555814 0.16101791 0.2108928  0.18210244 0.09110769]
2024-01-29 14:13:58,392 - INFO - Successfully finished `test_optimize` after 171.195 seconds.
