2024-01-29 14:42:01,408 - INFO - Logging into directory _output/exp_good_weights/20240129/20240129_144201.
2024-01-29 14:42:01,411 - INFO - Starting `test_optimize`.
2024-01-29 14:42:07,695 - INFO - [0.01718935 0.813      0.01       0.5        0.3        0.14       0.04       0.01      ]
2024-01-29 14:42:15,617 - INFO - [0.01600311 0.812      0.08740007 0.34379485 0.23089229 0.1464026  0.1444287  0.04708141]
2024-01-29 14:42:23,530 - INFO - [0.01619248 0.812      0.13049389 0.26646039 0.20163088 0.15267521 0.18182129 0.06691843]
2024-01-29 14:42:31,425 - INFO - [0.01637855 0.81       0.15355316 0.22738853 0.18763418 0.15691456 0.19838695 0.07612257]
2024-01-29 14:42:39,333 - INFO - [0.01649918 0.809      0.16613844 0.20790486 0.18250148 0.15975237 0.20362504 0.08007786]
2024-01-29 14:42:47,214 - INFO - [0.01656975 0.81       0.1727529  0.19788727 0.18002045 0.16140001 0.20603159 0.08190776]
2024-01-29 14:42:55,137 - INFO - [0.01660783 0.81       0.17635335 0.19273351 0.17840411 0.16235793 0.20741089 0.0827403 ]
2024-01-29 14:43:03,023 - INFO - [0.01662682 0.81       0.1782532  0.19006838 0.17762128 0.16289669 0.20804176 0.08311869]
2024-01-29 14:43:10,974 - INFO - [0.01663633 0.81       0.17922938 0.18871395 0.17722748 0.16319691 0.2083443  0.08328798]
2024-01-29 14:43:18,869 - INFO - [0.01664107 0.81       0.17975664 0.18800774 0.17703612 0.16337764 0.20846815 0.08335368]
2024-01-29 14:43:26,775 - INFO - [0.01664347 0.81       0.1800179  0.18763797 0.17694058 0.16346899 0.20853247 0.08340216]
2024-01-29 14:43:34,666 - INFO - [0.01664457 0.81       0.18015884 0.1874467  0.17690067 0.16352792 0.20855445 0.08341147]
2024-01-29 14:43:42,586 - INFO - [0.01664531 0.81       0.18024014 0.18734671 0.17686982 0.16355959 0.20856625 0.08341748]
2024-01-29 14:43:50,467 - INFO - [0.01664559 0.81       0.18027627 0.18730456 0.17686374 0.16356148 0.20857096 0.08342302]
2024-01-29 14:43:58,374 - INFO - [0.01664581 0.81       0.1802979  0.18727727 0.17685764 0.16356334 0.20857562 0.08342825]
2024-01-29 14:44:06,257 - INFO - [0.01664595 0.81       0.18031694 0.18726493 0.17685154 0.16356522 0.20858032 0.08342109]
2024-01-29 14:44:14,161 - INFO - [0.01664599 0.81       0.18030885 0.18726721 0.17684548 0.16356711 0.20858501 0.08342633]
2024-01-29 14:44:22,092 - INFO - [0.01664613 0.81       0.18031549 0.18725489 0.1768394  0.163569   0.20858966 0.08343151]
2024-01-29 14:44:30,012 - INFO - [0.01664603 0.81       0.18031472 0.18726315 0.17683457 0.1635709  0.20859426 0.08342239]
2024-01-29 14:44:37,889 - INFO - [0.01664604 0.81       0.18031213 0.18725158 0.17683665 0.1635728  0.2085989  0.08342797]
2024-01-29 14:44:45,795 - INFO - [0.01664594 0.81       0.18030773 0.18725558 0.17684363 0.1635747  0.2085852  0.0834332 ]
2024-01-29 14:44:45,810 - INFO - Successfully finished `test_optimize` after 164.399 seconds.
