2024-01-29 17:45:44,055 - INFO - Logging into directory _output/exp_011100_/20240129_174544__4294967192.
2024-01-29 17:45:44,066 - INFO - Starting `test_optimize`.
2024-01-29 17:46:02,953 - INFO - [0.00905706 0.832      0.001      0.332      0.332      0.332      0.001      0.001     ]
2024-01-29 17:46:23,298 - INFO - [0.00557607 0.839      0.09682443 0.24175811 0.23352745 0.24239565 0.177343   0.00815132]
2024-01-29 17:46:45,644 - INFO - [0.00541505 0.832      0.14448872 0.19869518 0.18761091 0.20570827 0.24984637 0.01365052]
2024-01-29 17:47:08,750 - INFO - [0.00562262 0.833      0.16628174 0.17443959 0.16394453 0.18639728 0.28300712 0.02592973]
2024-01-29 17:47:30,857 - INFO - [0.00574006 0.836      0.17988582 0.16459848 0.15496323 0.17951342 0.29663467 0.02440439]
2024-01-29 17:47:52,989 - INFO - [0.0058108  0.836      0.18647964 0.15950482 0.15051176 0.17616913 0.30233243 0.02500226]
2024-01-29 17:48:18,180 - INFO - [0.00584772 0.836      0.18962555 0.15692239 0.14815769 0.17445178 0.30557302 0.0252696 ]
2024-01-29 17:48:43,168 - INFO - [0.00586871 0.836      0.19101191 0.15555845 0.14676531 0.17342064 0.30787158 0.02537213]
2024-01-29 17:49:07,862 - INFO - [0.00587983 0.836      0.19167152 0.15486182 0.14602384 0.17288724 0.30911735 0.02543827]
2024-01-29 17:49:31,389 - INFO - [0.00588566 0.836      0.19198948 0.15451147 0.14564165 0.17262153 0.30975354 0.02548222]
2024-01-29 17:49:54,267 - INFO - [0.00588842 0.836      0.19214231 0.15434141 0.14544611 0.17249152 0.31008446 0.02549417]
2024-01-29 17:50:18,577 - INFO - [0.00588977 0.836      0.19221663 0.15425931 0.14535068 0.17242944 0.31024081 0.02550315]
2024-01-29 17:50:40,791 - INFO - [0.00589039 0.836      0.19225378 0.15422119 0.14530149 0.1723987  0.31031558 0.02550934]
2024-01-29 17:51:04,869 - INFO - [0.00589091 0.836      0.19227186 0.15420127 0.1452785  0.17238638 0.31034642 0.02551547]
2024-01-29 17:51:28,783 - INFO - [0.00589102 0.836      0.19227642 0.1541944  0.14526585 0.17237696 0.31037536 0.02551094]
2024-01-29 17:51:52,786 - INFO - [0.00589108 0.836      0.19228551 0.15418856 0.14525941 0.17237559 0.31037551 0.02551541]
2024-01-29 17:52:12,856 - INFO - [0.00589112 0.836      0.19228798 0.15418752 0.14525506 0.17237245 0.31038731 0.02550963]
2024-01-29 17:52:37,265 - INFO - [0.00589119 0.836      0.19229068 0.15418398 0.14525577 0.17237265 0.31038293 0.02551389]
2024-01-29 17:52:58,763 - INFO - [0.00589121 0.836      0.19228755 0.15418427 0.14525433 0.17236917 0.31039414 0.02551045]
2024-01-29 17:53:16,133 - INFO - [0.00589116 0.836      0.19229347 0.1541834  0.14525531 0.17237411 0.31038061 0.02551305]
2024-01-29 17:53:24,175 - INFO - [0.00589103 0.836      0.19228467 0.15418509 0.14525306 0.17237066 0.31039488 0.02551172]
2024-01-29 17:53:24,207 - INFO - Successfully finished `test_optimize` after 460.141 seconds.
