2024-01-29 17:45:43,878 - INFO - Logging into directory _output/exp_011100_/20240129_174543__4294967154.
2024-01-29 17:45:43,882 - INFO - Starting `test_optimize`.
2024-01-29 17:46:01,440 - INFO - [0.02568493 0.784      0.001      0.332      0.332      0.332      0.001      0.001     ]
2024-01-29 17:46:26,192 - INFO - [0.02289905 0.799      0.10800901 0.2253902  0.23533556 0.24208049 0.17634574 0.01283906]
2024-01-29 17:46:49,359 - INFO - [0.02305168 0.8        0.14780304 0.19234532 0.20923877 0.22831146 0.20828965 0.01401178]
2024-01-29 17:47:12,399 - INFO - [0.02318581 0.8        0.16700526 0.17649053 0.19702518 0.22294009 0.2212975  0.01524146]
2024-01-29 17:47:35,439 - INFO - [0.02327204 0.8        0.17687374 0.16837804 0.19090629 0.2194224  0.22495237 0.01946728]
2024-01-29 17:47:55,929 - INFO - [0.02331986 0.8        0.18176888 0.16439375 0.18773495 0.2172204  0.22571518 0.02316685]
2024-01-29 17:48:16,894 - INFO - [0.02334501 0.8        0.18424822 0.16258851 0.186195   0.21601224 0.22565699 0.02529903]
2024-01-29 17:48:39,212 - INFO - [0.02335703 0.8        0.18552612 0.16182172 0.1854708  0.2153866  0.22544838 0.02634637]
2024-01-29 17:49:02,024 - INFO - [0.02336274 0.8        0.18618602 0.16151527 0.18513289 0.21505931 0.22527079 0.0268357 ]
2024-01-29 17:49:25,146 - INFO - [0.02336538 0.8        0.18651597 0.16139925 0.18497072 0.2148948  0.22514962 0.0270696 ]
2024-01-29 17:49:48,101 - INFO - [0.02336658 0.8        0.18668278 0.16135752 0.18489647 0.21480626 0.22508071 0.02717626]
2024-01-29 17:50:11,201 - INFO - [0.02336719 0.8        0.18676102 0.1613467  0.18485577 0.21475907 0.22504401 0.02723345]
2024-01-29 17:50:32,770 - INFO - [0.02336751 0.8        0.18680868 0.16134982 0.18484119 0.21473087 0.22501343 0.02725594]
2024-01-29 17:50:55,813 - INFO - [0.02336763 0.8        0.18682961 0.16135117 0.18483016 0.21471827 0.22500807 0.0272627 ]
2024-01-29 17:51:18,322 - INFO - [0.02336769 0.8        0.18684721 0.16135155 0.18482165 0.21471925 0.2249928  0.0272675 ]
2024-01-29 17:51:42,116 - INFO - [0.02336773 0.8        0.18684876 0.16135369 0.18481164 0.21472023 0.22498985 0.02727582]
2024-01-29 17:52:04,217 - INFO - [0.0233677  0.8        0.18684833 0.16135056 0.18481514 0.21472126 0.22498499 0.02727973]
2024-01-29 17:52:28,186 - INFO - [0.02336765 0.8        0.18685947 0.16134967 0.18480907 0.21472229 0.22498161 0.02727796]
2024-01-29 17:52:51,681 - INFO - [0.02336763 0.8        0.18685123 0.16135196 0.18481402 0.2147231  0.22497906 0.02728067]
2024-01-29 17:53:13,712 - INFO - [0.02336769 0.8        0.18685409 0.16134956 0.1848079  0.21472412 0.22498606 0.02727831]
2024-01-29 17:53:29,283 - INFO - [0.0233678  0.8        0.18685584 0.16135244 0.1848066  0.2147249  0.22498131 0.02727882]
2024-01-29 17:53:29,318 - INFO - Successfully finished `test_optimize` after 465.437 seconds.
