2024-01-29 17:45:43,482 - INFO - Logging into directory _output/exp_011100_/20240129_174543__4294967171.
2024-01-29 17:45:43,486 - INFO - Starting `test_optimize`.
2024-01-29 17:46:01,291 - INFO - [0.02529125 0.814      0.001      0.332      0.332      0.332      0.001      0.001     ]
2024-01-29 17:46:23,278 - INFO - [0.02262188 0.82       0.1038439  0.2564795  0.24574162 0.26720938 0.08120728 0.0455184 ]
2024-01-29 17:46:43,841 - INFO - [0.02236973 0.818      0.15665884 0.22461246 0.20649907 0.24345215 0.12459671 0.04418081]
2024-01-29 17:47:05,474 - INFO - [0.02235882 0.82       0.18311007 0.20807712 0.18693608 0.23236562 0.14529961 0.04421145]
2024-01-29 17:47:26,649 - INFO - [0.02237785 0.82       0.19452344 0.20096758 0.17842865 0.22643861 0.15507813 0.04456365]
2024-01-29 17:47:47,832 - INFO - [0.02239858 0.82       0.20025514 0.19737308 0.17417645 0.22348352 0.15988006 0.04483176]
2024-01-29 17:48:10,244 - INFO - [0.02239452 0.82       0.20309451 0.19612074 0.17266159 0.21822582 0.1652693  0.04462812]
2024-01-29 17:48:31,826 - INFO - [0.02239417 0.82       0.20453206 0.19547766 0.17193235 0.21560058 0.16789386 0.04456355]
2024-01-29 17:48:53,676 - INFO - [0.02239447 0.82       0.20525391 0.19516245 0.17157172 0.21428907 0.169174   0.04454884]
2024-01-29 17:49:15,580 - INFO - [0.02239481 0.82       0.20561804 0.19499643 0.17139073 0.21363501 0.16979936 0.04456041]
2024-01-29 17:49:35,464 - INFO - [0.02239484 0.82       0.2058032  0.1949199  0.17129876 0.213309   0.17010702 0.04456223]
2024-01-29 17:49:57,354 - INFO - [0.02239518 0.82       0.20589891 0.19487321 0.1712662  0.21313244 0.17025441 0.04457477]
2024-01-29 17:50:19,827 - INFO - [0.02239509 0.82       0.2059356  0.19485635 0.17124756 0.21304506 0.17034164 0.04457378]
2024-01-29 17:50:40,452 - INFO - [0.02239523 0.82       0.20597152 0.19483945 0.17124483 0.21300273 0.17036924 0.04457214]
2024-01-29 17:51:01,324 - INFO - [0.02239515 0.82       0.2059778  0.19483453 0.1712421  0.21297662 0.17039685 0.04457208]
2024-01-29 17:51:24,150 - INFO - [0.02239519 0.82       0.20598407 0.1948303  0.17123936 0.2129785  0.17039466 0.0445731 ]
2024-01-29 17:51:45,894 - INFO - [0.02239509 0.82       0.20599033 0.19483708 0.17123666 0.21297868 0.17039247 0.04456483]
2024-01-29 17:52:07,464 - INFO - [0.02239526 0.82       0.20599654 0.19483159 0.17123394 0.21298063 0.17039026 0.04456697]
2024-01-29 17:52:30,143 - INFO - [0.02239525 0.82       0.20600277 0.19482879 0.17123124 0.21298257 0.17038806 0.04456657]
2024-01-29 17:52:51,899 - INFO - [0.02239515 0.82       0.20600891 0.19484065 0.17122856 0.21296345 0.17038588 0.0445726 ]
2024-01-29 17:53:12,587 - INFO - [0.02239521 0.82       0.20601505 0.19483177 0.17122589 0.21296553 0.170384   0.0445778 ]
2024-01-29 17:53:12,635 - INFO - Successfully finished `test_optimize` after 449.149 seconds.
