2024-01-29 13:32:44,310 - INFO - Logging into directory _output/exp_uniform_weights/20240129/20240129_133244.
2024-01-29 13:32:44,312 - INFO - Starting `test_optimize`.
2024-01-29 13:32:50,630 - INFO - [0.01695505 0.804      0.16666667 0.16666667 0.16666667 0.16666667 0.16666667 0.16666667]
2024-01-29 13:32:58,658 - INFO - [0.01697378 0.803      0.15408358 0.15278383 0.15054759 0.17672703 0.21270129 0.15315662]
2024-01-29 13:33:06,892 - INFO - [0.01698938 0.802      0.15009971 0.14809963 0.14449432 0.18337746 0.22452141 0.14940737]
2024-01-29 13:33:14,882 - INFO - [0.01699651 0.802      0.14885715 0.14648201 0.14235379 0.18748873 0.22620453 0.14861384]
2024-01-29 13:33:22,835 - INFO - [0.0169999  0.802      0.14833198 0.14576256 0.1414277  0.18960862 0.2264891  0.1483801 ]
2024-01-29 13:33:30,743 - INFO - [0.01699945 0.802      0.14824569 0.14557269 0.14116059 0.19082148 0.22571699 0.14848252]
2024-01-29 13:33:38,703 - INFO - [0.01699888 0.802      0.14822625 0.14549701 0.14105128 0.19143002 0.22524069 0.1485548 ]
2024-01-29 13:33:46,623 - INFO - [0.01699862 0.802      0.14821918 0.14546607 0.14099821 0.19173096 0.22499864 0.14858691]
2024-01-29 13:33:54,575 - INFO - [0.01699862 0.802      0.14821354 0.14544131 0.14097799 0.19186489 0.22488642 0.14861587]
2024-01-29 13:34:02,643 - INFO - [0.01699859 0.802      0.14821254 0.14542723 0.14097004 0.19192906 0.22482499 0.14863622]
2024-01-29 13:34:10,604 - INFO - [0.01699875 0.802      0.1482107  0.14542143 0.14096247 0.19195968 0.22480617 0.14863949]
2024-01-29 13:34:18,529 - INFO - [0.01699875 0.802      0.14821316 0.14541572 0.14096305 0.19196983 0.22478938 0.14864887]
2024-01-29 13:34:26,471 - INFO - [0.0169988  0.802      0.1482124  0.14541131 0.14096473 0.19197248 0.22478534 0.14865372]
2024-01-29 13:34:34,387 - INFO - [0.0169987  0.802      0.14821222 0.14541817 0.14095998 0.19198753 0.22478099 0.14864109]
2024-01-29 13:34:42,342 - INFO - [0.01699865 0.802      0.14821008 0.14541863 0.14095879 0.19198968 0.22478268 0.14864017]
2024-01-29 13:34:50,271 - INFO - [0.01699871 0.802      0.14821182 0.14541852 0.1409604  0.19198918 0.2247746  0.14864545]
2024-01-29 13:34:58,218 - INFO - [0.01699878 0.802      0.14821355 0.14541414 0.14096116 0.19198419 0.22477528 0.14865166]
2024-01-29 13:35:06,125 - INFO - [0.01699884 0.802      0.14821446 0.14541213 0.14096335 0.19198455 0.22477289 0.14865258]
2024-01-29 13:35:14,098 - INFO - [0.01699876 0.802      0.14821252 0.14541711 0.14095862 0.1919923  0.22477703 0.14864235]
2024-01-29 13:35:22,030 - INFO - [0.01699878 0.802      0.14821291 0.14541195 0.14096151 0.19198503 0.22477858 0.14865001]
2024-01-29 13:35:29,981 - INFO - [0.01699865 0.802      0.14821163 0.14541888 0.14096016 0.19199415 0.22477704 0.14863816]
2024-01-29 13:35:29,997 - INFO - Successfully finished `test_optimize` after 165.684 seconds.
