2024-01-29 13:15:25,223 - INFO - Logging into directory _output/exp_uniform_weights/20240129/20240129_131525.
2024-01-29 13:15:25,226 - INFO - Starting `test_optimize`.
2024-01-29 13:15:31,531 - INFO - [0.02172094 0.811      0.16666667 0.16666667 0.16666667 0.16666667 0.16666667 0.16666667]
2024-01-29 13:15:39,481 - INFO - [0.02116106 0.814      0.18192101 0.16629033 0.17193888 0.16236554 0.21310228 0.10438202]
2024-01-29 13:15:47,418 - INFO - [0.02098908 0.813      0.19364652 0.17038435 0.17871371 0.16522506 0.21258083 0.07944953]
2024-01-29 13:15:55,332 - INFO - [0.0209233  0.813      0.19924717 0.17227426 0.18186621 0.16643947 0.21260422 0.0675686 ]
2024-01-29 13:16:03,281 - INFO - [0.02089504 0.815      0.20184261 0.17305954 0.18324925 0.16685009 0.2131463  0.06185227]
2024-01-29 13:16:11,192 - INFO - [0.02088263 0.816      0.20308018 0.17341135 0.18388648 0.1670109  0.21346787 0.05914325]
2024-01-29 13:16:19,138 - INFO - [0.02087708 0.816      0.20367831 0.17357013 0.18417944 0.1670762  0.21363167 0.05786417]
2024-01-29 13:16:27,049 - INFO - [0.02087446 0.816      0.20396404 0.17364141 0.18430923 0.16710076 0.21372893 0.05725558]
2024-01-29 13:16:34,992 - INFO - [0.02087324 0.816      0.20410101 0.17367463 0.18437414 0.1671124  0.21376516 0.05697263]
2024-01-29 13:16:42,911 - INFO - [0.02087264 0.816      0.20416619 0.17368667 0.18440267 0.16711392 0.21379183 0.05683875]
2024-01-29 13:16:50,853 - INFO - [0.02087232 0.816      0.20420085 0.17369099 0.18441442 0.16711797 0.21380143 0.05677447]
2024-01-29 13:16:58,773 - INFO - [0.02087226 0.816      0.2042125  0.1736955  0.18441886 0.16711886 0.21380997 0.05674434]
2024-01-29 13:17:06,712 - INFO - [0.02087231 0.816      0.20421949 0.17369695 0.18442371 0.16711673 0.21381159 0.05673146]
2024-01-29 13:17:14,629 - INFO - [0.02087233 0.816      0.20422383 0.17369536 0.18442605 0.16711754 0.21381155 0.05672557]
2024-01-29 13:17:22,570 - INFO - [0.02087222 0.816      0.20422706 0.17369413 0.18442664 0.16711809 0.2138111  0.05672295]
2024-01-29 13:17:30,490 - INFO - [0.02087211 0.816      0.2042284  0.17369747 0.18442833 0.16711579 0.21381162 0.05671846]
2024-01-29 13:17:38,422 - INFO - [0.02087217 0.816      0.2042301  0.17369698 0.18442909 0.16711597 0.21381044 0.05671742]
2024-01-29 13:17:46,325 - INFO - [0.02087223 0.816      0.20423046 0.17369588 0.18442817 0.16711526 0.21381474 0.05671547]
2024-01-29 13:17:54,272 - INFO - [0.02087223 0.816      0.20423168 0.17369361 0.1844282  0.16711786 0.21381225 0.05671634]
2024-01-29 13:18:02,166 - INFO - [0.02087224 0.816      0.20423318 0.17369193 0.18442896 0.16711672 0.21381304 0.05671612]
2024-01-29 13:18:10,090 - INFO - [0.0208722  0.816      0.20423342 0.1736954  0.18442729 0.16711602 0.21381074 0.05671713]
2024-01-29 13:18:10,106 - INFO - Successfully finished `test_optimize` after 164.880 seconds.
