2024-01-29 13:26:49,765 - INFO - Logging into directory _output/exp_uniform_weights/20240129/20240129_132649.
2024-01-29 13:26:49,769 - INFO - Starting `test_optimize`.
2024-01-29 13:26:56,219 - INFO - [0.0151698  0.815      0.16666667 0.16666667 0.16666667 0.16666667 0.16666667 0.16666667]
2024-01-29 13:27:04,392 - INFO - [0.01469259 0.819      0.18863127 0.18251617 0.16834165 0.16926415 0.17119375 0.120053  ]
2024-01-29 13:27:12,511 - INFO - [0.01451062 0.82       0.19962624 0.19061217 0.16894363 0.17041601 0.17328268 0.0971192 ]
2024-01-29 13:27:20,577 - INFO - [0.01443612 0.818      0.20511746 0.19473952 0.16909994 0.17089131 0.17422137 0.08593041]
2024-01-29 13:27:28,684 - INFO - [0.0144063  0.818      0.20768644 0.19655596 0.16889036 0.17145495 0.17451479 0.08089752]
2024-01-29 13:27:36,743 - INFO - [0.01439267 0.818      0.20897269 0.19747618 0.1687403  0.17172024 0.17462941 0.07846116]
2024-01-29 13:27:44,849 - INFO - [0.01438628 0.818      0.20960315 0.19793957 0.16864972 0.17183644 0.17468415 0.07728691]
2024-01-29 13:27:52,902 - INFO - [0.01438316 0.818      0.20993237 0.19818671 0.16858904 0.17189294 0.17468499 0.07671395]
2024-01-29 13:28:01,016 - INFO - [0.0143817  0.818      0.21008523 0.19831404 0.16855812 0.1719196  0.17468897 0.07643401]
2024-01-29 13:28:09,134 - INFO - [0.01438103 0.818      0.2101783  0.19837728 0.16852728 0.17192836 0.1746918  0.07629695]
2024-01-29 13:28:19,714 - INFO - [0.01438063 0.818      0.21021186 0.19840167 0.16852541 0.17192528 0.17470376 0.07623202]
2024-01-29 13:28:29,218 - INFO - [0.01438047 0.818      0.2102226  0.19841251 0.16852427 0.17192991 0.17469901 0.07621175]
2024-01-29 13:28:38,731 - INFO - [0.01438038 0.818      0.2102264  0.19842333 0.16852315 0.17193711 0.17469428 0.07619577]
2024-01-29 13:28:48,417 - INFO - [0.01438034 0.818      0.21023011 0.19843407 0.16852205 0.17193399 0.17468952 0.0761903 ]
2024-01-29 13:28:58,284 - INFO - [0.01438028 0.818      0.21023382 0.19844455 0.16852093 0.17193088 0.17468491 0.07618497]
2024-01-29 13:29:07,712 - INFO - [0.01438036 0.818      0.21023752 0.19842657 0.16851979 0.17192775 0.17470868 0.07617965]
2024-01-29 13:29:17,154 - INFO - [0.01438023 0.818      0.21024121 0.19843732 0.16851868 0.17192462 0.17470388 0.07617436]
2024-01-29 13:29:26,552 - INFO - [0.01438023 0.818      0.21024492 0.19844639 0.1685176  0.17192151 0.1746991  0.07617054]
2024-01-29 13:29:35,964 - INFO - [0.0143804  0.818      0.21024863 0.19842826 0.16851652 0.17193247 0.17469431 0.07617977]
2024-01-29 13:29:45,560 - INFO - [0.01438029 0.818      0.21025231 0.19843897 0.16851543 0.17192933 0.17468952 0.07617447]
2024-01-29 13:29:54,946 - INFO - [0.01438035 0.818      0.210256   0.19844891 0.16851434 0.1719262  0.17468506 0.07616942]
2024-01-29 13:29:54,977 - INFO - Successfully finished `test_optimize` after 185.208 seconds.
