2024-01-29 11:53:53,240 - INFO - Logging into directory _output/exp_bad_weights/20240129/20240129_115353.
2024-01-29 11:53:53,243 - INFO - Starting `test_optimize`.
2024-01-29 11:54:01,035 - INFO - [0.03873045 0.714      0.001      0.001      0.001      0.001      0.001      0.995     ]
2024-01-29 11:54:10,581 - INFO - [0.01033612 0.82       0.19801228 0.18284246 0.20282222 0.21469875 0.18986289 0.01176135]
2024-01-29 11:54:20,123 - INFO - [0.01013652 0.821      0.19130231 0.18495233 0.19053261 0.20790175 0.15448703 0.07082393]
2024-01-29 11:54:29,637 - INFO - [0.01011481 0.821      0.19227597 0.190513   0.18850881 0.20897217 0.15285057 0.06687947]
2024-01-29 11:54:38,328 - INFO - [0.01012473 0.821      0.19192336 0.19229217 0.18665467 0.20866555 0.15278381 0.06768045]
2024-01-29 11:54:46,414 - INFO - [0.01013224 0.821      0.19189419 0.19293125 0.18564701 0.20835458 0.15285161 0.06832138]
2024-01-29 11:54:54,480 - INFO - [0.01013595 0.821      0.19188781 0.19326836 0.18513358 0.20819689 0.15288778 0.06862563]
2024-01-29 11:55:02,527 - INFO - [0.0101379  0.821      0.19188032 0.1934388  0.18486932 0.20812058 0.1529097  0.06878133]
2024-01-29 11:55:10,603 - INFO - [0.01013893 0.821      0.1918892  0.19353569 0.1847412  0.20808706 0.1528859  0.06886096]
2024-01-29 11:55:18,655 - INFO - [0.01013938 0.821      0.19188543 0.19357984 0.18466879 0.20806336 0.1529104  0.06889224]
2024-01-29 11:55:26,708 - INFO - [0.01013972 0.821      0.19188049 0.19360033 0.18463448 0.20805977 0.15291466 0.06891025]
2024-01-29 11:55:34,743 - INFO - [0.01013976 0.821      0.19189051 0.19362232 0.18462186 0.20805632 0.15288623 0.06892283]
2024-01-29 11:55:42,809 - INFO - [0.01013975 0.821      0.19188297 0.19362275 0.18461151 0.20805655 0.15290181 0.0689245 ]
2024-01-29 11:55:50,838 - INFO - [0.01013989 0.821      0.19188127 0.19362308 0.18460551 0.20805459 0.15291029 0.06892525]
2024-01-29 11:55:58,896 - INFO - [0.01013997 0.821      0.19187748 0.19361924 0.18459831 0.20804986 0.15291567 0.06893945]
2024-01-29 11:56:06,943 - INFO - [0.01013985 0.821      0.19188125 0.19362353 0.1845964  0.208046   0.15292418 0.06892873]
2024-01-29 11:56:14,992 - INFO - [0.01014006 0.821      0.19187585 0.19361955 0.18459558 0.20804979 0.15291765 0.06894154]
2024-01-29 11:56:23,023 - INFO - [0.01013998 0.821      0.19187815 0.19362189 0.184596   0.20804949 0.15292372 0.06893074]
2024-01-29 11:56:31,075 - INFO - [0.01013996 0.821      0.19187887 0.19362186 0.18459743 0.20805158 0.15292253 0.0689277 ]
2024-01-29 11:56:39,112 - INFO - [0.01014003 0.821      0.19187942 0.19362238 0.18459705 0.20805202 0.15292396 0.06892509]
2024-01-29 11:56:47,218 - INFO - [0.01014012 0.821      0.1918768  0.19361992 0.18459526 0.20804985 0.15291786 0.06894021]
2024-01-29 11:56:47,236 - INFO - Successfully finished `test_optimize` after 173.993 seconds.
