2024-01-29 11:53:25,429 - INFO - Logging into directory _output/exp_uniform_weights/20240129/20240129_115325.
2024-01-29 11:53:25,432 - INFO - Starting `test_optimize`.
2024-01-29 11:53:31,865 - INFO - [0.02120787 0.81       0.16666667 0.16666667 0.16666667 0.16666667 0.16666667 0.16666667]
2024-01-29 11:53:39,994 - INFO - [0.0206554  0.811      0.18193865 0.18095681 0.17541328 0.17218627 0.17963433 0.10987066]
2024-01-29 11:53:48,230 - INFO - [0.02042388 0.812      0.18799269 0.1875775  0.18668495 0.17382592 0.18241349 0.08150558]
2024-01-29 11:53:56,348 - INFO - [0.02032641 0.811      0.19101718 0.19084899 0.19225629 0.17462702 0.18369749 0.06755308]
2024-01-29 11:54:04,476 - INFO - [0.02028254 0.811      0.19250491 0.192472   0.19501041 0.17500636 0.18428375 0.06072259]
2024-01-29 11:54:12,543 - INFO - [0.02026217 0.811      0.19324315 0.19326185 0.19636405 0.17518027 0.18455559 0.05739518]
2024-01-29 11:54:20,636 - INFO - [0.02025234 0.811      0.19361454 0.19366184 0.19703148 0.17526433 0.18466438 0.05576346]
2024-01-29 11:54:28,696 - INFO - [0.02024765 0.811      0.19380386 0.19385421 0.19736747 0.17528909 0.18471335 0.05497203]
2024-01-29 11:54:36,787 - INFO - [0.02024528 0.811      0.19387738 0.19395682 0.19752787 0.17531365 0.18473269 0.05459158]
2024-01-29 11:54:44,880 - INFO - [0.02024433 0.811      0.1939218  0.19400005 0.19759883 0.17532043 0.18475172 0.05440709]
2024-01-29 11:54:53,003 - INFO - [0.02024369 0.811      0.1939449  0.19401357 0.19763997 0.17531538 0.18477067 0.05431565]
2024-01-29 11:55:01,070 - INFO - [0.02024358 0.811      0.19395837 0.19402693 0.19765751 0.17531067 0.18477024 0.05427627]
2024-01-29 11:55:09,274 - INFO - [0.02024338 0.811      0.1939718  0.19404033 0.19766879 0.17530569 0.18476081 0.05425258]
2024-01-29 11:55:17,382 - INFO - [0.02024341 0.811      0.19398253 0.19402397 0.19768003 0.17531124 0.18476787 0.0542344 ]
2024-01-29 11:55:25,478 - INFO - [0.0202433  0.811      0.19397782 0.19403735 0.19769093 0.1753061  0.18475744 0.05423032]
2024-01-29 11:55:33,554 - INFO - [0.0202434  0.811      0.19399032 0.19402544 0.19767636 0.17530285 0.18477432 0.05423075]
2024-01-29 11:55:41,674 - INFO - [0.02024316 0.811      0.193974   0.19403885 0.19768754 0.17530467 0.18476354 0.05423154]
2024-01-29 11:55:49,749 - INFO - [0.02024341 0.811      0.19398656 0.19402276 0.19769704 0.17529966 0.18476219 0.05423177]
2024-01-29 11:55:57,850 - INFO - [0.02024327 0.811      0.19397023 0.19403613 0.19767849 0.17531556 0.18477416 0.05422547]
2024-01-29 11:56:05,934 - INFO - [0.02024326 0.811      0.19398041 0.19403726 0.19768964 0.1753104  0.18476334 0.05421894]
2024-01-29 11:56:14,048 - INFO - [0.02024318 0.811      0.19397922 0.1940335  0.19770072 0.17530529 0.18475404 0.05422729]
2024-01-29 11:56:14,072 - INFO - Successfully finished `test_optimize` after 168.640 seconds.
