2024-01-29 14:22:25,364 - INFO - Logging into directory _output/exp_good_weights/20240129/20240129_142225.
2024-01-29 14:22:25,366 - INFO - Starting `test_optimize`.
2024-01-29 14:22:31,850 - INFO - [0.01567952 0.8        0.01       0.5        0.3        0.14       0.04       0.01      ]
2024-01-29 14:22:39,922 - INFO - [0.01391056 0.804      0.0967942  0.34040165 0.23529944 0.14614885 0.09016634 0.09118949]
2024-01-29 14:22:47,982 - INFO - [0.01384478 0.805      0.13955124 0.25976858 0.20389386 0.16024703 0.11064617 0.12589309]
2024-01-29 14:22:56,022 - INFO - [0.01400295 0.806      0.16037197 0.21778254 0.18725099 0.17345421 0.12042855 0.14071172]
2024-01-29 14:23:04,084 - INFO - [0.01413739 0.803      0.17142093 0.19726574 0.17958733 0.18071181 0.12393796 0.14707626]
2024-01-29 14:23:12,104 - INFO - [0.01420454 0.802      0.1770777  0.18687014 0.17589238 0.18429951 0.1257901  0.15007021]
2024-01-29 14:23:20,143 - INFO - [0.0142355  0.804      0.17996068 0.18160166 0.17410082 0.18606696 0.12676783 0.15150203]
2024-01-29 14:23:28,139 - INFO - [0.01425155 0.804      0.18143454 0.17893176 0.17323267 0.18693849 0.12726834 0.15219408]
2024-01-29 14:23:36,161 - INFO - [0.01425958 0.803      0.18217054 0.17758401 0.17281182 0.18737307 0.12753023 0.15253036]
2024-01-29 14:23:44,356 - INFO - [0.01426375 0.803      0.1825484  0.17689238 0.172621   0.18757761 0.12767279 0.15268773]
2024-01-29 14:23:52,366 - INFO - [0.01426564 0.803      0.18274738 0.17654122 0.17252807 0.18768421 0.12774347 0.15275568]
2024-01-29 14:24:00,378 - INFO - [0.01426673 0.803      0.18285687 0.1763566  0.17249461 0.18773119 0.12776691 0.15279381]
2024-01-29 14:24:08,352 - INFO - [0.01426724 0.803      0.18290675 0.17626163 0.17246135 0.18777241 0.12779026 0.15280761]
2024-01-29 14:24:16,292 - INFO - [0.01426751 0.803      0.18292677 0.17622608 0.1724384  0.18778881 0.12780398 0.15281591]
2024-01-29 14:24:24,229 - INFO - [0.01426758 0.803      0.18294683 0.17621543 0.17243496 0.18778102 0.12779756 0.15282424]
2024-01-29 14:24:32,141 - INFO - [0.01426759 0.803      0.18293709 0.17620972 0.17243151 0.18776836 0.12782083 0.15283255]
2024-01-29 14:24:40,092 - INFO - [0.01426774 0.803      0.18293624 0.17619504 0.17242806 0.18778549 0.12781435 0.15284085]
2024-01-29 14:24:48,004 - INFO - [0.01426785 0.803      0.18295626 0.17618933 0.1724246  0.18777284 0.12780787 0.15284912]
2024-01-29 14:24:55,941 - INFO - [0.01426799 0.803      0.18295373 0.17618363 0.17242114 0.18778963 0.12780139 0.1528504 ]
2024-01-29 14:25:03,861 - INFO - [0.01426808 0.803      0.18294396 0.17617792 0.17241769 0.18777698 0.12782466 0.15285869]
2024-01-29 14:25:11,801 - INFO - [0.01426788 0.803      0.1829371  0.17617221 0.17244144 0.18779382 0.12781818 0.15283719]
2024-01-29 14:25:11,831 - INFO - Successfully finished `test_optimize` after 166.465 seconds.
