2024-01-29 16:28:05,290 - INFO - Logging into directory _output/exp_nice_weights/20240129_162805__4294967154.
2024-01-29 16:28:05,295 - INFO - Starting `test_optimize`.
2024-01-29 16:28:17,820 - INFO - [0.02786051 0.778      0.332      0.332      0.332      0.001      0.001      0.001     ]
2024-01-29 16:28:32,798 - INFO - [0.02354024 0.801      0.18959175 0.18983769 0.19290474 0.16973026 0.23147723 0.02645836]
2024-01-29 16:28:47,806 - INFO - [0.02345638 0.8        0.18910761 0.17463878 0.1869856  0.19432189 0.22751531 0.02743084]
2024-01-29 16:29:02,833 - INFO - [0.02340761 0.8        0.18805411 0.16768368 0.18535399 0.20555162 0.22643481 0.02692177]
2024-01-29 16:29:17,850 - INFO - [0.0233863  0.8        0.1874184  0.1643251  0.18482313 0.21059369 0.22579646 0.02704329]
2024-01-29 16:29:32,917 - INFO - [0.02337683 0.8        0.18710813 0.16274306 0.18469334 0.21284829 0.22540854 0.02719865]
2024-01-29 16:29:47,998 - INFO - [0.0233723  0.8        0.18697406 0.1619999  0.18470082 0.21386591 0.22518933 0.02726995]
2024-01-29 16:30:03,088 - INFO - [0.02337003 0.8        0.18690367 0.16164531 0.18474574 0.21432354 0.22508545 0.02729625]
2024-01-29 16:30:18,192 - INFO - [0.02336886 0.8        0.18687843 0.16149633 0.18477021 0.21453343 0.22503106 0.02729052]
2024-01-29 16:30:33,348 - INFO - [0.02336821 0.8        0.18686634 0.16141056 0.18478885 0.21463326 0.22501116 0.02728994]
2024-01-29 16:30:48,516 - INFO - [0.02336792 0.8        0.18685515 0.16138275 0.18480763 0.21467394 0.22499666 0.02728392]
2024-01-29 16:31:03,720 - INFO - [0.02336795 0.8        0.18685421 0.16135634 0.18481047 0.21470474 0.22499165 0.02728246]
2024-01-29 16:31:11,991 - INFO - [0.02336793 0.8        0.18685859 0.16135561 0.18480903 0.2147079  0.22498666 0.02728209]
2024-01-29 16:31:25,377 - INFO - [0.02336773 0.8        0.18685912 0.16135125 0.18481536 0.21470904 0.22498374 0.02728153]
2024-01-29 16:31:40,632 - INFO - [0.02336779 0.8        0.18685654 0.16135417 0.18481214 0.21471067 0.22498637 0.02728011]
2024-01-29 16:31:55,907 - INFO - [0.02336772 0.8        0.18685451 0.16135445 0.18481378 0.21471173 0.22498433 0.02728125]
2024-01-29 16:32:11,164 - INFO - [0.02336775 0.8        0.18686296 0.16135472 0.18480662 0.21471274 0.22498211 0.0272809 ]
2024-01-29 16:32:26,412 - INFO - [0.02336772 0.8        0.18685174 0.16135523 0.18481018 0.21471384 0.22498433 0.02728474]
2024-01-29 16:32:41,630 - INFO - [0.02336771 0.8        0.18685448 0.16135716 0.18481129 0.21471485 0.22498226 0.02727996]
2024-01-29 16:32:53,067 - INFO - [0.02336774 0.8        0.18686014 0.1613441  0.18481861 0.21471588 0.22497909 0.02728214]
2024-01-29 16:33:01,335 - INFO - [0.02336784 0.8        0.18685487 0.1613469  0.18481125 0.21471697 0.22499013 0.02727982]
2024-01-29 16:33:01,355 - INFO - Successfully finished `test_optimize` after 296.060 seconds.
