2024-01-29 16:28:04,968 - INFO - Logging into directory _output/exp_nice_weights/20240129_162804__4294967157.
2024-01-29 16:28:04,972 - INFO - Starting `test_optimize`.
2024-01-29 16:28:17,416 - INFO - [0.01977901 0.8        0.332      0.332      0.332      0.001      0.001      0.001     ]
2024-01-29 16:28:32,270 - INFO - [0.01699853 0.81       0.2601774  0.25628337 0.24644439 0.08074245 0.14607535 0.01027711]
2024-01-29 16:28:47,151 - INFO - [0.01676092 0.813      0.22517061 0.21817468 0.20690778 0.12090074 0.2082743  0.02057182]
2024-01-29 16:29:02,045 - INFO - [0.0167932  0.816      0.20794243 0.19934964 0.18668596 0.14071159 0.2374378  0.02787257]
2024-01-29 16:29:16,909 - INFO - [0.01680988 0.817      0.20089573 0.19128059 0.17791048 0.15274315 0.24751846 0.02965162]
2024-01-29 16:29:31,791 - INFO - [0.01680299 0.818      0.19903657 0.18879977 0.1748305  0.16052762 0.24692628 0.02987928]
2024-01-29 16:29:46,672 - INFO - [0.01679054 0.816      0.19871445 0.18805484 0.17375413 0.16514869 0.24435475 0.02997314]
2024-01-29 16:30:01,542 - INFO - [0.016791   0.815      0.19852981 0.18707991 0.1724693  0.16779369 0.24321136 0.03091595]
2024-01-29 16:30:14,678 - INFO - [0.01679663 0.815      0.19813161 0.18625879 0.17149071 0.16876318 0.24300294 0.03235273]
2024-01-29 16:30:23,120 - INFO - [0.01679971 0.815      0.19792734 0.18582469 0.17099272 0.16924626 0.24293253 0.03307641]
2024-01-29 16:30:31,499 - INFO - [0.01680004 0.815      0.19778438 0.18563448 0.17070036 0.16982748 0.24280633 0.03324697]
2024-01-29 16:30:39,763 - INFO - [0.01679888 0.815      0.19779538 0.18561734 0.1706271  0.17014991 0.24258998 0.03322032]
2024-01-29 16:30:48,045 - INFO - [0.01679842 0.815      0.19778588 0.18559723 0.17057414 0.17035189 0.24249066 0.03320012]
2024-01-29 16:30:56,449 - INFO - [0.0167981  0.815      0.19777155 0.18558602 0.17053954 0.17048219 0.242424   0.03319661]
2024-01-29 16:31:05,725 - INFO - [0.01679782 0.815      0.19777514 0.18558757 0.1705327  0.17053381 0.24237731 0.03319348]
2024-01-29 16:31:20,921 - INFO - [0.01679773 0.815      0.19775319 0.18557446 0.17050947 0.17060421 0.24236432 0.03319437]
2024-01-29 16:31:36,111 - INFO - [0.0167977  0.815      0.19774361 0.1855692  0.17049882 0.17064348 0.24233861 0.0332063 ]
2024-01-29 16:31:51,290 - INFO - [0.01679758 0.815      0.19775099 0.18557307 0.17050499 0.17064716 0.24231173 0.03321214]
2024-01-29 16:32:06,491 - INFO - [0.01679773 0.815      0.1977331  0.18556347 0.17048906 0.17067945 0.24232316 0.03321169]
2024-01-29 16:32:21,668 - INFO - [0.01679754 0.815      0.19772467 0.18555707 0.17048196 0.17070766 0.24231179 0.03321694]
2024-01-29 16:32:34,180 - INFO - [0.01679759 0.815      0.19773766 0.1855652  0.1704922  0.17069638 0.2422898  0.03321875]
2024-01-29 16:32:34,200 - INFO - Successfully finished `test_optimize` after 269.228 seconds.
