2024-01-29 14:08:18,308 - INFO - Logging into directory _output/exp_good_weights/20240129/20240129_140818.
2024-01-29 14:08:18,311 - INFO - Starting `test_optimize`.
2024-01-29 14:08:24,690 - INFO - [0.01841066 0.805      0.01       0.5        0.3        0.14       0.04       0.01      ]
2024-01-29 14:08:32,727 - INFO - [0.0166237  0.808      0.10238095 0.34756839 0.24241762 0.16158025 0.12971324 0.01633956]
2024-01-29 14:08:40,763 - INFO - [0.01630939 0.805      0.15268792 0.27366975 0.22260426 0.17778924 0.15724328 0.01600554]
2024-01-29 14:08:48,768 - INFO - [0.01631735 0.805      0.17855287 0.2350111  0.21281937 0.18471792 0.17278387 0.01611482]
2024-01-29 14:08:56,807 - INFO - [0.01635754 0.804      0.19158347 0.21549642 0.20856722 0.18748617 0.1803752  0.01649155]
2024-01-29 14:09:04,816 - INFO - [0.01638511 0.803      0.19792254 0.20589191 0.20719926 0.18848671 0.1837437  0.01675593]
2024-01-29 14:09:12,838 - INFO - [0.01640186 0.803      0.20120998 0.20093155 0.20651978 0.18901001 0.18542618 0.01690256]
2024-01-29 14:09:20,838 - INFO - [0.01641114 0.803      0.20291398 0.19837929 0.20618407 0.18929444 0.186249   0.01697917]
2024-01-29 14:09:28,858 - INFO - [0.01641596 0.803      0.20378582 0.19706666 0.20601149 0.189456   0.18665883 0.0170212 ]
2024-01-29 14:09:36,862 - INFO - [0.01641843 0.803      0.2042402  0.19639309 0.20592842 0.18953177 0.18686338 0.01704319]
2024-01-29 14:09:44,906 - INFO - [0.0164197  0.803      0.20447986 0.19604751 0.20587565 0.18957746 0.18697043 0.01704913]
2024-01-29 14:09:52,915 - INFO - [0.01642037 0.803      0.2046061  0.19585316 0.2058707  0.18959358 0.1870179  0.01705861]
2024-01-29 14:10:00,943 - INFO - [0.01642071 0.803      0.20467271 0.19577068 0.20584729 0.18960963 0.18703556 0.01706414]
2024-01-29 14:10:08,956 - INFO - [0.0164209  0.803      0.20470926 0.19572346 0.20585358 0.18959796 0.18705319 0.01706252]
2024-01-29 14:10:16,982 - INFO - [0.01642106 0.803      0.2047163  0.19567819 0.20585988 0.18961345 0.18707073 0.01706146]
2024-01-29 14:10:24,979 - INFO - [0.0164211  0.803      0.20472333 0.19566095 0.20585954 0.18961729 0.18707454 0.01706438]
2024-01-29 14:10:33,009 - INFO - [0.01642109 0.803      0.20473033 0.19566868 0.20586582 0.1896041  0.18706247 0.01706859]
2024-01-29 14:10:41,024 - INFO - [0.01642122 0.803      0.20473729 0.1956517  0.20584337 0.18962014 0.18707982 0.01706767]
2024-01-29 14:10:49,068 - INFO - [0.01642115 0.803      0.2047442  0.19566412 0.20584968 0.18960653 0.18706776 0.01706768]
2024-01-29 14:10:57,077 - INFO - [0.01642103 0.803      0.20472565 0.19567031 0.20585597 0.18962131 0.18706107 0.01706573]
2024-01-29 14:11:05,108 - INFO - [0.01642118 0.803      0.20473261 0.1956666  0.20585389 0.18960764 0.18707705 0.01706216]
2024-01-29 14:11:05,126 - INFO - Successfully finished `test_optimize` after 166.815 seconds.
