2024-01-29 11:47:26,979 - INFO - Logging into directory _output/exp_uniform_weights/20240129/20240129_114726.
2024-01-29 11:47:26,982 - INFO - Starting `test_optimize`.
2024-01-29 11:47:33,434 - INFO - [0.02067638 0.785      0.16666667 0.16666667 0.16666667 0.16666667 0.16666667 0.16666667]
2024-01-29 11:47:41,533 - INFO - [0.01938058 0.787      0.19697168 0.17427123 0.16201064 0.19105126 0.27191654 0.00377872]
2024-01-29 11:47:49,584 - INFO - [0.01947802 0.787      0.19096446 0.18069097 0.15941966 0.18351471 0.25980678 0.02560338]
2024-01-29 11:47:57,616 - INFO - [0.01950821 0.788      0.19300947 0.18023406 0.15932588 0.18051352 0.26160416 0.02531284]
2024-01-29 11:48:05,657 - INFO - [0.01949881 0.788      0.19249003 0.18045387 0.15941013 0.18140361 0.26046073 0.02578166]
2024-01-29 11:48:13,692 - INFO - [0.01950281 0.788      0.19269449 0.1803638  0.15936936 0.18103856 0.26090458 0.02562913]
2024-01-29 11:48:21,720 - INFO - [0.01950111 0.788      0.19262482 0.1803896  0.15937555 0.18119188 0.26072311 0.02569508]
2024-01-29 11:48:29,706 - INFO - [0.01950181 0.788      0.19264901 0.18038292 0.15937963 0.18112527 0.26079643 0.02566675]
2024-01-29 11:48:37,730 - INFO - [0.01950157 0.788      0.19263917 0.18039627 0.15938401 0.1811465  0.26075462 0.0256794 ]
2024-01-29 11:48:45,686 - INFO - [0.01950174 0.788      0.19264734 0.180388   0.1593882  0.18113525 0.26077056 0.02567057]
2024-01-29 11:48:53,666 - INFO - [0.01950169 0.788      0.19264337 0.18037993 0.15938723 0.18113685 0.26077354 0.02567908]
2024-01-29 11:49:01,619 - INFO - [0.01950147 0.788      0.1926398  0.18037792 0.15939115 0.18115614 0.26077208 0.02566289]
2024-01-29 11:49:09,666 - INFO - [0.01950152 0.788      0.19264135 0.18038806 0.15937975 0.18114492 0.2607753  0.02567067]
2024-01-29 11:49:17,582 - INFO - [0.01950177 0.788      0.19264145 0.18037982 0.15938427 0.18113711 0.26077893 0.02567837]
2024-01-29 11:49:25,555 - INFO - [0.01950155 0.788      0.19262673 0.18038321 0.15938869 0.18115473 0.26077461 0.02567199]
2024-01-29 11:49:33,477 - INFO - [0.01950166 0.788      0.19264054 0.18038376 0.1593838  0.18114395 0.26077786 0.02567004]
2024-01-29 11:49:41,414 - INFO - [0.01950172 0.788      0.1926481  0.18037894 0.15938814 0.18113591 0.26077577 0.0256731 ]
2024-01-29 11:49:49,332 - INFO - [0.01950168 0.788      0.19263297 0.18039586 0.15937793 0.18114412 0.26077563 0.02567342]
2024-01-29 11:49:57,263 - INFO - [0.01950167 0.788      0.1926468  0.18038581 0.15938236 0.18113482 0.26077831 0.02567192]
2024-01-29 11:50:05,211 - INFO - [0.01950176 0.788      0.19263914 0.18039091 0.15938611 0.18113101 0.26077697 0.02567584]
2024-01-29 11:50:13,160 - INFO - [0.01950149 0.788      0.19264822 0.18038262 0.15936914 0.18115044 0.2607753  0.02567437]
2024-01-29 11:50:13,176 - INFO - Successfully finished `test_optimize` after 166.194 seconds.
