2024-01-29 11:56:49,077 - INFO - Logging into directory _output/exp_bad_weights/20240129/20240129_115649.
2024-01-29 11:56:49,080 - INFO - Starting `test_optimize`.
2024-01-29 11:56:55,517 - INFO - [0.04845542 0.691      0.001      0.001      0.001      0.001      0.001      0.995     ]
2024-01-29 11:57:03,598 - INFO - [0.02054017 0.809      0.20699851 0.18860282 0.17064686 0.18241037 0.24834536 0.00299604]
2024-01-29 11:57:11,645 - INFO - [0.02037275 0.812      0.19852659 0.18962777 0.18202899 0.1773973  0.21390887 0.03851044]
2024-01-29 11:57:19,659 - INFO - [0.02030456 0.812      0.19636391 0.19179338 0.18970305 0.17648694 0.19897074 0.04668202]
2024-01-29 11:57:27,706 - INFO - [0.02027234 0.812      0.19523148 0.1928902  0.19362067 0.17597486 0.19168162 0.05060115]
2024-01-29 11:57:35,728 - INFO - [0.02025743 0.811      0.1946408  0.19344543 0.19562171 0.17567472 0.18813188 0.05248544]
2024-01-29 11:57:43,784 - INFO - [0.02025026 0.811      0.19432607 0.19372723 0.19663635 0.17552027 0.18640068 0.05338944]
2024-01-29 11:57:51,805 - INFO - [0.02024668 0.811      0.19416045 0.19388385 0.1971544  0.17542562 0.18555488 0.05382083]
2024-01-29 11:57:59,841 - INFO - [0.02024493 0.811      0.19407021 0.19395684 0.19740421 0.1753827  0.18515629 0.05402986]
2024-01-29 11:58:07,852 - INFO - [0.02024415 0.811      0.19402397 0.19399802 0.19753467 0.17534769 0.18496467 0.05413103]
2024-01-29 11:58:16,062 - INFO - [0.02024369 0.811      0.19400738 0.19401142 0.19760551 0.1753391  0.18486433 0.05417231]
2024-01-29 11:58:24,279 - INFO - [0.02024352 0.811      0.19399098 0.19402479 0.1976465  0.17533383 0.18480876 0.05419509]
2024-01-29 11:58:32,506 - INFO - [0.02024339 0.811      0.19397463 0.19403207 0.19765775 0.17532867 0.18479791 0.05420896]
2024-01-29 11:58:40,738 - INFO - [0.02024329 0.811      0.19396043 0.19404325 0.19766898 0.17532352 0.18478708 0.05421672]
2024-01-29 11:58:48,984 - INFO - [0.02024341 0.811      0.19397387 0.19402686 0.19768016 0.17531836 0.18477625 0.05422446]
2024-01-29 11:58:57,142 - INFO - [0.02024311 0.811      0.19396222 0.19404025 0.19769114 0.17531323 0.18476544 0.05422783]
2024-01-29 11:59:05,179 - INFO - [0.02024344 0.811      0.1939756  0.19402388 0.19769338 0.17530809 0.18476962 0.05422939]
2024-01-29 11:59:13,189 - INFO - [0.02024334 0.811      0.19396606 0.19403733 0.1976795  0.17530659 0.18478055 0.05422998]
2024-01-29 11:59:21,202 - INFO - [0.02024344 0.811      0.19397949 0.19402306 0.19769071 0.17530154 0.18476975 0.05423544]
2024-01-29 11:59:29,186 - INFO - [0.02024332 0.811      0.19399187 0.19403638 0.19768392 0.17530052 0.18475896 0.05422834]
2024-01-29 11:59:37,191 - INFO - [0.02024336 0.811      0.19397552 0.19402246 0.19768821 0.1753235  0.18476111 0.05422918]
2024-01-29 11:59:37,229 - INFO - Successfully finished `test_optimize` after 168.149 seconds.
