2024-01-30 15:49:01,543 - INFO - Logging into directory _output/exp_011000/20240130_154901__4294967179.
2024-01-30 15:49:01,550 - INFO - Starting `test_optimize`.
2024-01-30 15:49:15,031 - INFO - [0.0186155 0.802     0.001     0.498     0.498     0.001     0.001     0.001    ]
2024-01-30 15:49:33,153 - INFO - [0.01481315 0.82       0.10244843 0.34613228 0.33336267 0.08313473 0.09855405 0.03636795]
2024-01-30 15:49:50,219 - INFO - [0.01424763 0.821      0.15441215 0.27330732 0.2518442  0.12462147 0.13946803 0.05634692]
2024-01-30 15:50:07,388 - INFO - [0.01423531 0.82       0.18134908 0.23662189 0.21064566 0.14841644 0.15616763 0.06679929]
2024-01-30 15:50:25,449 - INFO - [0.01428583 0.819      0.19522682 0.21802621 0.19017148 0.15960193 0.16535518 0.07161842]
2024-01-30 15:50:42,306 - INFO - [0.01432768 0.818      0.20244685 0.20849591 0.17965874 0.16548112 0.16995102 0.07396642]
2024-01-30 15:50:58,589 - INFO - [0.01435249 0.819      0.20619904 0.20360534 0.1742536  0.16856551 0.17227274 0.07510374]
2024-01-30 15:51:15,203 - INFO - [0.01436655 0.819      0.20814312 0.2010874  0.17147613 0.17017284 0.17346156 0.07565893]
2024-01-30 15:51:31,881 - INFO - [0.01437317 0.818      0.20916067 0.19978777 0.17004353 0.17100482 0.17408083 0.07592238]
2024-01-30 15:51:48,635 - INFO - [0.01437672 0.818      0.20969506 0.19913162 0.16929689 0.17144898 0.17437615 0.07605126]
2024-01-30 15:52:05,328 - INFO - [0.01437848 0.818      0.20996709 0.19878453 0.16890812 0.17168438 0.1745414  0.07611447]
2024-01-30 15:52:21,798 - INFO - [0.01437945 0.818      0.21010169 0.19861636 0.16871411 0.17180051 0.17462602 0.07614121]
2024-01-30 15:52:38,841 - INFO - [0.01437985 0.818      0.21016504 0.19853485 0.16862346 0.17185701 0.17465557 0.07616405]
2024-01-30 15:52:56,171 - INFO - [0.01438008 0.818      0.21020015 0.19848599 0.16856275 0.17189634 0.17468061 0.0761742 ]
2024-01-30 15:53:13,097 - INFO - [0.01438016 0.818      0.21023266 0.19846608 0.16853185 0.17192301 0.17467754 0.0761689 ]
2024-01-30 15:53:30,368 - INFO - [0.01438036 0.818      0.21023634 0.19844702 0.16852279 0.17191987 0.17469993 0.07617398]
2024-01-30 15:53:47,749 - INFO - [0.01438045 0.818      0.21024002 0.19842798 0.16852169 0.17193164 0.17469513 0.07618345]
2024-01-30 15:54:05,448 - INFO - [0.01438027 0.818      0.21024373 0.19843869 0.16852061 0.17192851 0.17469035 0.07617816]
2024-01-30 15:54:22,780 - INFO - [0.01438036 0.818      0.21024744 0.19842532 0.16851948 0.17192705 0.17469989 0.07618083]
2024-01-30 15:54:40,399 - INFO - [0.01438028 0.818      0.21025114 0.19843592 0.16851841 0.17192394 0.1746951  0.07617554]
2024-01-30 15:54:56,917 - INFO - [0.01438025 0.818      0.21025483 0.19844642 0.16851734 0.17192082 0.17469034 0.07617029]
2024-01-30 15:54:56,959 - INFO - Successfully finished `test_optimize` after 355.409 seconds.
