2024-01-29 17:45:43,559 - INFO - Logging into directory _output/exp_011100_/20240129_174543__4294967147.
2024-01-29 17:45:43,563 - INFO - Starting `test_optimize`.
2024-01-29 17:46:01,891 - INFO - [0.01673882 0.808      0.001      0.332      0.332      0.332      0.001      0.001     ]
2024-01-29 17:46:23,660 - INFO - [0.01454583 0.818      0.08687491 0.25436696 0.25247806 0.24848233 0.11715896 0.04063879]
2024-01-29 17:46:44,394 - INFO - [0.0146653  0.814      0.13140856 0.21885647 0.21673627 0.20593317 0.16502124 0.06204432]
2024-01-29 17:47:05,137 - INFO - [0.01483848 0.814      0.15725295 0.20302676 0.19817884 0.18531291 0.18683189 0.06939655]
2024-01-29 17:47:26,423 - INFO - [0.01495883 0.815      0.17093514 0.19561565 0.1893789  0.1745543  0.196429   0.07308707]
2024-01-29 17:47:48,370 - INFO - [0.01502946 0.814      0.17781353 0.19199492 0.18512331 0.1693397  0.20094007 0.07478844]
2024-01-29 17:48:08,393 - INFO - [0.01506928 0.814      0.18111308 0.19014347 0.18299595 0.16606176 0.2047693  0.07491647]
2024-01-29 17:48:31,880 - INFO - [0.01509581 0.814      0.1826624  0.18986052 0.18255028 0.16311355 0.20655861 0.07525469]
2024-01-29 17:48:54,032 - INFO - [0.01510862 0.814      0.18345703 0.18972751 0.18236169 0.16165629 0.20739858 0.07539883]
2024-01-29 17:49:16,556 - INFO - [0.01511485 0.813      0.18386398 0.18966463 0.18226302 0.16094452 0.2077955  0.07546833]
2024-01-29 17:49:38,082 - INFO - [0.01511779 0.813      0.18406223 0.18964963 0.1822239  0.1605906  0.20798042 0.07549322]
2024-01-29 17:49:58,672 - INFO - [0.01511937 0.813      0.18417095 0.1896358  0.18220635 0.16041557 0.20807481 0.07549644]
2024-01-29 17:50:20,531 - INFO - [0.01512021 0.813      0.18422006 0.18962207 0.18219708 0.16033001 0.20812428 0.0755064 ]
2024-01-29 17:50:41,274 - INFO - [0.0151205  0.813      0.18423936 0.18960834 0.1821878  0.16030405 0.20815471 0.07550567]
2024-01-29 17:51:03,093 - INFO - [0.01512068 0.813      0.18425862 0.18961208 0.18217923 0.16027811 0.20815966 0.07551225]
2024-01-29 17:51:24,248 - INFO - [0.01512078 0.813      0.18427427 0.18960233 0.18218294 0.1602684  0.20816459 0.07550747]
2024-01-29 17:51:46,458 - INFO - [0.01512063 0.813      0.18426375 0.18961374 0.18217373 0.16027224 0.20816952 0.07550706]
2024-01-29 17:52:10,439 - INFO - [0.01512077 0.813      0.18426067 0.1896058  0.18218246 0.16026844 0.20817445 0.07550815]
2024-01-29 17:52:32,141 - INFO - [0.01512057 0.813      0.18425266 0.18962124 0.18217319 0.16027145 0.20817821 0.07550326]
2024-01-29 17:52:53,285 - INFO - [0.01512076 0.813      0.18426859 0.1896075  0.18218732 0.16025682 0.20817778 0.07550203]
2024-01-29 17:53:13,442 - INFO - [0.01512072 0.813      0.18425806 0.18961436 0.18217804 0.16026066 0.20818268 0.07550623]
2024-01-29 17:53:13,471 - INFO - Successfully finished `test_optimize` after 449.908 seconds.
