2024-01-29 17:45:44,686 - INFO - Logging into directory _output/exp_011100_/20240129_174544__4294967182.
2024-01-29 17:45:44,697 - INFO - Starting `test_optimize`.
2024-01-29 17:46:03,692 - INFO - [0.01050431 0.814      0.001      0.332      0.332      0.332      0.001      0.001     ]
2024-01-29 17:46:26,453 - INFO - [0.00793799 0.83       0.09654754 0.25562689 0.25458127 0.24180847 0.1060067  0.04542914]
2024-01-29 17:46:47,991 - INFO - [0.00797418 0.833      0.15199225 0.2288496  0.2262526  0.2076025  0.14442122 0.04088179]
2024-01-29 17:47:10,434 - INFO - [0.00808756 0.831      0.18008523 0.21691966 0.20580351 0.18901221 0.16437936 0.04380002]
2024-01-29 17:47:34,694 - INFO - [0.00817022 0.832      0.19426863 0.21099865 0.19578066 0.1800455  0.17457579 0.0443308 ]
2024-01-29 17:47:58,024 - INFO - [0.00823537 0.833      0.20042045 0.20712076 0.18981095 0.17474085 0.17883825 0.04906874]
2024-01-29 17:48:19,093 - INFO - [0.00827135 0.833      0.2034767  0.20512667 0.1867872  0.1720835  0.180996   0.0515299 ]
2024-01-29 17:48:41,298 - INFO - [0.00828532 0.833      0.20515031 0.20442815 0.1853503  0.17088397 0.18250771 0.05167947]
2024-01-29 17:49:03,143 - INFO - [0.00829112 0.833      0.20603785 0.20411347 0.18466976 0.17032938 0.18332011 0.05152933]
2024-01-29 17:49:25,634 - INFO - [0.00829205 0.833      0.20606093 0.20405599 0.18457077 0.17008819 0.18373819 0.05148591]
2024-01-29 17:49:46,924 - INFO - [0.0082931  0.833      0.20600301 0.2040094  0.18451241 0.16995266 0.18392365 0.05159887]
2024-01-29 17:50:09,898 - INFO - [0.00829384 0.833      0.20599622 0.20397896 0.18447019 0.16987973 0.18401043 0.05166441]
2024-01-29 17:50:30,987 - INFO - [0.00829414 0.833      0.20599246 0.20396477 0.18444999 0.16984287 0.18405424 0.05169572]
2024-01-29 17:50:51,395 - INFO - [0.00829436 0.833      0.20597143 0.20395842 0.18444484 0.16982743 0.18407732 0.0517205 ]
2024-01-29 17:51:13,369 - INFO - [0.00829452 0.833      0.20598382 0.20395292 0.18443374 0.16981679 0.18408674 0.05172589]
2024-01-29 17:51:33,183 - INFO - [0.00829431 0.833      0.20596053 0.20395409 0.18444243 0.16981603 0.18409626 0.05173074]
2024-01-29 17:51:55,785 - INFO - [0.0082943  0.833      0.20595509 0.20395547 0.18444674 0.16981916 0.18410356 0.05171998]
2024-01-29 17:52:18,476 - INFO - [0.00829428 0.833      0.20595779 0.20395112 0.18444125 0.16981551 0.18409929 0.05173515]
2024-01-29 17:52:40,658 - INFO - [0.00829445 0.833      0.20597589 0.20394963 0.18443407 0.16981024 0.1840975  0.0517327 ]
2024-01-29 17:53:01,874 - INFO - [0.00829447 0.833      0.20598024 0.20395041 0.18443254 0.16980925 0.18409802 0.05172957]
2024-01-29 17:53:16,689 - INFO - [0.00829461 0.833      0.2059838  0.20395067 0.18443194 0.16980898 0.18409681 0.05172767]
2024-01-29 17:53:16,724 - INFO - Successfully finished `test_optimize` after 452.027 seconds.
