2024-01-29 14:05:18,904 - INFO - Logging into directory _output/exp_bad_weights/20240129/20240129_140518.
2024-01-29 14:05:18,907 - INFO - Starting `test_optimize`.
2024-01-29 14:05:25,434 - INFO - [0.03498409 0.729      0.001      0.001      0.001      0.001      0.001      0.995     ]
2024-01-29 14:05:33,548 - INFO - [0.00694797 0.834      0.16908287 0.14156605 0.11377734 0.19812676 0.22347383 0.15397316]
2024-01-29 14:05:41,646 - INFO - [0.00623374 0.835      0.181362   0.14745575 0.12946428 0.18419148 0.27188915 0.08563735]
2024-01-29 14:05:49,730 - INFO - [0.00601188 0.836      0.18775108 0.15075687 0.13784972 0.17761928 0.29348794 0.05253515]
2024-01-29 14:05:57,825 - INFO - [0.00593695 0.836      0.19058804 0.15231781 0.14213383 0.17487526 0.30317822 0.03690678]
2024-01-29 14:06:05,889 - INFO - [0.00590664 0.836      0.19200893 0.15312773 0.14435077 0.17354567 0.3075248  0.02944209]
2024-01-29 14:06:13,987 - INFO - [0.00589347 0.836      0.19272064 0.15352955 0.14549255 0.17288859 0.30948159 0.02588716]
2024-01-29 14:06:22,060 - INFO - [0.00589014 0.836      0.19260418 0.15397701 0.14544058 0.17274576 0.31019092 0.02504158]
2024-01-29 14:06:30,152 - INFO - [0.00589061 0.836      0.19243433 0.15409766 0.14534256 0.17255701 0.31039682 0.02517149]
2024-01-29 14:06:38,220 - INFO - [0.00589095 0.836      0.19232684 0.15413572 0.14528258 0.1724406  0.31045043 0.02536383]
2024-01-29 14:06:46,309 - INFO - [0.00589127 0.836      0.19227253 0.1541547  0.14524882 0.17237969 0.31048352 0.02546073]
2024-01-29 14:06:54,383 - INFO - [0.00589128 0.836      0.19225347 0.15416457 0.14523733 0.17235461 0.31047949 0.02551061]
2024-01-29 14:07:02,465 - INFO - [0.0058912  0.836      0.1922764  0.15417384 0.14524837 0.17236641 0.31041723 0.02551779]
2024-01-29 14:07:10,518 - INFO - [0.00589115 0.836      0.19228183 0.15418009 0.14525016 0.1723675  0.31040737 0.02551307]
2024-01-29 14:07:18,603 - INFO - [0.00589115 0.836      0.19228636 0.15418141 0.14525113 0.17236994 0.31039476 0.02551641]
2024-01-29 14:07:26,654 - INFO - [0.00589118 0.836      0.19228986 0.15418206 0.14525269 0.172372   0.31038767 0.0255157 ]
2024-01-29 14:07:34,722 - INFO - [0.00589122 0.836      0.19228727 0.15418325 0.14525212 0.17237003 0.3103947  0.02551253]
2024-01-29 14:07:42,772 - INFO - [0.00589113 0.836      0.19229084 0.15418364 0.14525387 0.17237279 0.31038249 0.02551636]
2024-01-29 14:07:50,844 - INFO - [0.00589111 0.836      0.19228958 0.15418342 0.14525351 0.17237143 0.31039086 0.02551123]
2024-01-29 14:07:58,903 - INFO - [0.00589115 0.836      0.19229026 0.15418367 0.14525519 0.17237318 0.31038728 0.02551038]
2024-01-29 14:08:06,974 - INFO - [0.00589119 0.836      0.19229083 0.15418285 0.14525454 0.17237203 0.31038466 0.02551503]
2024-01-29 14:08:06,992 - INFO - Successfully finished `test_optimize` after 168.084 seconds.
