2024-01-29 13:55:21,440 - INFO - Logging into directory _output/exp_uniform_weights/20240129/20240129_135521.
2024-01-29 13:55:21,443 - INFO - Starting `test_optimize`.
2024-01-29 13:55:27,792 - INFO - [0.00646621 0.822      0.16666667 0.16666667 0.16666667 0.16666667 0.16666667 0.16666667]
2024-01-29 13:55:35,792 - INFO - [0.00613019 0.822      0.17102736 0.17324828 0.16868578 0.16369186 0.19018261 0.13316412]
2024-01-29 13:55:43,741 - INFO - [0.006006   0.822      0.17346926 0.17569537 0.17004155 0.16211525 0.20069452 0.11798397]
2024-01-29 13:55:51,733 - INFO - [0.00595336 0.822      0.17456365 0.17652328 0.1711051  0.16122667 0.20586672 0.11071455]
2024-01-29 13:55:59,681 - INFO - [0.00593062 0.822      0.17509249 0.17687507 0.17163184 0.1607534  0.20830718 0.10734005]
2024-01-29 13:56:07,704 - INFO - [0.00592062 0.822      0.17535122 0.177046   0.17188831 0.16048899 0.2094495  0.10577599]
2024-01-29 13:56:15,751 - INFO - [0.00591604 0.822      0.17546526 0.17711979 0.17200439 0.16036387 0.20998996 0.10505676]
2024-01-29 13:56:23,728 - INFO - [0.00591393 0.822      0.17551966 0.17714342 0.17206088 0.16029696 0.2102547  0.10472446]
2024-01-29 13:56:31,825 - INFO - [0.00591303 0.822      0.17554417 0.17715947 0.17208749 0.16026677 0.21037728 0.10456482]
2024-01-29 13:56:39,878 - INFO - [0.00591263 0.822      0.17556857 0.177154   0.17211393 0.16024087 0.21042484 0.1044978 ]
2024-01-29 13:56:47,906 - INFO - [0.00591246 0.822      0.1755688  0.17715505 0.17211135 0.16024473 0.21045816 0.10446183]
2024-01-29 13:56:55,937 - INFO - [0.00591234 0.822      0.17556348 0.17716728 0.17210814 0.16024804 0.21046171 0.10445129]
2024-01-29 13:57:03,945 - INFO - [0.00591228 0.822      0.17556207 0.17716101 0.17211574 0.16025192 0.21046527 0.10444393]
2024-01-29 13:57:11,963 - INFO - [0.00591237 0.822      0.17557973 0.17715532 0.17211255 0.16023496 0.21046881 0.10444859]
2024-01-29 13:57:19,962 - INFO - [0.00591226 0.822      0.17557441 0.1771614  0.17211175 0.16023883 0.21047238 0.10444124]
2024-01-29 13:57:27,967 - INFO - [0.00591222 0.822      0.1755691  0.17715736 0.1721085  0.16024269 0.21047591 0.10444649]
2024-01-29 13:57:35,940 - INFO - [0.00591229 0.822      0.17556377 0.17715107 0.17212749 0.16023901 0.21047942 0.10443917]
2024-01-29 13:57:43,933 - INFO - [0.00591213 0.822      0.17556155 0.17716661 0.17212424 0.16023181 0.21048297 0.1044329 ]
2024-01-29 13:57:51,861 - INFO - [0.00591222 0.822      0.17556238 0.17716032 0.17212097 0.16023563 0.21048503 0.10443564]
2024-01-29 13:57:59,832 - INFO - [0.00591223 0.822      0.17557356 0.17715403 0.1721177  0.16023494 0.21048798 0.10443173]
2024-01-29 13:58:07,745 - INFO - [0.00591214 0.822      0.17556824 0.17715488 0.17211445 0.16023882 0.21049152 0.10443212]
2024-01-29 13:58:07,761 - INFO - Successfully finished `test_optimize` after 166.319 seconds.
