2024-01-29 17:45:43,387 - INFO - Logging into directory _output/exp_011100_/20240129_174543__4294967152.
2024-01-29 17:45:43,391 - INFO - Starting `test_optimize`.
2024-01-29 17:46:00,736 - INFO - [0.00969645 0.801      0.001      0.332      0.332      0.332      0.001      0.001     ]
2024-01-29 17:46:23,698 - INFO - [0.00680682 0.817      0.09657596 0.24612316 0.25599808 0.23902945 0.13785063 0.02442274]
2024-01-29 17:46:45,054 - INFO - [0.00698996 0.818      0.14822128 0.20863315 0.22413263 0.19176985 0.18981072 0.03743233]
2024-01-29 17:47:07,373 - INFO - [0.00730412 0.817      0.1734136  0.19055626 0.20186748 0.17067607 0.21985443 0.0436321 ]
2024-01-29 17:47:29,318 - INFO - [0.00750924 0.815      0.18669622 0.18176426 0.19066101 0.16111523 0.23319907 0.04656414]
2024-01-29 17:47:51,166 - INFO - [0.00762867 0.814      0.19377397 0.17797919 0.18373147 0.15708399 0.23957489 0.0478565 ]
2024-01-29 17:48:15,983 - INFO - [0.00768373 0.814      0.19650002 0.17575037 0.18019509 0.15610552 0.24362978 0.04781922]
2024-01-29 17:48:36,866 - INFO - [0.00771138 0.814      0.19791263 0.17465423 0.17845666 0.15563674 0.24551176 0.04782804]
2024-01-29 17:48:59,366 - INFO - [0.00772512 0.814      0.19864158 0.17411335 0.17758583 0.15543181 0.24638689 0.04784058]
2024-01-29 17:49:21,053 - INFO - [0.00773204 0.814      0.1990393  0.1738409  0.17716216 0.15531966 0.24678607 0.04785191]
2024-01-29 17:49:42,764 - INFO - [0.00773527 0.814      0.1992285  0.17371747 0.1769474  0.15526712 0.24697644 0.0478632 ]
2024-01-29 17:50:03,773 - INFO - [0.0077371  0.814      0.19932818 0.17365369 0.17683324 0.15524833 0.24706376 0.04787276]
2024-01-29 17:50:26,480 - INFO - [0.00773775 0.814      0.19937448 0.17361981 0.17677635 0.1552545  0.24710502 0.04786986]
2024-01-29 17:50:49,016 - INFO - [0.00773822 0.814      0.19941396 0.17360763 0.17674057 0.15525074 0.24711643 0.04787068]
2024-01-29 17:51:12,540 - INFO - [0.00773839 0.814      0.19942413 0.17360346 0.17673455 0.15524252 0.24712779 0.04786753]
2024-01-29 17:51:34,242 - INFO - [0.00773837 0.814      0.19943431 0.17359933 0.17672856 0.15524785 0.24712409 0.04786589]
2024-01-29 17:51:59,477 - INFO - [0.00773851 0.814      0.19943149 0.1735952  0.17672256 0.15525274 0.2471348  0.04786315]
2024-01-29 17:52:21,965 - INFO - [0.00773854 0.814      0.19944161 0.17359109 0.17671657 0.15525956 0.24711858 0.04787253]
2024-01-29 17:52:44,935 - INFO - [0.00773855 0.814      0.19944258 0.17358699 0.17671059 0.1552605  0.24712993 0.04786939]
2024-01-29 17:53:07,880 - INFO - [0.0077386  0.814      0.19944569 0.17358291 0.17671761 0.15524438 0.24714121 0.04786824]
2024-01-29 17:53:24,434 - INFO - [0.00773866 0.814      0.19945167 0.17357883 0.17671211 0.15525123 0.2471337  0.04787245]
2024-01-29 17:53:24,476 - INFO - Successfully finished `test_optimize` after 461.085 seconds.
