2024-01-29 16:39:13,297 - INFO - Logging into directory _output/exp_011000/20240129_163913__4294967143.
2024-01-29 16:39:13,301 - INFO - Starting `test_optimize`.
2024-01-29 16:39:25,783 - INFO - [0.0090964 0.823     0.001     0.498     0.498     0.001     0.001     0.001    ]
2024-01-29 16:39:39,640 - INFO - [0.00414622 0.846      0.0808291  0.32577962 0.30721676 0.09547535 0.18448673 0.00621243]
2024-01-29 16:39:55,389 - INFO - [0.00376146 0.847      0.13075465 0.24796906 0.22088264 0.14375485 0.23937343 0.0172653 ]
2024-01-29 16:40:11,676 - INFO - [0.00392058 0.843      0.15540886 0.20851076 0.18088275 0.16702493 0.26440501 0.02376767]
2024-01-29 16:40:23,716 - INFO - [0.00409248 0.843      0.16753329 0.18953001 0.16202672 0.18139142 0.27184913 0.02766936]
2024-01-29 16:40:39,162 - INFO - [0.00419436 0.842      0.17378989 0.17987174 0.15266417 0.19003034 0.27423251 0.02941131]
2024-01-29 16:40:53,070 - INFO - [0.0042483  0.842      0.17712191 0.17494953 0.1480474  0.19422151 0.27535912 0.03030057]
2024-01-29 16:41:08,640 - INFO - [0.00427683 0.841      0.17889886 0.17244576 0.14576682 0.1962609  0.27586463 0.03076301]
2024-01-29 16:41:19,610 - INFO - [0.00429148 0.84       0.17983098 0.17116979 0.14464748 0.19725649 0.27609727 0.030998  ]
2024-01-29 16:41:34,960 - INFO - [0.00429904 0.84       0.18032561 0.17051212 0.14409477 0.19774459 0.27621043 0.03111243]
2024-01-29 16:41:50,494 - INFO - [0.00430285 0.84       0.18058506 0.17018226 0.14381054 0.19799049 0.27626386 0.0311678 ]
2024-01-29 16:42:06,668 - INFO - [0.00430237 0.84       0.18078202 0.17032051 0.14377278 0.19798592 0.27599615 0.03114258]
2024-01-29 16:42:21,248 - INFO - [0.00430074 0.84       0.18052581 0.17062023 0.14361298 0.19809788 0.27616489 0.03097824]
2024-01-29 16:42:32,047 - INFO - [0.00430371 0.84       0.18068875 0.17025155 0.14356729 0.19816191 0.27621841 0.03111203]
2024-01-29 16:42:46,599 - INFO - [0.00430137 0.84       0.18068779 0.17055659 0.14361407 0.19807993 0.27603531 0.03102631]
2024-01-29 16:42:59,605 - INFO - [0.00430397 0.84       0.18076874 0.17022541 0.1435685  0.19815049 0.27614859 0.03113828]
2024-01-29 16:43:15,203 - INFO - [0.00430145 0.84       0.18028338 0.17063349 0.14340359 0.1982806  0.27650011 0.03089878]
2024-01-29 16:43:28,237 - INFO - [0.00430396 0.84       0.18057297 0.17024495 0.1434771  0.19825439 0.27637458 0.03107606]
2024-01-29 16:43:43,938 - INFO - [0.00430528 0.84       0.18071358 0.17006166 0.1435208  0.19823547 0.2763088  0.03115971]
2024-01-29 16:43:58,056 - INFO - [0.00430202 0.84       0.18025845 0.17056087 0.14338569 0.19833459 0.27654493 0.03091545]
2024-01-29 16:44:13,458 - INFO - [0.00430441 0.84       0.1805481  0.17020491 0.14345931 0.1982832  0.27641928 0.03108516]
2024-01-29 16:44:13,481 - INFO - Successfully finished `test_optimize` after 300.180 seconds.
