2024-01-29 16:39:13,367 - INFO - Logging into directory _output/exp_011000/20240129_163913__4294967170.
2024-01-29 16:39:13,371 - INFO - Starting `test_optimize`.
2024-01-29 16:39:26,495 - INFO - [0.02559137 0.789      0.001      0.498      0.498      0.001      0.001      0.001     ]
2024-01-29 16:39:42,125 - INFO - [0.02095415 0.807      0.10102479 0.30172944 0.29787773 0.08778463 0.10384379 0.1077397 ]
2024-01-29 16:39:56,963 - INFO - [0.0204615  0.807      0.14133365 0.22838049 0.22214685 0.12230654 0.13914759 0.14668489]
2024-01-29 16:40:13,064 - INFO - [0.02048595 0.806      0.16226763 0.1913126  0.1851837  0.14094113 0.15521471 0.16508013]
2024-01-29 16:40:28,517 - INFO - [0.0205009  0.807      0.17550941 0.17501412 0.17098966 0.15243961 0.15929404 0.16675311]
2024-01-29 16:40:43,777 - INFO - [0.02047605 0.808      0.18271042 0.16785552 0.1644364  0.16001645 0.16165906 0.16332217]
2024-01-29 16:40:59,626 - INFO - [0.02045832 0.808      0.18638001 0.16426986 0.16127655 0.16403721 0.16298448 0.161052  ]
2024-01-29 16:41:14,012 - INFO - [0.02044989 0.808      0.18822722 0.16243403 0.15973072 0.16609083 0.16360506 0.15991215]
2024-01-29 16:41:29,765 - INFO - [0.02044562 0.808      0.18914966 0.16149384 0.15896787 0.16715075 0.16391432 0.15932354]
2024-01-29 16:41:45,411 - INFO - [0.02044294 0.808      0.18961683 0.16102184 0.1586027  0.16768937 0.16405804 0.15901113]
2024-01-29 16:42:00,124 - INFO - [0.02044165 0.808      0.18985705 0.16077295 0.15842402 0.16795795 0.16411336 0.15887472]
2024-01-29 16:42:13,795 - INFO - [0.02044101 0.808      0.1899922  0.16065836 0.15835218 0.16808155 0.16412078 0.15879492]
2024-01-29 16:42:28,725 - INFO - [0.02044063 0.808      0.18999659 0.16055109 0.15824565 0.16820891 0.16424277 0.15875499]
2024-01-29 16:42:42,593 - INFO - [0.02044033 0.808      0.18999106 0.1604943  0.15818684 0.1682854  0.16431463 0.15872779]
2024-01-29 16:42:57,873 - INFO - [0.02044028 0.808      0.18997508 0.16044933 0.1581414  0.16833779 0.16437791 0.15871847]
2024-01-29 16:43:11,850 - INFO - [0.02044015 0.808      0.18997534 0.16043559 0.15812241 0.1683607  0.1643915  0.15871456]
2024-01-29 16:43:27,097 - INFO - [0.02044027 0.808      0.18997657 0.16042642 0.15812224 0.16836627 0.16439621 0.15871222]
2024-01-29 16:43:42,708 - INFO - [0.02044028 0.808      0.18995152 0.16040096 0.15808971 0.16838953 0.16444227 0.15872604]
2024-01-29 16:43:57,086 - INFO - [0.02044032 0.808      0.18995561 0.16041243 0.1580961  0.16838688 0.16442929 0.15871963]
2024-01-29 16:44:10,872 - INFO - [0.02044041 0.808      0.18994173 0.16039997 0.15808152 0.16839746 0.16444352 0.15873578]
2024-01-29 16:44:20,500 - INFO - [0.02044031 0.808      0.18996277 0.16040809 0.15809682 0.16838792 0.16441691 0.1587275 ]
2024-01-29 16:44:20,524 - INFO - Successfully finished `test_optimize` after 307.154 seconds.
