2024-01-29 13:58:10,000 - INFO - Logging into directory _output/exp_uniform_weights/20240129/20240129_135809.
2024-01-29 13:58:10,002 - INFO - Starting `test_optimize`.
2024-01-29 13:58:16,494 - INFO - [0.01982684 0.8        0.16666667 0.16666667 0.16666667 0.16666667 0.16666667 0.16666667]
2024-01-29 13:58:24,596 - INFO - [0.01921417 0.802      0.18065947 0.17508602 0.17219634 0.17265733 0.20913625 0.0902646 ]
2024-01-29 13:58:32,701 - INFO - [0.01903418 0.801      0.18965137 0.1812793  0.17660508 0.17765948 0.22147577 0.05332904]
2024-01-29 13:58:40,986 - INFO - [0.0190172  0.801      0.1918246  0.18201375 0.17638548 0.17801194 0.2250502  0.04671399]
2024-01-29 13:58:49,388 - INFO - [0.01902379 0.801      0.19229895 0.18175319 0.1756341  0.17761704 0.22614253 0.04655422]
2024-01-29 13:58:57,742 - INFO - [0.01902716 0.801      0.19254273 0.18162438 0.17525585 0.17742497 0.22666812 0.04648399]
2024-01-29 13:59:06,107 - INFO - [0.01902893 0.801      0.19266592 0.18156359 0.17506148 0.17733207 0.22692044 0.0464565 ]
2024-01-29 13:59:14,441 - INFO - [0.01902976 0.801      0.19273074 0.18153553 0.17496806 0.17728436 0.22703987 0.04644146]
2024-01-29 13:59:22,819 - INFO - [0.01903026 0.801      0.1927648  0.18152122 0.17491767 0.17726165 0.22709747 0.04643714]
2024-01-29 13:59:30,982 - INFO - [0.01903052 0.801      0.19278124 0.1815113  0.17489545 0.17725076 0.22712587 0.04643533]
2024-01-29 13:59:39,092 - INFO - [0.01903048 0.801      0.19278885 0.181511   0.17488278 0.17724757 0.22713858 0.04643127]
2024-01-29 13:59:47,173 - INFO - [0.01903066 0.801      0.19279474 0.1815093  0.1748784  0.17724718 0.22714333 0.04642693]
2024-01-29 13:59:55,278 - INFO - [0.01903062 0.801      0.19279712 0.18151057 0.17487474 0.17724542 0.22714765 0.04642444]
2024-01-29 14:00:03,386 - INFO - [0.01903057 0.801      0.19279936 0.18151028 0.1748728  0.17724594 0.22714725 0.04642439]
2024-01-29 14:00:11,487 - INFO - [0.01903062 0.801      0.19279906 0.18150707 0.17487331 0.17724711 0.22714925 0.04642419]
2024-01-29 14:00:19,567 - INFO - [0.01903074 0.801      0.19279964 0.18150511 0.17487139 0.17724665 0.22714952 0.04642761]
2024-01-29 14:00:27,659 - INFO - [0.01903064 0.801      0.19279727 0.18150564 0.17487103 0.17724605 0.22714905 0.04643095]
2024-01-29 14:00:35,717 - INFO - [0.0190307  0.801      0.19279715 0.18150453 0.17487229 0.17724557 0.2271508  0.04642957]
2024-01-29 14:00:43,814 - INFO - [0.0190306  0.801      0.19279864 0.18150517 0.17487209 0.17724486 0.22715016 0.04642912]
2024-01-29 14:00:51,898 - INFO - [0.01903064 0.801      0.19279817 0.18150727 0.17487036 0.17724413 0.22715013 0.04642994]
2024-01-29 14:01:00,004 - INFO - [0.01903056 0.801      0.19279765 0.18150775 0.17487058 0.17724496 0.22715124 0.04642786]
2024-01-29 14:01:00,020 - INFO - Successfully finished `test_optimize` after 170.017 seconds.
