2024-01-30 15:49:01,878 - INFO - Logging into directory _output/exp_011000/20240130_154901__4294967186.
2024-01-30 15:49:01,881 - INFO - Starting `test_optimize`.
2024-01-30 15:49:16,385 - INFO - [0.01408147 0.789      0.001      0.498      0.498      0.001      0.001      0.001     ]
2024-01-30 15:49:34,534 - INFO - [0.01087677 0.817      0.10226955 0.31804481 0.30561218 0.12129711 0.11488187 0.03789443]
2024-01-30 15:49:53,645 - INFO - [0.01097056 0.82       0.15686922 0.25987428 0.2437252  0.14056104 0.13397089 0.06499943]
2024-01-30 15:50:12,944 - INFO - [0.01122447 0.82       0.18480662 0.23100808 0.21281494 0.15062234 0.14305428 0.07769371]
2024-01-30 15:50:30,749 - INFO - [0.01141375 0.822      0.19873433 0.21646357 0.19710392 0.15677087 0.14712052 0.08380678]
2024-01-30 15:50:48,318 - INFO - [0.01152505 0.823      0.20619728 0.20984636 0.18903334 0.15905152 0.14844368 0.08742773]
2024-01-30 15:51:05,309 - INFO - [0.01158277 0.823      0.20993195 0.20650353 0.18498406 0.16030721 0.14914016 0.08913307]
2024-01-30 15:51:23,644 - INFO - [0.01160363 0.823      0.21133593 0.20524386 0.18324554 0.16087997 0.15025273 0.08904192]
2024-01-30 15:51:41,632 - INFO - [0.01161424 0.823      0.21205373 0.20459524 0.18237184 0.16118844 0.15079889 0.08899186]
2024-01-30 15:51:58,755 - INFO - [0.01161957 0.822      0.21241367 0.20427035 0.18191563 0.16135985 0.15107644 0.088964  ]
2024-01-30 15:52:16,362 - INFO - [0.01162205 0.822      0.21259473 0.20409888 0.18169799 0.16145238 0.15120499 0.08895103]
2024-01-30 15:52:33,287 - INFO - [0.01162341 0.822      0.21268634 0.20401688 0.18158142 0.1614944  0.15127635 0.08894458]
2024-01-30 15:52:50,825 - INFO - [0.01162406 0.822      0.21271843 0.20396473 0.1815276  0.16152732 0.15131538 0.08894651]
2024-01-30 15:53:08,006 - INFO - [0.01162446 0.822      0.21275043 0.20394239 0.18148895 0.16153045 0.15133952 0.0889483 ]
2024-01-30 15:53:25,293 - INFO - [0.01162459 0.822      0.2127527  0.20393454 0.18148012 0.16153373 0.15134875 0.08895019]
2024-01-30 15:53:42,234 - INFO - [0.01162463 0.822      0.21275491 0.20392916 0.18147127 0.16153684 0.15135798 0.08894988]
2024-01-30 15:53:59,147 - INFO - [0.0116247  0.822      0.2127571  0.20393468 0.18146242 0.16153994 0.15136714 0.08893868]
2024-01-30 15:54:15,901 - INFO - [0.01162471 0.822      0.21275929 0.20392723 0.18145359 0.16154306 0.15137628 0.08894063]
2024-01-30 15:54:33,236 - INFO - [0.0116248  0.822      0.21276146 0.20393443 0.18144473 0.16154616 0.15137066 0.08894255]
2024-01-30 15:54:49,889 - INFO - [0.0116248  0.822      0.21276362 0.20391211 0.18146566 0.16154924 0.15136504 0.08894434]
2024-01-30 15:55:05,144 - INFO - [0.01162475 0.822      0.21276577 0.20391956 0.18145679 0.16155231 0.15137412 0.08893147]
2024-01-30 15:55:05,176 - INFO - Successfully finished `test_optimize` after 363.296 seconds.
