2024-01-29 13:19:35,670 - INFO - Logging into directory _output/exp_bad_weights/20240129/20240129_131935.
2024-01-29 13:19:35,672 - INFO - Starting `test_optimize`.
2024-01-29 13:19:41,969 - INFO - [0.0493234 0.685     0.001     0.001     0.001     0.001     0.001     0.995    ]
2024-01-29 13:19:49,955 - INFO - [0.02101659 0.813      0.19116381 0.15697558 0.1727947  0.17797798 0.27190447 0.02918341]
2024-01-29 13:19:57,945 - INFO - [0.02091364 0.813      0.19600222 0.16325004 0.17646787 0.17068443 0.23842233 0.05517318]
2024-01-29 13:20:05,933 - INFO - [0.0208854  0.813      0.20046465 0.1687078  0.18077013 0.16940027 0.22444351 0.05621365]
2024-01-29 13:20:13,913 - INFO - [0.02087701 0.813      0.20259002 0.17138745 0.18283309 0.16858053 0.21793023 0.05667872]
2024-01-29 13:20:21,861 - INFO - [0.02087421 0.816      0.20361093 0.17269585 0.18382007 0.16808173 0.21490274 0.05688864]
2024-01-29 13:20:29,855 - INFO - [0.02087271 0.816      0.20400152 0.17326485 0.18420096 0.16769136 0.21396036 0.05688092]
2024-01-29 13:20:37,809 - INFO - [0.02087241 0.816      0.20412502 0.17348444 0.18432382 0.16741751 0.21385042 0.05679871]
2024-01-29 13:20:45,893 - INFO - [0.02087227 0.816      0.20417932 0.17359051 0.18437958 0.16727094 0.21382222 0.05675741]
2024-01-29 13:20:53,829 - INFO - [0.02087219 0.816      0.20420215 0.17364436 0.18440476 0.16719882 0.21381576 0.05673414]
2024-01-29 13:21:01,802 - INFO - [0.02087214 0.816      0.20421715 0.17366943 0.1844133  0.1671612  0.2138142  0.05672475]
2024-01-29 13:21:09,763 - INFO - [0.02087218 0.816      0.2042205  0.17368123 0.18441859 0.16714205 0.21381563 0.05672199]
2024-01-29 13:21:17,891 - INFO - [0.02087218 0.816      0.2042235  0.17369075 0.18442151 0.16713054 0.21381469 0.05671901]
2024-01-29 13:21:25,818 - INFO - [0.02087222 0.816      0.20422557 0.17369488 0.18442404 0.16712488 0.21381199 0.05671861]
2024-01-29 13:21:33,806 - INFO - [0.02087228 0.816      0.20422749 0.17369585 0.18442644 0.16711794 0.21381418 0.05671799]
2024-01-29 13:21:41,747 - INFO - [0.0208722  0.816      0.20422933 0.17369649 0.1844275  0.16711831 0.21381116 0.05671719]
2024-01-29 13:21:49,712 - INFO - [0.02087219 0.816      0.2042315  0.17369662 0.18442683 0.1671177  0.21381046 0.05671687]
2024-01-29 13:21:57,645 - INFO - [0.02087215 0.816      0.20423147 0.17369358 0.18442802 0.16711584 0.21381539 0.05671572]
2024-01-29 13:22:05,634 - INFO - [0.02087216 0.816      0.20423226 0.17369176 0.18442892 0.16711399 0.21381554 0.05671755]
2024-01-29 13:22:13,583 - INFO - [0.02087222 0.816      0.20423219 0.17369354 0.18442832 0.16711529 0.21381332 0.05671731]
2024-01-29 13:22:21,539 - INFO - [0.02087215 0.816      0.20423305 0.17369184 0.18442838 0.16711706 0.21381372 0.05671597]
2024-01-29 13:22:21,554 - INFO - Successfully finished `test_optimize` after 165.882 seconds.
