2024-01-29 16:28:04,620 - INFO - Logging into directory _output/exp_nice_weights/20240129_162804__4294967147.
2024-01-29 16:28:04,623 - INFO - Starting `test_optimize`.
2024-01-29 16:28:17,075 - INFO - [0.01942681 0.796      0.332      0.332      0.332      0.001      0.001      0.001     ]
2024-01-29 16:28:31,930 - INFO - [0.01587538 0.812      0.25417554 0.25853735 0.25509119 0.09092797 0.10276802 0.0385    ]
2024-01-29 16:28:46,801 - INFO - [0.01530007 0.809      0.21494256 0.2224324  0.21848857 0.12621334 0.15770634 0.06021672]
2024-01-29 16:29:01,692 - INFO - [0.01513688 0.811      0.19678175 0.20503035 0.20163599 0.14579356 0.18324782 0.06751055]
2024-01-29 16:29:16,536 - INFO - [0.01510468 0.813      0.19033252 0.19647038 0.19231462 0.15474352 0.1948048  0.07133415]
2024-01-29 16:29:31,411 - INFO - [0.0151007  0.814      0.18713374 0.19228101 0.18770301 0.15930833 0.2002776  0.07329632]
2024-01-29 16:29:46,251 - INFO - [0.01511106 0.814      0.18568592 0.19089341 0.18489601 0.15970036 0.20441626 0.07440801]
2024-01-29 16:30:01,091 - INFO - [0.01511618 0.814      0.1849637  0.19022362 0.18351632 0.15994284 0.20638701 0.07496656]
2024-01-29 16:30:16,092 - INFO - [0.0151187  0.814      0.18461159 0.1899116  0.18284622 0.16007547 0.20731628 0.07523885]
2024-01-29 16:30:31,630 - INFO - [0.01511981 0.814      0.18443231 0.18974875 0.18250889 0.16016623 0.20776658 0.07537726]
2024-01-29 16:30:47,188 - INFO - [0.01512044 0.814      0.18435554 0.18967532 0.18234995 0.16019991 0.20798017 0.0754391 ]
2024-01-29 16:31:02,737 - INFO - [0.0151206  0.813      0.18431517 0.18963197 0.18226808 0.16023359 0.20807457 0.07547668]
2024-01-29 16:31:18,291 - INFO - [0.0151209  0.813      0.18430449 0.18961821 0.18222895 0.16023746 0.20811464 0.07549617]
2024-01-29 16:31:33,818 - INFO - [0.01512091 0.813      0.18429364 0.18960446 0.18221939 0.16024132 0.20814872 0.07549246]
2024-01-29 16:31:49,371 - INFO - [0.01512096 0.813      0.18428309 0.18960549 0.18221007 0.1602452  0.20815364 0.07550246]
2024-01-29 16:32:04,903 - INFO - [0.01512089 0.813      0.18427254 0.18960665 0.18220077 0.16024907 0.20815858 0.07551236]
2024-01-29 16:32:20,430 - INFO - [0.01512078 0.813      0.18426199 0.18962257 0.18219148 0.16025293 0.2081635  0.07550746]
2024-01-29 16:32:33,003 - INFO - [0.01512077 0.813      0.18428101 0.18960886 0.18218222 0.16025682 0.20816845 0.07550269]
2024-01-29 16:32:41,076 - INFO - [0.01512088 0.813      0.18427044 0.18960848 0.1821893  0.16026065 0.2081719  0.07549911]
2024-01-29 16:32:49,167 - INFO - [0.0151208  0.813      0.18426698 0.18960255 0.18218002 0.16026451 0.20817684 0.07550911]
2024-01-29 16:32:57,244 - INFO - [0.01512064 0.813      0.18425646 0.18961854 0.18217096 0.16026835 0.20818096 0.07550474]
2024-01-29 16:32:57,263 - INFO - Successfully finished `test_optimize` after 292.640 seconds.
