2024-01-29 14:30:51,417 - INFO - Logging into directory _output/exp_good_weights/20240129/20240129_143051.
2024-01-29 14:30:51,420 - INFO - Starting `test_optimize`.
2024-01-29 14:30:57,731 - INFO - [0.01753224 0.791      0.01       0.5        0.3        0.14       0.04       0.01      ]
2024-01-29 14:31:05,707 - INFO - [0.01453886 0.795      0.12357464 0.3131794  0.22102402 0.18341908 0.13330032 0.02550252]
2024-01-29 14:31:13,668 - INFO - [0.01409589 0.802      0.16458304 0.2384949  0.19797662 0.2030323  0.16206114 0.03385201]
2024-01-29 14:31:21,606 - INFO - [0.01403645 0.805      0.18210702 0.20529638 0.19185346 0.21611784 0.16843636 0.03618887]
2024-01-29 14:31:29,563 - INFO - [0.01408783 0.807      0.18843728 0.18733093 0.18645813 0.22016872 0.16946809 0.0481369 ]
2024-01-29 14:31:37,497 - INFO - [0.01413583 0.806      0.19119258 0.17765045 0.18346132 0.22166899 0.16955931 0.05646738]
2024-01-29 14:31:45,445 - INFO - [0.01416313 0.804      0.19263719 0.17268172 0.18205157 0.2224696  0.16965072 0.06050929]
2024-01-29 14:31:53,378 - INFO - [0.01417769 0.803      0.19339591 0.17012314 0.18138821 0.222886   0.16973597 0.0624708 ]
2024-01-29 14:32:01,325 - INFO - [0.01418525 0.803      0.19379674 0.16881053 0.1810815  0.22312014 0.16976425 0.06342686]
2024-01-29 14:32:09,251 - INFO - [0.01418933 0.802      0.1939957  0.16813244 0.18095364 0.22323516 0.16979218 0.06389082]
2024-01-29 14:32:17,205 - INFO - [0.01419334 0.802      0.19385992 0.16765475 0.18106428 0.22343969 0.16955283 0.06442849]
2024-01-29 14:32:25,120 - INFO - [0.0141932  0.802      0.19405073 0.16753508 0.18093657 0.22340567 0.16970007 0.0643719 ]
2024-01-29 14:32:33,045 - INFO - [0.01419527 0.802      0.1938853  0.1673262  0.18107669 0.2235357  0.1695195  0.06465665]
2024-01-29 14:32:40,958 - INFO - [0.0141943  0.802      0.19404869 0.16738524 0.18094897 0.22344215 0.16968207 0.06449281]
2024-01-29 14:32:48,853 - INFO - [0.0141957  0.802      0.19388326 0.1672655  0.18107674 0.22355697 0.16950291 0.06471467]
2024-01-29 14:32:56,732 - INFO - [0.01419444 0.802      0.19404571 0.16735257 0.18094899 0.2234633  0.16967991 0.06450944]
2024-01-29 14:33:04,658 - INFO - [0.01419591 0.802      0.19388032 0.16723338 0.18108469 0.22357407 0.16949996 0.06472757]
2024-01-29 14:33:12,549 - INFO - [0.01419436 0.802      0.19404288 0.16732247 0.18095696 0.22348024 0.169677   0.06452056]
2024-01-29 14:33:20,439 - INFO - [0.01419586 0.802      0.1938775  0.16723269 0.18106945 0.22356792 0.16952154 0.06473086]
2024-01-29 14:33:28,303 - INFO - [0.01419445 0.802      0.19404157 0.1673218  0.18094179 0.22347406 0.16969696 0.0645238 ]
2024-01-29 14:33:36,175 - INFO - [0.01419594 0.802      0.19387618 0.16723202 0.18108211 0.22355929 0.1695164  0.06473397]
2024-01-29 14:33:36,193 - INFO - Successfully finished `test_optimize` after 164.773 seconds.
