2024-01-29 12:07:23,837 - INFO - Logging into directory _output/exp_uniform_weights/20240129/20240129_120723.
2024-01-29 12:07:23,843 - INFO - Starting `test_optimize`.
2024-01-29 12:07:30,584 - INFO - [0.01586086 0.798      0.16666667 0.16666667 0.16666667 0.16666667 0.16666667 0.16666667]
2024-01-29 12:07:39,001 - INFO - [0.01533082 0.8        0.18136244 0.16807474 0.16562623 0.19165924 0.18051533 0.11276202]
2024-01-29 12:07:47,383 - INFO - [0.01526699 0.8        0.18609498 0.16695219 0.16350374 0.20234257 0.18038526 0.1007212 ]
2024-01-29 12:07:55,827 - INFO - [0.01523916 0.8        0.18803293 0.16607586 0.16205999 0.2071356  0.18158478 0.09511086]
2024-01-29 12:08:04,574 - INFO - [0.01522689 0.8        0.18865019 0.165783   0.16152911 0.20904    0.18207689 0.09292085]
2024-01-29 12:08:13,282 - INFO - [0.01522243 0.8        0.18899199 0.16567288 0.16128272 0.21000366 0.18210201 0.0919467 ]
2024-01-29 12:08:21,809 - INFO - [0.01522035 0.8        0.18915837 0.16561887 0.16115424 0.21046732 0.1821053  0.09149598]
2024-01-29 12:08:30,254 - INFO - [0.01521955 0.8        0.18924139 0.16558972 0.16109052 0.21068545 0.1821053  0.09128766]
2024-01-29 12:08:38,716 - INFO - [0.0152192  0.8        0.18928154 0.16557707 0.161054   0.21079431 0.18210256 0.09119055]
2024-01-29 12:08:47,077 - INFO - [0.01521905 0.8        0.18930329 0.16556598 0.16103227 0.21084911 0.18210658 0.09114277]
2024-01-29 12:08:55,460 - INFO - [0.01521895 0.8        0.18931083 0.16556291 0.16102362 0.21087039 0.18210351 0.0911288 ]
2024-01-29 12:09:03,840 - INFO - [0.0152189  0.8        0.1893131  0.16555934 0.16101669 0.21088524 0.18210945 0.09111623]
2024-01-29 12:09:12,227 - INFO - [0.01521889 0.8        0.1893151  0.16556002 0.16101798 0.21088733 0.18210681 0.09111281]
2024-01-29 12:09:20,595 - INFO - [0.01521888 0.8        0.18931842 0.16555858 0.16101967 0.21088992 0.18210459 0.09110889]
2024-01-29 12:09:28,967 - INFO - [0.01521892 0.8        0.18931907 0.16555661 0.16101795 0.21089025 0.1821074  0.09110872]
2024-01-29 12:09:37,336 - INFO - [0.01521898 0.8        0.18932006 0.16555731 0.16101961 0.21088956 0.18210271 0.09111074]
2024-01-29 12:09:45,721 - INFO - [0.01521889 0.8        0.18932024 0.16555977 0.16101316 0.21089251 0.18210579 0.09110861]
2024-01-29 12:09:54,092 - INFO - [0.01521905 0.8        0.1893234  0.16555797 0.16101252 0.21089192 0.18210308 0.09111105]
2024-01-29 12:10:02,467 - INFO - [0.01521901 0.8        0.18932326 0.16555825 0.16101328 0.21089123 0.18210301 0.09111097]
2024-01-29 12:10:10,843 - INFO - [0.01521898 0.8        0.18932389 0.16555785 0.16101734 0.21089038 0.18210152 0.09110902]
2024-01-29 12:10:19,256 - INFO - [0.01521888 0.8        0.18932347 0.16556013 0.16101453 0.21089038 0.18210265 0.09110893]
2024-01-29 12:10:19,277 - INFO - Successfully finished `test_optimize` after 175.434 seconds.
