2024-01-29 17:45:43,797 - INFO - Logging into directory _output/exp_011100_/20240129_174543__4294967187.
2024-01-29 17:45:43,802 - INFO - Starting `test_optimize`.
2024-01-29 17:46:02,076 - INFO - [0.01470015 0.818      0.001      0.332      0.332      0.332      0.001      0.001     ]
2024-01-29 17:46:25,634 - INFO - [0.01174319 0.828      0.09202681 0.24680975 0.24201071 0.23752783 0.12461009 0.05701476]
2024-01-29 17:46:46,160 - INFO - [0.01175428 0.832      0.14448744 0.21374097 0.2054905  0.19836345 0.14893168 0.08898588]
2024-01-29 17:47:06,695 - INFO - [0.01189016 0.833      0.17126906 0.19778636 0.18699421 0.17918745 0.16116092 0.10360199]
2024-01-29 17:47:28,092 - INFO - [0.01198756 0.833      0.18604155 0.18910143 0.17856582 0.1694614  0.16643438 0.11039545]
2024-01-29 17:47:48,545 - INFO - [0.01204876 0.833      0.19350775 0.18478392 0.17438902 0.16461076 0.16905577 0.11365275]
2024-01-29 17:48:09,847 - INFO - [0.01207617 0.833      0.19658937 0.18244892 0.17159481 0.16223609 0.17229456 0.11483619]
2024-01-29 17:48:33,236 - INFO - [0.01209073 0.833      0.19817215 0.18127792 0.17021227 0.16104962 0.17386982 0.11541822]
2024-01-29 17:48:55,870 - INFO - [0.01209826 0.833      0.19898114 0.18069093 0.1695251  0.16045921 0.17463993 0.11570372]
2024-01-29 17:49:16,368 - INFO - [0.01210214 0.833      0.19938116 0.18039851 0.16917329 0.16017157 0.17502238 0.11585307]
2024-01-29 17:49:38,569 - INFO - [0.01210414 0.833      0.19959985 0.18024385 0.16900824 0.16002658 0.17519611 0.11592538]
2024-01-29 17:49:59,696 - INFO - [0.01210515 0.833      0.19969924 0.18017614 0.16891748 0.15997091 0.17528035 0.1159558 ]
2024-01-29 17:50:20,474 - INFO - [0.01210545 0.833      0.19974507 0.18013828 0.16888633 0.15992624 0.1753328  0.11597133]
2024-01-29 17:50:41,449 - INFO - [0.01210577 0.833      0.19978476 0.18013018 0.16885522 0.15990049 0.17535739 0.11597196]
2024-01-29 17:51:02,551 - INFO - [0.01210585 0.833      0.19979468 0.18012211 0.16885358 0.15990454 0.17535222 0.11597285]
2024-01-29 17:51:23,623 - INFO - [0.01210593 0.833      0.1998046  0.18011405 0.16885227 0.15990856 0.17534702 0.11597347]
2024-01-29 17:51:45,277 - INFO - [0.01210599 0.833      0.19981451 0.18010598 0.16885096 0.15990996 0.17534232 0.11597625]
2024-01-29 17:52:05,737 - INFO - [0.01210615 0.833      0.19982441 0.18009791 0.16884963 0.15991393 0.17533717 0.11597686]
2024-01-29 17:52:28,783 - INFO - [0.01210602 0.833      0.19980788 0.18009037 0.16884832 0.1599116  0.17536175 0.11598004]
2024-01-29 17:52:50,169 - INFO - [0.01210611 0.833      0.19981779 0.18008372 0.16884701 0.15990752 0.17536326 0.11598065]
2024-01-29 17:53:11,175 - INFO - [0.01210602 0.833      0.19981453 0.18009841 0.1688457  0.15990208 0.17535803 0.11598124]
2024-01-29 17:53:11,282 - INFO - Successfully finished `test_optimize` after 447.480 seconds.
