2024-01-30 15:49:01,732 - INFO - Logging into directory _output/exp_011000/20240130_154901__4294967156.
2024-01-30 15:49:01,736 - INFO - Starting `test_optimize`.
2024-01-30 15:49:15,815 - INFO - [0.01570689 0.8        0.001      0.498      0.498      0.001      0.001      0.001     ]
2024-01-30 15:49:34,745 - INFO - [0.01128381 0.822      0.07654551 0.32415286 0.3118532  0.05384204 0.16606615 0.06754018]
2024-01-30 15:49:53,869 - INFO - [0.01055346 0.826      0.12779184 0.25285313 0.23380873 0.09705555 0.2082741  0.08021663]
2024-01-30 15:50:13,135 - INFO - [0.01033857 0.824      0.15545346 0.21817707 0.19628085 0.1247284  0.21577789 0.08958233]
2024-01-30 15:50:30,323 - INFO - [0.01026198 0.822      0.16978285 0.19976179 0.18286277 0.13781466 0.21617679 0.09360111]
2024-01-30 15:50:48,446 - INFO - [0.01023869 0.823      0.17696317 0.19023781 0.17608094 0.14465101 0.2164396  0.09562748]
2024-01-30 15:51:06,373 - INFO - [0.0102334  0.823      0.18057245 0.1853217  0.17265302 0.14821199 0.21658839 0.09665246]
2024-01-30 15:51:24,554 - INFO - [0.01024229 0.823      0.18156746 0.18220299 0.17016506 0.14905621 0.2205756  0.09643269]
2024-01-30 15:51:42,586 - INFO - [0.01024826 0.823      0.18185306 0.18040793 0.16865049 0.14922035 0.22381549 0.09605274]
2024-01-30 15:52:01,182 - INFO - [0.01025116 0.823      0.18201023 0.17944679 0.16783762 0.14930935 0.22561114 0.09578492]
2024-01-30 15:52:18,837 - INFO - [0.01025263 0.823      0.18210463 0.17893159 0.16740504 0.14936678 0.22657996 0.09561203]
2024-01-30 15:52:36,657 - INFO - [0.01025333 0.823      0.18216453 0.1786508  0.16717127 0.14940639 0.22711045 0.09549654]
2024-01-30 15:52:54,136 - INFO - [0.01025379 0.823      0.18217692 0.17850766 0.16704564 0.14941223 0.22740476 0.09545284]
2024-01-30 15:53:11,754 - INFO - [0.01025407 0.823      0.18219341 0.17842987 0.16698179 0.1494218  0.22754912 0.09542399]
2024-01-30 15:53:28,836 - INFO - [0.01025448 0.823      0.18217489 0.17840028 0.1669492  0.14940724 0.22762559 0.09544277]
2024-01-30 15:53:46,198 - INFO - [0.01025437 0.823      0.18219359 0.17837608 0.16693564 0.14942582 0.22764656 0.09542226]
2024-01-30 15:54:04,218 - INFO - [0.01025413 0.823      0.18221138 0.17835608 0.1669227  0.14944036 0.22767952 0.09538998]
2024-01-30 15:54:21,666 - INFO - [0.01025382 0.823      0.18223688 0.17833433 0.16691467 0.14946271 0.22770667 0.09534472]
2024-01-30 15:54:39,056 - INFO - [0.01025372 0.823      0.18224034 0.17832315 0.1669049  0.14946374 0.22774355 0.09532437]
2024-01-30 15:54:56,720 - INFO - [0.01025354 0.823      0.18225344 0.17831233 0.16689953 0.14947724 0.22775595 0.09530158]
2024-01-30 15:55:09,102 - INFO - [0.01025407 0.823      0.18222696 0.17831814 0.16689789 0.14944994 0.22777185 0.09533513]
2024-01-30 15:55:09,134 - INFO - Successfully finished `test_optimize` after 367.397 seconds.
