2024-01-29 17:45:43,480 - INFO - Logging into directory _output/exp_011100_/20240129_174543__4294967170.
2024-01-29 17:45:43,485 - INFO - Starting `test_optimize`.
2024-01-29 17:46:04,039 - INFO - [0.02268959 0.797      0.001      0.332      0.332      0.332      0.001      0.001     ]
2024-01-29 17:46:26,253 - INFO - [0.02011422 0.805      0.0898087  0.23688032 0.2322323  0.24068688 0.08176275 0.11862913]
2024-01-29 17:46:48,880 - INFO - [0.02018972 0.806      0.13724616 0.19528258 0.19082388 0.2003517  0.12351973 0.15277591]
2024-01-29 17:47:10,845 - INFO - [0.02029852 0.806      0.16308501 0.17689469 0.17354845 0.18274252 0.14518069 0.15854867]
2024-01-29 17:47:34,463 - INFO - [0.02037373 0.808      0.1766631  0.16844894 0.16591918 0.17441308 0.15537332 0.1591824 ]
2024-01-29 17:47:59,277 - INFO - [0.02041675 0.808      0.18316893 0.16430807 0.16174872 0.17108038 0.15983324 0.1598607 ]
2024-01-29 17:48:20,873 - INFO - [0.02043603 0.808      0.18650101 0.16229565 0.15980373 0.16951166 0.16199528 0.15989269]
2024-01-29 17:48:43,496 - INFO - [0.02044083 0.808      0.18823676 0.16135296 0.15893437 0.16882281 0.16310869 0.15954451]
2024-01-29 17:49:05,971 - INFO - [0.02044076 0.808      0.18915792 0.16092862 0.15856501 0.16852875 0.16368385 0.1591358 ]
2024-01-29 17:49:27,096 - INFO - [0.02044059 0.808      0.18962158 0.16071554 0.15839706 0.1683827  0.16395262 0.1589305 ]
2024-01-29 17:49:49,571 - INFO - [0.02044037 0.808      0.18987274 0.16062549 0.15833028 0.16830385 0.16405654 0.15881108]
2024-01-29 17:50:11,454 - INFO - [0.02044041 0.808      0.18994895 0.16054311 0.15824814 0.16830699 0.1641833  0.15876946]
2024-01-29 17:50:34,436 - INFO - [0.02044052 0.808      0.18994786 0.1604692  0.15816428 0.16834231 0.16431825 0.15875807]
2024-01-29 17:51:01,466 - INFO - [0.02044052 0.808      0.18993899 0.16043107 0.15812568 0.1683739  0.16437989 0.15875037]
2024-01-29 17:51:26,089 - INFO - [0.02044031 0.808      0.18996245 0.16042465 0.15812564 0.16836864 0.1643879  0.15873073]
2024-01-29 17:51:50,150 - INFO - [0.02044031 0.808      0.18997172 0.16042431 0.15812604 0.1683645  0.1643877  0.15872572]
2024-01-29 17:52:12,768 - INFO - [0.02044041 0.808      0.18992953 0.16038531 0.15807183 0.16840926 0.16447759 0.15872639]
2024-01-29 17:52:35,285 - INFO - [0.02044034 0.808      0.18996775 0.16040945 0.15810569 0.16838068 0.16441029 0.15872611]
2024-01-29 17:52:57,930 - INFO - [0.02044025 0.808      0.18997633 0.16041744 0.15811682 0.16836993 0.16439784 0.15872167]
2024-01-29 17:53:17,349 - INFO - [0.02044023 0.808      0.18997359 0.16041553 0.15811586 0.16837363 0.16440518 0.15871622]
2024-01-29 17:53:28,823 - INFO - [0.02044022 0.808      0.18997946 0.16041878 0.15811482 0.16837366 0.16439804 0.15871526]
2024-01-29 17:53:28,854 - INFO - Successfully finished `test_optimize` after 465.370 seconds.
