2024-01-29 13:56:28,818 - INFO - Logging into directory _output/exp_bad_weights/20240129/20240129_135628.
2024-01-29 13:56:28,821 - INFO - Starting `test_optimize`.
2024-01-29 13:56:35,205 - INFO - [0.03673428 0.714      0.001      0.001      0.001      0.001      0.001      0.995     ]
2024-01-29 13:56:43,270 - INFO - [0.00997476 0.845      0.18435453 0.15162925 0.18398097 0.15088621 0.22222987 0.10691909]
2024-01-29 13:56:51,814 - INFO - [0.00987968 0.847      0.18801092 0.16232188 0.18108605 0.15199652 0.22934651 0.08723816]
2024-01-29 13:57:00,149 - INFO - [0.00984568 0.848      0.18981616 0.1677215  0.17952646 0.15242723 0.2325995  0.07790919]
2024-01-29 13:57:08,441 - INFO - [0.00982642 0.848      0.19025086 0.17011173 0.17883094 0.15338887 0.23398475 0.07343289]
2024-01-29 13:57:16,721 - INFO - [0.00981796 0.848      0.19047189 0.17132911 0.17843656 0.15384366 0.23460034 0.07131843]
2024-01-29 13:57:25,019 - INFO - [0.00981425 0.848      0.19057669 0.1719292  0.17822109 0.1540599  0.23488748 0.07032557]
2024-01-29 13:57:33,276 - INFO - [0.00981242 0.848      0.19062196 0.17223752 0.1781023  0.15416154 0.23502533 0.06985135]
2024-01-29 13:57:41,559 - INFO - [0.00981159 0.848      0.19063742 0.17238693 0.17803596 0.15422848 0.23507382 0.06963739]
2024-01-29 13:57:49,796 - INFO - [0.00981107 0.848      0.19065282 0.17247291 0.17799948 0.15424961 0.23509297 0.06953235]
2024-01-29 13:57:58,519 - INFO - [0.00981093 0.848      0.19065697 0.17250992 0.1779926  0.1542571  0.23511152 0.06947192]
2024-01-29 13:58:07,933 - INFO - [0.00981086 0.848      0.19064263 0.17253616 0.17798583 0.15426457 0.23512094 0.06944986]
2024-01-29 13:58:17,747 - INFO - [0.00981082 0.848      0.19065784 0.17253347 0.1779791  0.15427199 0.23510975 0.06944787]
2024-01-29 13:58:25,834 - INFO - [0.00981093 0.848      0.19064355 0.17253013 0.17797236 0.15427925 0.23512812 0.06944656]
2024-01-29 13:58:33,836 - INFO - [0.00981086 0.848      0.1906525  0.17255549 0.17796563 0.15426715 0.23511691 0.06944233]
2024-01-29 13:58:41,844 - INFO - [0.00981087 0.848      0.19065945 0.172552   0.17796102 0.15427461 0.23511191 0.06944104]
2024-01-29 13:58:49,862 - INFO - [0.00981087 0.848      0.1906452  0.17254879 0.1779552  0.1542813  0.2351298  0.06943975]
2024-01-29 13:58:57,851 - INFO - [0.00981075 0.848      0.19063236 0.17254528 0.17797664 0.15428865 0.23511858 0.06943847]
2024-01-29 13:59:05,840 - INFO - [0.00981081 0.848      0.19064777 0.17254181 0.1779699  0.15429224 0.23511101 0.06943721]
2024-01-29 13:59:13,833 - INFO - [0.00981095 0.848      0.19066308 0.17253837 0.17796403 0.15427248 0.23512608 0.06943593]
2024-01-29 13:59:21,839 - INFO - [0.00981089 0.848      0.19064875 0.17254925 0.17796412 0.15427989 0.23511562 0.06944235]
2024-01-29 13:59:21,855 - INFO - Successfully finished `test_optimize` after 173.034 seconds.
