2024-01-30 15:49:02,366 - INFO - Logging into directory _output/exp_011000/20240130_154902__4294967187.
2024-01-30 15:49:02,373 - INFO - Starting `test_optimize`.
2024-01-30 15:49:16,469 - INFO - [0.01675148 0.806      0.001      0.498      0.498      0.001      0.001      0.001     ]
2024-01-30 15:49:34,504 - INFO - [0.01246614 0.823      0.09379388 0.33056408 0.3247546  0.07928959 0.10834692 0.06325101]
2024-01-30 15:49:53,943 - INFO - [0.01189216 0.832      0.14577122 0.25477135 0.24610543 0.11922049 0.14261265 0.09151885]
2024-01-30 15:50:12,570 - INFO - [0.01191126 0.833      0.1724104  0.21734673 0.20717967 0.13989797 0.15862502 0.10454027]
2024-01-30 15:50:29,484 - INFO - [0.01197864 0.833      0.18528081 0.19922401 0.18798888 0.14980017 0.16711278 0.1105933 ]
2024-01-30 15:50:46,680 - INFO - [0.01203813 0.833      0.19249736 0.18975246 0.17843182 0.15478548 0.17113779 0.11339503]
2024-01-30 15:51:04,236 - INFO - [0.01207125 0.833      0.19611774 0.18497397 0.17364512 0.15731739 0.17320357 0.11474226]
2024-01-30 15:51:22,146 - INFO - [0.01208819 0.833      0.19794671 0.18255712 0.17124584 0.15859805 0.17426449 0.11538788]
2024-01-30 15:51:39,838 - INFO - [0.01209716 0.833      0.19888082 0.18134113 0.17005154 0.15923062 0.17479606 0.11569981]
2024-01-30 15:51:57,069 - INFO - [0.01210153 0.833      0.19933803 0.18073551 0.16945212 0.1595625  0.17506348 0.11584836]
2024-01-30 15:52:14,669 - INFO - [0.01210374 0.833      0.19956571 0.18042925 0.16915262 0.15972091 0.17520802 0.11592352]
2024-01-30 15:52:32,150 - INFO - [0.01210481 0.833      0.19968696 0.18027201 0.16900127 0.15979409 0.17529204 0.11595371]
2024-01-30 15:52:49,743 - INFO - [0.01210545 0.833      0.1997565  0.18017739 0.16891663 0.15985772 0.17532231 0.1159695 ]
2024-01-30 15:53:06,750 - INFO - [0.01210574 0.833      0.1997959  0.18013951 0.16888547 0.15986198 0.17534691 0.11597028]
2024-01-30 15:53:23,703 - INFO - [0.01210599 0.833      0.19980581 0.18013144 0.16885436 0.15987039 0.17536028 0.11597767]
2024-01-30 15:53:40,568 - INFO - [0.01210602 0.833      0.19981572 0.18012336 0.16885304 0.15987447 0.17535506 0.11597832]
2024-01-30 15:53:57,278 - INFO - [0.0121061  0.833      0.19982563 0.18011528 0.16885173 0.15987854 0.17534985 0.11597893]
2024-01-30 15:54:15,096 - INFO - [0.01210599 0.833      0.19981042 0.18010724 0.16885044 0.15988262 0.17536908 0.11598022]
2024-01-30 15:54:31,594 - INFO - [0.01210608 0.833      0.19982029 0.18009917 0.16884913 0.15988669 0.17536387 0.11598083]
2024-01-30 15:54:48,250 - INFO - [0.01210616 0.833      0.19982672 0.18009457 0.16884781 0.15989076 0.17535865 0.11598143]
2024-01-30 15:55:04,549 - INFO - [0.01210613 0.833      0.19981734 0.18008797 0.1688465  0.15989482 0.175368   0.11598532]
2024-01-30 15:55:04,586 - INFO - Successfully finished `test_optimize` after 362.213 seconds.
