2024-01-29 17:45:43,844 - INFO - Logging into directory _output/exp_011100_/20240129_174543__4294967156.
2024-01-29 17:45:43,849 - INFO - Starting `test_optimize`.
2024-01-29 17:46:01,196 - INFO - [0.01308358 0.813      0.001      0.332      0.332      0.332      0.001      0.001     ]
2024-01-29 17:46:21,664 - INFO - [0.00986074 0.822      0.08336802 0.24282214 0.23245548 0.22679813 0.16946912 0.04508705]
2024-01-29 17:46:45,221 - INFO - [0.0099264  0.823      0.13073666 0.20867103 0.19504619 0.183175   0.21303616 0.06933495]
2024-01-29 17:47:07,870 - INFO - [0.01005501 0.822      0.15703401 0.1941465  0.18122429 0.16727155 0.21626402 0.08405961]
2024-01-29 17:47:29,039 - INFO - [0.01014139 0.822      0.17028721 0.1869119  0.17437026 0.15944496 0.21791938 0.09106625]
2024-01-29 17:47:49,063 - INFO - [0.01018765 0.822      0.17684495 0.18321508 0.171342   0.15529278 0.21919863 0.09410647]
2024-01-29 17:48:08,494 - INFO - [0.01021393 0.823      0.18008339 0.18132444 0.16981645 0.15315327 0.2201083  0.09551416]
2024-01-29 17:48:28,959 - INFO - [0.01023414 0.823      0.18110207 0.1799403  0.1684729  0.15131544 0.22352247 0.09564675]
2024-01-29 17:48:51,081 - INFO - [0.01024419 0.823      0.18161899 0.17919412 0.16774218 0.15037167 0.22546716 0.09560584]
2024-01-29 17:49:14,389 - INFO - [0.0102491  0.823      0.18189807 0.17879412 0.16735627 0.14990734 0.22651434 0.09552988]
2024-01-29 17:49:34,132 - INFO - [0.01025141 0.823      0.18205617 0.17857754 0.16714388 0.14968204 0.22708161 0.09545886]
2024-01-29 17:49:56,578 - INFO - [0.01025281 0.823      0.1821266  0.17846669 0.1670329  0.14955817 0.22738621 0.09542951]
2024-01-29 17:50:17,800 - INFO - [0.01025329 0.823      0.18218283 0.17839889 0.16697225 0.14951356 0.22754772 0.09538478]
2024-01-29 17:50:39,420 - INFO - [0.01025359 0.823      0.18221006 0.17835978 0.16693985 0.14948587 0.22764662 0.09535782]
2024-01-29 17:50:59,519 - INFO - [0.01025356 0.823      0.18223625 0.17833225 0.16691932 0.14948379 0.22770238 0.09532601]
2024-01-29 17:51:20,058 - INFO - [0.0102535  0.823      0.18224783 0.17831759 0.16690613 0.14948495 0.22774193 0.0953016 ]
2024-01-29 17:51:43,581 - INFO - [0.01025367 0.823      0.18224438 0.17831264 0.16689725 0.14947543 0.22776413 0.09530617]
2024-01-29 17:52:03,943 - INFO - [0.01025374 0.823      0.1822419  0.17831311 0.16689575 0.14946871 0.22776642 0.09531413]
2024-01-29 17:52:25,012 - INFO - [0.01025366 0.823      0.1822556  0.17830704 0.1668936  0.14948089 0.22776619 0.09529661]
2024-01-29 17:52:44,676 - INFO - [0.01025386 0.823      0.18223494 0.17831399 0.16689424 0.14946134 0.22777462 0.09532087]
2024-01-29 17:53:04,518 - INFO - [0.01025393 0.823      0.18223038 0.17832011 0.16689596 0.14945723 0.22776134 0.09533498]
2024-01-29 17:53:04,611 - INFO - Successfully finished `test_optimize` after 440.762 seconds.
