2024-01-29 12:08:07,844 - INFO - Logging into directory _output/exp_bad_weights/20240129/20240129_120807.
2024-01-29 12:08:07,851 - INFO - Starting `test_optimize`.
2024-01-29 12:08:14,479 - INFO - [0.04526893 0.69       0.001      0.001      0.001      0.001      0.001      0.995     ]
2024-01-29 12:08:22,600 - INFO - [0.01663009 0.804      0.20300183 0.19026442 0.17246827 0.21035632 0.22258218 0.00132706]
2024-01-29 12:08:30,715 - INFO - [0.01650687 0.805      0.20469537 0.19314061 0.18801701 0.20111248 0.20404679 0.00898767]
2024-01-29 12:08:38,779 - INFO - [0.01645502 0.804      0.20557943 0.19455874 0.19585837 0.19640097 0.19492489 0.01267751]
2024-01-29 12:08:46,858 - INFO - [0.01643406 0.803      0.20525859 0.1950227  0.20086533 0.19319843 0.19057435 0.01508066]
2024-01-29 12:08:54,920 - INFO - [0.01642732 0.803      0.20499691 0.19534402 0.20333703 0.19142719 0.18878654 0.0161083 ]
2024-01-29 12:09:02,993 - INFO - [0.01642412 0.803      0.2048548  0.19550547 0.20458551 0.19054276 0.1879095  0.01660197]
2024-01-29 12:09:11,049 - INFO - [0.01642259 0.803      0.20480198 0.19557777 0.20521796 0.19008164 0.18747973 0.01684093]
2024-01-29 12:09:19,122 - INFO - [0.01642185 0.803      0.2047542  0.19562003 0.20552261 0.18985914 0.18728572 0.01695837]
2024-01-29 12:09:27,158 - INFO - [0.01642157 0.803      0.20473142 0.19563772 0.20567808 0.18975285 0.18718402 0.01701593]
2024-01-29 12:09:35,254 - INFO - [0.0164212  0.803      0.20473839 0.19565021 0.2057738  0.18967952 0.18711647 0.01704169]
2024-01-29 12:09:43,294 - INFO - [0.01642122 0.803      0.20474264 0.19566263 0.20580994 0.18963598 0.18709652 0.01705228]
2024-01-29 12:09:51,357 - INFO - [0.01642114 0.803      0.20474741 0.195673   0.20581651 0.18962228 0.18708433 0.01705647]
2024-01-29 12:09:59,429 - INFO - [0.01642124 0.803      0.20475313 0.19565611 0.20582436 0.18963118 0.18707216 0.01706299]
2024-01-29 12:10:07,506 - INFO - [0.01642117 0.803      0.20473726 0.19566852 0.20583074 0.18961748 0.18707988 0.0170661 ]
2024-01-29 12:10:15,561 - INFO - [0.01642104 0.803      0.2047442  0.19566981 0.20583715 0.18961875 0.18706787 0.01706226]
2024-01-29 12:10:23,641 - INFO - [0.0164211  0.803      0.20474382 0.19565876 0.20584355 0.18960772 0.18708147 0.01706476]
2024-01-29 12:10:31,709 - INFO - [0.01642104 0.803      0.20472518 0.19567107 0.20584987 0.18961665 0.18706931 0.017068  ]
2024-01-29 12:10:39,789 - INFO - [0.01642115 0.803      0.20473213 0.19567163 0.20585614 0.18961509 0.18705885 0.01706607]
2024-01-29 12:10:47,829 - INFO - [0.0164211  0.803      0.20473814 0.19565569 0.20585407 0.1896084  0.18707642 0.01706733]
2024-01-29 12:10:55,908 - INFO - [0.01642104 0.803      0.20474112 0.19566809 0.20586036 0.18960059 0.18706432 0.01706557]
2024-01-29 12:10:55,926 - INFO - Successfully finished `test_optimize` after 168.075 seconds.
