2024-01-29 12:15:56,970 - INFO - Logging into directory _output/exp_uniform_weights/20240129/20240129_121556.
2024-01-29 12:15:56,974 - INFO - Starting `test_optimize`.
2024-01-29 12:16:03,437 - INFO - [0.02459317 0.797      0.16666667 0.16666667 0.16666667 0.16666667 0.16666667 0.16666667]
2024-01-29 12:16:11,359 - INFO - [0.02369287 0.8        0.1869069  0.1689844  0.1726439  0.19106914 0.21301913 0.06737653]
2024-01-29 12:16:19,288 - INFO - [0.02346838 0.8        0.18927568 0.16708533 0.17974985 0.20489174 0.22044238 0.03855491]
2024-01-29 12:16:27,226 - INFO - [0.023404   0.8        0.18866321 0.16474187 0.18259096 0.21057911 0.22336039 0.03006443]
2024-01-29 12:16:35,138 - INFO - [0.02338304 0.8        0.18785839 0.16311273 0.18369867 0.21283543 0.224299   0.02819585]
2024-01-29 12:16:43,137 - INFO - [0.02337516 0.8        0.18737693 0.16223028 0.18422529 0.21382226 0.22466286 0.02768236]
2024-01-29 12:16:51,308 - INFO - [0.02337146 0.8        0.18712603 0.16177902 0.18450351 0.21428415 0.22482203 0.02748528]
2024-01-29 12:16:59,403 - INFO - [0.02336965 0.8        0.18699457 0.16156028 0.18464804 0.214506   0.22490187 0.02738924]
2024-01-29 12:17:07,303 - INFO - [0.02336866 0.8        0.1869228  0.1614518  0.18472938 0.2146157  0.22494282 0.02733751]
2024-01-29 12:17:16,004 - INFO - [0.02336818 0.8        0.18688442 0.16139561 0.18477273 0.21466565 0.22497125 0.02731041]
2024-01-29 12:17:25,416 - INFO - [0.02336808 0.8        0.18687256 0.16136898 0.18479158 0.21469428 0.22497889 0.02729361]
2024-01-29 12:17:34,795 - INFO - [0.02336781 0.8        0.1868605  0.16135745 0.18480891 0.21470714 0.22497714 0.02728887]
2024-01-29 12:17:44,187 - INFO - [0.02336774 0.8        0.18685029 0.16135992 0.18481329 0.2147084  0.2249833  0.02728482]
2024-01-29 12:17:53,573 - INFO - [0.02336774 0.8        0.18685938 0.16135439 0.18481141 0.21470973 0.2249812  0.0272839 ]
2024-01-29 12:18:02,992 - INFO - [0.02336765 0.8        0.18685354 0.16135626 0.18481447 0.21471113 0.2249833  0.02728138]
2024-01-29 12:18:12,368 - INFO - [0.02336773 0.8        0.18685396 0.16135855 0.18481255 0.2147128  0.22498201 0.02728015]
2024-01-29 12:18:21,777 - INFO - [0.02336767 0.8        0.186845   0.16135272 0.18482128 0.21471395 0.22498459 0.02728247]
2024-01-29 12:18:31,172 - INFO - [0.02336775 0.8        0.1868594  0.1613505  0.18481135 0.21471514 0.22498748 0.02727612]
2024-01-29 12:18:40,573 - INFO - [0.02336767 0.8        0.18685061 0.16135223 0.18481608 0.21471618 0.22498509 0.02727986]
2024-01-29 12:18:49,951 - INFO - [0.02336771 0.8        0.18685964 0.16135147 0.18481086 0.21471719 0.22498311 0.02727775]
2024-01-29 12:18:59,371 - INFO - [0.02336766 0.8        0.18684804 0.16135365 0.18481623 0.21471822 0.22498235 0.02728154]
2024-01-29 12:18:59,389 - INFO - Successfully finished `test_optimize` after 182.415 seconds.
