2024-01-29 14:02:38,187 - INFO - Logging into directory _output/exp_good_weights/20240129/20240129_140238.
2024-01-29 14:02:38,191 - INFO - Starting `test_optimize`.
2024-01-29 14:02:44,458 - INFO - [0.02574123 0.798      0.01       0.5        0.3        0.14       0.04       0.01      ]
2024-01-29 14:02:52,389 - INFO - [0.02315924 0.807      0.08947164 0.34154731 0.21890993 0.14401773 0.15802968 0.04802371]
2024-01-29 14:03:00,296 - INFO - [0.0227731  0.81       0.13005577 0.26391122 0.17800093 0.14808264 0.2111865  0.0687629 ]
2024-01-29 14:03:08,188 - INFO - [0.02275947 0.808      0.15389316 0.22675426 0.15847303 0.15310961 0.23676707 0.07100293]
2024-01-29 14:03:16,094 - INFO - [0.02277637 0.808      0.16696553 0.20882371 0.14894266 0.15838368 0.24887067 0.06801364]
2024-01-29 14:03:23,972 - INFO - [0.02277888 0.808      0.17343125 0.19962688 0.14437112 0.16276072 0.25423241 0.06557767]
2024-01-29 14:03:31,887 - INFO - [0.02279078 0.809      0.17643954 0.19477637 0.14186862 0.16474278 0.25648743 0.06568518]
2024-01-29 14:03:39,774 - INFO - [0.02279226 0.809      0.17822471 0.19274993 0.14087632 0.16577479 0.2575624  0.06481189]
2024-01-29 14:03:47,690 - INFO - [0.02279297 0.809      0.17913006 0.19174322 0.14039117 0.16630475 0.25807059 0.06436028]
2024-01-29 14:03:55,660 - INFO - [0.02279346 0.809      0.17958304 0.19124089 0.14014992 0.16657628 0.25831315 0.06413666]
2024-01-29 14:04:03,559 - INFO - [0.02279366 0.809      0.17981064 0.19098909 0.14003    0.16671146 0.25842497 0.0640338 ]
2024-01-29 14:04:11,445 - INFO - [0.02279376 0.809      0.17992602 0.19085908 0.13997099 0.16677949 0.25847575 0.06398866]
2024-01-29 14:04:19,342 - INFO - [0.02279375 0.809      0.17998944 0.19080245 0.139945   0.16681346 0.25848734 0.0639623 ]
2024-01-29 14:04:27,209 - INFO - [0.02279392 0.809      0.18001069 0.19076566 0.13992886 0.1668303  0.25851041 0.063954  ]
2024-01-29 14:04:35,101 - INFO - [0.02279374 0.809      0.18002391 0.19075072 0.13992183 0.16684639 0.25852153 0.06393562]
2024-01-29 14:04:42,973 - INFO - [0.0227938  0.809      0.18003859 0.19075094 0.1399201  0.16684487 0.25850469 0.0639408 ]
2024-01-29 14:04:50,867 - INFO - [0.0227938  0.809      0.1800437  0.19074839 0.13991597 0.166844   0.25850585 0.06394212]
2024-01-29 14:04:58,737 - INFO - [0.02279373 0.809      0.18004422 0.19074526 0.13991234 0.16684863 0.25850514 0.06394449]
2024-01-29 14:05:06,639 - INFO - [0.0227938  0.809      0.18003832 0.19074012 0.13991401 0.16685379 0.25852385 0.06392986]
2024-01-29 14:05:14,527 - INFO - [0.02279385 0.809      0.18003216 0.19073525 0.13991281 0.16685171 0.25852695 0.0639411 ]
2024-01-29 14:05:22,425 - INFO - [0.02279372 0.809      0.18003258 0.19073339 0.1399141  0.16685717 0.25853464 0.06392814]
2024-01-29 14:05:22,489 - INFO - Successfully finished `test_optimize` after 164.298 seconds.
