2024-01-30 15:49:01,630 - INFO - Logging into directory _output/exp_011000/20240130_154901__4294967183.
2024-01-30 15:49:01,634 - INFO - Starting `test_optimize`.
2024-01-30 15:49:15,160 - INFO - [0.01993352 0.803      0.001      0.498      0.498      0.001      0.001      0.001     ]
2024-01-30 15:49:32,366 - INFO - [0.01469892 0.819      0.09042988 0.33748996 0.33341455 0.07989467 0.15181473 0.0069562 ]
2024-01-30 15:49:49,294 - INFO - [0.01373671 0.83       0.14085692 0.25860164 0.25783291 0.12385383 0.20498933 0.01386533]
2024-01-30 15:50:06,344 - INFO - [0.01361578 0.83       0.16532561 0.21630217 0.22146425 0.14538196 0.2347863  0.01673966]
2024-01-30 15:50:23,180 - INFO - [0.01362932 0.833      0.17889039 0.1958918  0.20463233 0.15921891 0.24372451 0.01764199]
2024-01-30 15:50:39,793 - INFO - [0.01367287 0.834      0.18582387 0.18628912 0.19499314 0.16375606 0.24907894 0.02005887]
2024-01-30 15:50:56,541 - INFO - [0.01369553 0.834      0.1893281  0.18137498 0.19028363 0.16613998 0.25159234 0.02128096]
2024-01-30 15:51:12,898 - INFO - [0.01370775 0.834      0.19110639 0.17886429 0.18798357 0.16736454 0.25277987 0.02190132]
2024-01-30 15:51:29,453 - INFO - [0.01371385 0.833      0.19201508 0.17757626 0.18686706 0.16800942 0.25332394 0.0222083 ]
2024-01-30 15:51:46,581 - INFO - [0.01371692 0.833      0.19247654 0.17691697 0.1863189  0.16834015 0.25356996 0.02237755]
2024-01-30 15:52:03,268 - INFO - [0.01371861 0.833      0.19270629 0.17658323 0.18604103 0.16851787 0.25369665 0.02245483]
2024-01-30 15:52:19,983 - INFO - [0.01371926 0.833      0.19283049 0.17639908 0.18591036 0.16860619 0.25376371 0.02249026]
2024-01-30 15:52:36,974 - INFO - [0.01371962 0.833      0.19290343 0.17631017 0.18585643 0.16864496 0.25377116 0.02251388]
2024-01-30 15:52:54,047 - INFO - [0.01371975 0.833      0.19292359 0.1762746  0.18582205 0.16867357 0.25377864 0.02252756]
2024-01-30 15:53:11,277 - INFO - [0.01371989 0.833      0.19293767 0.17625634 0.18581058 0.16867933 0.25378609 0.02252997]
2024-01-30 15:53:28,250 - INFO - [0.01372005 0.833      0.19295163 0.17624742 0.18579915 0.16867818 0.25379351 0.02253004]
2024-01-30 15:53:45,493 - INFO - [0.01372005 0.833      0.19296014 0.17624177 0.18578777 0.16867733 0.25380093 0.02253206]
2024-01-30 15:54:02,680 - INFO - [0.01372015 0.833      0.19294444 0.17623606 0.18580455 0.1686762  0.25380832 0.02253033]
2024-01-30 15:54:20,076 - INFO - [0.01372018 0.833      0.19295831 0.17623037 0.18579312 0.16867504 0.25381568 0.02252742]
2024-01-30 15:54:37,242 - INFO - [0.0137201  0.833      0.19294943 0.17622472 0.1857834  0.16868581 0.25382313 0.02253354]
2024-01-30 15:54:53,746 - INFO - [0.01372015 0.833      0.19295031 0.17621906 0.18578251 0.16868466 0.25383037 0.02253311]
2024-01-30 15:54:53,797 - INFO - Successfully finished `test_optimize` after 352.163 seconds.
