2024-01-29 12:41:32,319 - INFO - Logging into directory _output/exp_uniform_weights/20240129/20240129_124132.
2024-01-29 12:41:32,321 - INFO - Starting `test_optimize`.
2024-01-29 12:41:38,710 - INFO - [0.01380872 0.822      0.16666667 0.16666667 0.16666667 0.16666667 0.16666667 0.16666667]
2024-01-29 12:41:46,727 - INFO - [0.01297858 0.824      0.18751658 0.18633983 0.1762787  0.17363349 0.1825887  0.09364269]
2024-01-29 12:41:54,748 - INFO - [0.01268199 0.827      0.19778691 0.19662185 0.1815466  0.17826146 0.18823536 0.05754787]
2024-01-29 12:42:02,761 - INFO - [0.01256514 0.827      0.20286554 0.20176633 0.1841231  0.18052086 0.19096699 0.0397572 ]
2024-01-29 12:42:10,791 - INFO - [0.01251496 0.827      0.20535597 0.20433807 0.18536457 0.18161537 0.19228856 0.03103741]
2024-01-29 12:42:18,783 - INFO - [0.01249214 0.827      0.20658471 0.20561245 0.18594985 0.18214275 0.1929256  0.02678469]
2024-01-29 12:42:26,803 - INFO - [0.01248146 0.827      0.20718819 0.20624481 0.18623644 0.1823978  0.19321837 0.02471441]
2024-01-29 12:42:34,793 - INFO - [0.01247631 0.827      0.2074917  0.20655896 0.18637383 0.18250774 0.19336191 0.0237059 ]
2024-01-29 12:42:42,822 - INFO - [0.01247388 0.827      0.20764551 0.2067139  0.1864415  0.18255788 0.19343264 0.02320856]
2024-01-29 12:42:50,820 - INFO - [0.01247267 0.827      0.20771044 0.20678003 0.1864801  0.18257827 0.19347608 0.02297509]
2024-01-29 12:42:58,893 - INFO - [0.01247204 0.827      0.20774548 0.20681566 0.18649802 0.18259814 0.1934898  0.02285292]
2024-01-29 12:43:06,870 - INFO - [0.01247173 0.827      0.207753   0.20685112 0.18651126 0.18259099 0.19349237 0.02280122]
2024-01-29 12:43:14,838 - INFO - [0.01247161 0.827      0.20775829 0.20685694 0.18649948 0.18261112 0.19350269 0.02277148]
2024-01-29 12:43:22,775 - INFO - [0.01247157 0.827      0.20776354 0.20686272 0.1865171  0.18260165 0.19348691 0.02276802]
2024-01-29 12:43:30,753 - INFO - [0.01247158 0.827      0.20776875 0.20686847 0.1865053  0.1825951  0.1935005  0.02276181]
2024-01-29 12:43:38,697 - INFO - [0.01247151 0.827      0.20777398 0.20687421 0.18649656 0.18261531 0.19348469 0.02275525]
2024-01-29 12:43:46,663 - INFO - [0.01247152 0.827      0.20777917 0.2068799  0.18648933 0.18260582 0.19349696 0.02274881]
2024-01-29 12:43:54,583 - INFO - [0.01247134 0.827      0.20778434 0.20688555 0.18650672 0.18259633 0.19348094 0.02274617]
2024-01-29 12:44:02,503 - INFO - [0.01247142 0.827      0.20778948 0.20688832 0.18649489 0.18259209 0.19349319 0.02274208]
2024-01-29 12:44:10,403 - INFO - [0.01247137 0.827      0.20778941 0.20689394 0.18648307 0.18261233 0.19347717 0.02274418]
2024-01-29 12:44:18,302 - INFO - [0.01247148 0.827      0.20779164 0.20686993 0.18650098 0.18260284 0.19349086 0.02274379]
2024-01-29 12:44:18,318 - INFO - Successfully finished `test_optimize` after 165.997 seconds.
