2024-01-29 13:48:15,901 - INFO - Logging into directory _output/exp_good_weights/20240129/20240129_134815.
2024-01-29 13:48:15,904 - INFO - Starting `test_optimize`.
2024-01-29 13:48:22,219 - INFO - [0.0060352 0.832     0.01      0.5       0.3       0.14      0.04      0.01     ]
2024-01-29 13:48:30,172 - INFO - [0.00375104 0.843      0.09029476 0.33297825 0.21005726 0.15936531 0.19163406 0.01567034]
2024-01-29 13:48:38,117 - INFO - [0.00379116 0.845      0.1342085  0.25174487 0.17154291 0.17590965 0.24388577 0.02270832]
2024-01-29 13:48:46,049 - INFO - [0.00399736 0.843      0.1561899  0.21133526 0.15630965 0.18503629 0.26466599 0.02646286]
2024-01-29 13:48:53,995 - INFO - [0.00414388 0.843      0.16780768 0.19107455 0.14953929 0.19176555 0.27097023 0.02884276]
2024-01-29 13:49:01,915 - INFO - [0.00422115 0.842      0.17397337 0.18070801 0.14635226 0.19505781 0.27386412 0.03004437]
2024-01-29 13:49:09,854 - INFO - [0.00426241 0.841      0.1772445  0.17540425 0.14485221 0.19667871 0.27517182 0.03064842]
2024-01-29 13:49:17,762 - INFO - [0.00428384 0.84       0.17896569 0.17269629 0.1441526  0.197466   0.27576518 0.03095433]
2024-01-29 13:49:25,674 - INFO - [0.00429517 0.84       0.17985858 0.17129751 0.14383818 0.19785166 0.27605724 0.03109673]
2024-01-29 13:49:33,581 - INFO - [0.00430079 0.84       0.18032865 0.17059588 0.14369383 0.19804147 0.27617055 0.03116952]
2024-01-29 13:49:41,517 - INFO - [0.00430355 0.84       0.1805885  0.17023616 0.1436183  0.1981284  0.2762242  0.03120448]
2024-01-29 13:49:49,440 - INFO - [0.00430511 0.84       0.18072881 0.17005531 0.14357334 0.1981692  0.27625275 0.03122065]
2024-01-29 13:49:57,396 - INFO - [0.00430205 0.84       0.18027268 0.1705343  0.14340845 0.1982991  0.27654472 0.03094078]
2024-01-29 13:50:05,320 - INFO - [0.00430419 0.84       0.18056223 0.1702043  0.14347814 0.19825037 0.27641639 0.03108863]
2024-01-29 13:50:13,261 - INFO - [0.00430556 0.84       0.18070284 0.17002365 0.14352185 0.19823144 0.27635059 0.03116961]
2024-01-29 13:50:21,185 - INFO - [0.00430215 0.84       0.18024775 0.17052814 0.14338675 0.19833164 0.27658305 0.03092268]
2024-01-29 13:50:29,117 - INFO - [0.00430444 0.84       0.18055232 0.17019819 0.14346042 0.19828278 0.27641141 0.03109486]
2024-01-29 13:50:37,051 - INFO - [0.00430562 0.84       0.18069336 0.1700348  0.14350411 0.19824985 0.27634558 0.03117224]
2024-01-29 13:50:45,018 - INFO - [0.00430223 0.84       0.18025969 0.17053916 0.14337027 0.19832748 0.27657804 0.03092531]
2024-01-29 13:50:52,948 - INFO - [0.00430423 0.84       0.1805494  0.17020917 0.14347313 0.19827867 0.27639362 0.03109606]
2024-01-29 13:51:00,965 - INFO - [0.00430555 0.84       0.18069158 0.17002836 0.14351684 0.19825953 0.27632785 0.03117586]
2024-01-29 13:51:00,979 - INFO - Successfully finished `test_optimize` after 165.075 seconds.
