2024-01-29 13:35:32,161 - INFO - Logging into directory _output/exp_uniform_weights/20240129/20240129_133532.
2024-01-29 13:35:32,163 - INFO - Starting `test_optimize`.
2024-01-29 13:35:38,444 - INFO - [0.00934438 0.831      0.16666667 0.16666667 0.16666667 0.16666667 0.16666667 0.16666667]
2024-01-29 13:35:46,374 - INFO - [0.00858895 0.833      0.18761951 0.1877465  0.17878141 0.17129588 0.17785704 0.09669973]
2024-01-29 13:35:54,293 - INFO - [0.0083254  0.833      0.19842978 0.19835824 0.18506663 0.17320234 0.18336584 0.06157718]
2024-01-29 13:36:02,193 - INFO - [0.00828741 0.833      0.2034121  0.20169874 0.18524723 0.17215885 0.18443137 0.05305172]
2024-01-29 13:36:10,117 - INFO - [0.00829047 0.833      0.20471276 0.2028137  0.18486544 0.17100537 0.18426222 0.05234055]
2024-01-29 13:36:18,002 - INFO - [0.00829237 0.833      0.20533325 0.20337483 0.18466596 0.17041664 0.1841782  0.05203109]
2024-01-29 13:36:25,898 - INFO - [0.00829349 0.833      0.20564872 0.20365699 0.18455631 0.1701175  0.18413405 0.05188638]
2024-01-29 13:36:33,787 - INFO - [0.00829389 0.833      0.20579992 0.20380127 0.18450119 0.16996832 0.18411595 0.05181339]
2024-01-29 13:36:41,687 - INFO - [0.00829414 0.833      0.2058837  0.20387767 0.18447515 0.16989245 0.18410869 0.05176231]
2024-01-29 13:36:49,568 - INFO - [0.00829418 0.833      0.20590709 0.20391552 0.18446666 0.16985571 0.18410805 0.05174697]
2024-01-29 13:36:57,584 - INFO - [0.00829427 0.833      0.20594363 0.203934   0.18445128 0.16983283 0.18410291 0.0517354 ]
2024-01-29 13:37:05,491 - INFO - [0.00829441 0.833      0.20595384 0.20394054 0.18444313 0.16981971 0.18409999 0.05174283]
2024-01-29 13:37:13,426 - INFO - [0.00829445 0.833      0.20596048 0.20394601 0.18444307 0.1698167  0.18410242 0.05173125]
2024-01-29 13:37:21,340 - INFO - [0.0082944  0.833      0.20595627 0.20394877 0.18444206 0.16981524 0.18410067 0.05173701]
2024-01-29 13:37:29,266 - INFO - [0.0082944  0.833      0.20596372 0.20395048 0.18444116 0.16981427 0.18410167 0.0517287 ]
2024-01-29 13:37:37,164 - INFO - [0.00829438 0.833      0.20596448 0.20395204 0.18444152 0.16981557 0.18410316 0.05172322]
2024-01-29 13:37:45,085 - INFO - [0.00829451 0.833      0.20595874 0.2039519  0.18444182 0.1698126  0.18410087 0.05173399]
2024-01-29 13:37:53,005 - INFO - [0.00829454 0.833      0.20597525 0.20395012 0.18443605 0.16981001 0.18409817 0.05173033]
2024-01-29 13:38:00,902 - INFO - [0.00829452 0.833      0.20598325 0.20394914 0.18443295 0.16980802 0.18409809 0.05172851]
2024-01-29 13:38:08,774 - INFO - [0.00829456 0.833      0.20598254 0.20394994 0.184434   0.16980904 0.18409887 0.05172553]
2024-01-29 13:38:16,673 - INFO - [0.00829449 0.833      0.20598103 0.20395136 0.1844345  0.16980961 0.18409969 0.05172376]
2024-01-29 13:38:16,690 - INFO - Successfully finished `test_optimize` after 164.527 seconds.
