2024-01-29 15:37:13,659 - INFO - Logging into directory _output/exp_good_weights/20240129/20240129_153713.
2024-01-29 15:37:13,662 - INFO - Starting `test_optimize`.
2024-01-29 15:37:20,161 - INFO - [0.0168577 0.797     0.01      0.5       0.3       0.14      0.04      0.01     ]
2024-01-29 15:37:28,301 - INFO - [0.01562782 0.804      0.07248854 0.30950928 0.20346728 0.15719038 0.15982556 0.09751896]
2024-01-29 15:37:36,435 - INFO - [0.01614675 0.805      0.1040306  0.22313803 0.16692945 0.17007546 0.20682068 0.1290057 ]
2024-01-29 15:37:44,794 - INFO - [0.01657687 0.806      0.12495512 0.18285817 0.15158443 0.17982595 0.22120996 0.13956638]
2024-01-29 15:37:52,930 - INFO - [0.0168654  0.804      0.13282968 0.16073109 0.14351326 0.18318501 0.22939119 0.15034978]
2024-01-29 15:38:01,030 - INFO - [0.01698467 0.803      0.13807029 0.15085664 0.14081503 0.18574271 0.22921738 0.15529796]
2024-01-29 15:38:09,138 - INFO - [0.0169987  0.802      0.14271803 0.14775665 0.14052632 0.18849154 0.22835822 0.15214926]
2024-01-29 15:38:17,248 - INFO - [0.01699748 0.802      0.1454633  0.14662208 0.14072309 0.19031028 0.22671425 0.15016702]
2024-01-29 15:38:25,336 - INFO - [0.01699732 0.802      0.14684525 0.14604463 0.14084263 0.19119573 0.22575796 0.14931375]
2024-01-29 15:38:33,418 - INFO - [0.01699752 0.802      0.14753632 0.14575012 0.14090201 0.19162337 0.22525063 0.14893749]
2024-01-29 15:38:41,546 - INFO - [0.0169978  0.802      0.14787401 0.14559191 0.14093141 0.19182096 0.2250136  0.14876814]
2024-01-29 15:38:49,625 - INFO - [0.01699814 0.802      0.14804332 0.14551173 0.14094581 0.19191602 0.22488934 0.14869374]
2024-01-29 15:38:57,731 - INFO - [0.01699837 0.802      0.14812721 0.14546253 0.14095359 0.19195107 0.22483902 0.14866659]
2024-01-29 15:39:06,088 - INFO - [0.01699864 0.802      0.14817028 0.14543639 0.14095767 0.19196369 0.22480857 0.14866337]
2024-01-29 15:39:14,307 - INFO - [0.01699873 0.802      0.14819114 0.1454273  0.14096132 0.19197874 0.22478697 0.14865443]
2024-01-29 15:39:22,420 - INFO - [0.01699859 0.802      0.14820309 0.14542744 0.14095683 0.19199415 0.22477943 0.14863905]
2024-01-29 15:39:30,671 - INFO - [0.01699852 0.802      0.14820647 0.14543132 0.14095719 0.19200192 0.2247725  0.14863054]
2024-01-29 15:39:38,780 - INFO - [0.01699858 0.802      0.14820807 0.14542671 0.14095642 0.19199835 0.22477622 0.14863423]
2024-01-29 15:39:46,908 - INFO - [0.01699843 0.802      0.14820868 0.14543156 0.14095213 0.19200948 0.22477846 0.14861971]
2024-01-29 15:39:55,019 - INFO - [0.01699871 0.802      0.14821152 0.14542341 0.14095673 0.19199839 0.22477332 0.14863652]
2024-01-29 15:40:03,159 - INFO - [0.01699865 0.802      0.14821164 0.1454172  0.1409601  0.19199124 0.22477214 0.14864774]
2024-01-29 15:40:03,178 - INFO - Successfully finished `test_optimize` after 169.516 seconds.
