2024-01-29 11:59:03,101 - INFO - Logging into directory _output/exp_uniform_weights/20240129/20240129_115903.
2024-01-29 11:59:03,104 - INFO - Starting `test_optimize`.
2024-01-29 11:59:09,514 - INFO - [0.02358361 0.806      0.16666667 0.16666667 0.16666667 0.16666667 0.16666667 0.16666667]
2024-01-29 11:59:17,469 - INFO - [0.02289998 0.807      0.1764428  0.18230966 0.15810312 0.16718663 0.22138231 0.09457549]
2024-01-29 11:59:25,445 - INFO - [0.02278922 0.807      0.17849292 0.18721661 0.15118617 0.16708961 0.2431049  0.07290971]
2024-01-29 11:59:33,362 - INFO - [0.022795   0.809      0.17882735 0.1884556  0.14532301 0.16679791 0.25129765 0.06929854]
2024-01-29 11:59:41,293 - INFO - [0.02279557 0.809      0.17931861 0.18950559 0.14259975 0.16672011 0.25510818 0.06674777]
2024-01-29 11:59:49,195 - INFO - [0.0227948  0.809      0.17965379 0.19010551 0.14127296 0.16675341 0.25691164 0.06530266]
2024-01-29 11:59:57,133 - INFO - [0.02279436 0.809      0.17983469 0.19041397 0.14060208 0.16678579 0.25775829 0.06460521]
2024-01-29 12:00:05,119 - INFO - [0.02279418 0.809      0.17993201 0.19056849 0.14026241 0.16680939 0.2581602  0.06426749]
2024-01-29 12:00:13,177 - INFO - [0.02279404 0.809      0.17998666 0.19065183 0.1400933  0.16682604 0.2583496  0.06409253]
2024-01-29 12:00:21,072 - INFO - [0.0227939  0.809      0.18001071 0.19069326 0.14000447 0.16683765 0.25844097 0.06401297]
2024-01-29 12:00:28,996 - INFO - [0.02279387 0.809      0.18002506 0.19071069 0.13996042 0.16684107 0.25848672 0.06397608]
2024-01-29 12:00:36,905 - INFO - [0.02279372 0.809      0.18002817 0.1907243  0.13993815 0.16685103 0.25851354 0.06394486]
2024-01-29 12:00:44,819 - INFO - [0.02279384 0.809      0.18003641 0.19073531 0.1399285  0.16684809 0.25850612 0.06394552]
2024-01-29 12:00:52,717 - INFO - [0.02279381 0.809      0.18003291 0.19073416 0.13991991 0.16684775 0.25851753 0.06394778]
2024-01-29 12:01:00,644 - INFO - [0.02279379 0.809      0.1800372  0.19074042 0.13991736 0.16685289 0.25852075 0.06393134]
2024-01-29 12:01:08,548 - INFO - [0.02279384 0.809      0.18003194 0.19073437 0.13991302 0.16685385 0.25852466 0.06394212]
2024-01-29 12:01:16,471 - INFO - [0.02279374 0.809      0.18003219 0.19073619 0.13991188 0.16685496 0.25853369 0.06393112]
2024-01-29 12:01:24,360 - INFO - [0.02279376 0.809      0.18003184 0.19073607 0.13991204 0.16685545 0.25854126 0.06392334]
2024-01-29 12:01:32,294 - INFO - [0.02279373 0.809      0.18003029 0.19073415 0.13991348 0.16685639 0.25854549 0.06392019]
2024-01-29 12:01:40,177 - INFO - [0.02279375 0.809      0.18002769 0.19073315 0.1399138  0.16685385 0.25855124 0.0639203 ]
2024-01-29 12:01:48,090 - INFO - [0.02279376 0.809      0.1800248  0.19073364 0.1399101  0.16685531 0.25855568 0.06392047]
2024-01-29 12:01:48,125 - INFO - Successfully finished `test_optimize` after 165.022 seconds.
