2024-01-29 16:39:13,810 - INFO - Logging into directory _output/exp_011000/20240129_163913__4294967146.
2024-01-29 16:39:13,814 - INFO - Starting `test_optimize`.
2024-01-29 16:39:25,564 - INFO - [0.02402311 0.794      0.001      0.498      0.498      0.001      0.001      0.001     ]
2024-01-29 16:39:41,450 - INFO - [0.02022252 0.81       0.09757816 0.33584589 0.33119297 0.09335241 0.11864915 0.02338139]
2024-01-29 16:39:55,814 - INFO - [0.0198058  0.811      0.14257918 0.26612288 0.25888231 0.13457574 0.15824886 0.03959107]
2024-01-29 16:40:07,603 - INFO - [0.01995548 0.81       0.16645613 0.23205052 0.22201642 0.15406975 0.178532   0.04687515]
2024-01-29 16:40:20,933 - INFO - [0.0200917  0.81       0.18039931 0.21520744 0.20355019 0.16526985 0.18333064 0.05224253]
2024-01-29 16:40:37,774 - INFO - [0.02016968 0.81       0.18772596 0.20540538 0.1977872  0.17063674 0.18471615 0.05372857]
2024-01-29 16:40:52,581 - INFO - [0.02020423 0.81       0.19070756 0.19993153 0.19772707 0.17286259 0.18476494 0.05400635]
2024-01-29 16:41:09,037 - INFO - [0.02022301 0.81       0.19227163 0.19708319 0.19770834 0.17402077 0.18478353 0.05413248]
2024-01-29 16:41:22,555 - INFO - [0.02023278 0.811      0.19309017 0.1956107  0.1976897  0.17464182 0.18477534 0.05419225]
2024-01-29 16:41:37,201 - INFO - [0.0202378  0.811      0.19352086 0.19484875 0.19768597 0.17496467 0.18476549 0.05421433]
2024-01-29 16:41:53,594 - INFO - [0.02024052 0.811      0.19374304 0.19444466 0.19769119 0.1751384  0.18476202 0.0542207 ]
2024-01-29 16:42:09,990 - INFO - [0.02024188 0.811      0.19384599 0.19424935 0.19768044 0.17522272 0.18477403 0.05422747]
2024-01-29 16:42:23,903 - INFO - [0.0202425  0.811      0.19391713 0.19414349 0.19767788 0.17527714 0.18476321 0.0542212 ]
2024-01-29 16:42:40,712 - INFO - [0.02024277 0.811      0.19393085 0.19409725 0.19768904 0.17530175 0.18475282 0.0542283 ]
2024-01-29 16:42:55,667 - INFO - [0.02024302 0.811      0.19394433 0.19407415 0.19768527 0.1752973  0.18477176 0.05422719]
2024-01-29 16:43:12,099 - INFO - [0.02024312 0.811      0.19395781 0.19405776 0.19767413 0.17532183 0.184761   0.05422746]
2024-01-29 16:43:24,751 - INFO - [0.02024308 0.811      0.19397126 0.1940414  0.19768536 0.17531669 0.18475758 0.05422784]
2024-01-29 16:43:38,777 - INFO - [0.02024341 0.811      0.19398025 0.19402502 0.19767927 0.17531155 0.18477637 0.05422755]
2024-01-29 16:43:51,558 - INFO - [0.02024333 0.811      0.19397029 0.19403829 0.19769046 0.17530642 0.18476583 0.05422864]
2024-01-29 16:44:02,028 - INFO - [0.02024319 0.811      0.19398361 0.19404282 0.19768825 0.17530212 0.18475609 0.05422716]
2024-01-29 16:44:15,528 - INFO - [0.02024348 0.811      0.19397065 0.19402643 0.19767441 0.17532615 0.18477471 0.05422755]
2024-01-29 16:44:15,547 - INFO - Successfully finished `test_optimize` after 301.733 seconds.
