2024-01-29 12:05:20,002 - INFO - Logging into directory _output/exp_bad_weights/20240129/20240129_120519.
2024-01-29 12:05:20,007 - INFO - Starting `test_optimize`.
2024-01-29 12:05:26,354 - INFO - [0.04264604 0.694      0.001      0.001      0.001      0.001      0.001      0.995     ]
2024-01-29 12:05:34,329 - INFO - [0.01440325 0.819      0.23082772 0.19639641 0.18908121 0.17731822 0.20527545 0.00110112]
2024-01-29 12:05:42,298 - INFO - [0.01448474 0.82       0.22255741 0.19033507 0.18768069 0.16300634 0.21701296 0.0194075 ]
2024-01-29 12:05:50,245 - INFO - [0.01452931 0.819      0.21855785 0.18741953 0.18719372 0.15593216 0.22263616 0.02826053]
2024-01-29 12:05:58,199 - INFO - [0.0145542  0.819      0.21661985 0.18601023 0.18705349 0.15242884 0.22532719 0.03256038]
2024-01-29 12:06:06,137 - INFO - [0.01456671 0.817      0.21566668 0.18534262 0.18702286 0.15070255 0.22661515 0.03465014]
2024-01-29 12:06:14,169 - INFO - [0.01457292 0.817      0.21520932 0.18500547 0.18703842 0.14984818 0.22723427 0.03566434]
2024-01-29 12:06:22,100 - INFO - [0.01457584 0.817      0.21499845 0.18484713 0.18705593 0.14941154 0.22752559 0.03616134]
2024-01-29 12:06:30,070 - INFO - [0.01457711 0.817      0.21488011 0.1847766  0.18707344 0.14919962 0.22766773 0.03640256]
2024-01-29 12:06:38,005 - INFO - [0.01457792 0.817      0.21482141 0.18473595 0.18708488 0.14909096 0.22774923 0.03651753]
2024-01-29 12:06:45,962 - INFO - [0.0145782  0.817      0.21479256 0.18472515 0.18709014 0.14904195 0.22777221 0.03657793]
2024-01-29 12:06:53,896 - INFO - [0.0145784  0.817      0.21479025 0.18471435 0.18707791 0.14902274 0.2277922  0.0366025 ]
2024-01-29 12:07:01,854 - INFO - [0.01457856 0.817      0.21479118 0.1847042  0.18707588 0.14900358 0.22780363 0.0366215 ]
2024-01-29 12:07:09,782 - INFO - [0.01457866 0.817      0.2147921  0.18469368 0.18709284 0.1489988  0.22779681 0.03662572]
2024-01-29 12:07:17,742 - INFO - [0.01457864 0.817      0.21479303 0.18469904 0.18708064 0.14900881 0.22778998 0.03662846]
2024-01-29 12:07:25,666 - INFO - [0.01457841 0.817      0.21478799 0.18471645 0.18708895 0.14899155 0.2277832  0.03663188]
2024-01-29 12:07:33,603 - INFO - [0.01457845 0.817      0.21478894 0.1847057  0.18708247 0.14900215 0.22779056 0.03663024]
2024-01-29 12:07:41,487 - INFO - [0.01457857 0.817      0.21478988 0.18469498 0.18707125 0.14900896 0.22780202 0.03663296]
2024-01-29 12:07:49,453 - INFO - [0.01457859 0.817      0.21479058 0.18470186 0.18708755 0.14899194 0.22779523 0.03663284]
2024-01-29 12:07:57,416 - INFO - [0.01457848 0.817      0.21479152 0.1847122  0.18707536 0.14900249 0.22778842 0.03663001]
2024-01-29 12:08:05,451 - INFO - [0.01457858 0.817      0.21479163 0.18470162 0.18708345 0.14901075 0.22778377 0.03662872]
2024-01-29 12:08:05,472 - INFO - Successfully finished `test_optimize` after 165.465 seconds.
