2024-01-29 11:44:38,523 - INFO - Logging into directory _output/exp_uniform_weights/20240129/20240129_114438.
2024-01-29 11:44:38,525 - INFO - Starting `test_optimize`.
2024-01-29 11:44:44,926 - INFO - [0.0051939  0.837      0.16666667 0.16666667 0.16666667 0.16666667 0.16666667 0.16666667]
2024-01-29 11:44:52,950 - INFO - [0.00453182 0.841      0.17224678 0.16805507 0.15538225 0.18180998 0.22614798 0.09635796]
2024-01-29 11:45:00,957 - INFO - [0.00436763 0.842      0.17622931 0.16897453 0.14937653 0.18989776 0.25314465 0.06237723]
2024-01-29 11:45:08,948 - INFO - [0.00432638 0.841      0.1784101  0.16944656 0.14645012 0.1940282  0.26558885 0.04607612]
2024-01-29 11:45:16,947 - INFO - [0.00431352 0.841      0.17957386 0.16967227 0.14500208 0.19611272 0.2713421  0.03829701]
2024-01-29 11:45:24,990 - INFO - [0.00430916 0.84       0.1801919  0.16976754 0.14428118 0.19716789 0.27399984 0.03459165]
2024-01-29 11:45:32,983 - INFO - [0.00430355 0.84       0.18001896 0.17040585 0.14377566 0.19778596 0.27545276 0.03256089]
2024-01-29 11:45:40,961 - INFO - [0.00430488 0.84       0.18042806 0.17013586 0.14367002 0.19800574 0.27589506 0.03186533]
2024-01-29 11:45:48,972 - INFO - [0.00430582 0.84       0.18062881 0.16999166 0.14361724 0.19810624 0.27612215 0.03153389]
2024-01-29 11:45:56,937 - INFO - [0.00430223 0.84       0.18021004 0.17052571 0.14342827 0.19826612 0.27647403 0.03109583]
2024-01-29 11:46:04,921 - INFO - [0.00430433 0.84       0.18052956 0.17019579 0.14350167 0.19824719 0.27634895 0.03117684]
2024-01-29 11:46:12,896 - INFO - [0.0043055  0.84       0.18069996 0.17004442 0.14352193 0.19822834 0.27629358 0.03121176]
2024-01-29 11:46:20,911 - INFO - [0.00430206 0.84       0.18024494 0.1705485  0.14338166 0.19832517 0.27656361 0.03093616]
2024-01-29 11:46:28,877 - INFO - [0.00430422 0.84       0.18053468 0.17021826 0.14345524 0.19827631 0.27642283 0.03109275]
2024-01-29 11:46:36,877 - INFO - [0.00430559 0.84       0.18069452 0.17003742 0.14349893 0.19824855 0.27635697 0.03116359]
2024-01-29 11:46:44,839 - INFO - [0.00430217 0.84       0.18025266 0.17054175 0.143364   0.19833027 0.27658939 0.03092195]
2024-01-29 11:46:52,843 - INFO - [0.00430425 0.84       0.18054245 0.17021178 0.1434665  0.19828141 0.27640432 0.03109356]
2024-01-29 11:47:00,862 - INFO - [0.00430559 0.84       0.18070996 0.17003095 0.14351021 0.19824071 0.27633852 0.03116961]
2024-01-29 11:47:08,855 - INFO - [0.00430218 0.84       0.18025489 0.17053536 0.14337522 0.19834076 0.27657104 0.03092277]
2024-01-29 11:47:16,822 - INFO - [0.00430433 0.84       0.18054473 0.17020537 0.14347281 0.19828196 0.27640206 0.03109307]
2024-01-29 11:47:24,865 - INFO - [0.00430552 0.84       0.18068677 0.17002699 0.14351651 0.19826165 0.27633628 0.03117183]
2024-01-29 11:47:24,882 - INFO - Successfully finished `test_optimize` after 166.357 seconds.
