2024-01-29 17:45:43,876 - INFO - Logging into directory _output/exp_011100_/20240129_174543__4294967165.
2024-01-29 17:45:43,889 - INFO - Starting `test_optimize`.
2024-01-29 17:46:02,752 - INFO - [0.01679489 0.806      0.001      0.332      0.332      0.332      0.001      0.001     ]
2024-01-29 17:46:26,296 - INFO - [0.01348009 0.823      0.09568849 0.25460032 0.24995333 0.26226738 0.07600448 0.061486  ]
2024-01-29 17:46:49,174 - INFO - [0.01327922 0.823      0.14512515 0.2202367  0.2126715  0.23063135 0.11563227 0.07570302]
2024-01-29 17:47:11,850 - INFO - [0.0133437  0.821      0.17192705 0.20678201 0.19613814 0.21937509 0.11894258 0.08683512]
2024-01-29 17:47:36,097 - INFO - [0.01340604 0.821      0.18559431 0.2000259  0.1878622  0.21390547 0.12049595 0.09211612]
2024-01-29 17:48:00,266 - INFO - [0.01343501 0.821      0.19209298 0.19622441 0.18357511 0.20988472 0.1239804  0.09424236]
2024-01-29 17:48:22,739 - INFO - [0.01345012 0.821      0.1954132  0.19430038 0.18141994 0.20789549 0.12571722 0.09525378]
2024-01-29 17:48:43,362 - INFO - [0.01345791 0.821      0.19709386 0.19333056 0.18032613 0.20691833 0.12658818 0.09574285]
2024-01-29 17:49:05,974 - INFO - [0.01346022 0.821      0.19799428 0.19300352 0.18011183 0.20625861 0.12679335 0.09583841]
2024-01-29 17:49:27,235 - INFO - [0.01346086 0.821      0.19846624 0.19290721 0.18015926 0.20585509 0.12677714 0.09583507]
2024-01-29 17:49:52,378 - INFO - [0.0134612  0.821      0.19870649 0.19286098 0.18019754 0.20565517 0.12674981 0.09583001]
2024-01-29 17:50:15,057 - INFO - [0.01346121 0.821      0.19882847 0.19284989 0.18023573 0.20553467 0.12674141 0.0958098 ]
2024-01-29 17:50:38,670 - INFO - [0.01346126 0.821      0.19888997 0.1928353  0.18024446 0.20548315 0.1267401  0.09580703]
2024-01-29 17:51:00,956 - INFO - [0.01346141 0.821      0.1989198  0.19282059 0.18023412 0.20547093 0.12673722 0.09581733]
2024-01-29 17:51:23,124 - INFO - [0.01346133 0.821      0.19893242 0.19282755 0.18025839 0.20544772 0.1267315  0.09580237]
2024-01-29 17:51:47,058 - INFO - [0.01346135 0.821      0.19893792 0.19282541 0.18024835 0.20544755 0.1267343  0.09580646]
2024-01-29 17:52:09,269 - INFO - [0.01346125 0.821      0.19894488 0.19282271 0.18025585 0.20543937 0.12673631 0.09580097]
2024-01-29 17:52:31,878 - INFO - [0.0134612  0.821      0.19894607 0.19282319 0.18026055 0.2054345  0.12673654 0.09579926]
2024-01-29 17:52:53,713 - INFO - [0.01346135 0.821      0.19894756 0.1928203  0.18024823 0.20544243 0.12673454 0.09580696]
2024-01-29 17:53:14,048 - INFO - [0.01346122 0.821      0.19894795 0.1928283  0.18026353 0.2054294  0.12673612 0.09579472]
2024-01-29 17:53:27,074 - INFO - [0.01346118 0.821      0.19894829 0.19282824 0.18027294 0.20542017 0.12673844 0.09579198]
2024-01-29 17:53:27,104 - INFO - Successfully finished `test_optimize` after 463.214 seconds.
