2024-01-30 15:49:01,882 - INFO - Logging into directory _output/exp_011000/20240130_154901__4294967189.
2024-01-30 15:49:01,893 - INFO - Starting `test_optimize`.
2024-01-30 15:49:16,319 - INFO - [0.01205321 0.807      0.001      0.498      0.498      0.001      0.001      0.001     ]
2024-01-30 15:49:33,394 - INFO - [0.0076268  0.821      0.08435275 0.33740196 0.33572009 0.07547496 0.11075319 0.05629693]
2024-01-30 15:49:51,429 - INFO - [0.00641674 0.825      0.12772962 0.25777847 0.25361434 0.11810458 0.16097364 0.08179936]
2024-01-30 15:50:11,149 - INFO - [0.00609619 0.825      0.15090488 0.21800828 0.21320552 0.13861498 0.18601491 0.09325142]
2024-01-30 15:50:28,394 - INFO - [0.00598944 0.823      0.16315658 0.19775212 0.19289437 0.14915146 0.19822359 0.09882177]
2024-01-30 15:50:45,398 - INFO - [0.00594501 0.823      0.16959427 0.18742189 0.18273936 0.15455419 0.20415451 0.10153574]
2024-01-30 15:51:01,822 - INFO - [0.00592606 0.822      0.17236272 0.18249202 0.17684472 0.15768902 0.20727672 0.1033347 ]
2024-01-30 15:51:18,727 - INFO - [0.00591882 0.821      0.17389834 0.17989123 0.1744653  0.15891825 0.20893061 0.10389624]
2024-01-30 15:51:35,112 - INFO - [0.00591552 0.821      0.17469817 0.17856361 0.17328489 0.15954964 0.20973249 0.10417118]
2024-01-30 15:51:51,842 - INFO - [0.00591387 0.822      0.17511037 0.17787145 0.17270665 0.15988155 0.21012361 0.10430636]
2024-01-30 15:52:08,371 - INFO - [0.0059132  0.822      0.1753435  0.17753695 0.17240518 0.16003476 0.21030605 0.10437353]
2024-01-30 15:52:25,015 - INFO - [0.00591271 0.822      0.17545746 0.17735176 0.17225705 0.16012813 0.21039906 0.10440656]
2024-01-30 15:52:42,017 - INFO - [0.00591261 0.822      0.17551178 0.17725602 0.17219414 0.16017717 0.21043243 0.10442841]
2024-01-30 15:52:58,762 - INFO - [0.00591231 0.822      0.17553627 0.1772199  0.17216097 0.16020583 0.21044765 0.10442947]
2024-01-30 15:53:15,648 - INFO - [0.0059124  0.822      0.17556076 0.177184   0.17215738 0.16020972 0.2104512  0.10443695]
2024-01-30 15:53:33,294 - INFO - [0.00591239 0.822      0.17556575 0.17717771 0.17215192 0.1602136  0.21045476 0.10443626]
2024-01-30 15:53:50,108 - INFO - [0.00591232 0.822      0.17556044 0.17717144 0.17214867 0.16021751 0.21045834 0.10444364]
2024-01-30 15:54:07,501 - INFO - [0.0059123  0.822      0.17556995 0.17716515 0.17214538 0.16022138 0.21046187 0.10443628]
2024-01-30 15:54:24,440 - INFO - [0.00591226 0.822      0.17556643 0.17715889 0.17214213 0.16022529 0.21046545 0.10444186]
2024-01-30 15:54:41,566 - INFO - [0.00591228 0.822      0.17556152 0.17715265 0.17213888 0.16022919 0.21046902 0.10444877]
2024-01-30 15:54:57,818 - INFO - [0.00591222 0.822      0.17557099 0.17714639 0.17213562 0.16023307 0.21047257 0.10444142]
2024-01-30 15:54:57,874 - INFO - Successfully finished `test_optimize` after 355.980 seconds.
