2024-01-29 13:04:02,342 - INFO - Logging into directory _output/exp_uniform_weights/20240129/20240129_130402.
2024-01-29 13:04:02,346 - INFO - Starting `test_optimize`.
2024-01-29 13:04:08,825 - INFO - [0.02332565 0.818      0.16666667 0.16666667 0.16666667 0.16666667 0.16666667 0.16666667]
2024-01-29 13:04:16,979 - INFO - [0.02275654 0.821      0.18668075 0.18018365 0.1687391  0.19407898 0.16571188 0.10460559]
2024-01-29 13:04:25,133 - INFO - [0.02256741 0.82       0.19653873 0.18700354 0.16960685 0.20756608 0.16521128 0.07407363]
2024-01-29 13:04:33,545 - INFO - [0.02247377 0.82       0.20134893 0.19097169 0.1705299  0.2103726  0.16792557 0.05885129]
2024-01-29 13:04:41,681 - INFO - [0.02243157 0.82       0.20371222 0.19292407 0.17094459 0.21171805 0.16923113 0.05146996]
2024-01-29 13:04:49,796 - INFO - [0.02241241 0.82       0.20487791 0.19389172 0.17111953 0.21236658 0.16984648 0.0478978 ]
2024-01-29 13:04:57,932 - INFO - [0.02240341 0.82       0.20545088 0.19437884 0.17118157 0.21266814 0.17014249 0.04617805]
2024-01-29 13:05:06,042 - INFO - [0.02239913 0.82       0.20572571 0.19460477 0.17120878 0.21281953 0.17028932 0.04535189]
2024-01-29 13:05:14,188 - INFO - [0.02239705 0.82       0.20585635 0.19472939 0.17122847 0.21288842 0.17034681 0.04495053]
2024-01-29 13:05:22,295 - INFO - [0.02239598 0.82       0.20592238 0.19479474 0.17122707 0.21292089 0.17037447 0.04476047]
2024-01-29 13:05:30,426 - INFO - [0.02239562 0.82       0.20595846 0.19480775 0.1712244  0.21295077 0.1703964  0.04466222]
2024-01-29 13:05:38,548 - INFO - [0.02239545 0.82       0.20598611 0.19482076 0.17122173 0.2129529  0.17039672 0.04462177]
2024-01-29 13:05:46,675 - INFO - [0.0223953  0.82       0.2059924  0.19483368 0.17121908 0.21295699 0.17039466 0.04460317]
2024-01-29 13:05:54,796 - INFO - [0.02239517 0.82       0.20599864 0.19484642 0.17121643 0.2129591  0.17039248 0.04458695]
2024-01-29 13:06:02,944 - INFO - [0.02239537 0.82       0.20600475 0.19482958 0.17122564 0.21296115 0.17039305 0.04458573]
2024-01-29 13:06:11,051 - INFO - [0.02239528 0.82       0.20600647 0.19483835 0.17122294 0.21296322 0.17039084 0.04457811]
2024-01-29 13:06:19,180 - INFO - [0.02239526 0.82       0.20600979 0.19483903 0.17122026 0.21296529 0.17038867 0.04457692]
2024-01-29 13:06:27,297 - INFO - [0.02239525 0.82       0.20601103 0.19483428 0.17121759 0.2129674  0.1703905  0.04457923]
2024-01-29 13:06:35,440 - INFO - [0.02239517 0.82       0.20600271 0.19484685 0.17121542 0.21296945 0.17038831 0.04457726]
2024-01-29 13:06:43,552 - INFO - [0.02239528 0.82       0.20600893 0.19483343 0.17121799 0.21297152 0.17039135 0.04457678]
2024-01-29 13:06:51,679 - INFO - [0.02239531 0.82       0.2060151  0.19483112 0.17121533 0.21297359 0.17038916 0.0445757 ]
2024-01-29 13:06:51,706 - INFO - Successfully finished `test_optimize` after 169.360 seconds.
