2024-01-29 17:45:43,858 - INFO - Logging into directory _output/exp_011100_/20240129_174543__4294967172.
2024-01-29 17:45:43,862 - INFO - Starting `test_optimize`.
2024-01-29 17:46:02,379 - INFO - [0.01655875 0.798      0.001      0.332      0.332      0.332      0.001      0.001     ]
2024-01-29 17:46:23,766 - INFO - [0.01425872 0.802      0.1050653  0.25463557 0.26070535 0.2623859  0.09628442 0.02092349]
2024-01-29 17:46:44,364 - INFO - [0.01424557 0.804      0.1559297  0.21842645 0.22396967 0.2300678  0.14074743 0.03085895]
2024-01-29 17:47:06,067 - INFO - [0.01442196 0.805      0.18152995 0.20260642 0.20724951 0.21454817 0.15725796 0.03680794]
2024-01-29 17:47:27,218 - INFO - [0.0145444  0.805      0.193867   0.19424607 0.19834109 0.20707305 0.16728994 0.03918293]
2024-01-29 17:47:47,688 - INFO - [0.01461368 0.804      0.2000483  0.19006145 0.19393344 0.20342115 0.17221349 0.04032213]
2024-01-29 17:48:08,138 - INFO - [0.01464998 0.804      0.20315582 0.18796533 0.19174333 0.20164147 0.17462993 0.04086418]
2024-01-29 17:48:30,139 - INFO - [0.01466847 0.804      0.20471564 0.18692029 0.19065601 0.20076555 0.17581744 0.0411251 ]
2024-01-29 17:48:54,519 - INFO - [0.01467727 0.804      0.20549698 0.18640177 0.19011341 0.20033248 0.17640762 0.0412478 ]
2024-01-29 17:49:17,873 - INFO - [0.01468159 0.804      0.20589072 0.18612714 0.18984959 0.20013358 0.17669964 0.04129941]
2024-01-29 17:49:38,882 - INFO - [0.01468394 0.804      0.20609276 0.18599637 0.18971658 0.20002419 0.17684256 0.04132752]
2024-01-29 17:50:04,134 - INFO - [0.01468513 0.804      0.20618866 0.18592525 0.18964359 0.19997445 0.17692478 0.04134317]
2024-01-29 17:50:26,982 - INFO - [0.01468557 0.804      0.20625433 0.18588416 0.18960744 0.19995457 0.17694849 0.04135105]
2024-01-29 17:50:49,330 - INFO - [0.01468599 0.804      0.20627101 0.18587269 0.18959375 0.19993472 0.17697203 0.04135571]
2024-01-29 17:51:10,920 - INFO - [0.01468594 0.804      0.20628454 0.18586124 0.18958469 0.19994451 0.17696594 0.04135909]
2024-01-29 17:51:33,979 - INFO - [0.01468587 0.804      0.20629068 0.18586615 0.18959975 0.19992626 0.17695984 0.04135744]
2024-01-29 17:51:54,280 - INFO - [0.01468596 0.804      0.20629674 0.1858547  0.18958607 0.19993603 0.17697394 0.0413526 ]
2024-01-29 17:52:16,632 - INFO - [0.01468602 0.804      0.20630276 0.18585336 0.18957651 0.19994555 0.17696783 0.04135401]
2024-01-29 17:52:37,973 - INFO - [0.01468593 0.804      0.2063088  0.18584675 0.18959233 0.19994222 0.17696172 0.04134825]
2024-01-29 17:53:00,157 - INFO - [0.0146861  0.804      0.20631473 0.185865   0.18957882 0.19993688 0.17695563 0.04134893]
2024-01-29 17:53:18,474 - INFO - [0.01468594 0.804      0.20631556 0.18585356 0.18958779 0.19994311 0.17694955 0.04135052]
2024-01-29 17:53:18,504 - INFO - Successfully finished `test_optimize` after 454.642 seconds.
