2024-01-29 15:34:20,798 - INFO - Logging into directory _output/exp_good_weights/20240129/20240129_153420.
2024-01-29 15:34:20,802 - INFO - Starting `test_optimize`.
2024-01-29 15:34:27,330 - INFO - [0.01377694 0.808      0.01       0.5        0.3        0.14       0.04       0.01      ]
2024-01-29 15:34:35,557 - INFO - [0.01131621 0.816      0.09536114 0.33046323 0.21752492 0.14728762 0.13275784 0.07660521]
2024-01-29 15:34:43,723 - INFO - [0.01094066 0.819      0.14400308 0.25103658 0.18543808 0.15965864 0.1818759  0.07798774]
2024-01-29 15:34:52,024 - INFO - [0.01092952 0.819      0.16823013 0.21010098 0.17087977 0.16649494 0.20545398 0.07884029]
2024-01-29 15:35:00,196 - INFO - [0.01096534 0.818      0.17930736 0.19040367 0.16433801 0.17067401 0.21572621 0.07955074]
2024-01-29 15:35:08,353 - INFO - [0.01099237 0.818      0.184926   0.18086164 0.16201346 0.17299756 0.21958467 0.07961667]
2024-01-29 15:35:16,512 - INFO - [0.01100818 0.819      0.18756974 0.17611735 0.1605211  0.17439717 0.22148547 0.07990912]
2024-01-29 15:35:24,638 - INFO - [0.01101419 0.819      0.18868408 0.17373435 0.16051611 0.175116   0.22211888 0.07983058]
2024-01-29 15:35:32,807 - INFO - [0.01101756 0.819      0.1892615  0.17249614 0.16053212 0.17548332 0.22241573 0.07981124]
2024-01-29 15:35:40,937 - INFO - [0.0110188  0.819      0.18957493 0.17187032 0.16056137 0.17568788 0.22258031 0.07972521]
2024-01-29 15:35:49,108 - INFO - [0.01101947 0.819      0.18973598 0.17154408 0.16057578 0.17579453 0.22266114 0.07968856]
2024-01-29 15:35:57,241 - INFO - [0.01101978 0.819      0.18981978 0.17138018 0.16059302 0.17585006 0.22269636 0.07966062]
2024-01-29 15:36:05,487 - INFO - [0.01101994 0.819      0.18986386 0.17129049 0.16059916 0.17587602 0.22271611 0.07965442]
2024-01-29 15:36:13,759 - INFO - [0.01102013 0.819      0.18988509 0.17124785 0.16060434 0.17589167 0.22272544 0.07964554]
2024-01-29 15:36:21,954 - INFO - [0.01102004 0.819      0.18989411 0.1712279  0.16060822 0.17590021 0.22272713 0.07964247]
2024-01-29 15:36:30,224 - INFO - [0.01102018 0.819      0.18990062 0.17121525 0.16060783 0.17590167 0.2227295  0.07964511]
2024-01-29 15:36:38,508 - INFO - [0.01102015 0.819      0.18990509 0.17120716 0.16061307 0.1759035  0.22273013 0.07964102]
2024-01-29 15:36:46,789 - INFO - [0.01102016 0.819      0.18990596 0.17120412 0.16060996 0.17590411 0.22273147 0.0796444 ]
2024-01-29 15:36:54,954 - INFO - [0.01102022 0.819      0.18990733 0.17120127 0.16060972 0.17590606 0.22273161 0.07964396]
2024-01-29 15:37:03,104 - INFO - [0.01102009 0.819      0.18990932 0.17120412 0.16061813 0.17590807 0.22272995 0.07963039]
2024-01-29 15:37:11,471 - INFO - [0.01102018 0.819      0.18990964 0.17120004 0.16061237 0.17590727 0.22273101 0.07963964]
2024-01-29 15:37:11,487 - INFO - Successfully finished `test_optimize` after 170.686 seconds.
