2024-01-29 16:28:05,083 - INFO - Logging into directory _output/exp_nice_weights/20240129_162805__4294967171.
2024-01-29 16:28:05,086 - INFO - Starting `test_optimize`.
2024-01-29 16:28:18,240 - INFO - [0.02591898 0.807      0.332      0.332      0.332      0.001      0.001      0.001     ]
2024-01-29 16:28:33,905 - INFO - [0.02291584 0.821      0.26121202 0.25373721 0.24094303 0.10149217 0.07684464 0.06577104]
2024-01-29 16:28:49,554 - INFO - [0.02245562 0.819      0.23493321 0.22409762 0.2052519  0.15863597 0.12279077 0.05429062]
2024-01-29 16:29:05,165 - INFO - [0.02239772 0.82       0.22237824 0.20865986 0.18740728 0.18719254 0.14491406 0.04944804]
2024-01-29 16:29:20,737 - INFO - [0.02238231 0.82       0.21400692 0.201857   0.1793212  0.20019905 0.15785858 0.04675727]
2024-01-29 16:29:36,257 - INFO - [0.02238442 0.82       0.20990703 0.19840723 0.17527898 0.20663744 0.16422306 0.0455463 ]
2024-01-29 16:29:51,846 - INFO - [0.0223885  0.82       0.20791346 0.19665505 0.17324866 0.20982999 0.16735312 0.04499971]
2024-01-29 16:30:07,421 - INFO - [0.02239148 0.82       0.20693563 0.19575995 0.17223209 0.21141198 0.16890156 0.04475871]
2024-01-29 16:30:22,975 - INFO - [0.02239326 0.82       0.20646428 0.19529586 0.1717235  0.21218945 0.16967362 0.04465321]
2024-01-29 16:30:38,548 - INFO - [0.02239403 0.82       0.20623064 0.19507025 0.17148216 0.21257925 0.17003053 0.04460725]
2024-01-29 16:30:54,108 - INFO - [0.02239449 0.82       0.20611759 0.19496375 0.17136014 0.2127628  0.17021005 0.04458574]
2024-01-29 16:31:09,675 - INFO - [0.02239484 0.82       0.20606413 0.19490221 0.17129776 0.21285489 0.17029998 0.04458105]
2024-01-29 16:31:25,233 - INFO - [0.02239504 0.82       0.20603153 0.19485554 0.17126524 0.21291654 0.17035742 0.04457376]
2024-01-29 16:31:40,761 - INFO - [0.02239511 0.82       0.20600802 0.19483909 0.17124498 0.2129484  0.17038503 0.04457456]
2024-01-29 16:31:56,288 - INFO - [0.02239512 0.82       0.20600197 0.19483961 0.17124221 0.21295069 0.17038448 0.04458111]
2024-01-29 16:32:11,810 - INFO - [0.02239528 0.82       0.2060079  0.19483621 0.17123945 0.21295276 0.17038432 0.04457929]
2024-01-29 16:32:27,343 - INFO - [0.02239519 0.82       0.20601293 0.19483219 0.17123678 0.21295488 0.17038269 0.0445806 ]
2024-01-29 16:32:38,793 - INFO - [0.02239516 0.82       0.20599957 0.19484499 0.17123407 0.21295696 0.17038473 0.04457968]
2024-01-29 16:32:46,918 - INFO - [0.0223953  0.82       0.20600575 0.19482836 0.17123137 0.21295905 0.1703961  0.04457929]
2024-01-29 16:32:55,029 - INFO - [0.02239532 0.82       0.20601092 0.19483204 0.17122866 0.21296111 0.1703939  0.0445733 ]
2024-01-29 16:33:03,129 - INFO - [0.02239513 0.82       0.20600204 0.1948449  0.17122598 0.21296319 0.17039171 0.04457219]
2024-01-29 16:33:03,148 - INFO - Successfully finished `test_optimize` after 298.062 seconds.
