2024-01-29 11:48:08,245 - INFO - Logging into directory _output/exp_bad_weights/20240129/20240129_114808.
2024-01-29 11:48:08,248 - INFO - Starting `test_optimize`.
2024-01-29 11:48:14,630 - INFO - [0.03319098 0.724      0.001      0.001      0.001      0.001      0.001      0.995     ]
2024-01-29 11:48:22,663 - INFO - [0.00465687 0.839      0.18284282 0.15386102 0.15203463 0.16926877 0.23798738 0.10400546]
2024-01-29 11:48:30,681 - INFO - [0.00442825 0.841      0.18132447 0.16236076 0.14769486 0.18399668 0.25874436 0.06587891]
2024-01-29 11:48:38,671 - INFO - [0.00435114 0.841      0.18058647 0.16668326 0.14552203 0.1913016  0.26839986 0.04750678]
2024-01-29 11:48:46,685 - INFO - [0.004321   0.84       0.18020879 0.16885811 0.14441536 0.19491185 0.27289426 0.03871153]
2024-01-29 11:48:54,668 - INFO - [0.00430866 0.84       0.18001828 0.16995896 0.14383996 0.19668742 0.27497783 0.03451745]
2024-01-29 11:49:02,696 - INFO - [0.00430742 0.84       0.18042751 0.16991249 0.1437006  0.19747201 0.27568811 0.03279922]
2024-01-29 11:49:10,899 - INFO - [0.00430292 0.84       0.18011978 0.17047657 0.14347601 0.19795579 0.27627882 0.03169307]
2024-01-29 11:49:18,947 - INFO - [0.00430468 0.84       0.18047984 0.17017646 0.14351958 0.19809008 0.27627295 0.03146107]
2024-01-29 11:49:26,946 - INFO - [0.00430566 0.84       0.18066797 0.17002544 0.14353351 0.1981606  0.27626708 0.03134541]
2024-01-29 11:49:35,008 - INFO - [0.00430234 0.84       0.18023875 0.17052983 0.14338259 0.19829066 0.27655897 0.03099912]
2024-01-29 11:49:43,013 - INFO - [0.00430433 0.84       0.18053485 0.17019984 0.14345631 0.19824801 0.27643213 0.03112892]
2024-01-29 11:49:51,018 - INFO - [0.00430568 0.84       0.18070297 0.17001902 0.14350002 0.19822909 0.27636629 0.03118262]
2024-01-29 11:49:58,998 - INFO - [0.00430228 0.84       0.18024895 0.17052513 0.14336613 0.19832918 0.27659866 0.03093196]
2024-01-29 11:50:07,027 - INFO - [0.00430441 0.84       0.18054533 0.17019521 0.14346823 0.19828033 0.27641356 0.03109731]
2024-01-29 11:50:15,019 - INFO - [0.00430552 0.84       0.18069045 0.17001802 0.14351195 0.19825983 0.27634779 0.03117209]
2024-01-29 11:50:24,573 - INFO - [0.00430227 0.84       0.18026073 0.17052534 0.1433769  0.19833079 0.27658024 0.030926  ]
2024-01-29 11:50:34,031 - INFO - [0.00430443 0.84       0.18055044 0.17019546 0.14346431 0.19828193 0.27641034 0.0310975 ]
2024-01-29 11:50:43,497 - INFO - [0.00430547 0.84       0.18070027 0.17003773 0.14350802 0.19823729 0.27634454 0.03117219]
2024-01-29 11:50:52,941 - INFO - [0.00430221 0.84       0.18024565 0.17054211 0.143373   0.19833729 0.276577   0.03092491]
2024-01-29 11:51:02,415 - INFO - [0.00430429 0.84       0.18054333 0.17021212 0.14346717 0.19828843 0.27639422 0.03109473]
2024-01-29 11:51:02,505 - INFO - Successfully finished `test_optimize` after 174.257 seconds.
