2024-01-29 12:40:01,939 - INFO - Logging into directory _output/exp_bad_weights/20240129/20240129_124001.
2024-01-29 12:40:01,942 - INFO - Starting `test_optimize`.
2024-01-29 12:40:08,746 - INFO - [0.04571919 0.678      0.001      0.001      0.001      0.001      0.001      0.995     ]
2024-01-29 12:40:17,173 - INFO - [0.01740196 0.807      0.19071902 0.17493385 0.19481529 0.1923233  0.24593993 0.00126866]
2024-01-29 12:40:25,565 - INFO - [0.01737203 0.806      0.16868713 0.15560426 0.16069756 0.18312022 0.20720001 0.12469082]
2024-01-29 12:40:33,938 - INFO - [0.01737438 0.806      0.16789185 0.15564355 0.15323354 0.18742144 0.20623493 0.12957469]
2024-01-29 12:40:42,327 - INFO - [0.01736535 0.806      0.16801082 0.15619129 0.15004782 0.18992922 0.20607792 0.12974294]
2024-01-29 12:40:50,693 - INFO - [0.01736072 0.806      0.16810963 0.15650886 0.14850119 0.19115873 0.20597973 0.12974186]
2024-01-29 12:40:59,082 - INFO - [0.01735797 0.806      0.1681765  0.15668696 0.14774624 0.191761   0.20592798 0.12970136]
2024-01-29 12:41:07,433 - INFO - [0.01735684 0.806      0.16821054 0.15677933 0.14737141 0.19204931 0.20590374 0.12968561]
2024-01-29 12:41:15,813 - INFO - [0.01735647 0.806      0.16822246 0.15681843 0.14717567 0.19219582 0.20588267 0.12970494]
2024-01-29 12:41:24,170 - INFO - [0.01735583 0.806      0.16823836 0.15685664 0.1470996  0.19225444 0.2058768  0.12967417]
2024-01-29 12:41:32,548 - INFO - [0.01735595 0.806      0.16823943 0.15686052 0.14704524 0.19228971 0.20587111 0.129694  ]
2024-01-29 12:41:40,903 - INFO - [0.01735604 0.806      0.16823888 0.15686162 0.14701767 0.19231138 0.20586197 0.12970847]
2024-01-29 12:41:49,260 - INFO - [0.01735624 0.806      0.1682384  0.15685979 0.14700057 0.19231971 0.20586586 0.12971556]
2024-01-29 12:41:57,605 - INFO - [0.0173556  0.806      0.16824998 0.15686852 0.14700396 0.19233537 0.20587155 0.12967062]
2024-01-29 12:42:05,977 - INFO - [0.01735591 0.806      0.16824442 0.15686502 0.1469958  0.1923331  0.20586321 0.12969843]
2024-01-29 12:42:14,335 - INFO - [0.01735597 0.806      0.16824189 0.15686402 0.14699498 0.19232891 0.20586652 0.12970366]
2024-01-29 12:42:22,687 - INFO - [0.01735604 0.806      0.16824245 0.15686505 0.14699236 0.19232851 0.20586197 0.12970963]
2024-01-29 12:42:31,435 - INFO - [0.01735584 0.806      0.16824435 0.1568719  0.14699827 0.19232322 0.20586491 0.12969737]
2024-01-29 12:42:39,825 - INFO - [0.01735561 0.806      0.16825028 0.15688583 0.14701344 0.19231236 0.20587024 0.12966779]
2024-01-29 12:42:48,149 - INFO - [0.01735577 0.806      0.16824639 0.15687819 0.14700465 0.1923199  0.20586202 0.12968883]
2024-01-29 12:42:56,513 - INFO - [0.01735595 0.806      0.16824402 0.15687092 0.14699939 0.19232094 0.20586544 0.12969926]
2024-01-29 12:42:56,527 - INFO - Successfully finished `test_optimize` after 174.585 seconds.
