2024-01-30 15:49:01,756 - INFO - Logging into directory _output/exp_011000/20240130_154901__4294967182.
2024-01-30 15:49:01,764 - INFO - Starting `test_optimize`.
2024-01-30 15:49:16,252 - INFO - [0.0134133 0.811     0.001     0.498     0.498     0.001     0.001     0.001    ]
2024-01-30 15:49:34,300 - INFO - [0.00902168 0.828      0.09285989 0.33229706 0.33114988 0.0960889  0.0949529  0.05265133]
2024-01-30 15:49:53,513 - INFO - [0.0084081  0.832      0.15273111 0.26756686 0.26444465 0.13443112 0.13812031 0.04270585]
2024-01-30 15:50:12,291 - INFO - [0.00824015 0.831      0.18345317 0.23581807 0.22557564 0.15375617 0.16077413 0.04062282]
2024-01-30 15:50:29,695 - INFO - [0.00823255 0.832      0.19699983 0.22019401 0.20599033 0.16211918 0.17239563 0.04230095]
2024-01-30 15:50:46,981 - INFO - [0.0082615  0.833      0.2017791  0.21185423 0.19507001 0.1657728  0.17783922 0.04768462]
2024-01-30 15:51:04,119 - INFO - [0.00828319 0.833      0.20412557 0.20753518 0.18946066 0.16756764 0.18051243 0.05079857]
2024-01-30 15:51:21,477 - INFO - [0.00829311 0.833      0.20536408 0.2055572  0.18661171 0.16852248 0.18217216 0.05177236]
2024-01-30 15:51:40,430 - INFO - [0.00829492 0.833      0.20613959 0.20469058 0.18531434 0.16913156 0.18314525 0.05157866]
2024-01-30 15:51:57,738 - INFO - [0.00829597 0.833      0.20653157 0.20424694 0.18465693 0.16944581 0.18364029 0.05147838]
2024-01-30 15:52:15,004 - INFO - [0.00829501 0.833      0.20628084 0.20410982 0.18454833 0.16962875 0.18388206 0.05155017]
2024-01-30 15:52:32,290 - INFO - [0.00829489 0.833      0.20616052 0.20402503 0.18448003 0.16971064 0.18398806 0.05163568]
2024-01-30 15:52:50,929 - INFO - [0.00829477 0.833      0.20608215 0.20398594 0.18444923 0.16975527 0.18404163 0.05168578]
2024-01-30 15:53:08,180 - INFO - [0.00829453 0.833      0.20602657 0.20397055 0.18444374 0.16978504 0.18407185 0.05170228]
2024-01-30 15:53:24,761 - INFO - [0.00829466 0.833      0.20602235 0.20395643 0.18442664 0.16978985 0.18408163 0.05172315]
2024-01-30 15:53:41,986 - INFO - [0.00829459 0.833      0.20597982 0.20395477 0.18443869 0.16980273 0.18409403 0.05172988]
2024-01-30 15:53:58,944 - INFO - [0.00829468 0.833      0.20599489 0.20395011 0.18442748 0.16980115 0.184091   0.0517353 ]
2024-01-30 15:54:16,222 - INFO - [0.00829459 0.833      0.20601006 0.20395015 0.18442419 0.16980109 0.18409206 0.05172249]
2024-01-30 15:54:33,414 - INFO - [0.00829465 0.833      0.20600981 0.20394638 0.18442091 0.16980115 0.1840909  0.05173087]
2024-01-30 15:54:51,059 - INFO - [0.00829474 0.833      0.20600802 0.20394495 0.18442197 0.16980104 0.18409157 0.0517324 ]
2024-01-30 15:55:06,965 - INFO - [0.00829467 0.833      0.20600773 0.20394401 0.18442039 0.16980097 0.18409131 0.05173558]
2024-01-30 15:55:07,203 - INFO - Successfully finished `test_optimize` after 365.439 seconds.
