2024-01-29 17:45:44,164 - INFO - Logging into directory _output/exp_011100_/20240129_174544__4294967189.
2024-01-29 17:45:44,173 - INFO - Starting `test_optimize`.
2024-01-29 17:46:02,029 - INFO - [0.00905668 0.821      0.001      0.332      0.332      0.332      0.001      0.001     ]
2024-01-29 17:46:26,094 - INFO - [0.00603048 0.829      0.08792073 0.25453374 0.24877374 0.23713593 0.11579578 0.05584012]
2024-01-29 17:46:54,154 - INFO - [0.00580291 0.828      0.131198   0.21602559 0.20816414 0.19700469 0.16692874 0.08067887]
2024-01-29 17:47:16,401 - INFO - [0.00583376 0.825      0.15306094 0.19663544 0.18910651 0.17778023 0.19002695 0.09338993]
2024-01-29 17:47:37,891 - INFO - [0.005867   0.826      0.16433418 0.18675834 0.18045866 0.16856843 0.20057009 0.09931027]
2024-01-29 17:47:58,613 - INFO - [0.00588997 0.823      0.16996545 0.18192255 0.17620265 0.16412199 0.20550542 0.10228194]
2024-01-29 17:48:23,730 - INFO - [0.00590068 0.822      0.17267394 0.17956443 0.17411208 0.1621348  0.20809498 0.10341979]
2024-01-29 17:48:48,252 - INFO - [0.00590652 0.822      0.17407115 0.178385   0.173095   0.16115622 0.20933205 0.10396056]
2024-01-29 17:49:10,477 - INFO - [0.00590945 0.822      0.17481005 0.17778233 0.17258877 0.16068298 0.20992902 0.10420681]
2024-01-29 17:49:32,290 - INFO - [0.00591095 0.822      0.17519237 0.17747785 0.17234698 0.16044833 0.21020098 0.1043335 ]
2024-01-29 17:49:53,066 - INFO - [0.00591159 0.822      0.17537925 0.17732249 0.17222594 0.16033296 0.21035348 0.10438589]
2024-01-29 17:50:15,345 - INFO - [0.00591195 0.822      0.17547405 0.17725652 0.17216638 0.16027722 0.21041667 0.10440916]
2024-01-29 17:50:39,192 - INFO - [0.0059121  0.822      0.17552835 0.17722014 0.1721333  0.16025127 0.21045001 0.10441694]
2024-01-29 17:51:02,019 - INFO - [0.0059122  0.822      0.17555289 0.17719132 0.17213006 0.16023631 0.2104536  0.10443588]
2024-01-29 17:51:25,684 - INFO - [0.00591226 0.822      0.17555375 0.17718501 0.17212678 0.16024017 0.21045713 0.10443714]
2024-01-29 17:51:46,882 - INFO - [0.00591227 0.822      0.17557493 0.17717871 0.17212352 0.16023238 0.21046066 0.10442978]
2024-01-29 17:52:09,270 - INFO - [0.00591221 0.822      0.17556961 0.17717242 0.17212027 0.16023621 0.21046421 0.10443733]
2024-01-29 17:52:31,196 - INFO - [0.0059123  0.822      0.17556438 0.17716615 0.17211702 0.16024008 0.21046776 0.10444458]
2024-01-29 17:52:51,747 - INFO - [0.00591222 0.822      0.1755736  0.17715999 0.17211379 0.16024397 0.2104713  0.10443732]
2024-01-29 17:53:12,549 - INFO - [0.00591231 0.822      0.17556833 0.17716651 0.17211068 0.16023478 0.21047485 0.10444483]
2024-01-29 17:53:26,783 - INFO - [0.00591234 0.822      0.17557114 0.17716038 0.17210743 0.16023865 0.2104784  0.10444391]
2024-01-29 17:53:26,812 - INFO - Successfully finished `test_optimize` after 462.639 seconds.
