2024-01-29 16:39:13,413 - INFO - Logging into directory _output/exp_011000/20240129_163913__4294967159.
2024-01-29 16:39:13,417 - INFO - Starting `test_optimize`.
2024-01-29 16:39:25,373 - INFO - [0.01963449 0.801      0.001      0.498      0.498      0.001      0.001      0.001     ]
2024-01-29 16:39:36,684 - INFO - [0.01556073 0.812      0.07976338 0.31822917 0.30483103 0.07406395 0.15922283 0.06388969]
2024-01-29 16:39:52,499 - INFO - [0.01565016 0.813      0.1309918  0.24286498 0.22425248 0.12258619 0.18620698 0.09309746]
2024-01-29 16:40:07,959 - INFO - [0.01599135 0.807      0.15697289 0.20708662 0.18481417 0.14540838 0.19999033 0.10572764]
2024-01-29 16:40:18,820 - INFO - [0.0161942  0.81       0.17033026 0.18917981 0.16555196 0.15684821 0.20653506 0.11155459]
2024-01-29 16:40:32,312 - INFO - [0.01630419 0.809      0.17720889 0.18018375 0.15611099 0.16260082 0.20963101 0.11426455]
2024-01-29 16:40:48,202 - INFO - [0.01636373 0.809      0.18072829 0.17566174 0.15148257 0.16549243 0.21110602 0.11552897]
2024-01-29 16:41:03,890 - INFO - [0.01639448 0.809      0.18253686 0.17338987 0.14921376 0.16693579 0.21180601 0.11611776]
2024-01-29 16:41:18,076 - INFO - [0.01641013 0.809      0.18345264 0.17225027 0.14809382 0.16766615 0.21213652 0.11640064]
2024-01-29 16:41:33,652 - INFO - [0.01641166 0.809      0.18431646 0.17225569 0.14755452 0.16753122 0.21202324 0.1163189 ]
2024-01-29 16:41:49,011 - INFO - [0.01641803 0.809      0.18441086 0.17175236 0.14727531 0.16794531 0.21217726 0.11643884]
2024-01-29 16:42:02,743 - INFO - [0.01641673 0.809      0.18517472 0.17232414 0.14716788 0.16645518 0.21233036 0.11654773]
2024-01-29 16:42:18,335 - INFO - [0.0164183  0.809      0.18500845 0.17202641 0.14709146 0.16706914 0.2122957  0.11650889]
2024-01-29 16:42:33,924 - INFO - [0.01641659 0.809      0.18541139 0.17241749 0.14707071 0.1662257  0.21234064 0.1165341 ]
2024-01-29 16:42:49,532 - INFO - [0.01642095 0.809      0.18492422 0.17179774 0.14703728 0.16729282 0.21238233 0.11656557]
2024-01-29 16:43:00,699 - INFO - [0.01641804 0.809      0.18541971 0.17236064 0.1470491  0.16613089 0.21244393 0.11659569]
2024-01-29 16:43:15,853 - INFO - [0.01641857 0.809      0.18519351 0.17211358 0.14703101 0.16676889 0.21235672 0.11653631]
2024-01-29 16:43:31,640 - INFO - [0.01641646 0.809      0.18542802 0.1723986  0.14703691 0.16632745 0.21230982 0.1164992 ]
2024-01-29 16:43:44,513 - INFO - [0.01642084 0.809      0.18492013 0.17178497 0.14701889 0.16736434 0.21236055 0.11655109]
2024-01-29 16:43:53,727 - INFO - [0.01641797 0.809      0.18542749 0.17234792 0.14703333 0.16617256 0.21242261 0.11659617]
2024-01-29 16:44:05,696 - INFO - [0.01641877 0.809      0.18518445 0.17209564 0.14702603 0.16680215 0.21234466 0.11654703]
2024-01-29 16:44:05,717 - INFO - Successfully finished `test_optimize` after 292.300 seconds.
