2024-01-29 16:28:05,332 - INFO - Logging into directory _output/exp_nice_weights/20240129_162805__4294967152.
2024-01-29 16:28:05,336 - INFO - Starting `test_optimize`.
2024-01-29 16:28:14,226 - INFO - [0.01198474 0.788      0.332      0.332      0.332      0.001      0.001      0.001     ]
2024-01-29 16:28:24,193 - INFO - [0.0079409  0.812      0.24767904 0.23612335 0.24677719 0.08593123 0.15336059 0.0301286 ]
2024-01-29 16:28:32,241 - INFO - [0.00767204 0.814      0.22212787 0.203035   0.21970133 0.11685736 0.20000765 0.03827079]
2024-01-29 16:28:44,638 - INFO - [0.00768351 0.813      0.21074179 0.18849222 0.20003906 0.13220823 0.22490145 0.0436173 ]
2024-01-29 16:28:53,835 - INFO - [0.00770887 0.814      0.2057064  0.18141277 0.1886427  0.14202978 0.23593752 0.04627078]
2024-01-29 16:29:05,270 - INFO - [0.00772971 0.814      0.20333423 0.17789283 0.18287444 0.14725739 0.24097537 0.04766577]
2024-01-29 16:29:20,733 - INFO - [0.00773468 0.814      0.20131691 0.17574354 0.17984563 0.15105172 0.24434212 0.04770002]
2024-01-29 16:29:36,189 - INFO - [0.007737   0.814      0.20034312 0.17466599 0.17831518 0.15304872 0.24587376 0.04775326]
2024-01-29 16:29:51,619 - INFO - [0.00773804 0.814      0.19987616 0.17412512 0.17753378 0.15409933 0.24657044 0.0477952 ]
2024-01-29 16:30:07,071 - INFO - [0.0077385  0.814      0.19964844 0.1738538  0.17714    0.1546434  0.24688071 0.04783364]
2024-01-29 16:30:22,519 - INFO - [0.00773858 0.814      0.19953936 0.17373036 0.17694537 0.15491989 0.24701631 0.04784869]
2024-01-29 16:30:37,956 - INFO - [0.0077387  0.814      0.19948988 0.1736661  0.17682725 0.15507588 0.24708684 0.047854  ]
2024-01-29 16:30:53,426 - INFO - [0.00773855 0.814      0.19947025 0.17363216 0.17678466 0.15515316 0.24709968 0.04786009]
2024-01-29 16:31:08,878 - INFO - [0.00773859 0.814      0.19945066 0.17362601 0.17674887 0.15519018 0.24711277 0.04787151]
2024-01-29 16:31:22,211 - INFO - [0.0077385  0.814      0.19943105 0.173605   0.17674282 0.15522671 0.24712415 0.04787024]
2024-01-29 16:31:30,205 - INFO - [0.00773845 0.814      0.19943756 0.17360058 0.17673519 0.15523359 0.24712639 0.04786672]
2024-01-29 16:31:38,200 - INFO - [0.00773853 0.814      0.19944091 0.17359646 0.17672919 0.15524048 0.24712773 0.04786522]
2024-01-29 16:31:46,331 - INFO - [0.00773855 0.814      0.1994309  0.17359234 0.17672321 0.15524735 0.24713837 0.04786782]
2024-01-29 16:31:54,516 - INFO - [0.00773856 0.814      0.19944108 0.17358823 0.17671722 0.15525413 0.2471274  0.04787194]
2024-01-29 16:32:02,577 - INFO - [0.0077386  0.814      0.19944428 0.17358413 0.17671143 0.15525331 0.24713804 0.04786884]
2024-01-29 16:32:10,741 - INFO - [0.00773868 0.814      0.19943649 0.17358004 0.17670564 0.15526006 0.247145   0.04787276]
2024-01-29 16:32:10,760 - INFO - Successfully finished `test_optimize` after 245.424 seconds.
