2024-01-29 12:59:53,168 - INFO - Logging into directory _output/exp_bad_weights/20240129/20240129_125953.
2024-01-29 12:59:53,171 - INFO - Starting `test_optimize`.
2024-01-29 12:59:59,423 - INFO - [0.04279182 0.714      0.001      0.001      0.001      0.001      0.001      0.995     ]
2024-01-29 13:00:07,412 - INFO - [0.01424188 0.83       0.19548143 0.16715842 0.17469183 0.21027412 0.24678753 0.00560668]
2024-01-29 13:00:15,310 - INFO - [0.01435228 0.83       0.17963603 0.16607209 0.16200356 0.18110248 0.24043304 0.07075283]
2024-01-29 13:00:23,200 - INFO - [0.01445905 0.83       0.17460698 0.16854779 0.15853979 0.16930705 0.23990881 0.08908962]
2024-01-29 13:00:31,102 - INFO - [0.01451712 0.831      0.17225842 0.17002782 0.15696725 0.16351362 0.23968494 0.09754792]
2024-01-29 13:00:38,976 - INFO - [0.01454719 0.831      0.17115329 0.1708781  0.15625829 0.1606628  0.23958115 0.10146639]
2024-01-29 13:00:46,879 - INFO - [0.01456097 0.831      0.17003234 0.17132255 0.15596668 0.15941215 0.23980527 0.10346103]
2024-01-29 13:00:54,761 - INFO - [0.01456738 0.831      0.16949409 0.17158771 0.15582459 0.15879099 0.23990959 0.10439305]
2024-01-29 13:01:02,660 - INFO - [0.0145703  0.831      0.16922434 0.17173359 0.15577145 0.15849383 0.23995374 0.10482305]
2024-01-29 13:01:10,536 - INFO - [0.01457171 0.831      0.16910061 0.17181955 0.15574816 0.15833783 0.23996927 0.10502449]
2024-01-29 13:01:18,564 - INFO - [0.01457235 0.831      0.16903961 0.17184627 0.15575288 0.15825531 0.2399849  0.1051211 ]
2024-01-29 13:01:26,492 - INFO - [0.01457258 0.831      0.16900842 0.17187297 0.15574451 0.15823059 0.23997077 0.10517281]
2024-01-29 13:01:34,389 - INFO - [0.01457282 0.831      0.16897891 0.171883   0.15575108 0.15820588 0.23998633 0.10519479]
2024-01-29 13:01:42,267 - INFO - [0.01457284 0.831      0.16897754 0.1718799  0.15575762 0.15821086 0.23997219 0.10520189]
2024-01-29 13:01:50,159 - INFO - [0.01457294 0.831      0.16897616 0.17187677 0.15574488 0.15820785 0.23998693 0.10520738]
2024-01-29 13:01:58,025 - INFO - [0.01457286 0.831      0.16897479 0.17187974 0.15575145 0.15821294 0.23997313 0.10520796]
2024-01-29 13:02:05,920 - INFO - [0.01457293 0.831      0.16897342 0.17188177 0.15575762 0.15819749 0.2399841  0.10520561]
2024-01-29 13:02:13,776 - INFO - [0.01457297 0.831      0.16897206 0.17187865 0.15576407 0.15820259 0.23996995 0.10521265]
2024-01-29 13:02:21,637 - INFO - [0.01457283 0.831      0.1689707  0.17188366 0.15576258 0.15820767 0.23997033 0.10520509]
2024-01-29 13:02:29,443 - INFO - [0.01457286 0.831      0.16896935 0.17188054 0.15574391 0.15821248 0.23998539 0.10520831]
2024-01-29 13:02:37,280 - INFO - [0.01457281 0.831      0.16896801 0.17187797 0.15574932 0.15821727 0.23997259 0.10521491]
2024-01-29 13:02:37,304 - INFO - Successfully finished `test_optimize` after 164.133 seconds.
