2024-01-29 16:39:13,739 - INFO - Logging into directory _output/exp_011000/20240129_163913__4294967153.
2024-01-29 16:39:13,743 - INFO - Starting `test_optimize`.
2024-01-29 16:39:26,042 - INFO - [0.01965013 0.821      0.001      0.498      0.498      0.001      0.001      0.001     ]
2024-01-29 16:39:41,371 - INFO - [0.01509643 0.835      0.1000559  0.34244841 0.33320674 0.0896479  0.08375268 0.05088829]
2024-01-29 16:39:57,277 - INFO - [0.01412774 0.834      0.14814344 0.26867965 0.2547051  0.13501415 0.1294701  0.06398757]
2024-01-29 16:40:12,899 - INFO - [0.01395285 0.836      0.17148104 0.23111147 0.21461686 0.1624207  0.15038829 0.06998158]
2024-01-29 16:40:28,805 - INFO - [0.01393165 0.836      0.18323557 0.21229285 0.19479892 0.17626831 0.16046362 0.07294071]
2024-01-29 16:40:42,505 - INFO - [0.01393927 0.836      0.18827255 0.20318393 0.18664725 0.1833007  0.1646627  0.07393295]
2024-01-29 16:40:57,684 - INFO - [0.01394332 0.836      0.19085075 0.19854601 0.18264842 0.18687731 0.16669209 0.07438537]
2024-01-29 16:41:13,087 - INFO - [0.0139453  0.836      0.19214998 0.19619979 0.18068767 0.18869236 0.167676   0.07459418]
2024-01-29 16:41:27,512 - INFO - [0.0139465  0.836      0.19281976 0.19499114 0.17972617 0.18961066 0.16815765 0.07469469]
2024-01-29 16:41:41,287 - INFO - [0.01394727 0.836      0.19316152 0.1943785  0.17924206 0.19007348 0.16839506 0.07474948]
2024-01-29 16:41:55,840 - INFO - [0.0139476  0.836      0.19332436 0.19406405 0.17902319 0.19030637 0.16851318 0.07476892]
2024-01-29 16:42:10,032 - INFO - [0.01394781 0.836      0.193427   0.19389877 0.17889667 0.19043362 0.16857167 0.07477231]
2024-01-29 16:42:23,770 - INFO - [0.01394791 0.836      0.19347055 0.19382291 0.17882979 0.19049464 0.16860032 0.07478183]
2024-01-29 16:42:37,737 - INFO - [0.01394781 0.836      0.19348432 0.19377689 0.17881578 0.19052991 0.16861178 0.0747814 ]
2024-01-29 16:42:52,034 - INFO - [0.01394786 0.836      0.19349806 0.19376066 0.17880832 0.19054542 0.16861063 0.07477693]
2024-01-29 16:43:06,091 - INFO - [0.01394794 0.836      0.19351032 0.19374442 0.17880103 0.19056047 0.16860947 0.07477423]
2024-01-29 16:43:20,077 - INFO - [0.01394804 0.836      0.19351153 0.19375648 0.17879376 0.19054615 0.16860831 0.07478374]
2024-01-29 16:43:34,908 - INFO - [0.013948   0.836      0.19352163 0.19374029 0.17878653 0.19056159 0.1686074  0.07478255]
2024-01-29 16:43:44,103 - INFO - [0.01394796 0.836      0.19350688 0.19375382 0.1787816  0.19055848 0.16861098 0.07478825]
2024-01-29 16:43:59,540 - INFO - [0.01394793 0.836      0.19351229 0.19374511 0.17879255 0.19055638 0.16860986 0.07478385]
2024-01-29 16:44:13,312 - INFO - [0.01394804 0.836      0.19352585 0.19375344 0.17878531 0.19054727 0.16860873 0.07477941]
2024-01-29 16:44:13,332 - INFO - Successfully finished `test_optimize` after 299.589 seconds.
