2024-01-29 16:28:05,144 - INFO - Logging into directory _output/exp_nice_weights/20240129_162805__4294967151.
2024-01-29 16:28:05,149 - INFO - Starting `test_optimize`.
2024-01-29 16:28:17,600 - INFO - [0.01993567 0.79       0.332      0.332      0.332      0.001      0.001      0.001     ]
2024-01-29 16:28:32,665 - INFO - [0.01545771 0.803      0.23732622 0.22917347 0.22529791 0.11504002 0.15504973 0.0381127 ]
2024-01-29 16:28:47,681 - INFO - [0.01521444 0.8        0.21143109 0.19612922 0.19234653 0.16511965 0.17036429 0.06460915]
2024-01-29 16:29:02,656 - INFO - [0.01520437 0.8        0.20069468 0.18114021 0.17718656 0.18978454 0.17247725 0.07871673]
2024-01-29 16:29:17,633 - INFO - [0.01520795 0.8        0.19506951 0.17316328 0.16899821 0.20116061 0.17675973 0.0848486 ]
2024-01-29 16:29:32,532 - INFO - [0.01521059 0.8        0.19219321 0.16899341 0.16464914 0.20643303 0.18018028 0.08755095]
2024-01-29 16:29:47,492 - INFO - [0.015212   0.8        0.19052547 0.16709168 0.16269019 0.20857722 0.18185827 0.08925702]
2024-01-29 16:30:02,441 - INFO - [0.01521508 0.8        0.18987243 0.16629548 0.16185333 0.20972644 0.18204072 0.09021159]
2024-01-29 16:30:17,412 - INFO - [0.01521704 0.8        0.18957749 0.1659144  0.16143091 0.21032293 0.18207376 0.09068048]
2024-01-29 16:30:32,398 - INFO - [0.015218   0.8        0.18944055 0.16573353 0.16122511 0.21061274 0.18208168 0.0909064 ]
2024-01-29 16:30:47,385 - INFO - [0.01521856 0.8        0.18937586 0.16563985 0.16111729 0.21076164 0.18209423 0.09101104]
2024-01-29 16:31:02,370 - INFO - [0.01521875 0.8        0.18934806 0.16559826 0.16106489 0.21082959 0.18209904 0.09106013]
2024-01-29 16:31:17,369 - INFO - [0.01521884 0.8        0.18933368 0.16557944 0.16103715 0.21086259 0.18210354 0.09108359]
2024-01-29 16:31:32,341 - INFO - [0.01521881 0.8        0.18932936 0.16556902 0.16102275 0.21087873 0.18210456 0.09109566]
2024-01-29 16:31:47,306 - INFO - [0.01521889 0.8        0.18932742 0.16556196 0.16101524 0.2108863  0.18210919 0.09109993]
2024-01-29 16:32:02,290 - INFO - [0.01521903 0.8        0.1893269  0.16556488 0.161018   0.21088412 0.18210256 0.09110346]
2024-01-29 16:32:17,278 - INFO - [0.01521898 0.8        0.18932611 0.16556413 0.16101697 0.21088593 0.1821029  0.09110393]
2024-01-29 16:32:29,617 - INFO - [0.01521898 0.8        0.18932609 0.16556217 0.1610129  0.21088755 0.18210301 0.09110828]
2024-01-29 16:32:37,617 - INFO - [0.015219   0.8        0.18932541 0.16556233 0.16101074 0.21088842 0.18210466 0.09110844]
2024-01-29 16:32:45,673 - INFO - [0.01521894 0.8        0.18932469 0.1655594  0.16101499 0.21088755 0.1821041  0.09110932]
2024-01-29 16:32:53,670 - INFO - [0.01521903 0.8        0.18932523 0.16555811 0.16101959 0.21088663 0.18210101 0.0911094 ]
2024-01-29 16:32:53,690 - INFO - Successfully finished `test_optimize` after 288.541 seconds.
