2024-01-29 17:45:44,122 - INFO - Logging into directory _output/exp_011100_/20240129_174544__4294967159.
2024-01-29 17:45:44,133 - INFO - Starting `test_optimize`.
2024-01-29 17:46:03,220 - INFO - [0.01866678 0.803      0.001      0.332      0.332      0.332      0.001      0.001     ]
2024-01-29 17:46:24,477 - INFO - [0.01560514 0.811      0.07739247 0.23293318 0.22159179 0.23129199 0.16307528 0.07371527]
2024-01-29 17:46:44,316 - INFO - [0.01590259 0.81       0.13077599 0.201067   0.18286757 0.19811876 0.18938625 0.09778444]
2024-01-29 17:47:04,939 - INFO - [0.01614824 0.809      0.15740421 0.18580379 0.16447672 0.18245138 0.20173264 0.10813126]
2024-01-29 17:47:25,282 - INFO - [0.01628413 0.809      0.17080769 0.17833535 0.15554671 0.17504454 0.20746295 0.1128027 ]
2024-01-29 17:47:47,151 - INFO - [0.01635473 0.809      0.1775654  0.17466368 0.15119573 0.17153992 0.21012728 0.11490802]
2024-01-29 17:48:07,883 - INFO - [0.01639079 0.809      0.18096897 0.17284618 0.14906763 0.16988525 0.21137205 0.11585999]
2024-01-29 17:48:29,071 - INFO - [0.01640895 0.809      0.18268792 0.171949   0.14803272 0.16910481 0.21194105 0.11628451]
2024-01-29 17:48:54,949 - INFO - [0.01641225 0.809      0.18425752 0.1723682  0.14753534 0.16720213 0.21218871 0.11644802]
2024-01-29 17:49:15,619 - INFO - [0.0164172  0.809      0.18443477 0.171893   0.14727758 0.1676984  0.21222475 0.11647151]
2024-01-29 17:49:37,623 - INFO - [0.01641637 0.809      0.18519741 0.1723963  0.14717007 0.16632773 0.21234733 0.11656117]
2024-01-29 17:49:58,230 - INFO - [0.0164199  0.809      0.18489915 0.17189205 0.14709221 0.16720217 0.21235284 0.11656152]
2024-01-29 17:50:18,968 - INFO - [0.0164176  0.809      0.18542437 0.1723983  0.14707419 0.16609399 0.21241489 0.11659422]
2024-01-29 17:50:38,845 - INFO - [0.01641967 0.809      0.18507279 0.17197508 0.1470449  0.16696772 0.21237138 0.11656823]
2024-01-29 17:50:59,088 - INFO - [0.01641752 0.809      0.18550844 0.1724485  0.14705664 0.16595602 0.21243213 0.11659829]
2024-01-29 17:51:19,792 - INFO - [0.01642066 0.809      0.1850232  0.17189102 0.1470359  0.1670569  0.21241093 0.11658202]
2024-01-29 17:51:40,379 - INFO - [0.01641802 0.809      0.18548794 0.17239559 0.14704773 0.16601428 0.21244314 0.11661134]
2024-01-29 17:52:03,246 - INFO - [0.0164197  0.809      0.18514132 0.17200683 0.14703271 0.1668631  0.21238579 0.1165703 ]
2024-01-29 17:52:24,427 - INFO - [0.01641751 0.809      0.18554248 0.17247212 0.14704451 0.16590993 0.21243055 0.11660034]
2024-01-29 17:52:44,965 - INFO - [0.01642129 0.809      0.18499623 0.17183092 0.14702696 0.16713175 0.2124192  0.11659486]
2024-01-29 17:53:06,952 - INFO - [0.01641817 0.809      0.18546191 0.17237324 0.14703882 0.16605918 0.21245144 0.11661547]
2024-01-29 17:53:07,050 - INFO - Successfully finished `test_optimize` after 442.916 seconds.
