2024-01-29 17:45:44,839 - INFO - Logging into directory _output/exp_011100_/20240129_174544__4294967188.
2024-01-29 17:45:44,859 - INFO - Starting `test_optimize`.
2024-01-29 17:46:03,860 - INFO - [0.01077644 0.838      0.001      0.332      0.332      0.332      0.001      0.001     ]
2024-01-29 17:46:26,679 - INFO - [0.00896191 0.851      0.09398091 0.24959698 0.25031096 0.23604378 0.13611257 0.03395475]
2024-01-29 17:46:51,467 - INFO - [0.00922839 0.849      0.14142811 0.21051849 0.21184757 0.19173642 0.19191201 0.05255741]
2024-01-29 17:47:13,298 - INFO - [0.00948649 0.846      0.16535443 0.19139566 0.19445789 0.17262298 0.21490416 0.06126493]
2024-01-29 17:47:37,637 - INFO - [0.00964697 0.848      0.17765465 0.18193065 0.18601063 0.16327477 0.22563797 0.06549127]
2024-01-29 17:48:02,983 - INFO - [0.00972995 0.848      0.18397927 0.17723273 0.18189631 0.15869331 0.23066716 0.06753112]
2024-01-29 17:48:24,164 - INFO - [0.00977119 0.848      0.18722872 0.17489614 0.17989175 0.15644279 0.23302554 0.06851508]
2024-01-29 17:48:49,248 - INFO - [0.00979168 0.848      0.1888942  0.17372966 0.17890617 0.15534174 0.23413719 0.06899103]
2024-01-29 17:49:12,390 - INFO - [0.0098015  0.848      0.18974473 0.17314845 0.17842238 0.15479983 0.23466271 0.0692219 ]
2024-01-29 17:49:35,712 - INFO - [0.00980607 0.848      0.19017826 0.17284681 0.17820375 0.15453874 0.23490109 0.0693314 ]
2024-01-29 17:50:00,294 - INFO - [0.00980862 0.848      0.19040264 0.17269856 0.17808697 0.15439779 0.23502426 0.0693897 ]
2024-01-29 17:50:24,243 - INFO - [0.00980978 0.848      0.19053493 0.17263539 0.17802061 0.15431972 0.2350727  0.06941664]
2024-01-29 17:50:48,083 - INFO - [0.00981029 0.848      0.1905943  0.17260204 0.17798533 0.15429729 0.23509133 0.06942976]
2024-01-29 17:51:11,242 - INFO - [0.00981052 0.848      0.19061615 0.172589   0.17797856 0.15427659 0.23510996 0.06942979]
2024-01-29 17:51:33,601 - INFO - [0.00981076 0.848      0.1906316  0.17257456 0.17797181 0.15426661 0.23512685 0.06942853]
2024-01-29 17:51:56,878 - INFO - [0.00981081 0.848      0.19064702 0.17257103 0.17796504 0.15427396 0.2351156  0.06942727]
2024-01-29 17:52:18,351 - INFO - [0.00981086 0.848      0.19065185 0.17256752 0.17795829 0.15428139 0.23510511 0.06943576]
2024-01-29 17:52:40,484 - INFO - [0.00981072 0.848      0.19063751 0.17256401 0.177967   0.15427886 0.23511814 0.06943452]
2024-01-29 17:53:03,152 - INFO - [0.00981077 0.848      0.19065291 0.17256053 0.17796032 0.15428118 0.23511179 0.06943331]
2024-01-29 17:53:17,511 - INFO - [0.00981098 0.848      0.1906465  0.17255703 0.17795357 0.15428129 0.23512951 0.06943203]
2024-01-29 17:53:25,683 - INFO - [0.00981084 0.848      0.19065747 0.17255352 0.17796946 0.15427047 0.23511827 0.06943078]
2024-01-29 17:53:25,732 - INFO - Successfully finished `test_optimize` after 460.873 seconds.
