2024-01-29 13:16:46,559 - INFO - Logging into directory _output/exp_bad_weights/20240129/20240129_131646.
2024-01-29 13:16:46,563 - INFO - Starting `test_optimize`.
2024-01-29 13:16:52,901 - INFO - [0.04090215 0.699      0.001      0.001      0.001      0.001      0.001      0.995     ]
2024-01-29 13:17:00,893 - INFO - [0.01402277 0.816      0.19468974 0.17003947 0.17512846 0.19241735 0.24081984 0.02690509]
2024-01-29 13:17:08,867 - INFO - [0.0139971  0.813      0.16668825 0.1492662  0.14731295 0.15883715 0.21156467 0.16633081]
2024-01-29 13:17:16,836 - INFO - [0.01404815 0.813      0.1653669  0.15053618 0.14567508 0.154192   0.21119627 0.17303348]
2024-01-29 13:17:24,819 - INFO - [0.01405254 0.813      0.16528465 0.15179844 0.14542513 0.15239295 0.21154395 0.17355485]
2024-01-29 13:17:32,790 - INFO - [0.01405345 0.813      0.16527392 0.15249224 0.14533766 0.15151732 0.21172199 0.17365688]
2024-01-29 13:17:40,770 - INFO - [0.01405387 0.813      0.16526715 0.15285452 0.14529285 0.15106626 0.21179394 0.17372541]
2024-01-29 13:17:48,731 - INFO - [0.01405423 0.813      0.16526185 0.15303531 0.14527102 0.15084013 0.21182784 0.17376392]
2024-01-29 13:17:56,722 - INFO - [0.01405448 0.813      0.1652599  0.15312763 0.14525348 0.15072861 0.21184584 0.17378457]
2024-01-29 13:18:04,677 - INFO - [0.01405439 0.813      0.16525955 0.15318687 0.1452533  0.15066841 0.21185128 0.17378062]
2024-01-29 13:18:12,648 - INFO - [0.0140544  0.813      0.16526201 0.15321714 0.14525223 0.15063624 0.21185063 0.17378178]
2024-01-29 13:18:20,611 - INFO - [0.01405446 0.813      0.16526276 0.1532272  0.14524868 0.15062183 0.21185181 0.17378774]
2024-01-29 13:18:28,574 - INFO - [0.01405433 0.813      0.16526127 0.15324077 0.14524975 0.15061684 0.21185105 0.17378038]
2024-01-29 13:18:36,514 - INFO - [0.01405435 0.813      0.16525944 0.15324339 0.14524688 0.1506134  0.21185569 0.17378125]
2024-01-29 13:18:44,490 - INFO - [0.01405449 0.813      0.16526176 0.15324125 0.14524448 0.15061103 0.21185462 0.17378683]
2024-01-29 13:18:52,443 - INFO - [0.01405444 0.813      0.16526327 0.15324533 0.14524257 0.15060841 0.21185696 0.17378347]
2024-01-29 13:19:00,408 - INFO - [0.01405446 0.813      0.16526411 0.1532491  0.14524445 0.15060864 0.21185264 0.17378099]
2024-01-29 13:19:08,357 - INFO - [0.01405442 0.813      0.16526334 0.15324262 0.14524296 0.1506063  0.21185839 0.17378648]
2024-01-29 13:19:16,321 - INFO - [0.01405445 0.813      0.16526355 0.1532426  0.14524154 0.15060651 0.21185659 0.17378928]
2024-01-29 13:19:24,252 - INFO - [0.01405442 0.813      0.16526823 0.1532456  0.14524323 0.15061034 0.21185166 0.17378096]
2024-01-29 13:19:33,571 - INFO - [0.01405441 0.813      0.16526677 0.15325093 0.1452447  0.15060763 0.21184868 0.17378126]
2024-01-29 13:19:33,591 - INFO - Successfully finished `test_optimize` after 167.028 seconds.
