2024-01-29 15:22:44,672 - INFO - Logging into directory _output/exp_good_weights/20240129/20240129_152244.
2024-01-29 15:22:44,676 - INFO - Starting `test_optimize`.
2024-01-29 15:22:51,024 - INFO - [0.02165092 0.796      0.01       0.5        0.3        0.14       0.04       0.01      ]
2024-01-29 15:22:58,998 - INFO - [0.01924926 0.799      0.08744457 0.33227396 0.21786356 0.14100614 0.13941975 0.08199214]
2024-01-29 15:23:06,971 - INFO - [0.01913425 0.805      0.13668503 0.26071879 0.18947552 0.15261121 0.15141265 0.10909683]
2024-01-29 15:23:14,915 - INFO - [0.01918841 0.805      0.16133083 0.2223627  0.17676823 0.16035736 0.15736692 0.12181397]
2024-01-29 15:23:22,886 - INFO - [0.0192405  0.802      0.172655   0.20214552 0.1702286  0.16718386 0.16026218 0.1275249 ]
2024-01-29 15:23:30,835 - INFO - [0.01928314 0.802      0.17947228 0.19236861 0.16742818 0.16750237 0.16241789 0.13081059]
2024-01-29 15:23:38,848 - INFO - [0.01931147 0.802      0.18229426 0.18833214 0.16621801 0.16711468 0.16295713 0.13308366]
2024-01-29 15:23:47,516 - INFO - [0.01932587 0.802      0.18377399 0.186248   0.16563709 0.16693713 0.1632573  0.13414639]
2024-01-29 15:23:59,397 - INFO - [0.01933302 0.802      0.18453804 0.1851671  0.1653527  0.16687733 0.16342229 0.13464253]
2024-01-29 15:24:11,239 - INFO - [0.01933646 0.802      0.1849314  0.18461987 0.16521756 0.16684742 0.16351357 0.13487023]
2024-01-29 15:24:20,005 - INFO - [0.01933833 0.802      0.1851289  0.18434082 0.16515842 0.16683961 0.16355357 0.13497862]
2024-01-29 15:24:27,951 - INFO - [0.01933917 0.802      0.18523696 0.18418142 0.16512953 0.1668395  0.1635852  0.13502739]
2024-01-29 15:24:36,096 - INFO - [0.01933958 0.802      0.18528539 0.18411134 0.16510577 0.16683939 0.16361123 0.1350468 ]
2024-01-29 15:24:44,067 - INFO - [0.01933976 0.802      0.18530406 0.18407111 0.16510671 0.16683929 0.16361307 0.13506576]
2024-01-29 15:24:52,053 - INFO - [0.01934001 0.802      0.18532264 0.18403399 0.16510652 0.16683914 0.16361487 0.13508286]
2024-01-29 15:25:00,012 - INFO - [0.01934009 0.802      0.18534122 0.18402356 0.16510744 0.16683902 0.16361669 0.13507199]
2024-01-29 15:25:08,004 - INFO - [0.0193401  0.802      0.18533008 0.1840132  0.16510838 0.16683891 0.16361852 0.13509095]
2024-01-29 15:25:15,994 - INFO - [0.01934003 0.802      0.18532518 0.18402629 0.16510931 0.16683879 0.16362034 0.13508008]
2024-01-29 15:25:23,989 - INFO - [0.01934004 0.802      0.1853386  0.1840221  0.16510919 0.16683868 0.16362216 0.13506922]
2024-01-29 15:25:31,972 - INFO - [0.0193402  0.802      0.18532737 0.18401179 0.1651101  0.16683854 0.16362396 0.13508815]
2024-01-29 15:25:39,974 - INFO - [0.01933997 0.802      0.18533266 0.18402907 0.16510104 0.16683839 0.16362157 0.13507728]
2024-01-29 15:25:39,995 - INFO - Successfully finished `test_optimize` after 175.319 seconds.
