2024-01-30 15:49:01,531 - INFO - Logging into directory _output/exp_011000/20240130_154901__4294967176.
2024-01-30 15:49:01,534 - INFO - Starting `test_optimize`.
2024-01-30 15:49:15,338 - INFO - [0.02573182 0.786      0.001      0.498      0.498      0.001      0.001      0.001     ]
2024-01-30 15:49:34,693 - INFO - [0.01957007 0.799      0.0924847  0.29695627 0.28329772 0.07676921 0.16689576 0.08359634]
2024-01-30 15:49:53,653 - INFO - [0.0192366  0.801      0.1376659  0.24078016 0.22320437 0.12023306 0.16337056 0.11474593]
2024-01-30 15:50:12,183 - INFO - [0.01923474 0.803      0.16263986 0.21217275 0.19444667 0.14375214 0.16266569 0.12432291]
2024-01-30 15:50:29,294 - INFO - [0.01926986 0.802      0.17540395 0.19782123 0.17996451 0.15538706 0.16235214 0.12907116]
2024-01-30 15:50:46,493 - INFO - [0.01930735 0.802      0.18083839 0.19121817 0.17286047 0.16099684 0.16177653 0.13230956]
2024-01-30 15:51:03,619 - INFO - [0.01932879 0.802      0.18365252 0.18777898 0.1692988  0.16384618 0.1615697  0.13385382]
2024-01-30 15:51:21,440 - INFO - [0.01933991 0.802      0.18510178 0.18600881 0.16751082 0.1653049  0.16148408 0.13458957]
2024-01-30 15:51:38,483 - INFO - [0.01934616 0.802      0.18586132 0.185075   0.16661675 0.16602568 0.16145751 0.13496371]
2024-01-30 15:51:56,972 - INFO - [0.0193428  0.802      0.18559693 0.18456973 0.16584498 0.16641322 0.16256265 0.13501252]
2024-01-30 15:52:14,419 - INFO - [0.01934121 0.802      0.18546641 0.18432029 0.16545826 0.16662157 0.16310121 0.13503228]
2024-01-30 15:52:31,957 - INFO - [0.01934049 0.802      0.18539555 0.18419044 0.16528027 0.16671111 0.1633714  0.13505124]
2024-01-30 15:52:49,202 - INFO - [0.01934033 0.802      0.18535462 0.18412033 0.16519171 0.16677062 0.16349249 0.13507016]
2024-01-30 15:53:06,720 - INFO - [0.01934025 0.802      0.18534341 0.18408008 0.16513306 0.16680035 0.16355395 0.13508911]
2024-01-30 15:53:24,130 - INFO - [0.01934008 0.802      0.18533231 0.18406956 0.1651042  0.16683    0.1635856  0.13507827]
2024-01-30 15:53:41,547 - INFO - [0.01933999 0.802      0.18535087 0.18405913 0.16510513 0.16682991 0.16358745 0.13506752]
2024-01-30 15:53:58,930 - INFO - [0.0193401  0.802      0.18533966 0.1840487  0.16510607 0.16682982 0.1635893  0.13508648]
2024-01-30 15:54:15,777 - INFO - [0.01934024 0.802      0.18535784 0.18403827 0.16510695 0.16682972 0.16359147 0.13507563]
2024-01-30 15:54:33,203 - INFO - [0.01934031 0.802      0.18534663 0.18402785 0.16510789 0.16682962 0.16359338 0.13509457]
2024-01-30 15:54:51,107 - INFO - [0.01934007 0.802      0.18534562 0.18403707 0.16510884 0.16682954 0.16359524 0.13508373]
2024-01-30 15:55:06,001 - INFO - [0.01934011 0.802      0.18536106 0.1840293  0.16510977 0.16682947 0.16359711 0.13507333]
2024-01-30 15:55:06,037 - INFO - Successfully finished `test_optimize` after 364.503 seconds.
