2024-01-29 13:50:56,158 - INFO - Logging into directory _output/exp_bad_weights/20240129/20240129_135056.
2024-01-29 13:50:56,161 - INFO - Starting `test_optimize`.
2024-01-29 13:51:02,409 - INFO - [0.04047387 0.692      0.001      0.001      0.001      0.001      0.001      0.995     ]
2024-01-29 13:51:10,289 - INFO - [1.18182425e-02 8.24000000e-01 2.09778085e-01 1.83614776e-01 1.59298643e-01 2.00878218e-01 2.46143892e-01 2.86427472e-04]
2024-01-29 13:51:18,188 - INFO - [0.01163521 0.822      0.21127127 0.19287047 0.16966458 0.18134534 0.19744496 0.04740342]
2024-01-29 13:51:26,062 - INFO - [0.01160812 0.821      0.21220647 0.19809234 0.17532071 0.17166464 0.17327762 0.06943827]
2024-01-29 13:51:33,953 - INFO - [0.01161539 0.822      0.21245231 0.20078354 0.1782354  0.16666999 0.16217859 0.0796802 ]
2024-01-29 13:51:41,823 - INFO - [0.01162068 0.822      0.21260341 0.202245   0.17977741 0.16414441 0.15669423 0.08453558]
2024-01-29 13:51:49,705 - INFO - [0.01162326 0.822      0.21268763 0.20302776 0.18058629 0.16286533 0.15398993 0.08684312]
2024-01-29 13:51:57,572 - INFO - [0.01162437 0.822      0.21271992 0.20345257 0.18101506 0.16221385 0.1526572  0.08794135]
2024-01-29 13:52:05,451 - INFO - [0.01162486 0.822      0.21275133 0.20366871 0.18121724 0.16188884 0.15201008 0.08846378]
2024-01-29 13:52:13,310 - INFO - [0.01162488 0.822      0.2127535  0.20379543 0.18132767 0.16171345 0.15169124 0.08871874]
2024-01-29 13:52:21,189 - INFO - [0.01162476 0.822      0.21275568 0.20386161 0.18139827 0.1616271  0.15152153 0.08883586]
2024-01-29 13:52:29,120 - INFO - [0.01162486 0.822      0.21275784 0.20389615 0.18141922 0.16160032 0.15144126 0.08888511]
2024-01-29 13:52:37,008 - INFO - [0.01162483 0.822      0.21276002 0.20390365 0.18144017 0.16157359 0.15140569 0.08891686]
2024-01-29 13:52:44,889 - INFO - [0.0116247  0.822      0.21276221 0.20391114 0.1814611  0.161551   0.1513851  0.08892952]
2024-01-29 13:52:52,776 - INFO - [0.0116247  0.822      0.2127644  0.20391864 0.18146324 0.16155411 0.15136485 0.08893478]
2024-01-29 13:53:00,627 - INFO - [0.01162468 0.822      0.21276654 0.20392558 0.18145438 0.16155641 0.15136127 0.08893587]
2024-01-29 13:53:08,516 - INFO - [0.01162475 0.822      0.2127687  0.20392555 0.18144552 0.16155949 0.15136354 0.08893725]
2024-01-29 13:53:16,375 - INFO - [0.01162479 0.822      0.21277077 0.20393266 0.18143778 0.16156223 0.15137218 0.08892434]
2024-01-29 13:53:24,256 - INFO - [0.01162479 0.822      0.21277292 0.20391335 0.18145871 0.16155949 0.15136716 0.08892836]
2024-01-29 13:53:32,106 - INFO - [0.01162486 0.822      0.21277505 0.2039208  0.18144985 0.16156171 0.15136226 0.08893029]
2024-01-29 13:53:39,995 - INFO - [0.01162484 0.822      0.21277721 0.20391537 0.18144195 0.16156183 0.15137143 0.08893224]
2024-01-29 13:53:40,012 - INFO - Successfully finished `test_optimize` after 163.852 seconds.
