2024-01-29 16:28:04,959 - INFO - Logging into directory _output/exp_nice_weights/20240129_162804__4294967155.
2024-01-29 16:28:04,963 - INFO - Starting `test_optimize`.
2024-01-29 16:28:17,305 - INFO - [0.0175293 0.793     0.332     0.332     0.332     0.001     0.001     0.001    ]
2024-01-29 16:28:32,225 - INFO - [0.01432229 0.806      0.24857184 0.24735174 0.24772315 0.10620078 0.06398735 0.08616512]
2024-01-29 16:28:47,150 - INFO - [0.01410465 0.803      0.21400157 0.21102019 0.20971395 0.14670357 0.09577099 0.12278961]
2024-01-29 16:29:02,079 - INFO - [0.0141385  0.803      0.19744432 0.19291155 0.18980934 0.16685161 0.11380072 0.13918248]
2024-01-29 16:29:16,968 - INFO - [0.01419606 0.802      0.18985707 0.1844997  0.18093936 0.1772636  0.12095796 0.14648233]
2024-01-29 16:29:31,885 - INFO - [0.014231   0.802      0.18624112 0.18032421 0.17660084 0.18249969 0.12446112 0.14987297]
2024-01-29 16:29:46,748 - INFO - [0.01424945 0.803      0.18451914 0.17824496 0.17447981 0.1851269  0.12618086 0.15144829]
2024-01-29 16:30:01,645 - INFO - [0.01425879 0.804      0.18370418 0.17720935 0.17343269 0.18645607 0.12700942 0.15218832]
2024-01-29 16:30:14,340 - INFO - [0.01426336 0.803      0.18330677 0.17669663 0.17292222 0.18712902 0.12742038 0.15252498]
2024-01-29 16:30:29,186 - INFO - [0.01426554 0.803      0.18311805 0.17645229 0.17268017 0.18744446 0.12762259 0.15268242]
2024-01-29 16:30:44,048 - INFO - [0.01426653 0.803      0.18302017 0.17632727 0.17255741 0.1876107  0.12773345 0.15275098]
2024-01-29 16:30:58,933 - INFO - [0.01426708 0.803      0.18298058 0.17626192 0.17249432 0.1876875  0.12778658 0.15278912]
2024-01-29 16:31:07,812 - INFO - [0.0142673  0.803      0.18297079 0.17622636 0.17246103 0.18773444 0.1278083  0.1527991 ]
2024-01-29 16:31:16,054 - INFO - [0.01426757 0.803      0.18296102 0.17621066 0.17245753 0.18775161 0.12780209 0.15281707]
2024-01-29 16:31:24,241 - INFO - [0.01426764 0.803      0.18295123 0.17620492 0.17245403 0.18776873 0.12779573 0.15282536]
2024-01-29 16:31:32,199 - INFO - [0.0142677  0.803      0.18294147 0.1761992  0.17245054 0.18777014 0.12780498 0.15283366]
2024-01-29 16:31:40,756 - INFO - [0.01426782 0.803      0.18294376 0.17619348 0.17244707 0.18777314 0.12780055 0.15284196]
2024-01-29 16:31:48,848 - INFO - [0.01426784 0.803      0.182934   0.17618777 0.17244361 0.18776421 0.12782013 0.15285026]
2024-01-29 16:31:56,812 - INFO - [0.0142679  0.803      0.18292807 0.17618206 0.17244016 0.18778129 0.12781365 0.15285477]
2024-01-29 16:32:06,169 - INFO - [0.01426791 0.803      0.1829481  0.17617635 0.1724367  0.18778794 0.12780717 0.15284368]
2024-01-29 16:32:14,241 - INFO - [0.01426801 0.803      0.18296532 0.1761709  0.17243326 0.18777621 0.12780227 0.152852  ]
2024-01-29 16:32:14,260 - INFO - Successfully finished `test_optimize` after 249.296 seconds.
