2024-01-29 16:39:13,714 - INFO - Logging into directory _output/exp_011000/20240129_163913__4294967158.
2024-01-29 16:39:13,723 - INFO - Starting `test_optimize`.
2024-01-29 16:39:24,450 - INFO - [0.02171783 0.776      0.001      0.498      0.498      0.001      0.001      0.001     ]
2024-01-29 16:39:40,655 - INFO - [0.01467795 0.798      0.14991282 0.25113061 0.25065264 0.15254925 0.15762755 0.03812718]
2024-01-29 16:39:54,628 - INFO - [0.01423167 0.802      0.17526849 0.21158545 0.21700114 0.19128026 0.16684976 0.03801491]
2024-01-29 16:40:10,195 - INFO - [0.01411647 0.805      0.18763156 0.191342   0.2011309  0.21080755 0.1709649  0.03812308]
2024-01-29 16:40:26,120 - INFO - [0.0141428  0.806      0.19071813 0.17969897 0.19066674 0.21710898 0.17019424 0.05161292]
2024-01-29 16:40:41,755 - INFO - [0.01416495 0.805      0.19237162 0.17372465 0.18559076 0.22024459 0.1699241  0.05814419]
2024-01-29 16:40:56,816 - INFO - [0.0141781  0.804      0.19324963 0.17065573 0.18313511 0.22181073 0.16983287 0.06131599]
2024-01-29 16:41:11,161 - INFO - [0.01418534 0.803      0.19371019 0.16909102 0.18194145 0.22258478 0.16981012 0.06286246]
2024-01-29 16:41:25,950 - INFO - [0.01418911 0.802      0.19396187 0.16828528 0.18136629 0.22296824 0.16980822 0.0636101 ]
2024-01-29 16:41:40,041 - INFO - [0.01419116 0.802      0.19409078 0.16786727 0.18108936 0.22317262 0.16980644 0.0639735 ]
2024-01-29 16:41:55,301 - INFO - [0.01419427 0.802      0.19389562 0.16750911 0.18114026 0.22341956 0.16956833 0.06446707]
2024-01-29 16:42:11,450 - INFO - [0.01419373 0.802      0.19405806 0.16747688 0.18098271 0.2233856  0.1697024  0.0643943 ]
2024-01-29 16:42:24,223 - INFO - [0.01419553 0.802      0.19389261 0.16729771 0.18109317 0.2235302  0.16952188 0.06466441]
2024-01-29 16:42:39,391 - INFO - [0.01419433 0.802      0.19405508 0.16735697 0.18096538 0.22343791 0.16969298 0.0644917 ]
2024-01-29 16:42:54,887 - INFO - [0.01419589 0.802      0.19388969 0.16723761 0.18108085 0.22355273 0.16952105 0.06471803]
2024-01-29 16:43:10,467 - INFO - [0.01419453 0.802      0.19405214 0.16732667 0.18095312 0.22345912 0.1696873  0.0645216 ]
2024-01-29 16:43:26,298 - INFO - [0.01419593 0.802      0.19388673 0.16723686 0.18106952 0.22356835 0.16950676 0.06473173]
2024-01-29 16:43:42,361 - INFO - [0.01419447 0.802      0.19404924 0.16732593 0.18094188 0.22347461 0.16968377 0.06452458]
2024-01-29 16:43:57,888 - INFO - [0.01419593 0.802      0.19388385 0.16723612 0.1810822  0.22355977 0.16950335 0.06473476]
2024-01-29 16:44:13,243 - INFO - [0.0141945  0.802      0.19404714 0.16732521 0.18095446 0.22346611 0.16968037 0.06452674]
2024-01-29 16:44:22,222 - INFO - [0.01419589 0.802      0.19388175 0.16723543 0.18106551 0.22355346 0.16952693 0.06473687]
2024-01-29 16:44:22,243 - INFO - Successfully finished `test_optimize` after 308.520 seconds.
