2024-01-29 16:28:05,153 - INFO - Logging into directory _output/exp_nice_weights/20240129_162805__4294967168.
2024-01-29 16:28:05,162 - INFO - Starting `test_optimize`.
2024-01-29 16:28:18,071 - INFO - [0.01924832 0.813      0.332      0.332      0.332      0.001      0.001      0.001     ]
2024-01-29 16:28:33,516 - INFO - [0.0152875  0.828      0.24529238 0.24569623 0.24031012 0.07763487 0.12575607 0.06531042]
2024-01-29 16:28:48,968 - INFO - [0.01473183 0.832      0.20603393 0.20768569 0.19906259 0.11493958 0.18636604 0.08591217]
2024-01-29 16:29:04,417 - INFO - [0.01460791 0.831      0.18727231 0.18965384 0.17762347 0.13467489 0.21477091 0.09600464]
2024-01-29 16:29:19,844 - INFO - [0.01458627 0.832      0.17807062 0.1807809  0.16716184 0.14498894 0.22804621 0.1009515 ]
2024-01-29 16:29:35,291 - INFO - [0.01457897 0.832      0.17348269 0.17630312 0.16133405 0.15143546 0.23432975 0.10311501]
2024-01-29 16:29:50,696 - INFO - [0.0145777  0.831      0.17121504 0.1740897  0.15847929 0.15473457 0.23730119 0.10418023]
2024-01-29 16:30:06,117 - INFO - [0.0145758  0.831      0.17008194 0.17298546 0.15708423 0.15642983 0.23871267 0.10470591]
2024-01-29 16:30:21,418 - INFO - [0.01457426 0.831      0.16951418 0.1724453  0.15640317 0.15729892 0.23938295 0.10495554]
2024-01-29 16:30:36,645 - INFO - [0.01457359 0.831      0.16924442 0.17217377 0.15606047 0.15774137 0.23969688 0.10508312]
2024-01-29 16:30:51,871 - INFO - [0.01457328 0.831      0.16911016 0.17203967 0.15588827 0.15795526 0.23985684 0.10514981]
2024-01-29 16:31:07,060 - INFO - [0.01457308 0.831      0.16904765 0.17197216 0.15580538 0.15807956 0.23992336 0.10517183]
2024-01-29 16:31:22,260 - INFO - [0.01457288 0.831      0.16901647 0.17193921 0.15577173 0.15813982 0.23993908 0.10519373]
2024-01-29 16:31:37,406 - INFO - [0.01457275 0.831      0.16898713 0.17193407 0.15574852 0.15817468 0.23995475 0.10520083]
2024-01-29 16:31:52,580 - INFO - [0.01457292 0.831      0.16898574 0.17192212 0.15573399 0.15817977 0.23997037 0.10520791]
2024-01-29 16:32:07,766 - INFO - [0.0145728  0.831      0.16898349 0.17191292 0.15574054 0.15818487 0.23997806 0.10520013]
2024-01-29 16:32:17,206 - INFO - [0.01457278 0.831      0.16898212 0.17190979 0.15574712 0.15818998 0.23996407 0.10520695]
2024-01-29 16:32:25,308 - INFO - [0.01457276 0.831      0.16898075 0.17190666 0.15573137 0.15819508 0.23997971 0.10520648]
2024-01-29 16:32:33,484 - INFO - [0.01457285 0.831      0.16897936 0.17190352 0.15573792 0.15820016 0.23996827 0.10521074]
2024-01-29 16:32:41,749 - INFO - [0.01457284 0.831      0.16897798 0.17190039 0.15573902 0.15819216 0.23998055 0.10520993]
2024-01-29 16:32:49,836 - INFO - [0.01457298 0.831      0.16897659 0.17189725 0.15574558 0.15819724 0.23996638 0.1052169 ]
2024-01-29 16:32:49,855 - INFO - Successfully finished `test_optimize` after 284.693 seconds.
