2024-01-29 11:50:15,404 - INFO - Logging into directory _output/exp_uniform_weights/20240129/20240129_115015.
2024-01-29 11:50:15,407 - INFO - Starting `test_optimize`.
2024-01-29 11:50:21,787 - INFO - [0.01116248 0.817      0.16666667 0.16666667 0.16666667 0.16666667 0.16666667 0.16666667]
2024-01-29 11:50:29,796 - INFO - [0.01048084 0.82       0.18212493 0.18333496 0.17866562 0.19085713 0.15488918 0.11012809]
2024-01-29 11:50:37,803 - INFO - [0.01023057 0.82       0.18888256 0.19082183 0.18366595 0.20178756 0.15345347 0.08138867]
2024-01-29 11:50:45,780 - INFO - [0.01014102 0.821      0.19154941 0.19388333 0.18546587 0.20647095 0.15324128 0.0693892 ]
2024-01-29 11:50:53,788 - INFO - [0.01013779 0.821      0.19182007 0.19385944 0.18514597 0.2073777  0.15298904 0.06880778]
2024-01-29 11:51:01,772 - INFO - [0.01013844 0.821      0.19186819 0.19376113 0.18489923 0.20774156 0.15292288 0.06880695]
2024-01-29 11:51:10,805 - INFO - [0.010139   0.821      0.19187754 0.19369645 0.18475667 0.20790505 0.15292449 0.06883973]
2024-01-29 11:51:20,489 - INFO - [0.01013931 0.821      0.19187839 0.19365984 0.18467832 0.20797896 0.15292227 0.06888232]
2024-01-29 11:51:29,914 - INFO - [0.01013972 0.821      0.19187868 0.19364139 0.18463828 0.20801544 0.15292352 0.06890263]
2024-01-29 11:51:39,320 - INFO - [0.01013983 0.821      0.19187582 0.19362937 0.18461609 0.20803295 0.15291695 0.06892888]
2024-01-29 11:51:48,750 - INFO - [0.0101399  0.821      0.19188693 0.19363646 0.18461357 0.20804481 0.15288623 0.06893199]
2024-01-29 11:51:58,143 - INFO - [0.01013996 0.821      0.19188069 0.19362958 0.18460675 0.2080512  0.15290222 0.0689295 ]
2024-01-29 11:52:07,553 - INFO - [0.01013986 0.821      0.19187985 0.19362576 0.18460205 0.20805155 0.15291473 0.0689261 ]
2024-01-29 11:52:16,950 - INFO - [0.01014006 0.821      0.19188865 0.19363198 0.18460073 0.20804621 0.15289022 0.06894217]
2024-01-29 11:52:26,377 - INFO - [0.01013986 0.821      0.19188701 0.19363154 0.18459933 0.20804788 0.15292025 0.06891399]
2024-01-29 11:52:35,793 - INFO - [0.01014004 0.821      0.19188054 0.19362442 0.1845959  0.20804696 0.15291716 0.06893498]
2024-01-29 11:52:45,255 - INFO - [0.01013996 0.821      0.19188102 0.19362497 0.18459563 0.20804805 0.15292138 0.06892894]
2024-01-29 11:52:54,672 - INFO - [0.01014003 0.821      0.19187731 0.19362159 0.18459387 0.20804757 0.15291753 0.06894213]
2024-01-29 11:53:04,106 - INFO - [0.01013997 0.821      0.19188842 0.19363175 0.1846016  0.20805383 0.15288609 0.06893829]
2024-01-29 11:53:13,505 - INFO - [0.0101399  0.821      0.19188187 0.19362611 0.18460123 0.20805731 0.15290144 0.06893207]
2024-01-29 11:53:23,182 - INFO - [0.01013992 0.821      0.19188079 0.19362433 0.18460056 0.2080559  0.15291077 0.06892762]
2024-01-29 11:53:23,199 - INFO - Successfully finished `test_optimize` after 187.792 seconds.
