2024-01-29 16:28:04,577 - INFO - Logging into directory _output/exp_nice_weights/20240129_162804__4294967143.
2024-01-29 16:28:04,581 - INFO - Starting `test_optimize`.
2024-01-29 16:28:16,896 - INFO - [0.00774326 0.829      0.332      0.332      0.332      0.001      0.001      0.001     ]
2024-01-29 16:28:32,451 - INFO - [0.00401203 0.841      0.24655192 0.24198559 0.22591552 0.09034728 0.18759835 0.00760131]
2024-01-29 16:28:47,995 - INFO - [0.00397254 0.842      0.21339491 0.20532446 0.18225822 0.14120439 0.23850836 0.0193096 ]
2024-01-29 16:29:03,533 - INFO - [0.00411258 0.843      0.19639422 0.18715423 0.16086236 0.17031749 0.26052219 0.0247496 ]
2024-01-29 16:29:19,044 - INFO - [0.00420879 0.842      0.18830524 0.17848279 0.15194307 0.18444242 0.26891187 0.02791464]
2024-01-29 16:29:30,933 - INFO - [0.00425719 0.842      0.18442924 0.17416181 0.14762141 0.19141358 0.27283242 0.02954154]
2024-01-29 16:29:39,167 - INFO - [0.00428144 0.841      0.18257208 0.17200917 0.14551844 0.19485384 0.27467537 0.03037113]
2024-01-29 16:29:47,385 - INFO - [0.00429009 0.84       0.18116127 0.17152905 0.14434075 0.19665402 0.27580264 0.03051225]
2024-01-29 16:29:55,546 - INFO - [0.00429837 0.84       0.18100342 0.1706927  0.14393713 0.19744414 0.27603596 0.03088661]
2024-01-29 16:30:04,398 - INFO - [0.00430259 0.84       0.18092768 0.17027336 0.14374225 0.19784266 0.27614924 0.0310648 ]
2024-01-29 16:30:12,631 - INFO - [0.00430069 0.84       0.18035956 0.17065847 0.14348786 0.19812228 0.27650088 0.03087096]
2024-01-29 16:30:27,849 - INFO - [0.00430348 0.84       0.18060149 0.17026883 0.14352573 0.19816309 0.27637535 0.03106557]
2024-01-29 16:30:43,144 - INFO - [0.00430529 0.84       0.18073086 0.17005819 0.14353962 0.19820373 0.27630958 0.03115794]
2024-01-29 16:30:58,456 - INFO - [0.00430199 0.84       0.18027537 0.17054856 0.14340402 0.19830412 0.2765536  0.03091429]
2024-01-29 16:31:13,751 - INFO - [0.00430419 0.84       0.18056485 0.17020507 0.14347748 0.1982554  0.2764174  0.03107984]
2024-01-29 16:31:29,053 - INFO - [0.00430559 0.84       0.18070544 0.17002426 0.14352117 0.19823647 0.27635157 0.03116103]
2024-01-29 16:31:44,309 - INFO - [0.00430212 0.84       0.18025041 0.17052871 0.14338599 0.19833344 0.276584   0.0309175 ]
2024-01-29 16:31:59,595 - INFO - [0.00430434 0.84       0.18055157 0.17019874 0.14347138 0.19828458 0.2764003  0.03109345]
2024-01-29 16:32:13,145 - INFO - [0.00430554 0.84       0.1807002  0.17003095 0.1435151  0.19824785 0.27633452 0.03117139]
2024-01-29 16:32:21,423 - INFO - [0.00430218 0.84       0.18024521 0.17053537 0.14338009 0.1983476  0.27656704 0.03092471]
2024-01-29 16:32:29,610 - INFO - [0.00430441 0.84       0.18054001 0.17020537 0.14345396 0.19828692 0.27642211 0.0310916 ]
2024-01-29 16:32:29,629 - INFO - Successfully finished `test_optimize` after 265.048 seconds.
