2024-01-29 17:45:44,851 - INFO - Logging into directory _output/exp_011100_/20240129_174544__4294967191.
2024-01-29 17:45:44,863 - INFO - Starting `test_optimize`.
2024-01-29 17:46:03,078 - INFO - [0.02050391 0.8        0.001      0.332      0.332      0.332      0.001      0.001     ]
2024-01-29 17:46:25,701 - INFO - [0.0182237  0.81       0.10714122 0.26075971 0.25329095 0.28552988 0.0678243  0.02545385]
2024-01-29 17:46:48,356 - INFO - [0.01819856 0.812      0.15730183 0.22435062 0.21334966 0.26292351 0.09750011 0.04457437]
2024-01-29 17:47:12,779 - INFO - [0.01827835 0.812      0.18199873 0.2056362  0.19448121 0.25213522 0.11335427 0.05239445]
2024-01-29 17:47:34,727 - INFO - [0.01836848 0.812      0.19300458 0.19653083 0.1831207  0.24972086 0.1215179  0.05610519]
2024-01-29 17:47:56,999 - INFO - [0.01840955 0.813      0.19849937 0.19185968 0.17745453 0.24865778 0.12564377 0.05788485]
2024-01-29 17:48:20,565 - INFO - [0.01842579 0.812      0.20125003 0.18946151 0.17462169 0.24819125 0.12773369 0.05874183]
2024-01-29 17:48:41,878 - INFO - [0.01843462 0.812      0.20262901 0.18822664 0.1732091  0.24796884 0.12879598 0.05917038]
2024-01-29 17:49:03,828 - INFO - [0.0184392  0.812      0.20332219 0.18758832 0.17249037 0.24788789 0.12932506 0.05938619]
2024-01-29 17:49:26,765 - INFO - [0.01844165 0.812      0.20366265 0.18727791 0.17212994 0.24784112 0.12958704 0.05950127]
2024-01-29 17:49:51,081 - INFO - [0.0184428  0.812      0.20382813 0.18711665 0.171948   0.24782227 0.12972844 0.05955654]
2024-01-29 17:50:14,441 - INFO - [0.01844342 0.812      0.203925   0.18703029 0.17185566 0.24780355 0.12980202 0.0595835 ]
2024-01-29 17:50:37,146 - INFO - [0.01844365 0.812      0.20396227 0.18698829 0.17182276 0.24781163 0.12982415 0.05959092]
2024-01-29 17:50:58,554 - INFO - [0.01844371 0.812      0.20398182 0.18697    0.17180102 0.24780191 0.12984625 0.05959911]
2024-01-29 17:51:21,337 - INFO - [0.01844385 0.812      0.2039893  0.18695782 0.1717979  0.24781284 0.12984206 0.05960014]
2024-01-29 17:51:43,168 - INFO - [0.01844393 0.812      0.20399675 0.18694572 0.17179479 0.24782375 0.12983724 0.05960177]
2024-01-29 17:52:05,851 - INFO - [0.018444   0.812      0.2040042  0.18693362 0.17179173 0.24780497 0.1298593  0.05960618]
2024-01-29 17:52:31,486 - INFO - [0.01844408 0.812      0.20401157 0.18692847 0.17178868 0.24781588 0.12985162 0.05960372]
2024-01-29 17:52:53,346 - INFO - [0.01844399 0.812      0.20401901 0.18692553 0.17178565 0.24780507 0.12985738 0.05960741]
2024-01-29 17:53:14,023 - INFO - [0.01844397 0.812      0.20400512 0.18694125 0.17178258 0.24781601 0.12984978 0.05960528]
2024-01-29 17:53:27,839 - INFO - [0.01844407 0.812      0.20401248 0.18692915 0.17177956 0.24782135 0.12985007 0.05960736]
2024-01-29 17:53:27,874 - INFO - Successfully finished `test_optimize` after 463.011 seconds.
