2024-01-29 17:45:43,930 - INFO - Logging into directory _output/exp_011100_/20240129_174543__4294967180.
2024-01-29 17:45:43,941 - INFO - Starting `test_optimize`.
2024-01-29 17:46:03,117 - INFO - [0.01402537 0.813      0.001      0.332      0.332      0.332      0.001      0.001     ]
2024-01-29 17:46:23,195 - INFO - [0.01083201 0.823      0.09049715 0.24105193 0.23354624 0.23786616 0.1178356  0.07920295]
2024-01-29 17:46:43,382 - INFO - [0.01073715 0.822      0.14379267 0.20590757 0.19558579 0.20030518 0.17796618 0.07644261]
2024-01-29 17:47:04,901 - INFO - [0.01085227 0.819      0.16827384 0.18720514 0.17636755 0.18703875 0.20326592 0.07784873]
2024-01-29 17:47:24,819 - INFO - [0.01093356 0.818      0.17898387 0.17867914 0.16769281 0.18081936 0.21481632 0.07900851]
2024-01-29 17:47:45,716 - INFO - [0.01097824 0.818      0.18482369 0.17471321 0.16376156 0.1780954  0.21914212 0.07946398]
2024-01-29 17:48:05,900 - INFO - [0.0109989  0.819      0.1872988  0.17297041 0.16215272 0.17695139 0.22098546 0.07964121]
2024-01-29 17:48:26,084 - INFO - [0.01100947 0.819      0.1885771  0.1721008  0.16137111 0.17641214 0.22189188 0.07964697]
2024-01-29 17:48:47,358 - INFO - [0.01101472 0.819      0.18922883 0.1716595  0.16098501 0.17615303 0.22232801 0.0796457 ]
2024-01-29 17:49:08,285 - INFO - [0.01101757 0.819      0.18956137 0.17143436 0.16079679 0.17602761 0.22253613 0.07964363]
2024-01-29 17:49:29,466 - INFO - [0.0110187  0.819      0.18973222 0.17132609 0.16071202 0.17596814 0.22263572 0.07962576]
2024-01-29 17:49:49,726 - INFO - [0.0110194  0.819      0.1898174  0.17126466 0.16066118 0.17593595 0.22268806 0.07963274]
2024-01-29 17:50:10,651 - INFO - [0.0110198  0.819      0.18986221 0.17122974 0.16063321 0.17592227 0.22271097 0.07964163]
2024-01-29 17:50:33,643 - INFO - [0.01101994 0.819      0.18988392 0.17121588 0.16062555 0.17591533 0.22272179 0.07963752]
2024-01-29 17:50:53,976 - INFO - [0.01102007 0.819      0.18989658 0.17120834 0.16061752 0.1759124  0.2227259  0.07963926]
2024-01-29 17:51:13,697 - INFO - [0.01102006 0.819      0.18990241 0.1712051  0.1606174  0.17590988 0.222728   0.07963723]
2024-01-29 17:51:33,778 - INFO - [0.01102016 0.819      0.18990427 0.17120205 0.16061002 0.17590615 0.22273117 0.07964636]
2024-01-29 17:51:55,452 - INFO - [0.0110202  0.819      0.18990685 0.17120022 0.16060756 0.1759048  0.22273231 0.07964828]
2024-01-29 17:52:15,241 - INFO - [0.01102011 0.819      0.18990712 0.17120025 0.16061078 0.17590618 0.22273287 0.07964285]
2024-01-29 17:52:36,389 - INFO - [0.01102019 0.819      0.1899077  0.17119886 0.16060922 0.1759041  0.22273357 0.07964658]
2024-01-29 17:52:56,819 - INFO - [0.01102021 0.819      0.18990763 0.17119808 0.16061126 0.17590679 0.22273251 0.07964369]
2024-01-29 17:52:56,890 - INFO - Successfully finished `test_optimize` after 432.949 seconds.
