2024-01-29 13:09:42,015 - INFO - Logging into directory _output/exp_uniform_weights/20240129/20240129_130942.
2024-01-29 13:09:42,018 - INFO - Starting `test_optimize`.
2024-01-29 13:09:48,592 - INFO - [0.00810833 0.817      0.16666667 0.16666667 0.16666667 0.16666667 0.16666667 0.16666667]
2024-01-29 13:09:56,818 - INFO - [0.00777594 0.819      0.17183277 0.17113046 0.16448797 0.18545946 0.1886183  0.11847102]
2024-01-29 13:10:07,401 - INFO - [0.00767463 0.82       0.17423686 0.17290302 0.16314502 0.19660674 0.19836673 0.09474156]
2024-01-29 13:10:15,830 - INFO - [0.00764016 0.819      0.17539416 0.17374842 0.16246226 0.20202439 0.20289221 0.08347862]
2024-01-29 13:10:24,037 - INFO - [0.00762544 0.82       0.17346169 0.17463095 0.16239475 0.20539902 0.20593449 0.07817911]
2024-01-29 13:10:32,206 - INFO - [0.0076194  0.82       0.17246321 0.17507304 0.16236751 0.2070443  0.20735776 0.07569405]
2024-01-29 13:10:40,406 - INFO - [0.00761649 0.82       0.17194949 0.17528686 0.16236168 0.20785436 0.20801869 0.07452894]
2024-01-29 13:10:48,577 - INFO - [0.00761523 0.82       0.17167829 0.17540088 0.16236414 0.20824686 0.20832174 0.07398804]
2024-01-29 13:10:56,770 - INFO - [0.00761457 0.82       0.17152771 0.17545529 0.16236658 0.20844406 0.20847552 0.07373083]
2024-01-29 13:11:04,935 - INFO - [0.00761428 0.82       0.17146519 0.17547987 0.16236888 0.20853822 0.20853987 0.07360794]
2024-01-29 13:11:13,115 - INFO - [0.00761408 0.82       0.17143248 0.17550436 0.16237089 0.20857273 0.20857437 0.07354514]
2024-01-29 13:11:21,253 - INFO - [0.00761405 0.82       0.17141414 0.17549911 0.16237345 0.20860724 0.20857945 0.07352658]
2024-01-29 13:11:29,408 - INFO - [0.00761408 0.82       0.17141117 0.17549405 0.16237599 0.20861204 0.20858413 0.07352258]
2024-01-29 13:11:37,545 - INFO - [0.00761406 0.82       0.17140831 0.17549737 0.16237019 0.2086167  0.20858881 0.07351859]
2024-01-29 13:11:45,703 - INFO - [0.00761412 0.82       0.17140548 0.17549217 0.16237274 0.20862137 0.20859349 0.0735147 ]
2024-01-29 13:11:53,808 - INFO - [0.00761405 0.82       0.17140266 0.17548802 0.16237414 0.20862603 0.20859817 0.073511  ]
2024-01-29 13:12:01,946 - INFO - [0.00761405 0.82       0.17139985 0.17549847 0.16236089 0.2086307  0.20860283 0.07350728]
2024-01-29 13:12:10,023 - INFO - [0.00761416 0.82       0.171397   0.17549317 0.16236344 0.2086353  0.20860745 0.07350357]
2024-01-29 13:12:18,134 - INFO - [0.0076142  0.82       0.17139417 0.17548789 0.16236602 0.20863992 0.20861207 0.07349987]
2024-01-29 13:12:26,211 - INFO - [0.00761415 0.82       0.17139134 0.1754896  0.16236837 0.20864451 0.20860797 0.07349813]
2024-01-29 13:12:34,330 - INFO - [0.0076139  0.82       0.17138852 0.1754982  0.16237096 0.20864858 0.20859936 0.07349446]
2024-01-29 13:12:34,347 - INFO - Successfully finished `test_optimize` after 172.330 seconds.
