2024-01-29 16:28:05,279 - INFO - Logging into directory _output/exp_nice_weights/20240129_162805__4294967148.
2024-01-29 16:28:05,283 - INFO - Starting `test_optimize`.
2024-01-29 16:28:17,615 - INFO - [0.02826446 0.793      0.332      0.332      0.332      0.001      0.001      0.001     ]
2024-01-29 16:28:32,437 - INFO - [0.02389099 0.807      0.24224852 0.25234276 0.22836877 0.0797381  0.1489692  0.04833267]
2024-01-29 16:28:47,291 - INFO - [0.02320139 0.807      0.20519558 0.21872938 0.18241157 0.11740048 0.20643395 0.06982907]
2024-01-29 16:29:02,168 - INFO - [0.02300256 0.807      0.19077031 0.20411631 0.161595   0.13775051 0.23476101 0.07100692]
2024-01-29 16:29:17,031 - INFO - [0.02290779 0.808      0.1845506  0.19740739 0.15096024 0.15034363 0.24800786 0.06873033]
2024-01-29 16:29:31,952 - INFO - [0.02284162 0.809      0.18194799 0.19406578 0.14581686 0.15874682 0.25406078 0.06536175]
2024-01-29 16:29:46,856 - INFO - [0.02282214 0.809      0.18034185 0.19202396 0.14283188 0.16259715 0.2565327  0.06567244]
2024-01-29 16:30:01,774 - INFO - [0.02280903 0.809      0.18012482 0.19132857 0.14135294 0.1646692  0.25751776 0.06500672]
2024-01-29 16:30:16,712 - INFO - [0.02280152 0.809      0.18006967 0.19102986 0.14064068 0.16575018 0.25802785 0.06448174]
2024-01-29 16:30:31,717 - INFO - [0.02279764 0.809      0.18005292 0.1908838  0.14028388 0.16629514 0.25827682 0.06420743]
2024-01-29 16:30:46,756 - INFO - [0.02279572 0.809      0.18004566 0.19081225 0.14010172 0.16657247 0.25840336 0.06406454]
2024-01-29 16:31:01,815 - INFO - [0.02279481 0.809      0.18003811 0.19076902 0.140008   0.16671194 0.25846967 0.06400324]
2024-01-29 16:31:16,960 - INFO - [0.02279434 0.809      0.18004082 0.19075559 0.13996157 0.16678147 0.25848955 0.06397091]
2024-01-29 16:31:32,116 - INFO - [0.02279403 0.809      0.18003432 0.19073883 0.1399356  0.16681764 0.25851271 0.06396095]
2024-01-29 16:31:47,267 - INFO - [0.02279382 0.809      0.18004023 0.19074194 0.13992928 0.16683571 0.25851712 0.06393576]
2024-01-29 16:32:02,414 - INFO - [0.02279382 0.809      0.1800334  0.19073413 0.13991846 0.16684635 0.25852391 0.06394379]
2024-01-29 16:32:17,561 - INFO - [0.02279374 0.809      0.1800402  0.19074249 0.13991722 0.16684978 0.25852212 0.0639282 ]
2024-01-29 16:32:31,233 - INFO - [0.02279379 0.809      0.18003275 0.1907327  0.13991256 0.16685207 0.25852871 0.06394126]
2024-01-29 16:32:39,350 - INFO - [0.02279378 0.809      0.18003103 0.19073574 0.13991414 0.16685435 0.25853649 0.06392822]
2024-01-29 16:32:47,451 - INFO - [0.02279383 0.809      0.18002753 0.19073428 0.13991456 0.16685741 0.25854406 0.06392205]
2024-01-29 16:32:55,527 - INFO - [0.02279368 0.809      0.18002509 0.19073337 0.13991097 0.16686055 0.25855002 0.06392003]
2024-01-29 16:32:55,546 - INFO - Successfully finished `test_optimize` after 290.263 seconds.
