2024-01-29 17:45:43,598 - INFO - Logging into directory _output/exp_011100_/20240129_174543__4294967145.
2024-01-29 17:45:43,610 - INFO - Starting `test_optimize`.
2024-01-29 17:46:02,696 - INFO - [0.01342992 0.81       0.001      0.332      0.332      0.332      0.001      0.001     ]
2024-01-29 17:46:27,331 - INFO - [0.00991551 0.819      0.07683496 0.24654891 0.24199624 0.25009689 0.14250496 0.0420181 ]
2024-01-29 17:46:49,291 - INFO - [0.00992029 0.819      0.13252434 0.21884339 0.21190539 0.22497407 0.15124467 0.06050821]
2024-01-29 17:47:09,546 - INFO - [0.00999996 0.818      0.16137056 0.20641689 0.19814755 0.21450178 0.15498611 0.06457708]
2024-01-29 17:47:33,543 - INFO - [0.01005572 0.82       0.17625795 0.20072362 0.19156669 0.20993356 0.15583025 0.06568781]
2024-01-29 17:47:55,113 - INFO - [0.01009477 0.82       0.18373239 0.19745857 0.18830913 0.20840082 0.15490381 0.06719521]
2024-01-29 17:48:16,892 - INFO - [0.01011857 0.82       0.18760653 0.1954215  0.18637282 0.20809697 0.15410915 0.06839298]
2024-01-29 17:48:39,312 - INFO - [0.01012928 0.82       0.18968081 0.19450162 0.18548037 0.20804411 0.15355363 0.06873953]
2024-01-29 17:49:02,273 - INFO - [0.01013469 0.821      0.19076324 0.19406681 0.18504743 0.20804043 0.15322328 0.06885876]
2024-01-29 17:49:22,733 - INFO - [0.01013718 0.821      0.19131583 0.19385019 0.18483162 0.20804937 0.15305996 0.06889306]
2024-01-29 17:49:45,634 - INFO - [0.01013852 0.821      0.1915924  0.19373618 0.18472017 0.20805541 0.15298462 0.06891122]
2024-01-29 17:50:08,815 - INFO - [0.01013931 0.821      0.19173506 0.19368157 0.18466121 0.20805345 0.15294954 0.06891907]
2024-01-29 17:50:31,457 - INFO - [0.01013946 0.821      0.1918046  0.19365251 0.18463223 0.20805545 0.15293354 0.06892175]
2024-01-29 17:50:53,755 - INFO - [0.0101398  0.821      0.19185257 0.19364864 0.18462114 0.20805407 0.15289731 0.06892619]
2024-01-29 17:51:16,214 - INFO - [0.01013984 0.821      0.19186606 0.19363591 0.18461022 0.20805237 0.15290961 0.0689258 ]
2024-01-29 17:51:36,020 - INFO - [0.01013979 0.821      0.19187096 0.19362889 0.18460557 0.20805597 0.15291317 0.06892549]
2024-01-29 17:51:57,523 - INFO - [0.01013986 0.821      0.19187729 0.19362797 0.18460003 0.20804796 0.15292442 0.06892237]
2024-01-29 17:52:23,171 - INFO - [0.0101399  0.821      0.19187522 0.19362223 0.18459713 0.20805047 0.1529147  0.06894035]
2024-01-29 17:52:46,545 - INFO - [0.0101399  0.821      0.1918893  0.19363351 0.18460317 0.20805159 0.15288623 0.06893627]
2024-01-29 17:53:07,854 - INFO - [0.01013999 0.821      0.19188336 0.19362748 0.18460102 0.20805262 0.15290368 0.0689318 ]
2024-01-29 17:53:24,285 - INFO - [0.01013997 0.821      0.19188134 0.19362625 0.18459854 0.2080487  0.15291817 0.06892694]
2024-01-29 17:53:24,315 - INFO - Successfully finished `test_optimize` after 460.705 seconds.
