2024-01-29 16:39:13,272 - INFO - Logging into directory _output/exp_011000/20240129_163913__4294967154.
2024-01-29 16:39:13,277 - INFO - Starting `test_optimize`.
2024-01-29 16:39:26,286 - INFO - [0.02782895 0.776      0.001      0.498      0.498      0.001      0.001      0.001     ]
2024-01-29 16:39:41,041 - INFO - [0.02321452 0.802      0.14973986 0.23539394 0.24220872 0.16039357 0.19203825 0.02022562]
2024-01-29 16:39:56,317 - INFO - [0.02323746 0.801      0.16847095 0.19780853 0.21188481 0.19064026 0.21488717 0.0163083 ]
2024-01-29 16:40:10,574 - INFO - [0.02328365 0.8        0.17730582 0.17935829 0.19827574 0.2052166  0.22339195 0.01645174]
2024-01-29 16:40:26,354 - INFO - [0.02331831 0.8        0.18178099 0.16978042 0.19117333 0.21106237 0.22579722 0.0204057 ]
2024-01-29 16:40:40,723 - INFO - [0.02334287 0.8        0.18410935 0.16509487 0.18768671 0.21332368 0.2260436  0.02374185]
2024-01-29 16:40:56,599 - INFO - [0.02335631 0.8        0.18537556 0.16294824 0.18608411 0.21420424 0.22577019 0.02561768]
2024-01-29 16:41:12,403 - INFO - [0.02336258 0.8        0.18607038 0.16200957 0.18537563 0.21454564 0.22547764 0.02652116]
2024-01-29 16:41:28,090 - INFO - [0.02336539 0.8        0.18644503 0.16161542 0.18506686 0.21466845 0.22527096 0.02693329]
2024-01-29 16:41:42,582 - INFO - [0.02336659 0.8        0.18664168 0.1614486  0.18493664 0.21471326 0.22514158 0.02711825]
2024-01-29 16:41:57,865 - INFO - [0.02336723 0.8        0.18674886 0.16139203 0.18486631 0.21471427 0.22507671 0.02720188]
2024-01-29 16:42:13,087 - INFO - [0.02336753 0.8        0.18679748 0.16136543 0.18483652 0.21471539 0.2250405  0.02724473]
2024-01-29 16:42:25,101 - INFO - [0.0233677  0.8        0.1868277  0.16135246 0.18482569 0.21471643 0.22501017 0.02726751]
2024-01-29 16:42:39,086 - INFO - [0.0233677  0.8        0.18684536 0.16134763 0.18481849 0.21471754 0.22499873 0.02727225]
2024-01-29 16:42:54,910 - INFO - [0.02336767 0.8        0.186848   0.16135027 0.1848125  0.21471854 0.2249946  0.02727616]
2024-01-29 16:43:10,467 - INFO - [0.02336781 0.8        0.18685584 0.16134663 0.18481155 0.21471953 0.22498928 0.02727711]
2024-01-29 16:43:24,310 - INFO - [0.02336762 0.8        0.18685076 0.16134921 0.18481256 0.21472058 0.22498518 0.02728183]
2024-01-29 16:43:39,659 - INFO - [0.02336776 0.8        0.18685441 0.16134776 0.18481556 0.21472156 0.22498083 0.02727981]
2024-01-29 16:43:51,327 - INFO - [0.02336773 0.8        0.18685815 0.16134983 0.18480849 0.21472257 0.22498131 0.02727962]
2024-01-29 16:44:06,190 - INFO - [0.02336768 0.8        0.18684797 0.16134775 0.1848184  0.21472359 0.22498117 0.02728112]
2024-01-29 16:44:18,321 - INFO - [0.02336775 0.8        0.18686    0.16134654 0.18480892 0.21472454 0.22498351 0.02727646]
2024-01-29 16:44:18,340 - INFO - Successfully finished `test_optimize` after 305.064 seconds.
