2024-01-29 12:10:21,438 - INFO - Logging into directory _output/exp_uniform_weights/20240129/20240129_121021.
2024-01-29 12:10:21,441 - INFO - Starting `test_optimize`.
2024-01-29 12:10:27,898 - INFO - [0.00848894 0.813      0.16666667 0.16666667 0.16666667 0.16666667 0.16666667 0.16666667]
2024-01-29 12:10:36,031 - INFO - [0.00775184 0.815      0.1847675  0.17194416 0.18174173 0.16158459 0.21019638 0.08976562]
2024-01-29 12:10:44,179 - INFO - [0.0077225  0.814      0.19253451 0.17255652 0.18075362 0.15685643 0.2285877  0.06871119]
2024-01-29 12:10:52,284 - INFO - [0.00773428 0.813      0.19630454 0.17302455 0.17817476 0.15558396 0.23883921 0.05807295]
2024-01-29 12:11:00,412 - INFO - [0.00773488 0.814      0.19783655 0.17329164 0.17745337 0.15543988 0.24324895 0.0527296 ]
2024-01-29 12:11:08,483 - INFO - [0.00773625 0.814      0.19862252 0.17343672 0.17708971 0.15535644 0.24531321 0.05018143]
2024-01-29 12:11:16,594 - INFO - [0.00773725 0.814      0.19902062 0.17352132 0.17690489 0.15530367 0.24627936 0.04897015]
2024-01-29 12:11:24,665 - INFO - [0.00773793 0.814      0.19923206 0.17354712 0.17680955 0.15528065 0.24673823 0.0483924 ]
2024-01-29 12:11:32,772 - INFO - [0.00773824 0.814      0.19933176 0.17357273 0.17677368 0.15525776 0.24694791 0.04811611]
2024-01-29 12:11:40,842 - INFO - [0.00773836 0.814      0.19937393 0.17358129 0.17673917 0.15526439 0.2470488  0.04799239]
2024-01-29 12:11:48,929 - INFO - [0.0077385  0.814      0.19941394 0.17357725 0.17673315 0.15525039 0.24709007 0.04793523]
2024-01-29 12:11:57,010 - INFO - [0.00773853 0.814      0.19942415 0.17357552 0.17672715 0.15525712 0.24710648 0.04790957]
2024-01-29 12:12:05,070 - INFO - [0.0077386  0.814      0.19943431 0.17358105 0.17672129 0.1552541  0.24711792 0.04789129]
2024-01-29 12:12:13,144 - INFO - [0.00773868 0.814      0.19944283 0.17357694 0.1767153  0.15525669 0.24712931 0.04787886]
2024-01-29 12:12:21,235 - INFO - [0.00773877 0.814      0.19944286 0.17357282 0.17670932 0.15525915 0.24714051 0.04787524]
2024-01-29 12:12:29,300 - INFO - [0.00773847 0.814      0.19944431 0.17356944 0.176725   0.1552659  0.24712223 0.04787311]
2024-01-29 12:12:37,377 - INFO - [0.00773853 0.814      0.19943319 0.17358325 0.17671901 0.15526305 0.24713357 0.04786786]
2024-01-29 12:12:45,452 - INFO - [0.00773875 0.814      0.19944334 0.17357914 0.17671302 0.15525095 0.24714324 0.04787023]
2024-01-29 12:12:53,525 - INFO - [0.00773867 0.814      0.19945344 0.17357524 0.17670733 0.15525784 0.24713172 0.04787444]
2024-01-29 12:13:01,594 - INFO - [0.00773854 0.814      0.19943419 0.17357117 0.17671672 0.15526454 0.24713674 0.04787668]
2024-01-29 12:13:09,662 - INFO - [0.0077385  0.814      0.19944432 0.17356819 0.17671084 0.15526982 0.2471306  0.04787631]
2024-01-29 12:13:09,678 - INFO - Successfully finished `test_optimize` after 168.237 seconds.
