2024-01-29 12:42:58,770 - INFO - Logging into directory _output/exp_bad_weights/20240129/20240129_124258.
2024-01-29 12:42:58,772 - INFO - Starting `test_optimize`.
2024-01-29 12:43:05,153 - INFO - [0.04437483 0.708      0.001      0.001      0.001      0.001      0.001      0.995     ]
2024-01-29 12:43:13,279 - INFO - [0.01629625 0.81       0.20190986 0.19055796 0.20148946 0.19467337 0.2084794  0.00288992]
2024-01-29 12:43:21,308 - INFO - [0.01641914 0.811      0.19045667 0.18919848 0.18787803 0.17880782 0.2082734  0.04538559]
2024-01-29 12:43:29,316 - INFO - [0.01652526 0.81       0.1851512  0.18792908 0.18214723 0.17103858 0.20822477 0.06550906]
2024-01-29 12:43:37,328 - INFO - [0.01658536 0.81       0.18262906 0.18744938 0.17939998 0.16724148 0.20831855 0.0749616 ]
2024-01-29 12:43:45,328 - INFO - [0.0166163  0.81       0.18142685 0.18728772 0.17808114 0.16537465 0.20841217 0.0794175 ]
2024-01-29 12:43:53,531 - INFO - [0.01663163 0.81       0.18085195 0.18724413 0.1774485  0.16445291 0.20847629 0.08152623]
2024-01-29 12:44:01,614 - INFO - [0.01663908 0.81       0.18057527 0.18723179 0.17714405 0.16400748 0.20851079 0.0825306 ]
2024-01-29 12:44:09,637 - INFO - [0.01664258 0.81       0.18044758 0.18722214 0.1769888  0.16379815 0.20854516 0.08299825]
2024-01-29 12:44:17,649 - INFO - [0.01664434 0.81       0.18037972 0.18723956 0.17692301 0.16368072 0.20854983 0.08322717]
2024-01-29 12:44:25,674 - INFO - [0.01664523 0.81       0.18034174 0.18725696 0.17688705 0.16362293 0.20855449 0.08333676]
2024-01-29 12:44:33,708 - INFO - [0.01664557 0.81       0.18033354 0.18724471 0.17688088 0.16359498 0.20855917 0.08338673]
2024-01-29 12:44:41,771 - INFO - [0.01664573 0.81       0.18032534 0.18726213 0.17684677 0.16359544 0.20856383 0.08340647]
2024-01-29 12:44:49,784 - INFO - [0.01664585 0.81       0.1803188  0.18724982 0.17684069 0.16359732 0.20856853 0.08342482]
2024-01-29 12:44:57,781 - INFO - [0.01664599 0.81       0.18031313 0.18725072 0.1768346  0.16359916 0.20857319 0.08342906]
2024-01-29 12:45:05,819 - INFO - [0.01664584 0.81       0.18030496 0.18726496 0.17682852 0.1635972  0.20857787 0.08342645]
2024-01-29 12:45:13,821 - INFO - [0.01664595 0.81       0.18031152 0.18725263 0.17682371 0.163599   0.20858252 0.08343057]
2024-01-29 12:45:21,817 - INFO - [0.01664582 0.81       0.18030378 0.18725473 0.17683202 0.16360086 0.20858683 0.08342174]
2024-01-29 12:45:29,824 - INFO - [0.01664602 0.81       0.18032381 0.18725005 0.17683046 0.16357809 0.20859064 0.083427  ]
2024-01-29 12:45:37,807 - INFO - [0.01664608 0.81       0.18031564 0.18725719 0.17682457 0.16357997 0.20859425 0.08342836]
2024-01-29 12:45:45,812 - INFO - [0.01664606 0.81       0.18030764 0.18725197 0.17682929 0.16358183 0.2085959  0.08343334]
2024-01-29 12:45:45,836 - INFO - Successfully finished `test_optimize` after 167.063 seconds.
