2024-01-29 14:56:09,969 - INFO - Logging into directory _output/exp_good_weights/20240129/20240129_145609.
2024-01-29 14:56:09,973 - INFO - Starting `test_optimize`.
2024-01-29 14:56:16,254 - INFO - [0.01927421 0.784      0.01       0.5        0.3        0.14       0.04       0.01      ]
2024-01-29 14:56:24,204 - INFO - [0.01811398 0.796      0.14684756 0.26109275 0.19632934 0.13926543 0.22298859 0.03347636]
2024-01-29 14:56:32,134 - INFO - [0.01852571 0.797      0.1712314  0.20586431 0.17489162 0.1409587  0.25915685 0.04789713]
2024-01-29 14:56:40,065 - INFO - [0.01866846 0.797      0.18563281 0.18510377 0.16940211 0.14591643 0.26603061 0.04791434]
2024-01-29 14:56:48,003 - INFO - [0.01876303 0.797      0.19060586 0.17506793 0.16566207 0.14700824 0.27110881 0.05054707]
2024-01-29 14:56:55,919 - INFO - [0.01880651 0.797      0.19238415 0.17101917 0.16404256 0.14726944 0.27402174 0.0512629 ]
2024-01-29 14:57:03,845 - INFO - [0.01881956 0.797      0.1917299  0.17009945 0.16428177 0.14720757 0.27524975 0.05143157]
2024-01-29 14:57:11,760 - INFO - [0.01882236 0.797      0.19155444 0.16982575 0.16445285 0.14723127 0.27547643 0.05145925]
2024-01-29 14:57:19,679 - INFO - [0.01882312 0.797      0.19149293 0.1697287  0.16453066 0.14725    0.27553993 0.05145779]
2024-01-29 14:57:27,603 - INFO - [0.0188234  0.797      0.19146721 0.16969644 0.16456394 0.14725281 0.27556658 0.051453  ]
2024-01-29 14:57:35,537 - INFO - [0.01882348 0.797      0.19145739 0.16968194 0.16457744 0.14725339 0.27556702 0.05146282]
2024-01-29 14:57:43,438 - INFO - [0.01882339 0.797      0.19145937 0.1696825  0.16458856 0.14726011 0.27557832 0.05143113]
2024-01-29 14:57:51,346 - INFO - [0.01882351 0.797      0.19145244 0.1696765  0.16458677 0.14725666 0.27556893 0.05145867]
2024-01-29 14:57:59,264 - INFO - [0.01882357 0.797      0.19145054 0.1696784  0.16458544 0.14725395 0.27557319 0.05145841]
2024-01-29 14:58:07,188 - INFO - [0.01882355 0.797      0.19144982 0.16967849 0.16458611 0.14725307 0.2755709  0.05146157]
2024-01-29 14:58:15,087 - INFO - [0.01882337 0.797      0.19145617 0.16968292 0.1645931  0.14725861 0.27557918 0.05143   ]
2024-01-29 14:58:22,991 - INFO - [0.01882355 0.797      0.19145101 0.16967593 0.16458817 0.14725597 0.27556685 0.05146202]
2024-01-29 14:58:30,908 - INFO - [0.0188233  0.797      0.19145763 0.16968465 0.16459186 0.14725919 0.27558121 0.0514255 ]
2024-01-29 14:58:38,809 - INFO - [0.01882341 0.797      0.19145168 0.16967663 0.16458797 0.14725544 0.2755658  0.05146255]
2024-01-29 14:58:46,700 - INFO - [0.01882342 0.797      0.19145739 0.16968288 0.16459282 0.14726014 0.27557808 0.05142865]
2024-01-29 14:58:54,603 - INFO - [0.01882353 0.797      0.19145162 0.16967715 0.16458783 0.14725541 0.27557006 0.05145789]
2024-01-29 14:58:54,623 - INFO - Successfully finished `test_optimize` after 164.650 seconds.
