2024-01-29 11:59:39,400 - INFO - Logging into directory _output/exp_bad_weights/20240129/20240129_115939.
2024-01-29 11:59:39,402 - INFO - Starting `test_optimize`.
2024-01-29 11:59:45,879 - INFO - [0.04279461 0.675      0.001      0.001      0.001      0.001      0.001      0.995     ]
2024-01-29 11:59:54,042 - INFO - [0.01493551 0.812      0.20405079 0.19282393 0.19224226 0.18102093 0.22902346 0.0008387 ]
2024-01-29 12:00:02,185 - INFO - [0.01498994 0.812      0.19370688 0.19084716 0.18689948 0.17013575 0.21776459 0.04064625]
2024-01-29 12:00:10,302 - INFO - [0.01505037 0.812      0.18879589 0.19007693 0.18441585 0.16497707 0.21259315 0.05914113]
2024-01-29 12:00:18,429 - INFO - [0.01508607 0.813      0.18645298 0.18977076 0.18324351 0.16251698 0.21021003 0.06780574]
2024-01-29 12:00:26,530 - INFO - [0.01510409 0.813      0.18531375 0.18966709 0.18269712 0.16133156 0.20911109 0.07187933]
2024-01-29 12:00:34,652 - INFO - [0.01511283 0.813      0.18476802 0.18962345 0.18243138 0.16076891 0.20860869 0.07379957]
2024-01-29 12:00:42,754 - INFO - [0.01511694 0.813      0.18451118 0.18960965 0.18230276 0.16050377 0.20837392 0.07469881]
2024-01-29 12:00:50,874 - INFO - [0.01511892 0.813      0.1843815  0.18961024 0.18223402 0.16038786 0.20825948 0.07512689]
2024-01-29 12:00:58,968 - INFO - [0.0151198  0.813      0.18431577 0.18962204 0.18221104 0.16031572 0.20820475 0.0753307 ]
2024-01-29 12:01:07,111 - INFO - [0.01512029 0.813      0.18429747 0.18960826 0.18220171 0.16028973 0.20817982 0.07542308]
2024-01-29 12:01:15,203 - INFO - [0.01512074 0.813      0.18428689 0.18960959 0.1821924  0.16026379 0.20818113 0.07546613]
2024-01-29 12:01:23,325 - INFO - [0.01512063 0.813      0.18427634 0.18960808 0.18218312 0.16026765 0.20817383 0.07549104]
2024-01-29 12:01:31,447 - INFO - [0.01512077 0.813      0.18426578 0.18961398 0.1821738  0.16026667 0.20817865 0.07550102]
2024-01-29 12:01:39,568 - INFO - [0.01512062 0.813      0.18425606 0.1896234  0.18216951 0.16026816 0.20818089 0.07550196]
2024-01-29 12:01:47,667 - INFO - [0.0151209  0.813      0.18426955 0.18960968 0.1821758  0.16024949 0.20818579 0.07550967]
2024-01-29 12:01:55,809 - INFO - [0.01512078 0.813      0.18426067 0.18961789 0.18217286 0.16025335 0.20819041 0.07550479]
2024-01-29 12:02:03,920 - INFO - [0.01512081 0.813      0.18426998 0.18960416 0.18219332 0.16025721 0.208175   0.07550033]
2024-01-29 12:02:12,042 - INFO - [0.01512077 0.813      0.18425944 0.18960778 0.18218404 0.16026106 0.20817789 0.07550979]
2024-01-29 12:02:20,144 - INFO - [0.01512066 0.813      0.18425916 0.18961328 0.18217477 0.16026491 0.20818198 0.07550593]
2024-01-29 12:02:28,280 - INFO - [0.01512074 0.813      0.18426645 0.18959956 0.18219523 0.16026872 0.20816201 0.07550804]
2024-01-29 12:02:28,313 - INFO - Successfully finished `test_optimize` after 168.911 seconds.
