2024-01-29 17:45:43,851 - INFO - Logging into directory _output/exp_011100_/20240129_174543__4294967161.
2024-01-29 17:45:43,858 - INFO - Starting `test_optimize`.
2024-01-29 17:46:02,318 - INFO - [0.01863878 0.8        0.001      0.332      0.332      0.332      0.001      0.001     ]
2024-01-29 17:46:24,932 - INFO - [0.01661771 0.807      0.06602029 0.22635219 0.22320871 0.24546032 0.12126232 0.11769611]
2024-01-29 17:46:50,368 - INFO - [0.01689266 0.808      0.11435108 0.18994093 0.18705481 0.21398714 0.169063   0.12560306]
2024-01-29 17:47:12,893 - INFO - [0.01708572 0.806      0.14031401 0.17283301 0.16624646 0.20015037 0.19246939 0.12798685]
2024-01-29 17:47:37,956 - INFO - [0.01721897 0.806      0.15430601 0.16493316 0.15659365 0.19414985 0.20123722 0.12878014]
2024-01-29 17:48:02,575 - INFO - [0.01728989 0.806      0.16081193 0.16060705 0.15138714 0.19294862 0.20481719 0.12942804]
2024-01-29 17:48:24,811 - INFO - [0.01732249 0.806      0.16444287 0.15872386 0.14915819 0.19261616 0.20549755 0.12956129]
2024-01-29 17:48:46,245 - INFO - [0.01733875 0.806      0.16632067 0.15780802 0.1480829  0.19247444 0.20570368 0.12961024]
2024-01-29 17:49:08,160 - INFO - [0.01734714 0.806      0.16726966 0.15734747 0.14754638 0.19239353 0.205782   0.12966096]
2024-01-29 17:49:31,949 - INFO - [0.01735133 0.806      0.16775393 0.15711893 0.14728189 0.19235063 0.20582743 0.12966719]
2024-01-29 17:49:53,998 - INFO - [0.0173536  0.806      0.16799694 0.15699708 0.14714164 0.1923373  0.20583832 0.12968872]
2024-01-29 17:50:18,026 - INFO - [0.01735485 0.806      0.16811638 0.15693043 0.1470644  0.19233075 0.20585334 0.12970473]
2024-01-29 17:50:40,152 - INFO - [0.01735499 0.806      0.16818532 0.15691638 0.14704485 0.19231439 0.20587073 0.12966837]
2024-01-29 17:51:07,574 - INFO - [0.01735548 0.806      0.16821538 0.15689501 0.14702135 0.19231693 0.20586698 0.1296843 ]
2024-01-29 17:51:32,517 - INFO - [0.01735565 0.806      0.16823129 0.15688708 0.14701186 0.19231942 0.20585872 0.1296916 ]
2024-01-29 17:51:56,273 - INFO - [0.01735551 0.806      0.16824277 0.15689063 0.14701749 0.19230904 0.20587486 0.1296652 ]
2024-01-29 17:52:20,733 - INFO - [0.01735599 0.806      0.1682359  0.15688291 0.14700745 0.19229771 0.2058651  0.12971093]
2024-01-29 17:52:41,216 - INFO - [0.01735601 0.806      0.16824028 0.15687378 0.14700311 0.19231239 0.20585929 0.12971115]
2024-01-29 17:53:04,056 - INFO - [0.01735562 0.806      0.16824858 0.15688418 0.14701265 0.19230664 0.20587389 0.12967406]
2024-01-29 17:53:19,257 - INFO - [0.01735575 0.806      0.16824734 0.15687732 0.14700563 0.19231595 0.20586282 0.12969097]
2024-01-29 17:53:27,277 - INFO - [0.01735577 0.806      0.16824733 0.15688132 0.14700727 0.19231354 0.20586939 0.12968107]
2024-01-29 17:53:27,308 - INFO - Successfully finished `test_optimize` after 463.450 seconds.
