2024-01-29 15:01:50,637 - INFO - Logging into directory _output/exp_good_weights/20240129/20240129_150150.
2024-01-29 15:01:50,641 - INFO - Starting `test_optimize`.
2024-01-29 15:01:57,083 - INFO - [0.01053349 0.809      0.01       0.5        0.3        0.14       0.04       0.01      ]
2024-01-29 15:02:05,195 - INFO - [0.00880611 0.819      0.10824781 0.34723654 0.23368251 0.15446113 0.13949145 0.01688056]
2024-01-29 15:02:13,306 - INFO - [0.00869162 0.821      0.15764809 0.27032465 0.20314491 0.16490847 0.18138821 0.02258573]
2024-01-29 15:02:21,387 - INFO - [0.00884984 0.818      0.18183461 0.23083425 0.18866923 0.17114417 0.20137002 0.02614768]
2024-01-29 15:02:29,499 - INFO - [0.00899736 0.816      0.19199361 0.21022427 0.18178023 0.17447869 0.2087734  0.03274978]
2024-01-29 15:02:37,585 - INFO - [0.00908322 0.815      0.19617535 0.20020802 0.17870826 0.17557697 0.21354252 0.03578893]
2024-01-29 15:02:45,672 - INFO - [0.00912733 0.815      0.19777979 0.19566087 0.1772714  0.17658435 0.21578398 0.03691956]
2024-01-29 15:02:53,751 - INFO - [0.00914909 0.815      0.19860841 0.19337317 0.17659563 0.17711458 0.21683291 0.03747537]
2024-01-29 15:03:01,861 - INFO - [0.00916004 0.815      0.19903593 0.19220869 0.17626846 0.1774051  0.21733433 0.0377474 ]
2024-01-29 15:03:09,930 - INFO - [0.00916535 0.815      0.1992548  0.19162747 0.17611417 0.17754759 0.217572   0.03788392]
2024-01-29 15:03:18,042 - INFO - [0.00916795 0.815      0.19936103 0.19133754 0.17604895 0.17763042 0.21767393 0.03794808]
2024-01-29 15:03:26,107 - INFO - [0.00916934 0.815      0.19943082 0.19117421 0.17601359 0.17766699 0.21773261 0.03798176]
2024-01-29 15:03:34,215 - INFO - [0.00916993 0.815      0.19946153 0.19109999 0.1760077  0.17769016 0.217749   0.03799162]
2024-01-29 15:03:42,294 - INFO - [0.00917026 0.815      0.19947173 0.19106016 0.17600214 0.17771284 0.21775128 0.03800181]
2024-01-29 15:03:50,393 - INFO - [0.00917036 0.815      0.19948362 0.19104563 0.17599665 0.17770632 0.2177563  0.03801152]
2024-01-29 15:03:58,473 - INFO - [0.0091705  0.815      0.19949375 0.19103269 0.1759937  0.17770022 0.21775873 0.03802094]
2024-01-29 15:04:06,578 - INFO - [0.00917059 0.815      0.19950381 0.19102924 0.17598817 0.17770115 0.21775796 0.03801968]
2024-01-29 15:04:14,653 - INFO - [0.00917054 0.815      0.19949803 0.19103774 0.17599705 0.17769465 0.21775718 0.03801527]
2024-01-29 15:04:22,762 - INFO - [0.0091706  0.815      0.19950812 0.19102477 0.17599151 0.1777042  0.21775641 0.03801498]
2024-01-29 15:04:30,842 - INFO - [0.0091705  0.815      0.199506   0.19103988 0.17598598 0.17769773 0.21775563 0.03801481]
2024-01-29 15:04:39,122 - INFO - [0.00917063 0.815      0.19949968 0.19103046 0.17598045 0.17772076 0.21775486 0.03801375]
2024-01-29 15:04:39,175 - INFO - Successfully finished `test_optimize` after 168.533 seconds.
