2024-01-29 15:13:09,122 - INFO - Logging into directory _output/exp_good_weights/20240129/20240129_151309.
2024-01-29 15:13:09,127 - INFO - Starting `test_optimize`.
2024-01-29 15:13:15,717 - INFO - [0.00943631 0.812      0.01       0.5        0.3        0.14       0.04       0.01      ]
2024-01-29 15:13:23,959 - INFO - [0.00751354 0.819      0.08423155 0.33292526 0.22221713 0.16159894 0.12689403 0.07213309]
2024-01-29 15:13:32,287 - INFO - [0.00732702 0.822      0.12800713 0.25292197 0.19023062 0.18948588 0.16789238 0.07146198]
2024-01-29 15:13:40,676 - INFO - [0.00739199 0.82       0.14963691 0.21221842 0.17525966 0.20422684 0.18782485 0.0708333 ]
2024-01-29 15:13:49,075 - INFO - [0.00748871 0.821      0.16145228 0.19187452 0.16786745 0.21119757 0.19698878 0.07061941]
2024-01-29 15:13:57,426 - INFO - [0.0075482  0.82       0.16634421 0.18353823 0.16488899 0.21036477 0.20298384 0.07187995]
2024-01-29 15:14:05,814 - INFO - [0.007579   0.821      0.16908391 0.17971577 0.16338539 0.20962238 0.20559943 0.0725932 ]
2024-01-29 15:14:14,166 - INFO - [0.00759665 0.821      0.17016174 0.17762816 0.1628512  0.20909028 0.20718881 0.07307984]
2024-01-29 15:14:22,538 - INFO - [0.00760555 0.82       0.17073835 0.17657913 0.16258658 0.20885606 0.20793891 0.07330091]
2024-01-29 15:14:30,758 - INFO - [0.00760995 0.82       0.17103453 0.17604434 0.16246989 0.20874143 0.2083008  0.07340892]
2024-01-29 15:14:38,955 - INFO - [0.00761193 0.82       0.17121063 0.17577085 0.16241287 0.20868644 0.20845458 0.07346468]
2024-01-29 15:14:47,115 - INFO - [0.00761295 0.82       0.17129728 0.17564628 0.16238566 0.20866124 0.20852818 0.07348137]
2024-01-29 15:14:55,297 - INFO - [0.00761351 0.82       0.17134947 0.17558135 0.16236526 0.20863767 0.20856269 0.07350361]
2024-01-29 15:15:03,572 - INFO - [0.00761381 0.82       0.17137568 0.17554621 0.16236784 0.20864221 0.20856737 0.07350058]
2024-01-29 15:15:11,766 - INFO - [0.00761373 0.82       0.17137288 0.17554031 0.16237043 0.20864685 0.20857204 0.07349747]
2024-01-29 15:15:19,932 - INFO - [0.00761382 0.82       0.17137006 0.17553477 0.16237299 0.2086513  0.20857671 0.07349408]
2024-01-29 15:15:28,112 - INFO - [0.00761384 0.82       0.17136726 0.17552947 0.16236885 0.2086523  0.20858139 0.07350069]
2024-01-29 15:15:36,278 - INFO - [0.00761384 0.82       0.17138015 0.17552418 0.16237138 0.20863374 0.20858607 0.07350449]
2024-01-29 15:15:44,458 - INFO - [0.00761381 0.82       0.17137736 0.1755189  0.16237168 0.2086384  0.20859076 0.07350296]
2024-01-29 15:15:52,615 - INFO - [0.00761389 0.82       0.17137456 0.17551361 0.16237387 0.20864305 0.20859544 0.07349946]
2024-01-29 15:16:00,797 - INFO - [0.00761387 0.82       0.17137177 0.17550834 0.16237621 0.2086477  0.20860013 0.07349589]
2024-01-29 15:16:00,820 - INFO - Successfully finished `test_optimize` after 171.692 seconds.
