2024-01-29 12:19:01,518 - INFO - Logging into directory _output/exp_uniform_weights/20240129/20240129_121901.
2024-01-29 12:19:01,521 - INFO - Starting `test_optimize`.
2024-01-29 12:19:07,862 - INFO - [0.01436324 0.803      0.16666667 0.16666667 0.16666667 0.16666667 0.16666667 0.16666667]
2024-01-29 12:19:15,896 - INFO - [0.0143058  0.802      0.17504643 0.17148699 0.1697465  0.17743488 0.14664775 0.15963747]
2024-01-29 12:19:23,897 - INFO - [0.01428946 0.802      0.17912024 0.17387539 0.1712002  0.18271661 0.13693811 0.15614948]
2024-01-29 12:19:31,890 - INFO - [0.01427947 0.803      0.18109006 0.1750627  0.17188175 0.18530512 0.13224331 0.15441707]
2024-01-29 12:19:39,886 - INFO - [0.01427318 0.803      0.18205228 0.17563532 0.17217815 0.18657483 0.12996981 0.15358956]
2024-01-29 12:19:47,838 - INFO - [0.01427011 0.803      0.18251961 0.17592736 0.17232382 0.18718851 0.12885998 0.15318073]
2024-01-29 12:19:55,804 - INFO - [0.01426901 0.803      0.18274838 0.1760546  0.1723801  0.1874961  0.12831679 0.15300398]
2024-01-29 12:20:03,975 - INFO - [0.01426842 0.803      0.18285792 0.17610878 0.17240654 0.18763267 0.12807129 0.15292279]
2024-01-29 12:20:11,959 - INFO - [0.01426799 0.803      0.18290783 0.17613301 0.17243266 0.18770951 0.12794556 0.15287152]
2024-01-29 12:20:19,915 - INFO - [0.0142679  0.803      0.18292791 0.17615713 0.17242922 0.18775629 0.12787944 0.15285003]
2024-01-29 12:20:27,871 - INFO - [0.01426781 0.803      0.18294746 0.17617796 0.17242575 0.18777341 0.12784313 0.15283224]
2024-01-29 12:20:35,812 - INFO - [0.01426795 0.803      0.18294783 0.17617224 0.17242227 0.18778042 0.12783661 0.15284052]
2024-01-29 12:20:43,778 - INFO - [0.01426793 0.803      0.18293864 0.17616671 0.17241976 0.18779592 0.12783013 0.15284884]
2024-01-29 12:20:51,730 - INFO - [0.01426812 0.803      0.18295848 0.17616123 0.1724163  0.18778326 0.12782364 0.15285701]
2024-01-29 12:20:59,683 - INFO - [0.01426779 0.803      0.18294875 0.17617926 0.17242552 0.18779334 0.12781717 0.15283597]
2024-01-29 12:21:07,638 - INFO - [0.0142679  0.803      0.18296827 0.17617366 0.17242235 0.18778074 0.1278107  0.15284428]
2024-01-29 12:21:15,615 - INFO - [0.01426794 0.803      0.18295851 0.17616801 0.172419   0.18779749 0.12780473 0.15285233]
2024-01-29 12:21:23,569 - INFO - [0.01426776 0.803      0.18294881 0.17616326 0.17244408 0.18778485 0.12782553 0.15283352]
2024-01-29 12:21:31,539 - INFO - [0.01426787 0.803      0.18293925 0.17618696 0.1724406  0.18777224 0.12781903 0.15284182]
2024-01-29 12:21:39,486 - INFO - [0.01426781 0.803      0.18293607 0.17618126 0.17243715 0.18778929 0.12781255 0.1528437 ]
2024-01-29 12:21:47,485 - INFO - [0.01426794 0.803      0.18295611 0.17617556 0.1724337  0.18777664 0.12780608 0.15285189]
2024-01-29 12:21:47,503 - INFO - Successfully finished `test_optimize` after 165.981 seconds.
