2024-01-29 14:50:27,752 - INFO - Logging into directory _output/exp_good_weights/20240129/20240129_145027.
2024-01-29 14:50:27,754 - INFO - Starting `test_optimize`.
2024-01-29 14:50:34,178 - INFO - [0.015307 0.808    0.01     0.5      0.3      0.14     0.04     0.01    ]
2024-01-29 14:50:42,246 - INFO - [0.01338998 0.825      0.10062179 0.3439939  0.23332344 0.16751832 0.09873839 0.05580416]
2024-01-29 14:50:50,306 - INFO - [0.01315752 0.823      0.14610776 0.26574826 0.20416911 0.18281101 0.12936583 0.07179803]
2024-01-29 14:50:58,332 - INFO - [0.01323144 0.823      0.16863398 0.22635812 0.18953295 0.19171254 0.14345834 0.08030401]
2024-01-29 14:51:06,389 - INFO - [0.01332839 0.823      0.18282898 0.20912865 0.18394178 0.19923204 0.13694297 0.08792558]
2024-01-29 14:51:14,409 - INFO - [0.01339329 0.821      0.19063294 0.20083638 0.18148707 0.20351152 0.13134806 0.09218407]
2024-01-29 14:51:22,475 - INFO - [0.01343073 0.821      0.19498286 0.19715373 0.18104908 0.20513475 0.12698638 0.0946933 ]
2024-01-29 14:51:30,502 - INFO - [0.01344574 0.821      0.196906   0.1950428  0.18065281 0.20527045 0.12685803 0.09526984]
2024-01-29 14:51:38,535 - INFO - [0.01345325 0.821      0.19789518 0.19396921 0.18047313 0.20532967 0.12679876 0.09553399]
2024-01-29 14:51:46,541 - INFO - [0.01345698 0.821      0.19840674 0.19342166 0.18038861 0.20536134 0.12676422 0.09565746]
2024-01-29 14:51:54,566 - INFO - [0.01345907 0.821      0.19866927 0.19313858 0.18034102 0.20537305 0.12676013 0.09571787]
2024-01-29 14:52:02,547 - INFO - [0.01346016 0.821      0.1988056  0.19299075 0.18030797 0.20539372 0.12674594 0.09575593]
2024-01-29 14:52:10,553 - INFO - [0.0134606  0.821      0.19887237 0.19291389 0.18029021 0.20540714 0.12674621 0.09577018]
2024-01-29 14:52:18,534 - INFO - [0.01346097 0.821      0.19891    0.19287217 0.18027823 0.20541769 0.12673797 0.09578393]
2024-01-29 14:52:26,549 - INFO - [0.01346119 0.821      0.19892915 0.19284941 0.18026543 0.2054254  0.12673493 0.09579565]
2024-01-29 14:52:34,680 - INFO - [0.0134612  0.821      0.19893892 0.19283801 0.18026242 0.20542878 0.12673809 0.09579377]
2024-01-29 14:52:42,848 - INFO - [0.01346118 0.821      0.19894227 0.19283594 0.18027829 0.20541495 0.12674151 0.09578698]
2024-01-29 14:52:50,971 - INFO - [0.01346112 0.821      0.19894572 0.19284302 0.18029557 0.20539984 0.12673739 0.0957784 ]
2024-01-29 14:52:59,117 - INFO - [0.01346105 0.821      0.19894594 0.19283856 0.18029055 0.20540805 0.12673636 0.09578059]
2024-01-29 14:53:07,239 - INFO - [0.01346116 0.821      0.19894709 0.19283219 0.18028153 0.20541444 0.12674004 0.09578472]
2024-01-29 14:53:15,273 - INFO - [0.01346127 0.821      0.19894627 0.19283138 0.18027577 0.20541607 0.12673686 0.0957936 ]
2024-01-29 14:53:15,289 - INFO - Successfully finished `test_optimize` after 167.535 seconds.
