2024-01-29 16:28:04,917 - INFO - Logging into directory _output/exp_nice_weights/20240129_162804__4294967145.
2024-01-29 16:28:04,921 - INFO - Starting `test_optimize`.
2024-01-29 16:28:11,410 - INFO - [0.01449856 0.809      0.332      0.332      0.332      0.001      0.001      0.001     ]
2024-01-29 16:28:26,770 - INFO - [0.01045347 0.82       0.24568671 0.24603806 0.2426451  0.09172904 0.13813275 0.03576841]
2024-01-29 16:28:42,344 - INFO - [0.01025695 0.822      0.21744826 0.21730623 0.21153586 0.14878373 0.14601912 0.05890673]
2024-01-29 16:28:57,891 - INFO - [0.01016719 0.82       0.20436063 0.20494242 0.19793005 0.17833051 0.1503623  0.06407405]
2024-01-29 16:29:13,442 - INFO - [0.01013382 0.82       0.19861481 0.19976646 0.19182785 0.19385849 0.15112594 0.06480644]
2024-01-29 16:29:28,908 - INFO - [0.01013239 0.82       0.19533288 0.19677813 0.18834861 0.2011203  0.15187268 0.06654738]
2024-01-29 16:29:44,376 - INFO - [0.01013496 0.82       0.19361587 0.19520998 0.1865081  0.20463037 0.15236852 0.06766715]
2024-01-29 16:29:59,887 - INFO - [0.01013697 0.821      0.19274434 0.19441357 0.18556318 0.20635225 0.15264678 0.06827993]
2024-01-29 16:30:15,387 - INFO - [0.01013848 0.821      0.19231728 0.19402474 0.18508877 0.20720617 0.15275054 0.06861252]
2024-01-29 16:30:30,924 - INFO - [0.01013891 0.821      0.19209805 0.19382481 0.18484826 0.20763627 0.1528337  0.06875902]
2024-01-29 16:30:46,465 - INFO - [0.01013955 0.821      0.19199264 0.19372837 0.18472229 0.20783581 0.1528732  0.0688476 ]
2024-01-29 16:31:02,000 - INFO - [0.01013992 0.821      0.19193718 0.19367597 0.18465514 0.20793271 0.15289886 0.06890004]
2024-01-29 16:31:17,501 - INFO - [0.01013989 0.821      0.19190805 0.19364905 0.18462619 0.20799392 0.15290986 0.06891288]
2024-01-29 16:31:32,977 - INFO - [0.01013986 0.821      0.19189681 0.19363821 0.18461096 0.20801875 0.15291986 0.06891544]
2024-01-29 16:31:48,418 - INFO - [0.01013988 0.821      0.19188765 0.19363041 0.18460494 0.20803756 0.15292075 0.0689187 ]
2024-01-29 16:32:03,866 - INFO - [0.01013996 0.821      0.19188415 0.19362779 0.18460098 0.20804432 0.15292202 0.06892069]
2024-01-29 16:32:19,326 - INFO - [0.01013991 0.821      0.19188209 0.19362617 0.18459868 0.20804702 0.15292214 0.06892393]
2024-01-29 16:32:34,766 - INFO - [0.01013986 0.821      0.19188033 0.19362427 0.18459898 0.20805047 0.15292187 0.06892414]
2024-01-29 16:32:50,176 - INFO - [0.01013999 0.821      0.19187769 0.19362035 0.18459687 0.20804925 0.15291704 0.06893881]
2024-01-29 16:32:58,563 - INFO - [0.01014005 0.821      0.19187778 0.19361994 0.18459487 0.20804431 0.15291755 0.06894555]
2024-01-29 16:33:06,643 - INFO - [0.01014    0.821      0.19187935 0.19362259 0.18459487 0.20804517 0.15292463 0.06893338]
2024-01-29 16:33:06,662 - INFO - Successfully finished `test_optimize` after 301.741 seconds.
