2024-01-29 16:39:13,861 - INFO - Logging into directory _output/exp_011000/20240129_163913__4294967164.
2024-01-29 16:39:13,865 - INFO - Starting `test_optimize`.
2024-01-29 16:39:25,178 - INFO - [0.02655853 0.783      0.001      0.498      0.498      0.001      0.001      0.001     ]
2024-01-29 16:39:40,130 - INFO - [0.02067585 0.803      0.13113584 0.26406196 0.27679241 0.11366477 0.20376939 0.01057567]
2024-01-29 16:39:53,081 - INFO - [0.02036618 0.806      0.16914779 0.22554113 0.22779752 0.13699184 0.23445328 0.00606843]
2024-01-29 16:40:07,983 - INFO - [0.02033356 0.806      0.1893308  0.20879097 0.20559305 0.15106533 0.2367523  0.00846756]
2024-01-29 16:40:23,976 - INFO - [0.02031761 0.806      0.19837496 0.20050012 0.1930909  0.15930387 0.23916049 0.00956966]
2024-01-29 16:40:39,347 - INFO - [0.02031263 0.808      0.20301357 0.19642919 0.1868991  0.16361858 0.23983364 0.01020594]
2024-01-29 16:40:54,991 - INFO - [0.02031742 0.808      0.20533477 0.19435774 0.18451203 0.1650558  0.24008748 0.01065215]
2024-01-29 16:41:08,184 - INFO - [0.02032024 0.808      0.20650229 0.1931773  0.18303932 0.16598171 0.24025451 0.01104488]
2024-01-29 16:41:24,071 - INFO - [0.02032174 0.808      0.20709085 0.19258621 0.18229726 0.16646168 0.24032858 0.01123539]
2024-01-29 16:41:39,566 - INFO - [0.02032238 0.808      0.20738715 0.19228821 0.1819347  0.1667012  0.24036162 0.0113272 ]
2024-01-29 16:41:56,194 - INFO - [0.02032289 0.808      0.20753427 0.19213514 0.18175679 0.16681702 0.24038987 0.01136686]
2024-01-29 16:42:11,300 - INFO - [0.02032306 0.808      0.2076115  0.19205861 0.18167524 0.16687661 0.2403917  0.01138629]
2024-01-29 16:42:27,824 - INFO - [0.02032313 0.808      0.20764782 0.19202009 0.1816397  0.16690385 0.24039301 0.01139554]
2024-01-29 16:42:44,432 - INFO - [0.02032317 0.808      0.20766966 0.19199875 0.18161662 0.16691916 0.24039458 0.01140128]
2024-01-29 16:43:00,407 - INFO - [0.02032318 0.808      0.20767628 0.19198768 0.18161006 0.16692692 0.24039619 0.01140292]
2024-01-29 16:43:16,899 - INFO - [0.02032319 0.808      0.20767964 0.19198175 0.18160735 0.16693123 0.24039686 0.01140321]
2024-01-29 16:43:33,427 - INFO - [0.02032326 0.808      0.2076816  0.19197677 0.18160674 0.16693254 0.24039999 0.01140233]
2024-01-29 16:43:47,801 - INFO - [0.02032321 0.808      0.20768213 0.19197738 0.18160446 0.16693223 0.24040024 0.01140359]
2024-01-29 16:44:03,709 - INFO - [0.02032316 0.808      0.20768255 0.191974   0.18160507 0.16693263 0.24040346 0.01140236]
2024-01-29 16:44:13,874 - INFO - [0.0203232  0.808      0.20768252 0.19197276 0.18160367 0.16693433 0.24040402 0.01140273]
2024-01-29 16:44:22,410 - INFO - [0.02032316 0.808      0.20768188 0.19197308 0.18160206 0.16693552 0.2404041  0.01140345]
2024-01-29 16:44:22,429 - INFO - Successfully finished `test_optimize` after 308.564 seconds.
