2024-01-30 15:49:01,824 - INFO - Logging into directory _output/exp_011000/20240130_154901__4294967191.
2024-01-30 15:49:01,833 - INFO - Starting `test_optimize`.
2024-01-30 15:49:15,432 - INFO - [0.02276664 0.787      0.001      0.498      0.498      0.001      0.001      0.001     ]
2024-01-30 15:49:32,941 - INFO - [0.0185331  0.809      0.1159736  0.31636733 0.30569893 0.14794564 0.09046704 0.02354746]
2024-01-30 15:49:50,553 - INFO - [0.01807888 0.812      0.16280764 0.25521162 0.24083869 0.20068152 0.10806288 0.03239767]
2024-01-30 15:50:07,871 - INFO - [0.01816792 0.812      0.18493277 0.22215654 0.20780542 0.22481719 0.11305434 0.04723375]
2024-01-30 15:50:24,737 - INFO - [0.01828922 0.812      0.19505158 0.20468666 0.19048314 0.23511326 0.1210749  0.05359049]
2024-01-30 15:50:41,208 - INFO - [0.0183711  0.813      0.19979919 0.19603138 0.1809568  0.24090691 0.12557666 0.05672904]
2024-01-30 15:50:57,736 - INFO - [0.01840673 0.813      0.20183778 0.19158863 0.17636056 0.24442613 0.12766841 0.05811848]
2024-01-30 15:51:14,632 - INFO - [0.01842476 0.812      0.20288938 0.18931329 0.17406191 0.24616139 0.12873524 0.05883879]
2024-01-30 15:51:31,157 - INFO - [0.01843423 0.812      0.20343357 0.18814114 0.17292261 0.2470037  0.12929295 0.05920601]
2024-01-30 15:51:47,697 - INFO - [0.0184389  0.812      0.20370941 0.18755957 0.17235297 0.24740261 0.12957884 0.05939665]
2024-01-30 15:52:04,438 - INFO - [0.01844153 0.812      0.20386155 0.18724924 0.17205176 0.24762045 0.12972021 0.05949679]
2024-01-30 15:52:21,170 - INFO - [0.01844277 0.812      0.20392865 0.18708803 0.17191501 0.24772088 0.12979598 0.05955148]
2024-01-30 15:52:38,305 - INFO - [0.01844342 0.812      0.20396596 0.18701625 0.17185234 0.24776173 0.12982082 0.0595829 ]
2024-01-30 15:52:55,714 - INFO - [0.01844371 0.812      0.20397468 0.18697433 0.17181945 0.24779402 0.12984297 0.05959459]
2024-01-30 15:53:12,371 - INFO - [0.01844388 0.812      0.20398216 0.18696216 0.17178662 0.24780501 0.12986486 0.05959921]
2024-01-30 15:53:29,359 - INFO - [0.01844393 0.812      0.20398964 0.18695006 0.1717836  0.24781594 0.12985718 0.05960363]
2024-01-30 15:53:46,468 - INFO - [0.018444   0.812      0.20399714 0.1869417  0.1717806  0.24782507 0.12984963 0.05960591]
2024-01-30 15:54:04,076 - INFO - [0.01844407 0.812      0.20400462 0.18693291 0.17177761 0.24781117 0.12986319 0.05961051]
2024-01-30 15:54:20,844 - INFO - [0.01844408 0.812      0.20401208 0.18692867 0.17177461 0.24782108 0.12985551 0.05960805]
2024-01-30 15:54:37,964 - INFO - [0.01844396 0.812      0.20401944 0.18694359 0.1717716  0.247811   0.12984799 0.05960641]
2024-01-30 15:54:54,891 - INFO - [0.01844411 0.812      0.20402673 0.18693148 0.17176858 0.24782044 0.12984917 0.05960358]
2024-01-30 15:54:54,926 - INFO - Successfully finished `test_optimize` after 353.093 seconds.
