2024-01-29 16:28:05,321 - INFO - Logging into directory _output/exp_nice_weights/20240129_162805__4294967153.
2024-01-29 16:28:05,324 - INFO - Starting `test_optimize`.
2024-01-29 16:28:16,300 - INFO - [0.01805914 0.821      0.332      0.332      0.332      0.001      0.001      0.001     ]
2024-01-29 16:28:32,054 - INFO - [0.01488161 0.83       0.26365307 0.26223481 0.25306064 0.09140953 0.08847737 0.04116457]
2024-01-29 16:28:47,703 - INFO - [0.01429456 0.833      0.22936712 0.22760566 0.21399376 0.14053123 0.13006447 0.05843778]
2024-01-29 16:29:03,321 - INFO - [0.01408571 0.834      0.2120308  0.21045178 0.19534999 0.16534208 0.15000241 0.06682302]
2024-01-29 16:29:18,887 - INFO - [0.01401481 0.836      0.20330459 0.2017764  0.18680871 0.17755409 0.15985996 0.07069619]
2024-01-29 16:29:34,360 - INFO - [0.01398135 0.836      0.19842154 0.19782156 0.18269965 0.18396935 0.1642869  0.0728011 ]
2024-01-29 16:29:49,878 - INFO - [0.01396429 0.836      0.19597515 0.1958077  0.18069793 0.18722886 0.16647507 0.07381532]
2024-01-29 16:30:05,389 - INFO - [0.01395618 0.836      0.19473964 0.19478883 0.17972881 0.18887571 0.16755015 0.07431683]
2024-01-29 16:30:20,860 - INFO - [0.0139522  0.836      0.19412708 0.19427541 0.1792445  0.18970649 0.16808601 0.07456043]
2024-01-29 16:30:36,334 - INFO - [0.01395004 0.836      0.19381274 0.19402033 0.17900817 0.1901304  0.1683532  0.07467516]
2024-01-29 16:30:51,748 - INFO - [0.01394897 0.836      0.19364922 0.19388476 0.17889576 0.19034487 0.16849507 0.07473031]
2024-01-29 16:31:07,184 - INFO - [0.01394846 0.836      0.19357365 0.19381075 0.17885388 0.19044985 0.16855359 0.07475825]
2024-01-29 16:31:22,601 - INFO - [0.01394825 0.836      0.19355567 0.1937796  0.17881683 0.19049519 0.16858228 0.0747705 ]
2024-01-29 16:31:37,999 - INFO - [0.01394811 0.836      0.19353925 0.19376336 0.17880955 0.19051071 0.1686068  0.0747704 ]
2024-01-29 16:31:53,421 - INFO - [0.01394811 0.836      0.19352318 0.19374964 0.17880233 0.19052821 0.16861577 0.07478088]
2024-01-29 16:32:08,865 - INFO - [0.01394803 0.836      0.19350711 0.19375524 0.17879508 0.19054371 0.16861464 0.07478419]
2024-01-29 16:32:24,291 - INFO - [0.01394799 0.836      0.19352069 0.19373903 0.17878783 0.19055921 0.16861349 0.07477975]
2024-01-29 16:32:38,615 - INFO - [0.01394784 0.836      0.19350754 0.19375257 0.17878062 0.1905611  0.16861238 0.07478591]
2024-01-29 16:32:46,771 - INFO - [0.01394798 0.836      0.1935212  0.19374469 0.17877476 0.19056496 0.16861126 0.07478315]
2024-01-29 16:32:54,894 - INFO - [0.01394813 0.836      0.19352448 0.19374573 0.17878486 0.19055092 0.16861011 0.07478384]
2024-01-29 16:33:03,012 - INFO - [0.01394788 0.836      0.19350842 0.19375925 0.17877764 0.19056617 0.16860898 0.07477959]
2024-01-29 16:33:03,032 - INFO - Successfully finished `test_optimize` after 297.708 seconds.
