2024-01-29 16:28:05,188 - INFO - Logging into directory _output/exp_nice_weights/20240129_162805__4294967170.
2024-01-29 16:28:05,192 - INFO - Starting `test_optimize`.
2024-01-29 16:28:18,195 - INFO - [0.0239531 0.795     0.332     0.332     0.332     0.001     0.001     0.001    ]
2024-01-29 16:28:33,770 - INFO - [0.02084286 0.806      0.24717347 0.23746367 0.23115288 0.07607495 0.09175409 0.11638095]
2024-01-29 16:28:49,350 - INFO - [0.02054546 0.807      0.21408673 0.19585595 0.18952148 0.11738363 0.13225938 0.15089279]
2024-01-29 16:29:04,881 - INFO - [0.02047315 0.807      0.20105626 0.17764306 0.17268176 0.14107785 0.15206534 0.15547571]
2024-01-29 16:29:20,369 - INFO - [0.02046302 0.808      0.194618   0.16832161 0.1645515  0.15449783 0.15921739 0.1587936 ]
2024-01-29 16:29:35,775 - INFO - [0.02045294 0.808      0.19227615 0.16452283 0.16136363 0.16119927 0.16175373 0.15888435]
2024-01-29 16:29:51,242 - INFO - [0.02044686 0.808      0.19115117 0.16258508 0.15979584 0.16464563 0.16300502 0.15881728]
2024-01-29 16:30:06,723 - INFO - [0.02044418 0.808      0.19061288 0.16159141 0.15902358 0.1663985  0.16359636 0.15877719]
2024-01-29 16:30:22,191 - INFO - [0.02044262 0.808      0.19035134 0.16107337 0.15863948 0.16729239 0.16388004 0.15876332]
2024-01-29 16:30:37,657 - INFO - [0.02044137 0.808      0.1901767  0.160771   0.15839931 0.16780157 0.16411495 0.15873645]
2024-01-29 16:30:53,134 - INFO - [0.02044075 0.808      0.19007196 0.16059765 0.15825614 0.16808322 0.16427107 0.15871996]
2024-01-29 16:31:08,586 - INFO - [0.02044062 0.808      0.18999037 0.16049281 0.15815708 0.16824746 0.16438136 0.15873088]
2024-01-29 16:31:23,991 - INFO - [0.02044058 0.808      0.1899499  0.16042751 0.15809941 0.16833803 0.16445021 0.15873486]
2024-01-29 16:31:39,430 - INFO - [0.02044032 0.808      0.18996112 0.16042584 0.15811212 0.168357   0.16442099 0.15872294]
2024-01-29 16:31:51,393 - INFO - [0.02044036 0.808      0.18996517 0.16042429 0.15811554 0.16836344 0.16441151 0.15871997]
2024-01-29 16:31:59,504 - INFO - [0.02044036 0.808      0.1899405  0.16040136 0.15808715 0.16838627 0.16445173 0.15873303]
2024-01-29 16:32:07,601 - INFO - [0.02044036 0.808      0.18996295 0.16040891 0.15810335 0.16837884 0.16442522 0.15872064]
2024-01-29 16:32:15,651 - INFO - [0.02044028 0.808      0.18997274 0.16041812 0.15811548 0.16837443 0.16440059 0.15871859]
2024-01-29 16:32:23,700 - INFO - [0.02044034 0.808      0.18995318 0.16040316 0.15810378 0.168383   0.16441841 0.15873855]
2024-01-29 16:32:31,718 - INFO - [0.02044026 0.808      0.18996041 0.16041021 0.1581123  0.16837791 0.16441797 0.15872122]
2024-01-29 16:32:39,740 - INFO - [0.02044031 0.808      0.18997428 0.16042244 0.15812588 0.16836391 0.16438973 0.15872373]
2024-01-29 16:32:39,759 - INFO - Successfully finished `test_optimize` after 274.567 seconds.
