2024-01-29 15:56:32,130 - INFO - Logging into directory _output/exp_good_weights/20240129/20240129_155632.
2024-01-29 15:56:32,133 - INFO - Starting `test_optimize`.
2024-01-29 15:56:38,598 - INFO - [0.01399248 0.817      0.01       0.5        0.3        0.14       0.04       0.01      ]
2024-01-29 15:56:46,677 - INFO - [0.01186409 0.831      0.10028088 0.33632535 0.22714995 0.14267726 0.13163829 0.06192825]
2024-01-29 15:56:54,729 - INFO - [0.01176245 0.832      0.14937966 0.25877503 0.19694081 0.15066329 0.15353937 0.09070175]
2024-01-29 15:57:02,802 - INFO - [0.01188245 0.833      0.17502739 0.21967025 0.18304756 0.15445925 0.16388033 0.10391515]
2024-01-29 15:57:10,858 - INFO - [0.01198291 0.833      0.18798314 0.19983947 0.1762062  0.15664132 0.16909803 0.11023185]
2024-01-29 15:57:18,933 - INFO - [0.01204298 0.833      0.19380862 0.19009264 0.17249952 0.1581587  0.17221472 0.1132258 ]
2024-01-29 15:57:26,996 - INFO - [0.01207374 0.833      0.19676907 0.18516259 0.17065606 0.15896839 0.17378403 0.11465993]
2024-01-29 15:57:35,057 - INFO - [0.01208965 0.833      0.19827001 0.18266796 0.16973788 0.1594155  0.1745607  0.11534801]
2024-01-29 15:57:43,116 - INFO - [0.01209768 0.833      0.19902544 0.18140739 0.16928925 0.15963304 0.1749676  0.11567736]
2024-01-29 15:57:51,152 - INFO - [0.01210192 0.833      0.19942081 0.18077132 0.16904965 0.15975636 0.17517109 0.11583073]
2024-01-29 15:57:59,188 - INFO - [0.01210395 0.833      0.19960967 0.18043526 0.16893746 0.15982008 0.17528211 0.11591546]
2024-01-29 15:58:07,230 - INFO - [0.01210494 0.833      0.19970906 0.18027808 0.16887653 0.15985398 0.17533647 0.11594591]
2024-01-29 15:58:15,249 - INFO - [0.01210549 0.833      0.19974887 0.18018131 0.16885792 0.15987475 0.17536107 0.11597612]
2024-01-29 15:58:23,472 - INFO - [0.01210582 0.833      0.19978859 0.18014342 0.16885656 0.15987882 0.17535585 0.11597674]
2024-01-29 15:58:31,507 - INFO - [0.01210587 0.833      0.19979854 0.1801305  0.16885526 0.1598829  0.17535111 0.11598173]
2024-01-29 15:58:39,537 - INFO - [0.012106   0.833      0.19980843 0.18012242 0.16885388 0.15988696 0.17534597 0.11598232]
2024-01-29 15:58:47,544 - INFO - [0.01210611 0.833      0.19981833 0.18011433 0.16885255 0.15989101 0.1753408  0.11598292]
2024-01-29 15:58:55,551 - INFO - [0.01210608 0.833      0.19980985 0.18010627 0.16885124 0.15989508 0.17535396 0.11598353]
2024-01-29 15:59:03,698 - INFO - [0.01210602 0.833      0.19981977 0.18009824 0.16884995 0.15989916 0.17534879 0.11598415]
2024-01-29 15:59:11,675 - INFO - [0.01210611 0.833      0.19982891 0.18009019 0.16884865 0.15990323 0.1753443  0.11598476]
2024-01-29 15:59:19,629 - INFO - [0.01210605 0.833      0.19980901 0.18010919 0.16884734 0.15990722 0.17534183 0.11598536]
2024-01-29 15:59:19,649 - INFO - Successfully finished `test_optimize` after 167.516 seconds.
