2024-01-29 17:45:43,646 - INFO - Logging into directory _output/exp_011100_/20240129_174543__4294967185.
2024-01-29 17:45:43,657 - INFO - Starting `test_optimize`.
2024-01-29 17:46:05,417 - INFO - [0.0232629 0.795     0.001     0.332     0.332     0.332     0.001     0.001    ]
2024-01-29 17:46:27,115 - INFO - [0.02023115 0.801      0.09783522 0.2541962  0.25483239 0.26343077 0.09876969 0.03093584]
2024-01-29 17:46:47,877 - INFO - [0.01985491 0.802      0.1435045  0.21744664 0.22094086 0.22954372 0.14424041 0.04432388]
2024-01-29 17:47:09,671 - INFO - [0.01983349 0.803      0.16581799 0.19814828 0.20409422 0.21432213 0.16573241 0.05188494]
2024-01-29 17:47:29,867 - INFO - [0.01986568 0.804      0.17694622 0.18848515 0.19602107 0.20713711 0.17590249 0.05550798]
2024-01-29 17:47:50,735 - INFO - [0.01989639 0.804      0.18230726 0.18424775 0.1916465  0.20437522 0.1799493  0.05747404]
2024-01-29 17:48:12,526 - INFO - [0.01991361 0.805      0.18500823 0.18212327 0.18952054 0.20307714 0.18186764 0.05840316]
2024-01-29 17:48:33,955 - INFO - [0.01992251 0.805      0.18636712 0.18106571 0.18849403 0.20245974 0.18277784 0.05883556]
2024-01-29 17:48:56,950 - INFO - [0.01992698 0.805      0.18704034 0.18052435 0.18800262 0.20217206 0.18321487 0.05904577]
2024-01-29 17:49:18,041 - INFO - [0.01992932 0.805      0.18738553 0.18026435 0.18775152 0.20204489 0.18341343 0.05914029]
2024-01-29 17:49:39,624 - INFO - [0.01993053 0.805      0.18755181 0.18013707 0.18763435 0.20199388 0.18349899 0.05918385]
2024-01-29 17:50:01,860 - INFO - [0.01993107 0.805      0.18763284 0.18006946 0.18756562 0.20197274 0.18354851 0.05921084]
2024-01-29 17:50:24,070 - INFO - [0.01993132 0.805      0.18767987 0.18003167 0.18755288 0.20195161 0.18356821 0.05921576]
2024-01-29 17:50:45,876 - INFO - [0.01993138 0.805      0.1876971  0.18002367 0.1875404  0.20193048 0.1835878  0.05922058]
2024-01-29 17:51:06,474 - INFO - [0.01993158 0.805      0.18771431 0.18001568 0.18752791 0.20193914 0.18358502 0.0592179 ]
2024-01-29 17:51:27,963 - INFO - [0.01993171 0.805      0.18773149 0.1800077  0.18751544 0.20194717 0.18357781 0.0592204 ]
2024-01-29 17:51:48,439 - INFO - [0.0199317  0.805      0.18772714 0.17999974 0.18750347 0.20194572 0.18359746 0.05922645]
2024-01-29 17:52:10,445 - INFO - [0.01993167 0.805      0.18773568 0.17999177 0.18752076 0.2019404  0.18358733 0.0592241 ]
2024-01-29 17:52:32,384 - INFO - [0.01993168 0.805      0.18772651 0.17998384 0.18751241 0.201949   0.18360004 0.05922817]
2024-01-29 17:52:53,352 - INFO - [0.01993183 0.805      0.18773024 0.18000288 0.18750088 0.20195061 0.18358991 0.0592254 ]
2024-01-29 17:53:12,729 - INFO - [0.01993177 0.805      0.18774699 0.17999493 0.18751821 0.20192949 0.18358766 0.05922267]
2024-01-29 17:53:12,761 - INFO - Successfully finished `test_optimize` after 449.104 seconds.
