2024-01-29 15:16:02,837 - INFO - Logging into directory _output/exp_good_weights/20240129/20240129_151602.
2024-01-29 15:16:02,840 - INFO - Starting `test_optimize`.
2024-01-29 15:16:09,387 - INFO - [0.01671402 0.805      0.01       0.5        0.3        0.14       0.04       0.01      ]
2024-01-29 15:16:17,396 - INFO - [0.01410909 0.811      0.06706555 0.31065464 0.19791208 0.12135682 0.1310205  0.17199036]
2024-01-29 15:16:25,397 - INFO - [0.01398864 0.81       0.11279505 0.23118342 0.16528477 0.1304718  0.17279522 0.18746969]
2024-01-29 15:16:33,361 - INFO - [0.0140045  0.811      0.13808161 0.19209871 0.15350063 0.13902315 0.19339441 0.1839015 ]
2024-01-29 15:16:41,336 - INFO - [0.01404493 0.81       0.15113837 0.17274289 0.14865597 0.14388789 0.20249929 0.18107568]
2024-01-29 15:16:49,292 - INFO - [0.01404851 0.813      0.15813272 0.16322862 0.14679433 0.14697599 0.20730488 0.17756338]
2024-01-29 15:16:57,274 - INFO - [0.01405174 0.813      0.16167599 0.15837586 0.14595833 0.14866933 0.20964171 0.17567885]
2024-01-29 15:17:05,233 - INFO - [0.0140528  0.813      0.16346002 0.15589374 0.14557755 0.14957529 0.21076123 0.17473216]
2024-01-29 15:17:14,555 - INFO - [0.014054   0.813      0.16434875 0.15458933 0.14538807 0.15005878 0.21133111 0.17428392]
2024-01-29 15:17:24,365 - INFO - [0.01405426 0.813      0.16479921 0.1539311  0.14530975 0.15031871 0.21159884 0.17404237]
2024-01-29 15:17:34,250 - INFO - [0.01405415 0.813      0.16503534 0.15359771 0.14527486 0.15045743 0.21173435 0.17390035]
2024-01-29 15:17:43,109 - INFO - [0.0140544  0.813      0.16514748 0.15341802 0.14526001 0.15053004 0.21179871 0.17384569]
2024-01-29 15:17:53,222 - INFO - [0.01405425 0.813      0.16520971 0.15333849 0.14525358 0.15057182 0.21182258 0.17380381]
2024-01-29 15:18:03,784 - INFO - [0.01405437 0.813      0.1652388  0.15329306 0.14525083 0.15059069 0.21183266 0.17379393]
2024-01-29 15:18:14,141 - INFO - [0.01405438 0.813      0.16524774 0.15326698 0.14524797 0.15060301 0.21184377 0.17379054]
2024-01-29 15:18:24,723 - INFO - [0.01405444 0.813      0.16525438 0.15325825 0.14524689 0.1506075  0.21184732 0.17378561]
2024-01-29 15:18:35,249 - INFO - [0.01405452 0.813      0.16526064 0.15324676 0.14524285 0.15060379 0.21185346 0.17379248]
2024-01-29 15:18:44,419 - INFO - [0.01405443 0.813      0.16526857 0.15325013 0.14524834 0.15060639 0.21184634 0.1737802 ]
2024-01-29 15:18:54,978 - INFO - [0.01405437 0.813      0.16526529 0.15325084 0.14524707 0.15060703 0.21184839 0.17378137]
2024-01-29 15:19:05,536 - INFO - [0.01405449 0.813      0.16526984 0.15324265 0.14524581 0.15060675 0.21185333 0.17378159]
2024-01-29 15:19:16,747 - INFO - [0.01405456 0.813      0.16526613 0.15324093 0.14524269 0.15060644 0.21185392 0.17378981]
2024-01-29 15:19:16,773 - INFO - Successfully finished `test_optimize` after 193.933 seconds.
