2024-01-29 14:44:47,871 - INFO - Logging into directory _output/exp_good_weights/20240129/20240129_144447.
2024-01-29 14:44:47,874 - INFO - Starting `test_optimize`.
2024-01-29 14:44:54,408 - INFO - [0.01330942 0.816      0.01       0.5        0.3        0.14       0.04       0.01      ]
2024-01-29 14:45:02,615 - INFO - [0.01197275 0.829      0.10621084 0.35136873 0.23680137 0.15959978 0.13272153 0.01329783]
2024-01-29 14:45:10,806 - INFO - [0.0120513  0.829      0.15701789 0.2795397  0.21103942 0.1733007  0.16074112 0.01836113]
2024-01-29 14:45:18,980 - INFO - [0.0122139  0.828      0.18275051 0.2435319  0.19826339 0.17825018 0.17651294 0.02069112]
2024-01-29 14:45:27,173 - INFO - [0.01233064 0.828      0.19593792 0.22529256 0.19200818 0.17961843 0.18536051 0.02178243]
2024-01-29 14:45:35,336 - INFO - [0.01239662 0.827      0.20175862 0.21621691 0.18925416 0.18111883 0.18939437 0.0222571 ]
2024-01-29 14:45:43,531 - INFO - [0.0124326  0.827      0.20471615 0.21161319 0.18787654 0.18186449 0.19142732 0.02250235]
2024-01-29 14:45:51,698 - INFO - [0.01245162 0.827      0.20621945 0.20927979 0.18718176 0.18224248 0.19245386 0.0226226 ]
2024-01-29 14:45:59,898 - INFO - [0.01246137 0.827      0.20699315 0.20809263 0.18684182 0.18241771 0.19297363 0.02268106]
2024-01-29 14:46:08,065 - INFO - [0.01246631 0.827      0.20738591 0.20750049 0.18668079 0.18249761 0.19322592 0.02270923]
2024-01-29 14:46:16,260 - INFO - [0.01246882 0.827      0.20757715 0.20718709 0.18659724 0.18254775 0.19335899 0.02273181]
2024-01-29 14:46:24,427 - INFO - [0.01247004 0.827      0.20767182 0.20703535 0.18655558 0.18256807 0.19343184 0.02273739]
2024-01-29 14:46:32,598 - INFO - [0.01247084 0.827      0.20773654 0.20695163 0.1865233  0.18258835 0.19345821 0.02274195]
2024-01-29 14:46:40,752 - INFO - [0.01247114 0.827      0.20776686 0.20691276 0.18651146 0.18259861 0.193472   0.02273833]
2024-01-29 14:46:48,946 - INFO - [0.01247135 0.827      0.20777209 0.20688872 0.18649964 0.1826092  0.19348572 0.02274464]
2024-01-29 14:46:57,113 - INFO - [0.0124714  0.827      0.20777726 0.20689045 0.18648815 0.18259971 0.19349936 0.02274513]
2024-01-29 14:47:05,294 - INFO - [0.01247142 0.827      0.20778243 0.20687537 0.18650602 0.18259859 0.19348706 0.02275057]
2024-01-29 14:47:13,460 - INFO - [0.01247156 0.827      0.20778759 0.20688108 0.18649496 0.18260777 0.19348133 0.0227472 ]
2024-01-29 14:47:21,640 - INFO - [0.01247152 0.827      0.20779274 0.20688367 0.18648314 0.18259828 0.19349506 0.02274714]
2024-01-29 14:47:29,817 - INFO - [0.01247151 0.827      0.20779404 0.20688935 0.18650104 0.18259279 0.19347921 0.02274348]
2024-01-29 14:47:37,996 - INFO - [0.01247152 0.827      0.20779918 0.20688765 0.18649298 0.18259658 0.19347852 0.02274506]
2024-01-29 14:47:38,011 - INFO - Successfully finished `test_optimize` after 170.137 seconds.
