2024-01-29 13:49:40,379 - INFO - Logging into directory _output/exp_uniform_weights/20240129/20240129_134940.
2024-01-29 13:49:40,382 - INFO - Starting `test_optimize`.
2024-01-29 13:49:46,731 - INFO - [0.01238354 0.832      0.16666667 0.16666667 0.16666667 0.16666667 0.16666667 0.16666667]
2024-01-29 13:49:54,706 - INFO - [0.01221413 0.833      0.1843302  0.17379624 0.16883637 0.16371126 0.1694417  0.1398842 ]
2024-01-29 13:50:02,676 - INFO - [0.01215423 0.833      0.19294408 0.17724584 0.16974008 0.16198152 0.17067653 0.12741199]
2024-01-29 13:50:10,604 - INFO - [0.01212578 0.833      0.19644408 0.17872596 0.16938108 0.1610401  0.17315923 0.12124954]
2024-01-29 13:50:18,533 - INFO - [0.01211415 0.833      0.1981547  0.17943388 0.16914329 0.16051936 0.17433476 0.11841411]
2024-01-29 13:50:26,465 - INFO - [0.01210949 0.833      0.19899966 0.17978361 0.16901575 0.16022527 0.17487292 0.11710276]
2024-01-29 13:50:34,401 - INFO - [0.01210741 0.833      0.19941252 0.17995432 0.16892515 0.1600748  0.17513612 0.11649711]
2024-01-29 13:50:42,324 - INFO - [0.01210657 0.833      0.19960822 0.18003567 0.16889393 0.15998939 0.17525028 0.11622253]
2024-01-29 13:50:50,283 - INFO - [0.01210634 0.833      0.19970773 0.18006574 0.16886288 0.15994665 0.17531334 0.1161036 ]
2024-01-29 13:50:58,190 - INFO - [0.01210615 0.833      0.19974795 0.18008751 0.1688612  0.15992092 0.17533796 0.11604441]
2024-01-29 13:51:06,138 - INFO - [0.01210614 0.833      0.1997858  0.18008581 0.16885342 0.15989722 0.17536253 0.1160152 ]
2024-01-29 13:51:14,037 - INFO - [0.01210607 0.833      0.19979575 0.18009174 0.16885214 0.15990131 0.17535815 0.11600092]
2024-01-29 13:51:21,965 - INFO - [0.01210604 0.833      0.19980571 0.18009825 0.16885084 0.15990539 0.17535296 0.11598684]
2024-01-29 13:51:29,856 - INFO - [0.01210617 0.833      0.19981562 0.18009019 0.16884953 0.15990277 0.17535438 0.11598744]
2024-01-29 13:51:37,777 - INFO - [0.01210609 0.833      0.19982553 0.18008226 0.16884822 0.15990683 0.17534919 0.11598804]
2024-01-29 13:51:45,696 - INFO - [0.01210602 0.833      0.19981107 0.18010309 0.16884692 0.1599108  0.17534399 0.11598413]
2024-01-29 13:51:53,620 - INFO - [0.01210612 0.833      0.19981289 0.18009502 0.16884559 0.15990436 0.17535944 0.11598261]
2024-01-29 13:52:01,518 - INFO - [0.01210606 0.833      0.19982283 0.18008699 0.16884431 0.15990843 0.17535426 0.11598324]
2024-01-29 13:52:09,442 - INFO - [0.01210607 0.833      0.19982949 0.18009667 0.16884303 0.15989745 0.17534956 0.11598387]
2024-01-29 13:52:17,369 - INFO - [0.01210611 0.833      0.19980961 0.18008944 0.16884172 0.1599015  0.17537317 0.11598448]
2024-01-29 13:52:25,320 - INFO - [0.01210615 0.833      0.19981831 0.18008275 0.16884039 0.15990548 0.17536794 0.11598507]
2024-01-29 13:52:25,338 - INFO - Successfully finished `test_optimize` after 164.956 seconds.
