2024-01-30 15:49:01,718 - INFO - Logging into directory _output/exp_011000/20240130_154901__4294967180.
2024-01-30 15:49:01,725 - INFO - Starting `test_optimize`.
2024-01-30 15:49:15,566 - INFO - [0.01684632 0.796      0.001      0.498      0.498      0.001      0.001      0.001     ]
2024-01-30 15:49:32,370 - INFO - [0.01193686 0.815      0.09192301 0.3257651  0.31721288 0.07558621 0.1175302  0.07198258]
2024-01-30 15:49:50,247 - INFO - [0.01107494 0.819      0.14219415 0.24876873 0.23569803 0.12311487 0.1766617  0.07356256]
2024-01-30 15:50:08,394 - INFO - [0.01095525 0.818      0.16674608 0.20886864 0.19608602 0.14818479 0.20370898 0.07640542]
2024-01-30 15:50:25,257 - INFO - [0.01097393 0.818      0.1775533  0.18937665 0.17657092 0.16114496 0.21726927 0.07808496]
2024-01-30 15:50:42,819 - INFO - [0.01099782 0.818      0.18398054 0.18028654 0.16820681 0.16819116 0.22031781 0.0790171 ]
2024-01-30 15:51:00,754 - INFO - [0.01100874 0.819      0.18704316 0.17570201 0.16416986 0.17183869 0.22163333 0.07961295]
2024-01-30 15:51:18,086 - INFO - [0.01101442 0.819      0.18841079 0.17351748 0.16236907 0.17383173 0.22218893 0.0796819 ]
2024-01-30 15:51:35,773 - INFO - [0.01101694 0.819      0.18913244 0.1724017  0.16148819 0.17485745 0.22247444 0.07964578]
2024-01-30 15:51:53,009 - INFO - [0.01101841 0.819      0.18950771 0.17182028 0.16104417 0.17537555 0.22261141 0.07964092]
2024-01-30 15:52:10,666 - INFO - [0.01101916 0.819      0.18970191 0.1715211  0.1608275  0.17563984 0.22267331 0.0796364 ]
2024-01-30 15:52:27,841 - INFO - [0.01101984 0.819      0.18980117 0.17136367 0.16071416 0.17577237 0.2227058  0.07964272]
2024-01-30 15:52:44,696 - INFO - [0.01101999 0.819      0.18985024 0.17128594 0.16066113 0.17584141 0.22272007 0.07964113]
2024-01-30 15:53:02,167 - INFO - [0.01102006 0.819      0.18987882 0.17124568 0.16063337 0.17587279 0.22272675 0.07964257]
2024-01-30 15:53:20,192 - INFO - [0.01102008 0.819      0.18989362 0.17122553 0.16062528 0.17589079 0.22272709 0.07963767]
2024-01-30 15:53:36,648 - INFO - [0.0110201  0.819      0.18990085 0.17121093 0.16061723 0.17590153 0.22272867 0.07964078]
2024-01-30 15:53:53,170 - INFO - [0.01101998 0.819      0.18990625 0.17120996 0.16062199 0.17590606 0.22272845 0.07962734]
2024-01-30 15:54:10,033 - INFO - [0.0110202  0.819      0.18990748 0.17120214 0.16061503 0.17590427 0.22273023 0.07964081]
2024-01-30 15:54:26,758 - INFO - [0.01102018 0.819      0.18990818 0.17119925 0.16061069 0.17590342 0.22273166 0.07964683]
2024-01-30 15:54:43,531 - INFO - [0.01102012 0.819      0.18990663 0.17119734 0.16060844 0.17590529 0.22273242 0.07965   ]
2024-01-30 15:54:59,765 - INFO - [0.01102025 0.819      0.18990634 0.17119771 0.16060811 0.17590751 0.22273326 0.07964701]
2024-01-30 15:54:59,816 - INFO - Successfully finished `test_optimize` after 358.091 seconds.
