2024-01-29 16:28:05,159 - INFO - Logging into directory _output/exp_nice_weights/20240129_162805__4294967163.
2024-01-29 16:28:05,167 - INFO - Starting `test_optimize`.
2024-01-29 16:28:18,082 - INFO - [0.01564563 0.813      0.332      0.332      0.332      0.001      0.001      0.001     ]
2024-01-29 16:28:33,619 - INFO - [0.01269211 0.823      0.26467693 0.26280749 0.25601116 0.09429021 0.11477119 0.007443  ]
2024-01-29 16:28:49,155 - INFO - [0.01243819 0.828      0.23525213 0.23478782 0.22118874 0.13910183 0.15542497 0.01424447]
2024-01-29 16:29:04,692 - INFO - [0.01239752 0.827      0.22089326 0.2208367  0.20380634 0.16143985 0.1753224  0.01770148]
2024-01-29 16:29:20,206 - INFO - [0.01241858 0.827      0.21419087 0.21401241 0.19471948 0.17249648 0.18531284 0.01926791]
2024-01-29 16:29:35,305 - INFO - [0.01244547 0.827      0.21124221 0.21050987 0.18989845 0.17764023 0.18984872 0.02086051]
2024-01-29 16:29:50,273 - INFO - [0.01245809 0.827      0.20948768 0.20869619 0.18819439 0.18010591 0.19168583 0.02182998]
2024-01-29 16:30:05,406 - INFO - [0.01246467 0.827      0.20862783 0.20778009 0.18734744 0.18134879 0.19259427 0.0223016 ]
2024-01-29 16:30:20,593 - INFO - [0.01246801 0.827      0.20820463 0.20733801 0.18691805 0.18196625 0.19304207 0.02253109]
2024-01-29 16:30:35,778 - INFO - [0.01246984 0.827      0.20800076 0.20710506 0.18670215 0.18228465 0.19326445 0.02264292]
2024-01-29 16:30:51,001 - INFO - [0.01247057 0.827      0.20788667 0.20699149 0.1866008  0.1824539  0.19336937 0.02269784]
2024-01-29 16:31:06,203 - INFO - [0.01247104 0.827      0.20783217 0.20693751 0.18655884 0.1825338  0.19341944 0.02271815]
2024-01-29 16:31:21,172 - INFO - [0.01247133 0.827      0.20780753 0.2069134  0.18651718 0.18256417 0.19346301 0.02273466]
2024-01-29 16:31:36,037 - INFO - [0.01247142 0.827      0.20779702 0.20688938 0.18650538 0.18258451 0.19347683 0.02274691]
2024-01-29 16:31:50,916 - INFO - [0.01247155 0.827      0.20779517 0.20686837 0.18649359 0.18260466 0.19349055 0.0227477 ]
2024-01-29 16:32:05,804 - INFO - [0.01247148 0.827      0.20779079 0.20687406 0.18650824 0.18259518 0.19348781 0.02274389]
2024-01-29 16:32:20,694 - INFO - [0.01247143 0.827      0.20779414 0.20687975 0.18649639 0.18261313 0.19347569 0.0227409 ]
2024-01-29 16:32:35,569 - INFO - [0.01247157 0.827      0.20779388 0.20688392 0.18648455 0.18260361 0.19348939 0.0227446 ]
2024-01-29 16:32:50,433 - INFO - [0.01247141 0.827      0.20779087 0.20688926 0.18650249 0.1825967  0.19347601 0.02274469]
2024-01-29 16:32:59,032 - INFO - [0.01247165 0.827      0.20779596 0.20687436 0.18649067 0.18260539 0.19348969 0.02274386]
2024-01-29 16:33:07,114 - INFO - [0.01247141 0.827      0.20777857 0.20688008 0.18650813 0.18260382 0.19348732 0.02274207]
2024-01-29 16:33:07,135 - INFO - Successfully finished `test_optimize` after 301.969 seconds.
