2024-01-29 17:45:44,479 - INFO - Logging into directory _output/exp_011100_/20240129_174544__4294967151.
2024-01-29 17:45:44,489 - INFO - Starting `test_optimize`.
2024-01-29 17:46:02,570 - INFO - [0.01763253 0.792      0.001      0.332      0.332      0.332      0.001      0.001     ]
2024-01-29 17:46:23,883 - INFO - [0.01465459 0.805      0.08879326 0.23301499 0.23169926 0.25848481 0.14712127 0.04088639]
2024-01-29 17:46:49,159 - INFO - [0.01475077 0.801      0.13539329 0.19692156 0.19439211 0.23479761 0.17326061 0.06523477]
2024-01-29 17:47:11,488 - INFO - [0.01496982 0.799      0.16294357 0.18154128 0.17757817 0.22323763 0.17516913 0.07953024]
2024-01-29 17:47:33,436 - INFO - [0.01507364 0.8        0.17565347 0.17279498 0.16891797 0.21744511 0.18019955 0.08498888]
2024-01-29 17:47:55,688 - INFO - [0.01514342 0.8        0.18267435 0.16894582 0.16483253 0.21413995 0.18148085 0.08792643]
2024-01-29 17:48:16,400 - INFO - [0.01518113 0.8        0.1859951  0.16720319 0.16287124 0.21239573 0.18192901 0.08960566]
2024-01-29 17:48:38,559 - INFO - [0.01520024 0.8        0.18766536 0.16636533 0.16192181 0.21160305 0.18203631 0.0904082 ]
2024-01-29 17:48:59,389 - INFO - [0.01520977 0.8        0.18850036 0.16595802 0.16145837 0.21123017 0.18206957 0.09078357]
2024-01-29 17:49:22,393 - INFO - [0.01521455 0.8        0.18891694 0.16575839 0.16123168 0.21105421 0.18208393 0.0909548 ]
2024-01-29 17:49:44,038 - INFO - [0.01521687 0.8        0.18912458 0.16565803 0.16112079 0.21096842 0.18209051 0.09103763]
2024-01-29 17:50:05,724 - INFO - [0.01521787 0.8        0.1892215  0.16561209 0.16106606 0.21093172 0.18209212 0.09107655]
2024-01-29 17:50:30,334 - INFO - [0.01521844 0.8        0.18926919 0.16558309 0.16103706 0.21091558 0.18210356 0.09109148]
2024-01-29 17:50:53,310 - INFO - [0.01521874 0.8        0.18929799 0.16557176 0.16102162 0.21090487 0.18210515 0.09109857]
2024-01-29 17:51:16,463 - INFO - [0.01521889 0.8        0.1893094  0.16556375 0.16101313 0.21090263 0.18210788 0.09110312]
2024-01-29 17:51:37,469 - INFO - [0.01521889 0.8        0.18931419 0.16556101 0.16101383 0.21090026 0.1821032  0.09110752]
2024-01-29 17:52:01,876 - INFO - [0.01521896 0.8        0.18931875 0.16555972 0.16101317 0.21089819 0.18210199 0.09110816]
2024-01-29 17:52:25,078 - INFO - [0.015219   0.8        0.18932165 0.16555879 0.16101542 0.21089582 0.1820997  0.09110859]
2024-01-29 17:52:46,923 - INFO - [0.01521894 0.8        0.1893224  0.16556346 0.1610135  0.21089324 0.18209814 0.09110929]
2024-01-29 17:53:07,890 - INFO - [0.01521894 0.8        0.18932314 0.1655663  0.16101837 0.21089058 0.1820959  0.09110573]
2024-01-29 17:53:24,330 - INFO - [0.01521897 0.8        0.18932231 0.16556272 0.16101071 0.21089359 0.18210293 0.09110773]
2024-01-29 17:53:24,362 - INFO - Successfully finished `test_optimize` after 459.873 seconds.
