2024-01-29 12:24:37,679 - INFO - Logging into directory _output/exp_uniform_weights/20240129/20240129_122437.
2024-01-29 12:24:37,682 - INFO - Starting `test_optimize`.
2024-01-29 12:24:44,078 - INFO - [0.01776564 0.812      0.16666667 0.16666667 0.16666667 0.16666667 0.16666667 0.16666667]
2024-01-29 12:24:52,154 - INFO - [0.01711847 0.814      0.18053077 0.17438526 0.16602126 0.16891077 0.22010563 0.09004635]
2024-01-29 12:25:00,227 - INFO - [0.01690481 0.815      0.18871757 0.17944188 0.166869   0.17129546 0.24138109 0.05229499]
2024-01-29 12:25:08,269 - INFO - [0.01681551 0.815      0.19437572 0.18364571 0.16906802 0.17397407 0.24172157 0.03721493]
2024-01-29 12:25:16,323 - INFO - [0.01680257 0.815      0.19631933 0.1845341  0.16909468 0.17396639 0.24127667 0.03480879]
2024-01-29 12:25:24,335 - INFO - [0.01679737 0.815      0.19725108 0.18490852 0.16904086 0.17386431 0.2412065  0.03372873]
2024-01-29 12:25:32,403 - INFO - [0.01679521 0.815      0.19772376 0.18508597 0.16900547 0.17375959 0.24120943 0.03321568]
2024-01-29 12:25:40,617 - INFO - [0.01679398 0.815      0.19795235 0.18516521 0.16897485 0.17371894 0.24122471 0.032964  ]
2024-01-29 12:25:48,678 - INFO - [0.0167935  0.815      0.19806612 0.18520543 0.16895805 0.17370804 0.24122445 0.03283791]
2024-01-29 12:25:56,694 - INFO - [0.01679323 0.815      0.19812547 0.18522498 0.16894785 0.17369851 0.24122672 0.03277648]
2024-01-29 12:26:04,741 - INFO - [0.01679305 0.815      0.19816743 0.18524322 0.16895181 0.17368026 0.24123389 0.03272337]
2024-01-29 12:26:12,756 - INFO - [0.01679295 0.815      0.19817837 0.18524623 0.16894689 0.1736868  0.24123116 0.03271058]
2024-01-29 12:26:20,787 - INFO - [0.0167929  0.815      0.19817677 0.18524329 0.16893698 0.17370367 0.24123538 0.03270395]
2024-01-29 12:26:28,803 - INFO - [0.01679293 0.815      0.19818853 0.18524982 0.16894343 0.17369427 0.24122414 0.03269978]
2024-01-29 12:26:36,863 - INFO - [0.01679287 0.815      0.19817983 0.18524282 0.16893327 0.17371485 0.24122502 0.03270426]
2024-01-29 12:26:44,878 - INFO - [0.01679289 0.815      0.19818874 0.18524921 0.16894086 0.17370556 0.24121611 0.03269951]
2024-01-29 12:26:52,920 - INFO - [0.01679288 0.815      0.19817998 0.18524264 0.16893271 0.17371693 0.24122263 0.03270516]
2024-01-29 12:27:00,929 - INFO - [0.01679288 0.815      0.1981892  0.18524969 0.16893969 0.17370711 0.24121511 0.03269918]
2024-01-29 12:27:08,997 - INFO - [0.0167929  0.815      0.19817634 0.18523952 0.16892898 0.17372513 0.24123332 0.03269671]
2024-01-29 12:27:17,008 - INFO - [0.0167928  0.815      0.19818766 0.18524787 0.16893908 0.17371128 0.24121976 0.03269438]
2024-01-29 12:27:25,042 - INFO - [0.01679294 0.815      0.19818099 0.1852438  0.16893347 0.17372017 0.2412279  0.03269363]
2024-01-29 12:27:25,058 - INFO - Successfully finished `test_optimize` after 167.376 seconds.
