2024-01-29 16:39:13,971 - INFO - Logging into directory _output/exp_011000/20240129_163913__4294967157.
2024-01-29 16:39:13,976 - INFO - Starting `test_optimize`.
2024-01-29 16:39:24,328 - INFO - [0.02078462 0.795      0.001      0.498      0.498      0.001      0.001      0.001     ]
2024-01-29 16:39:38,786 - INFO - [0.01715837 0.81       0.0937185  0.33854064 0.32471326 0.0817256  0.15745482 0.00384715]
2024-01-29 16:39:54,760 - INFO - [0.01681443 0.815      0.13635245 0.25887275 0.24331631 0.12477408 0.21205126 0.02463323]
2024-01-29 16:40:09,713 - INFO - [0.01679488 0.817      0.15967494 0.21795416 0.20242409 0.14627492 0.23825707 0.03541474]
2024-01-29 16:40:25,238 - INFO - [0.01685246 0.818      0.17393917 0.19823396 0.1838768  0.1527313  0.24812043 0.04309829]
2024-01-29 16:40:40,840 - INFO - [0.01682406 0.819      0.18487827 0.19245878 0.17793407 0.1599762  0.24531266 0.0394401 ]
2024-01-29 16:40:52,588 - INFO - [0.01681196 0.818      0.19070853 0.18948092 0.17492452 0.16392206 0.24427217 0.0366918 ]
2024-01-29 16:41:05,648 - INFO - [0.01680165 0.818      0.19425108 0.18790856 0.17315961 0.16686665 0.24336006 0.03445406]
2024-01-29 16:41:20,984 - INFO - [0.01680161 0.816      0.1959563  0.18674041 0.17186673 0.16832863 0.24306069 0.0340472 ]
2024-01-29 16:41:36,719 - INFO - [0.01680268 0.816      0.19678999 0.18606761 0.17116557 0.16900803 0.24297673 0.03399205]
2024-01-29 16:41:52,128 - INFO - [0.0168027  0.815      0.19718862 0.18572776 0.17077368 0.16954501 0.24290863 0.03385631]
2024-01-29 16:42:07,681 - INFO - [0.01680051 0.815      0.1974882  0.18566155 0.17065975 0.16996606 0.24268632 0.03353812]
2024-01-29 16:42:20,039 - INFO - [0.01679919 0.815      0.19763219 0.18562491 0.17059566 0.17023385 0.24255587 0.03335753]
2024-01-29 16:42:35,801 - INFO - [0.01679845 0.815      0.19774087 0.18562646 0.1705907  0.17032512 0.24245495 0.03326187]
2024-01-29 16:42:51,309 - INFO - [0.01679809 0.815      0.19775017 0.18559924 0.17054908 0.17044808 0.24243104 0.03322244]
2024-01-29 16:43:05,766 - INFO - [0.01679789 0.815      0.19774736 0.18558447 0.17052406 0.17054404 0.24238181 0.03321829]
2024-01-29 16:43:21,293 - INFO - [0.01679782 0.815      0.19775775 0.1855856  0.17052071 0.17057736 0.24235032 0.03320822]
2024-01-29 16:43:35,671 - INFO - [0.01679779 0.815      0.19773766 0.18557045 0.17049904 0.17063844 0.24234109 0.03321325]
2024-01-29 16:43:48,499 - INFO - [0.01679773 0.815      0.19773646 0.18556599 0.17049253 0.17066415 0.24232718 0.03321365]
2024-01-29 16:44:03,357 - INFO - [0.01679767 0.815      0.19772956 0.18556178 0.17048682 0.17069371 0.24231145 0.03321665]
2024-01-29 16:44:15,700 - INFO - [0.01679767 0.815      0.19773009 0.18556021 0.17048548 0.17069915 0.24231386 0.03321116]
2024-01-29 16:44:15,719 - INFO - Successfully finished `test_optimize` after 301.743 seconds.
