2024-01-29 15:59:21,681 - INFO - Logging into directory _output/exp_good_weights/20240129/20240129_155921.
2024-01-29 15:59:21,684 - INFO - Starting `test_optimize`.
2024-01-29 15:59:28,175 - INFO - [0.01104081 0.836      0.01       0.5        0.3        0.14       0.04       0.01      ]
2024-01-29 15:59:36,226 - INFO - [0.00929191 0.846      0.09668218 0.33663186 0.23466305 0.1407012  0.15337911 0.03794255]
2024-01-29 15:59:44,236 - INFO - [0.00935603 0.845      0.14051515 0.25369048 0.20388076 0.14318693 0.20551085 0.05321584]
2024-01-29 15:59:52,255 - INFO - [0.00955124 0.846      0.16498072 0.21403633 0.19072104 0.14752091 0.2212048  0.06153617]
2024-01-29 16:00:00,262 - INFO - [0.0096795  0.847      0.17750515 0.19376056 0.18429011 0.15029858 0.22855565 0.0655899 ]
2024-01-29 16:00:08,287 - INFO - [0.00974381 0.847      0.18393151 0.18340237 0.18112278 0.15198591 0.23199673 0.06756067]
2024-01-29 16:00:16,308 - INFO - [0.00977687 0.847      0.18721783 0.17810957 0.17954706 0.15297769 0.23362771 0.06852023]
2024-01-29 16:00:24,300 - INFO - [0.00979411 0.848      0.18890321 0.17539266 0.17876472 0.15355167 0.23439878 0.06898905]
2024-01-29 16:00:32,312 - INFO - [0.0098029  0.848      0.1897537  0.17401709 0.17837033 0.15386854 0.23477523 0.06921513]
2024-01-29 16:00:40,303 - INFO - [0.00980677 0.848      0.19018666 0.1732979  0.17818445 0.15405491 0.23494551 0.06933058]
2024-01-29 16:00:48,293 - INFO - [0.00980871 0.848      0.1904109  0.17293656 0.17808817 0.15415186 0.23502679 0.06938573]
2024-01-29 16:00:56,286 - INFO - [0.0098098  0.848      0.190516   0.17275414 0.17802182 0.15421864 0.23507522 0.06941415]
2024-01-29 16:01:04,271 - INFO - [0.00981037 0.848      0.19059101 0.17266119 0.17799594 0.15423025 0.23509383 0.06942777]
2024-01-29 16:01:12,268 - INFO - [0.00981061 0.848      0.19063471 0.17259938 0.17798918 0.15423779 0.23511243 0.06942651]
2024-01-29 16:01:20,308 - INFO - [0.00981082 0.848      0.19065018 0.17256847 0.17798245 0.15424527 0.23512363 0.06942997]
2024-01-29 16:01:28,329 - INFO - [0.00981079 0.848      0.19066544 0.17256497 0.1779757  0.15425275 0.23511241 0.06942873]
2024-01-29 16:01:36,361 - INFO - [0.00981077 0.848      0.1906513  0.1725615  0.17796901 0.15426026 0.23511605 0.06944197]
2024-01-29 16:01:45,476 - INFO - [0.00981091 0.848      0.19063923 0.17255799 0.17796227 0.15426765 0.23513216 0.06944066]
2024-01-29 16:02:05,848 - INFO - [0.00981092 0.848      0.19065458 0.17255449 0.17795554 0.15427507 0.23512094 0.06943939]
2024-01-29 16:02:28,423 - INFO - [0.00981085 0.848      0.19066651 0.17255101 0.17795777 0.15427686 0.23510975 0.06943812]
2024-01-29 16:02:49,539 - INFO - [0.00981101 0.848      0.19065215 0.1725475  0.17795254 0.15428334 0.23512755 0.06943684]
2024-01-29 16:02:49,592 - INFO - Successfully finished `test_optimize` after 207.908 seconds.
