2024-01-29 13:22:23,706 - INFO - Logging into directory _output/exp_bad_weights/20240129/20240129_132223.
2024-01-29 13:22:23,709 - INFO - Starting `test_optimize`.
2024-01-29 13:22:29,988 - INFO - [0.04775176 0.692      0.001      0.001      0.001      0.001      0.001      0.995     ]
2024-01-29 13:22:37,892 - INFO - [0.01890911 0.803      0.21452163 0.1738002  0.16375715 0.18493727 0.22714949 0.0358342 ]
2024-01-29 13:22:45,793 - INFO - [0.01904095 0.803      0.19919428 0.17690249 0.16334255 0.17970118 0.1928511  0.08800839]
2024-01-29 13:22:53,665 - INFO - [0.01917409 0.803      0.19163939 0.17954431 0.16324335 0.17666788 0.1769377  0.11196735]
2024-01-29 13:23:01,568 - INFO - [0.01925544 0.802      0.1881803  0.18130681 0.16368182 0.17347653 0.16963495 0.12371954]
2024-01-29 13:23:09,442 - INFO - [0.01929981 0.802      0.18673781 0.18250816 0.16430908 0.17010993 0.16651535 0.12981974]
2024-01-29 13:23:17,344 - INFO - [0.01932158 0.802      0.18604057 0.18318366 0.16466781 0.16844536 0.16501589 0.13264659]
2024-01-29 13:23:25,203 - INFO - [0.01933163 0.802      0.18570049 0.18356097 0.16485715 0.16763735 0.164295   0.133949  ]
2024-01-29 13:23:33,097 - INFO - [0.01933635 0.802      0.18551609 0.18377981 0.16497724 0.16722357 0.16393898 0.1345643 ]
2024-01-29 13:23:40,955 - INFO - [0.01933853 0.802      0.18543625 0.18388866 0.1650378  0.16702355 0.16376226 0.13485147]
2024-01-29 13:23:48,855 - INFO - [0.01933929 0.802      0.1853952  0.18396293 0.16506852 0.16693349 0.16367464 0.13496527]
2024-01-29 13:23:56,738 - INFO - [0.01933975 0.802      0.18536684 0.18400639 0.16506954 0.16687377 0.16364665 0.13503681]
2024-01-29 13:24:04,707 - INFO - [0.01933986 0.802      0.18535565 0.18402579 0.16507195 0.16684394 0.16364683 0.1350558 ]
2024-01-29 13:24:12,739 - INFO - [0.01934004 0.802      0.18534611 0.18403816 0.16507719 0.16684385 0.16361986 0.13507476]
2024-01-29 13:24:20,669 - INFO - [0.01934012 0.802      0.18533495 0.18402776 0.16507816 0.16684376 0.16362171 0.13509364]
2024-01-29 13:24:28,554 - INFO - [0.01934018 0.802      0.18535349 0.18401738 0.1650791  0.16684364 0.16362353 0.13508278]
2024-01-29 13:24:36,464 - INFO - [0.01933994 0.802      0.1853423  0.18403675 0.16508007 0.16684355 0.16362537 0.13507196]
2024-01-29 13:24:44,339 - INFO - [0.01934012 0.802      0.18533112 0.18402632 0.16508101 0.16684343 0.16362718 0.1350909 ]
2024-01-29 13:24:52,472 - INFO - [0.01934005 0.802      0.18534972 0.18402521 0.16508196 0.16684332 0.16361974 0.13508005]
2024-01-29 13:25:00,629 - INFO - [0.01934008 0.802      0.18533859 0.18402155 0.16508293 0.16684324 0.16362159 0.13509215]
2024-01-29 13:25:08,820 - INFO - [0.01933995 0.802      0.18532744 0.18404077 0.1650839  0.16684315 0.16362344 0.13508132]
2024-01-29 13:25:08,834 - INFO - Successfully finished `test_optimize` after 165.125 seconds.
