2024-01-29 13:38:18,779 - INFO - Logging into directory _output/exp_uniform_weights/20240129/20240129_133818.
2024-01-29 13:38:18,782 - INFO - Starting `test_optimize`.
2024-01-29 13:38:25,251 - INFO - [0.01461935 0.828      0.16666667 0.16666667 0.16666667 0.16666667 0.16666667 0.16666667]
2024-01-29 13:38:33,372 - INFO - [0.01394738 0.833      0.17864291 0.17124857 0.17583816 0.17072053 0.21296926 0.09058055]
2024-01-29 13:38:41,490 - INFO - [0.01378294 0.833      0.18551682 0.17392775 0.18049699 0.17010419 0.2347099  0.05524437]
2024-01-29 13:38:49,556 - INFO - [0.01373424 0.833      0.1890808  0.17530468 0.1829503  0.16977139 0.24504566 0.03784712]
2024-01-29 13:38:57,638 - INFO - [0.01372241 0.833      0.19091398 0.17599194 0.18422227 0.16957906 0.24996422 0.02932853]
2024-01-29 13:39:05,714 - INFO - [0.01372079 0.833      0.1919267  0.17610641 0.18499063 0.16915983 0.25196874 0.02584771]
2024-01-29 13:39:13,814 - INFO - [0.01372039 0.833      0.19243294 0.1761605  0.18539274 0.16893548 0.25293115 0.02414716]
2024-01-29 13:39:21,882 - INFO - [0.01372021 0.833      0.19268581 0.17618759 0.18559019 0.16881825 0.25339878 0.02331939]
2024-01-29 13:39:29,980 - INFO - [0.01372004 0.833      0.19281924 0.17621171 0.18569796 0.1687575  0.25359315 0.02292044]
2024-01-29 13:39:38,046 - INFO - [0.01372012 0.833      0.19288702 0.17620613 0.18574598 0.16872649 0.25371975 0.0227146 ]
2024-01-29 13:39:46,184 - INFO - [0.01372016 0.833      0.19291919 0.17620249 0.18576442 0.16871069 0.25378087 0.02262233]
2024-01-29 13:39:54,275 - INFO - [0.01371997 0.833      0.19293328 0.17621411 0.18578275 0.16870831 0.25378835 0.02257328]
2024-01-29 13:40:02,373 - INFO - [0.01372007 0.833      0.19294731 0.1762255  0.18577299 0.16870704 0.2537958  0.0225513 ]
2024-01-29 13:40:10,457 - INFO - [0.01372001 0.833      0.19294883 0.17621984 0.18578474 0.16870581 0.25380319 0.02253758]
2024-01-29 13:40:18,556 - INFO - [0.01372005 0.833      0.1929561  0.17621419 0.18578425 0.16870458 0.25381061 0.02253025]
2024-01-29 13:40:26,632 - INFO - [0.01372005 0.833      0.19294085 0.1762206  0.18578783 0.16870336 0.25381804 0.02252933]
2024-01-29 13:40:34,697 - INFO - [0.01372006 0.833      0.1929547  0.17621495 0.18577661 0.1687022  0.25382546 0.02252615]
2024-01-29 13:40:42,767 - INFO - [0.01372009 0.833      0.19294165 0.1762093  0.18578808 0.16870101 0.25383279 0.02252718]
2024-01-29 13:40:50,840 - INFO - [0.01372017 0.833      0.19295478 0.17620364 0.18577845 0.16869977 0.25383952 0.02252387]
2024-01-29 13:40:58,914 - INFO - [0.01372005 0.833      0.1929414  0.17622709 0.18579125 0.16869861 0.25381449 0.02252712]
2024-01-29 13:41:06,997 - INFO - [0.01372017 0.833      0.19295529 0.1762214  0.18577982 0.16869737 0.25382185 0.02252421]
2024-01-29 13:41:07,013 - INFO - Successfully finished `test_optimize` after 168.231 seconds.
