2024-01-29 17:45:43,319 - INFO - Logging into directory _output/exp_011100_/20240129_174543__4294967166.
2024-01-29 17:45:43,323 - INFO - Starting `test_optimize`.
2024-01-29 17:46:02,975 - INFO - [0.01782345 0.812      0.001      0.332      0.332      0.332      0.001      0.001     ]
2024-01-29 17:46:23,589 - INFO - [0.01535126 0.82       0.08749755 0.24944541 0.23426725 0.2583085  0.15460913 0.01587217]
2024-01-29 17:46:44,596 - INFO - [0.01562513 0.825      0.13609053 0.21727365 0.19433594 0.23156869 0.19081944 0.0299117 ]
2024-01-29 17:47:04,599 - INFO - [0.0158804  0.821      0.15978855 0.20113111 0.17464785 0.21788849 0.2078725  0.0386715 ]
2024-01-29 17:47:25,862 - INFO - [0.01603374 0.821      0.1716782  0.1931777  0.16479495 0.21134385 0.21617979 0.04282546]
2024-01-29 17:47:46,284 - INFO - [0.01611866 0.822      0.17727502 0.18901937 0.15992743 0.20859347 0.22058129 0.04460344]
2024-01-29 17:48:06,687 - INFO - [0.01616276 0.822      0.18009827 0.18695308 0.15748946 0.20728402 0.22272345 0.0454518 ]
2024-01-29 17:48:29,739 - INFO - [0.01618527 0.821      0.18151991 0.18592903 0.15627386 0.20665483 0.22376807 0.04585428]
2024-01-29 17:48:49,792 - INFO - [0.0161965  0.821      0.18225111 0.18544088 0.15565474 0.20633614 0.22427011 0.04604703]
2024-01-29 17:49:10,649 - INFO - [0.01620197 0.821      0.18259926 0.18519141 0.15536016 0.20619327 0.2245212  0.04613475]
2024-01-29 17:49:30,500 - INFO - [0.01620484 0.821      0.18278177 0.18506122 0.1552179  0.20612368 0.22463576 0.0461796 ]
2024-01-29 17:49:52,566 - INFO - [0.01620626 0.821      0.18288638 0.18499188 0.15513548 0.20610002 0.22469071 0.04619556]
2024-01-29 17:50:14,650 - INFO - [0.01620704 0.821      0.18293619 0.18497755 0.15508373 0.20607644 0.22471744 0.04620863]
2024-01-29 17:50:35,098 - INFO - [0.01620741 0.821      0.18295626 0.18496661 0.15506092 0.20606495 0.22474223 0.04620896]
2024-01-29 17:50:56,193 - INFO - [0.01620742 0.821      0.18294723 0.18495567 0.15506567 0.20606995 0.22475451 0.0462069 ]
2024-01-29 17:51:18,674 - INFO - [0.01620764 0.821      0.18296644 0.18494475 0.15505117 0.2060761  0.22474952 0.04621196]
2024-01-29 17:51:38,801 - INFO - [0.01620761 0.821      0.1829668  0.18493386 0.15505816 0.20607875 0.22475064 0.0462118 ]
2024-01-29 17:51:59,627 - INFO - [0.01620751 0.821      0.18296212 0.18494068 0.15506513 0.20606758 0.22474727 0.04621721]
2024-01-29 17:52:22,434 - INFO - [0.01620757 0.821      0.1829626  0.18493202 0.15506543 0.20607376 0.22474979 0.04621642]
2024-01-29 17:52:43,657 - INFO - [0.01620734 0.821      0.18296692 0.18494742 0.15507165 0.20605485 0.22474484 0.04621442]
2024-01-29 17:53:03,882 - INFO - [0.01620768 0.821      0.18297485 0.18493712 0.1550563  0.20606107 0.2247507  0.04621993]
2024-01-29 17:53:04,010 - INFO - Successfully finished `test_optimize` after 440.688 seconds.
