2024-01-29 15:31:31,387 - INFO - Logging into directory _output/exp_good_weights/20240129/20240129_153131.
2024-01-29 15:31:31,390 - INFO - Starting `test_optimize`.
2024-01-29 15:31:37,764 - INFO - [0.0164225 0.809     0.01      0.5       0.3       0.14      0.04      0.01     ]
2024-01-29 15:31:45,753 - INFO - [0.01441944 0.82       0.10774497 0.35042858 0.2332032  0.15300573 0.11336278 0.04225473]
2024-01-29 15:31:53,758 - INFO - [0.01418994 0.821      0.15888985 0.27713215 0.20004269 0.16045754 0.14416638 0.05931141]
2024-01-29 15:32:01,736 - INFO - [0.01425062 0.819      0.18399023 0.23891935 0.18399878 0.16643903 0.15878339 0.06786919]
2024-01-29 15:32:09,734 - INFO - [0.0142995  0.819      0.19673847 0.21936862 0.17623422 0.16894162 0.16663204 0.0720851 ]
2024-01-29 15:32:17,696 - INFO - [0.0143358  0.819      0.20330131 0.20925385 0.1723621  0.17031121 0.17061193 0.07415958]
2024-01-29 15:32:25,732 - INFO - [0.01435746 0.819      0.20667501 0.20402132 0.17042994 0.17105632 0.17263268 0.07518479]
2024-01-29 15:32:33,777 - INFO - [0.01436937 0.818      0.20840831 0.20131822 0.16947447 0.17147    0.17364325 0.07568572]
2024-01-29 15:32:41,921 - INFO - [0.01437463 0.818      0.20930648 0.19992726 0.16899616 0.17167568 0.17416598 0.07592845]
2024-01-29 15:32:49,916 - INFO - [0.01437744 0.818      0.20975819 0.19920678 0.16875646 0.17179179 0.17442951 0.07605724]
2024-01-29 15:32:57,915 - INFO - [0.01437881 0.818      0.21000043 0.19882986 0.16863607 0.17184837 0.17456791 0.07611741]
2024-01-29 15:33:05,889 - INFO - [0.01437959 0.818      0.21012339 0.19863211 0.16857535 0.17189656 0.17463055 0.07614201]
2024-01-29 15:33:13,901 - INFO - [0.01438    0.818      0.21018672 0.19852366 0.16854444 0.17192324 0.17465568 0.07616629]
2024-01-29 15:33:21,863 - INFO - [0.01438028 0.818      0.21022022 0.19847479 0.16852795 0.1719204  0.17468069 0.07617587]
2024-01-29 15:33:29,870 - INFO - [0.01438021 0.818      0.21022393 0.19845575 0.16852683 0.17191727 0.17470559 0.07617061]
2024-01-29 15:33:37,844 - INFO - [0.01438036 0.818      0.21022764 0.19843674 0.16852568 0.17192969 0.1747008  0.07617939]
2024-01-29 15:33:45,833 - INFO - [0.0143802  0.818      0.21023135 0.19844732 0.16852462 0.17192659 0.17469603 0.07617414]
2024-01-29 15:33:54,653 - INFO - [0.01438031 0.818      0.2102353  0.19844244 0.16852352 0.17192347 0.17469527 0.07617998]
2024-01-29 15:34:02,732 - INFO - [0.01438032 0.818      0.21023898 0.19844729 0.1685224  0.17192034 0.17469625 0.07617468]
2024-01-29 15:34:10,687 - INFO - [0.01438042 0.818      0.21024267 0.19842826 0.16852129 0.17193215 0.17469145 0.07618412]
2024-01-29 15:34:18,666 - INFO - [0.01438034 0.818      0.21024637 0.19843885 0.16852017 0.171929   0.17468676 0.07617883]
2024-01-29 15:34:18,685 - INFO - Successfully finished `test_optimize` after 167.295 seconds.
