2024-01-29 17:45:43,782 - INFO - Logging into directory _output/exp_011100_/20240129_174543__4294967157.
2024-01-29 17:45:43,789 - INFO - Starting `test_optimize`.
2024-01-29 17:46:01,035 - INFO - [0.019156 0.806    0.001    0.332    0.332    0.332    0.001    0.001   ]
2024-01-29 17:46:22,222 - INFO - [0.01678389 0.818      0.09011348 0.25470501 0.24378088 0.24528122 0.14243491 0.0236845 ]
2024-01-29 17:46:43,319 - INFO - [0.01670818 0.817      0.13660477 0.21599148 0.20201698 0.2060938  0.20706768 0.03222528]
2024-01-29 17:47:03,624 - INFO - [0.01678337 0.818      0.16287515 0.19706681 0.18232422 0.18377581 0.23631869 0.03763931]
2024-01-29 17:47:24,034 - INFO - [0.01682124 0.817      0.17826667 0.1892354  0.1741429  0.17506623 0.24109888 0.04218997]
2024-01-29 17:47:44,241 - INFO - [0.01684701 0.815      0.18646103 0.18547648 0.17024554 0.17129341 0.24185617 0.04466736]
2024-01-29 17:48:04,196 - INFO - [0.01682186 0.815      0.19195984 0.18524145 0.16954957 0.17203781 0.24214409 0.03906721]
2024-01-29 17:48:26,340 - INFO - [0.01680788 0.815      0.1949133  0.1852328  0.16927198 0.17271252 0.24184904 0.03602036]
2024-01-29 17:48:46,281 - INFO - [0.01680087 0.815      0.1964781  0.18522534 0.1690892  0.17315951 0.24159363 0.0344542 ]
2024-01-29 17:49:08,818 - INFO - [0.01679691 0.815      0.19731881 0.18524545 0.16902563 0.17339468 0.24141744 0.03359801]
2024-01-29 17:49:30,278 - INFO - [0.01679495 0.815      0.19774029 0.18524835 0.16898441 0.17353415 0.24133691 0.03315588]
2024-01-29 17:49:54,641 - INFO - [0.01679401 0.815      0.19796745 0.18525396 0.16896954 0.17359105 0.24128109 0.03293688]
2024-01-29 17:50:16,695 - INFO - [0.01679351 0.815      0.19807446 0.1852497  0.16895315 0.17363222 0.2412751  0.03281534]
2024-01-29 17:50:37,725 - INFO - [0.01679315 0.815      0.19814013 0.18525504 0.16895396 0.17365028 0.24125126 0.03274935]
2024-01-29 17:50:58,478 - INFO - [0.01679304 0.815      0.19816537 0.18525244 0.16894697 0.17367069 0.24123991 0.03272461]
2024-01-29 17:51:19,632 - INFO - [0.01679301 0.815      0.19816762 0.18524447 0.16893624 0.17369914 0.24123372 0.0327188 ]
2024-01-29 17:51:38,759 - INFO - [0.01679301 0.815      0.19818647 0.18525058 0.16894557 0.17368406 0.24123161 0.03270163]
2024-01-29 17:51:58,828 - INFO - [0.01679293 0.815      0.19817378 0.18523952 0.16893035 0.17370833 0.24124031 0.03270775]
2024-01-29 17:52:20,462 - INFO - [0.01679288 0.815      0.19818892 0.18524915 0.1689422  0.17369539 0.2412308  0.03269356]
2024-01-29 17:52:43,073 - INFO - [0.0167929  0.815      0.19818754 0.18524626 0.16894034 0.17369229 0.24122836 0.03270527]
2024-01-29 17:53:04,274 - INFO - [0.0167929  0.815      0.19819704 0.18525103 0.16894615 0.17368376 0.24122719 0.03269484]
2024-01-29 17:53:04,365 - INFO - Successfully finished `test_optimize` after 440.572 seconds.
