2024-01-29 16:02:55,462 - INFO - Logging into directory _output/exp_good_weights/20240129/20240129_160255.
2024-01-29 16:02:55,477 - INFO - Starting `test_optimize`.
2024-01-29 16:03:13,740 - INFO - [0.00922034 0.819      0.01       0.5        0.3        0.14       0.04       0.01      ]
2024-01-29 16:03:33,441 - INFO - [0.00671696 0.823      0.09033605 0.3406913  0.23542537 0.14606883 0.12711987 0.0603586 ]
2024-01-29 16:03:52,783 - INFO - [0.00610225 0.825      0.13094869 0.26042053 0.20393912 0.1528233  0.16853394 0.08333439]
2024-01-29 16:04:12,270 - INFO - [0.00597071 0.823      0.1528459  0.21921532 0.187923   0.15611325 0.18995443 0.09394804]
2024-01-29 16:04:32,858 - INFO - [0.00593239 0.823      0.16429506 0.19826749 0.1800677  0.15797493 0.20026231 0.0991325 ]
2024-01-29 16:04:52,743 - INFO - [0.00591918 0.823      0.17025411 0.1876276  0.17624685 0.15900117 0.20520203 0.10166825]
2024-01-29 16:05:13,776 - INFO - [0.00591499 0.821      0.17278576 0.18248181 0.17412637 0.15956122 0.20795469 0.10309014]
2024-01-29 16:05:33,893 - INFO - [0.00591351 0.822      0.17412238 0.17986442 0.17310087 0.15986331 0.20926975 0.10377925]
2024-01-29 16:05:52,152 - INFO - [0.00591285 0.822      0.17483151 0.17854597 0.17259067 0.16001762 0.20989944 0.10411488]
2024-01-29 16:06:10,796 - INFO - [0.00591265 0.822      0.1751841  0.17786907 0.17234887 0.16011098 0.21020117 0.10428584]
2024-01-29 16:06:30,361 - INFO - [0.00591253 0.822      0.17536078 0.17753468 0.17222631 0.16016461 0.2103489  0.10436468]
2024-01-29 16:06:50,012 - INFO - [0.00591233 0.822      0.1754746  0.17734948 0.1721635  0.16019832 0.21041209 0.10440211]
2024-01-29 16:07:07,667 - INFO - [0.0059124  0.822      0.17552891 0.17725426 0.17213948 0.16020741 0.21044546 0.10442451]
2024-01-29 16:07:17,988 - INFO - [0.00591246 0.822      0.17555337 0.17721811 0.17213619 0.16021127 0.21044898 0.10443204]
2024-01-29 16:07:27,490 - INFO - [0.00591243 0.822      0.17557773 0.17718202 0.17213292 0.16021515 0.21045263 0.10443953]
2024-01-29 16:07:36,972 - INFO - [0.0059124  0.822      0.17557244 0.17717576 0.17212969 0.16021907 0.21045621 0.10444685]
2024-01-29 16:07:45,857 - INFO - [0.00591228 0.822      0.17557959 0.17716952 0.17212647 0.16022299 0.2104598  0.10444171]
2024-01-29 16:07:53,849 - INFO - [0.00591227 0.822      0.1755743  0.17716327 0.17212325 0.16022691 0.21046337 0.10444899]
2024-01-29 16:08:01,853 - INFO - [0.00591235 0.822      0.17558005 0.17715766 0.17212002 0.1602308  0.21046695 0.10444449]
2024-01-29 16:08:09,906 - INFO - [0.00591218 0.822      0.17557478 0.1771659  0.1721168  0.1602347  0.21047054 0.10443737]
2024-01-29 16:08:17,969 - INFO - [0.00591228 0.822      0.17556946 0.17715962 0.17211355 0.16023858 0.21047409 0.1044447 ]
2024-01-29 16:08:17,989 - INFO - Successfully finished `test_optimize` after 322.512 seconds.
