2024-01-29 14:16:49,502 - INFO - Logging into directory _output/exp_good_weights/20240129/20240129_141649.
2024-01-29 14:16:49,504 - INFO - Starting `test_optimize`.
2024-01-29 14:16:55,870 - INFO - [0.01625918 0.832      0.01       0.5        0.3        0.14       0.04       0.01      ]
2024-01-29 14:17:03,921 - INFO - [0.0142219  0.833      0.1051777  0.34652972 0.23447073 0.16394383 0.10399908 0.04587884]
2024-01-29 14:17:11,976 - INFO - [0.01386899 0.836      0.15056571 0.27012581 0.20493121 0.17537284 0.13817747 0.06082693]
2024-01-29 14:17:19,996 - INFO - [0.01386211 0.836      0.17257974 0.23169442 0.19030692 0.18264365 0.15430197 0.06847342]
2024-01-29 14:17:28,030 - INFO - [0.01389892 0.836      0.18378258 0.21219622 0.18330562 0.18653797 0.16213426 0.07204328]
2024-01-29 14:17:36,032 - INFO - [0.01392069 0.836      0.18854412 0.20308915 0.18094787 0.18846224 0.16547272 0.07348394]
2024-01-29 14:17:44,045 - INFO - [0.01393374 0.836      0.19097348 0.19848019 0.17983267 0.18946192 0.16708584 0.07416587]
2024-01-29 14:17:52,051 - INFO - [0.01394075 0.836      0.19221021 0.19613883 0.17928866 0.18998441 0.167887   0.07449084]
2024-01-29 14:18:00,070 - INFO - [0.01394424 0.836      0.19285008 0.19495948 0.17901409 0.19026774 0.16827162 0.07463702]
2024-01-29 14:18:08,073 - INFO - [0.01394611 0.836      0.19317946 0.19436461 0.17888759 0.19040249 0.16844936 0.07471655]
2024-01-29 14:18:16,086 - INFO - [0.0139471  0.836      0.19334227 0.19405016 0.17883685 0.19047761 0.16853765 0.07475547]
2024-01-29 14:18:24,089 - INFO - [0.01394749 0.836      0.19341607 0.19390382 0.17880489 0.19052294 0.16858071 0.07477158]
2024-01-29 14:18:32,105 - INFO - [0.0139476  0.836      0.19345962 0.19382793 0.17879762 0.19053842 0.16860901 0.07476746]
2024-01-29 14:18:40,113 - INFO - [0.01394783 0.836      0.19348815 0.1937819  0.17879036 0.19055383 0.16860786 0.0747779 ]
2024-01-29 14:18:48,127 - INFO - [0.0139479  0.836      0.19350189 0.19376567 0.1787831  0.19056056 0.16860671 0.07478206]
2024-01-29 14:18:56,114 - INFO - [0.01394813 0.836      0.19351554 0.19374944 0.17878693 0.19055071 0.1686056  0.07479174]
2024-01-29 14:19:04,139 - INFO - [0.01394801 0.836      0.19352387 0.1937387  0.17877971 0.19056599 0.16860446 0.07478728]
2024-01-29 14:19:12,148 - INFO - [0.01394811 0.836      0.19352414 0.19375224 0.17877293 0.19055179 0.16860932 0.07478959]
2024-01-29 14:19:20,153 - INFO - [0.01394792 0.836      0.19350871 0.1937525  0.17877994 0.19056553 0.16860819 0.07478514]
2024-01-29 14:19:28,165 - INFO - [0.01394807 0.836      0.19352236 0.19374356 0.17879473 0.19055128 0.16860706 0.07478098]
2024-01-29 14:19:36,220 - INFO - [0.0139479  0.836      0.19350632 0.1937567  0.17878748 0.19056651 0.16860592 0.07477703]
2024-01-29 14:19:36,234 - INFO - Successfully finished `test_optimize` after 166.730 seconds.
