2024-01-29 17:45:44,662 - INFO - Logging into directory _output/exp_011100_/20240129_174544__4294967181.
2024-01-29 17:45:44,667 - INFO - Starting `test_optimize`.
2024-01-29 17:46:03,542 - INFO - [0.01806705 0.795      0.001      0.332      0.332      0.332      0.001      0.001     ]
2024-01-29 17:46:25,935 - INFO - [0.01575873 0.808      0.06803259 0.23003936 0.22391695 0.24852563 0.14873424 0.0807512 ]
2024-01-29 17:46:46,970 - INFO - [0.01626948 0.806      0.10448511 0.18313549 0.17849776 0.21456182 0.20379697 0.11552288]
2024-01-29 17:47:07,745 - INFO - [0.01667872 0.806      0.1227888  0.16074559 0.15677348 0.19999596 0.22098018 0.13871597]
2024-01-29 17:47:30,464 - INFO - [0.01685876 0.805      0.13445315 0.1519755  0.14781186 0.19460677 0.22521384 0.14593892]
2024-01-29 17:47:51,352 - INFO - [0.01693053 0.803      0.14122094 0.1485799  0.14414518 0.19310677 0.22559947 0.14734778]
2024-01-29 17:48:13,015 - INFO - [0.01696573 0.803      0.14469825 0.1469838  0.14247537 0.19250485 0.22528046 0.14805725]
2024-01-29 17:48:34,612 - INFO - [0.01698298 0.802      0.14645226 0.14620475 0.14168593 0.19224076 0.22504012 0.14837608]
2024-01-29 17:48:59,476 - INFO - [0.01699082 0.802      0.14732718 0.14581762 0.1413057  0.1921179  0.22491574 0.14851585]
2024-01-29 17:49:20,552 - INFO - [0.01699473 0.802      0.14776811 0.14561872 0.14112304 0.19205408 0.22485587 0.14858019]
2024-01-29 17:49:41,165 - INFO - [0.01699676 0.802      0.14798926 0.14551724 0.14103775 0.192021   0.22482012 0.14861463]
2024-01-29 17:50:02,457 - INFO - [0.01699786 0.802      0.14810102 0.14546242 0.14100057 0.1919985  0.22479667 0.1486408 ]
2024-01-29 17:50:24,146 - INFO - [0.01699831 0.802      0.14816035 0.14543773 0.14098226 0.19199319 0.22478159 0.14864488]
2024-01-29 17:50:44,737 - INFO - [0.01699844 0.802      0.14818364 0.14542587 0.14097056 0.19199046 0.22478773 0.14864177]
2024-01-29 17:51:06,572 - INFO - [0.01699849 0.802      0.14819703 0.14542648 0.14096338 0.19199961 0.22478072 0.14863276]
2024-01-29 17:51:27,752 - INFO - [0.0169984  0.802      0.1482061  0.14542942 0.14095907 0.19200298 0.22477397 0.14862852]
2024-01-29 17:51:48,356 - INFO - [0.01699852 0.802      0.14820828 0.14542721 0.14095749 0.19200253 0.22477534 0.14862914]
2024-01-29 17:52:11,629 - INFO - [0.01699844 0.802      0.14820948 0.14543061 0.14095709 0.19200622 0.22476999 0.14862663]
2024-01-29 17:52:32,962 - INFO - [0.0169985  0.802      0.14820921 0.14542551 0.14095816 0.19200301 0.22477293 0.1486312 ]
2024-01-29 17:52:55,987 - INFO - [0.0169985  0.802      0.14820945 0.14542665 0.14095804 0.19200405 0.22477108 0.14863075]
2024-01-29 17:53:16,259 - INFO - [0.01699848 0.802      0.14821148 0.14542565 0.1409568  0.1920042  0.22477095 0.14863096]
2024-01-29 17:53:16,291 - INFO - Successfully finished `test_optimize` after 451.624 seconds.
