2024-01-29 16:28:05,186 - INFO - Logging into directory _output/exp_nice_weights/20240129_162805__4294967162.
2024-01-29 16:28:05,191 - INFO - Starting `test_optimize`.
2024-01-29 16:28:17,778 - INFO - [0.01976643 0.801      0.332      0.332      0.332      0.001      0.001      0.001     ]
2024-01-29 16:28:32,900 - INFO - [0.01712187 0.806      0.254812   0.25804248 0.24932277 0.07784975 0.11469902 0.04527392]
2024-01-29 16:28:48,002 - INFO - [0.01678515 0.807      0.21671559 0.22274369 0.2107778  0.11822675 0.1650932  0.06644297]
2024-01-29 16:29:03,069 - INFO - [0.01668761 0.81       0.19829884 0.20536345 0.19273774 0.13924973 0.18933326 0.07501705]
2024-01-29 16:29:18,104 - INFO - [0.01666577 0.81       0.18907383 0.19659658 0.18370123 0.15040816 0.20102133 0.07919887]
2024-01-29 16:29:33,076 - INFO - [0.01665813 0.81       0.1847716  0.19201353 0.18029581 0.15667313 0.20487332 0.08137269]
2024-01-29 16:29:48,091 - INFO - [0.01665479 0.81       0.18258648 0.18967956 0.17858985 0.15995586 0.20675665 0.08243157]
2024-01-29 16:30:02,517 - INFO - [0.01665078 0.81       0.18147488 0.18849671 0.17771903 0.16168737 0.20768335 0.08293868]
2024-01-29 16:30:10,770 - INFO - [0.01664861 0.81       0.18090111 0.18788789 0.17729533 0.16258419 0.20813529 0.08319622]
2024-01-29 16:30:19,034 - INFO - [0.0166474  0.81       0.18062264 0.18757726 0.17707793 0.16306312 0.20834874 0.08331029]
2024-01-29 16:30:27,263 - INFO - [0.01664673 0.81       0.18046537 0.187416   0.17696722 0.16330358 0.2084727  0.08337518]
2024-01-29 16:30:35,512 - INFO - [0.01664654 0.81       0.18039753 0.18734398 0.17690147 0.16342513 0.20853555 0.08339629]
2024-01-29 16:30:43,750 - INFO - [0.01664636 0.81       0.18035953 0.18730181 0.17686556 0.16349515 0.20856249 0.0834154 ]
2024-01-29 16:30:52,039 - INFO - [0.01664611 0.81       0.18033889 0.18728743 0.17685947 0.16352686 0.20856719 0.08342018]
2024-01-29 16:31:00,282 - INFO - [0.01664601 0.81       0.18033069 0.18727508 0.17685336 0.16355072 0.20857185 0.0834183 ]
2024-01-29 16:31:08,549 - INFO - [0.01664599 0.81       0.18032253 0.18726276 0.17684728 0.16356736 0.20857653 0.08342353]
2024-01-29 16:31:18,484 - INFO - [0.01664604 0.81       0.18031436 0.18726519 0.1768412  0.16356926 0.20858121 0.08342874]
2024-01-29 16:31:33,462 - INFO - [0.01664613 0.81       0.18032113 0.18725288 0.17683557 0.16357113 0.20858589 0.0834334 ]
2024-01-29 16:31:48,422 - INFO - [0.01664608 0.81       0.18031295 0.18726365 0.17682958 0.16357301 0.20859055 0.08343022]
2024-01-29 16:32:03,391 - INFO - [0.01664611 0.81       0.180306   0.18726063 0.17682783 0.16357489 0.20859514 0.08343545]
2024-01-29 16:32:18,366 - INFO - [0.01664581 0.81       0.18030976 0.18726431 0.17684518 0.16357678 0.20857109 0.08343296]
2024-01-29 16:32:18,388 - INFO - Successfully finished `test_optimize` after 253.197 seconds.
