2024-01-29 17:45:43,892 - INFO - Logging into directory _output/exp_011100_/20240129_174543__4294967173.
2024-01-29 17:45:43,897 - INFO - Starting `test_optimize`.
2024-01-29 17:46:02,674 - INFO - [0.01033001 0.809      0.001      0.332      0.332      0.332      0.001      0.001     ]
2024-01-29 17:46:23,629 - INFO - [0.00753887 0.824      0.0743193  0.24357089 0.23645025 0.26328447 0.1230514  0.0593237 ]
2024-01-29 17:46:45,538 - INFO - [0.00735194 0.822      0.12211973 0.20908263 0.19841196 0.23962034 0.16639595 0.06436937]
2024-01-29 17:47:06,252 - INFO - [0.00744361 0.82       0.14523636 0.19019341 0.18082856 0.22848015 0.18714546 0.06811602]
2024-01-29 17:47:26,283 - INFO - [0.00751885 0.82       0.15809828 0.18309577 0.17190091 0.21702334 0.19863237 0.07124926]
2024-01-29 17:47:46,781 - INFO - [0.00756177 0.82       0.16483909 0.1794571  0.16698371 0.21285899 0.20356214 0.07229899]
2024-01-29 17:48:07,370 - INFO - [0.00758524 0.821      0.16833082 0.17763266 0.16449691 0.21085814 0.20587908 0.0728024 ]
2024-01-29 17:48:29,188 - INFO - [0.00759832 0.82       0.17014664 0.1767319  0.16323495 0.20987944 0.20696974 0.07303735]
2024-01-29 17:48:52,068 - INFO - [0.00760637 0.82       0.17074005 0.17612611 0.16279016 0.20922796 0.20783843 0.07327719]
2024-01-29 17:49:14,759 - INFO - [0.00761022 0.82       0.17104483 0.17582259 0.16257706 0.20892379 0.20823804 0.07339366]
2024-01-29 17:49:36,781 - INFO - [0.0076122  0.82       0.17122073 0.17566817 0.16246037 0.20877932 0.2084216  0.07344972]
2024-01-29 17:49:58,827 - INFO - [0.00761305 0.82       0.1713073  0.17560175 0.16240335 0.20869452 0.20851572 0.07347739]
2024-01-29 17:50:20,875 - INFO - [0.00761353 0.82       0.17133984 0.17556658 0.16237615 0.20866935 0.20855579 0.07349225]
2024-01-29 17:50:41,758 - INFO - [0.00761384 0.82       0.17136684 0.17553148 0.16236624 0.2086442  0.2085878  0.07350345]
2024-01-29 17:51:03,523 - INFO - [0.00761391 0.82       0.17136404 0.17552617 0.16236883 0.20864868 0.20859247 0.07349975]
2024-01-29 17:51:25,744 - INFO - [0.00761394 0.82       0.1713675  0.17552085 0.16236876 0.20864941 0.20859711 0.0734963 ]
2024-01-29 17:51:46,271 - INFO - [0.00761391 0.82       0.17136471 0.17551556 0.16237126 0.20865232 0.20860179 0.07349437]
2024-01-29 17:52:07,176 - INFO - [0.00761399 0.82       0.17136402 0.17551029 0.16237386 0.20863999 0.20860645 0.07350535]
2024-01-29 17:52:28,065 - INFO - [0.00761396 0.82       0.17136568 0.17550503 0.16236934 0.20864466 0.2086111  0.07350425]
2024-01-29 17:52:51,434 - INFO - [0.00761404 0.82       0.17136289 0.17549975 0.16237186 0.20864905 0.20861372 0.0735027 ]
2024-01-29 17:53:11,972 - INFO - [0.00761409 0.82       0.17136085 0.17549451 0.16237445 0.20865253 0.20861696 0.07350069]
2024-01-29 17:53:12,050 - INFO - Successfully finished `test_optimize` after 448.153 seconds.
