2024-01-29 13:29:57,054 - INFO - Logging into directory _output/exp_uniform_weights/20240129/20240129_132957.
2024-01-29 13:29:57,058 - INFO - Starting `test_optimize`.
2024-01-29 13:30:03,363 - INFO - [0.01175895 0.82       0.16666667 0.16666667 0.16666667 0.16666667 0.16666667 0.16666667]
2024-01-29 13:30:11,308 - INFO - [0.01107787 0.819      0.18511409 0.17338172 0.16806388 0.17580618 0.20184793 0.09578623]
2024-01-29 13:30:19,255 - INFO - [0.01098801 0.819      0.18895152 0.1738652  0.16585064 0.17733406 0.21431327 0.07968527]
2024-01-29 13:30:27,172 - INFO - [0.01100257 0.819      0.18939303 0.17256276 0.16322954 0.1766008  0.21875012 0.07946373]
2024-01-29 13:30:35,128 - INFO - [0.01101108 0.819      0.18961431 0.17187892 0.16190368 0.17622831 0.22083236 0.07954244]
2024-01-29 13:30:43,047 - INFO - [0.01101564 0.819      0.18974252 0.17153905 0.1612504  0.17605355 0.22182681 0.07958765]
2024-01-29 13:30:50,992 - INFO - [0.01101776 0.819      0.18981652 0.17136933 0.16092831 0.17597446 0.22230072 0.07961079]
2024-01-29 13:30:58,923 - INFO - [0.01101912 0.819      0.18985754 0.17128286 0.16076499 0.17593798 0.22252733 0.07962924]
2024-01-29 13:31:06,883 - INFO - [0.01101962 0.819      0.18987937 0.17124109 0.16068615 0.17592163 0.22263499 0.07963678]
2024-01-29 13:31:14,850 - INFO - [0.0110199  0.819      0.18989392 0.17122333 0.16064882 0.17591357 0.22268419 0.07963613]
2024-01-29 13:31:22,797 - INFO - [0.01102007 0.819      0.18989906 0.17121115 0.16063058 0.17590961 0.22270903 0.07964051]
2024-01-29 13:31:30,697 - INFO - [0.01102001 0.819      0.18990399 0.1712089  0.16063043 0.17591096 0.22271949 0.07962618]
2024-01-29 13:31:38,707 - INFO - [0.01101995 0.819      0.18990514 0.1712037  0.16062246 0.17590864 0.22272457 0.07963558]
2024-01-29 13:31:46,644 - INFO - [0.01102007 0.819      0.18990694 0.17120406 0.16061826 0.17590784 0.22272883 0.07963409]
2024-01-29 13:31:54,593 - INFO - [0.01102021 0.819      0.1899092  0.17120357 0.16061568 0.17590752 0.22272952 0.0796344 ]
2024-01-29 13:32:02,502 - INFO - [0.01102017 0.819      0.18991017 0.1712019  0.16061378 0.17590567 0.22273083 0.07963762]
2024-01-29 13:32:10,434 - INFO - [0.0110201  0.819      0.18990774 0.17120001 0.1606127  0.17590617 0.22273216 0.07964127]
2024-01-29 13:32:18,352 - INFO - [0.01102017 0.819      0.18990764 0.17119792 0.16060965 0.17590465 0.22273415 0.07964602]
2024-01-29 13:32:26,289 - INFO - [0.01102017 0.819      0.18990958 0.1711991  0.16061348 0.17590591 0.22273242 0.07963949]
2024-01-29 13:32:34,199 - INFO - [0.01102022 0.819      0.1899077  0.17119624 0.16060917 0.17590442 0.2227343  0.07964818]
2024-01-29 13:32:42,131 - INFO - [0.01102013 0.819      0.18990894 0.17119882 0.16061459 0.17590372 0.2227325  0.07964148]
2024-01-29 13:32:42,149 - INFO - Successfully finished `test_optimize` after 165.092 seconds.
