2024-01-29 14:33:38,238 - INFO - Logging into directory _output/exp_good_weights/20240129/20240129_143338.
2024-01-29 14:33:38,241 - INFO - Starting `test_optimize`.
2024-01-29 14:33:44,501 - INFO - [0.01657497 0.803      0.01       0.5        0.3        0.14       0.04       0.01      ]
2024-01-29 14:33:52,425 - INFO - [0.01515254 0.809      0.08430143 0.32283857 0.20577015 0.14037754 0.16736054 0.07935169]
2024-01-29 14:34:00,342 - INFO - [0.01560925 0.812      0.13386533 0.24631894 0.17480431 0.15467113 0.19002287 0.1003174 ]
2024-01-29 14:34:08,234 - INFO - [0.01598679 0.808      0.15871067 0.20887542 0.15994054 0.16112821 0.20220476 0.10914038]
2024-01-29 14:34:16,157 - INFO - [0.0161919  0.809      0.17134616 0.19031434 0.15300249 0.16455959 0.20764866 0.11312876]
2024-01-29 14:34:24,041 - INFO - [0.01630468 0.809      0.17777678 0.18087167 0.14977904 0.16637884 0.21020213 0.11499156]
2024-01-29 14:34:31,959 - INFO - [0.0163641  0.809      0.18104656 0.17606717 0.14828472 0.16734041 0.21139719 0.11586389]
2024-01-29 14:34:39,841 - INFO - [0.01639459 0.809      0.182706   0.17361926 0.14759062 0.16784644 0.21196362 0.11627406]
2024-01-29 14:34:47,751 - INFO - [0.0164103  0.809      0.18355936 0.17236421 0.14727449 0.16811381 0.21222094 0.11646716]
2024-01-29 14:34:55,633 - INFO - [0.01641184 0.809      0.18436372 0.17230228 0.14713731 0.16779052 0.21205962 0.11634646]
2024-01-29 14:35:03,539 - INFO - [0.01641753 0.809      0.1844438  0.17180909 0.14706165 0.16806601 0.21218595 0.11643352]
2024-01-29 14:35:11,437 - INFO - [0.01641629 0.809      0.18518193 0.17236838 0.14705919 0.16651404 0.21233748 0.11653902]
2024-01-29 14:35:19,338 - INFO - [0.01641893 0.809      0.18495359 0.17196679 0.14703861 0.16720302 0.21231583 0.11652214]
2024-01-29 14:35:27,209 - INFO - [0.01641729 0.809      0.18544894 0.17244019 0.14705037 0.16607168 0.21240738 0.11658134]
2024-01-29 14:35:35,115 - INFO - [0.01642059 0.809      0.1849954  0.17187849 0.14703217 0.16712864 0.21238784 0.11657742]
2024-01-29 14:35:43,001 - INFO - [0.01641774 0.809      0.18546103 0.17240736 0.147044   0.16605604 0.21242793 0.11660364]
2024-01-29 14:35:50,902 - INFO - [0.01642013 0.809      0.18509339 0.17196502 0.14702812 0.16695361 0.21238807 0.11657169]
2024-01-29 14:35:58,781 - INFO - [0.01641762 0.809      0.18552074 0.17243846 0.14703996 0.16597061 0.21242853 0.11660175]
2024-01-29 14:36:06,694 - INFO - [0.01642073 0.809      0.18505488 0.17189848 0.1470248  0.16703756 0.21240288 0.11658129]
2024-01-29 14:36:14,576 - INFO - [0.01641781 0.809      0.18549116 0.17242227 0.14703669 0.16600323 0.21243513 0.11661152]
2024-01-29 14:36:22,492 - INFO - [0.01642016 0.809      0.18508229 0.17194942 0.14702201 0.16696928 0.21239574 0.11658134]
2024-01-29 14:36:22,508 - INFO - Successfully finished `test_optimize` after 164.268 seconds.
