2024-01-30 15:49:01,785 - INFO - Logging into directory _output/exp_011000/20240130_154901__4294967149.
2024-01-30 15:49:01,796 - INFO - Starting `test_optimize`.
2024-01-30 15:49:15,651 - INFO - [0.01854448 0.801      0.001      0.498      0.498      0.001      0.001      0.001     ]
2024-01-30 15:49:33,708 - INFO - [0.01470191 0.818      0.10573044 0.34253171 0.33113432 0.07149632 0.126435   0.02267218]
2024-01-30 15:49:52,296 - INFO - [0.0141472  0.818      0.16175418 0.26652825 0.24858165 0.11074637 0.17639494 0.03599451]
2024-01-30 15:50:10,003 - INFO - [0.01428268 0.819      0.18660074 0.22553337 0.21563886 0.13330987 0.19802161 0.04089551]
2024-01-30 15:50:26,809 - INFO - [0.01440197 0.817      0.20106742 0.20534976 0.20128301 0.14053018 0.21308781 0.03868176]
2024-01-30 15:50:43,679 - INFO - [0.01448296 0.818      0.20840491 0.1950077  0.19418335 0.14441244 0.2202916  0.03769994]
2024-01-30 15:51:01,481 - INFO - [0.01452827 0.818      0.21153566 0.18998353 0.19059412 0.14657164 0.22420412 0.03711094]
2024-01-30 15:51:19,702 - INFO - [0.01455246 0.818      0.2131217  0.18741004 0.18882255 0.14771593 0.22607876 0.03685102]
2024-01-30 15:51:37,123 - INFO - [0.01456513 0.817      0.21393225 0.18608844 0.18794562 0.14832298 0.22697626 0.03673447]
2024-01-30 15:51:54,559 - INFO - [0.01457164 0.817      0.2143507  0.18542153 0.18751496 0.14863227 0.22740389 0.03667661]
2024-01-30 15:52:12,241 - INFO - [0.01457492 0.817      0.21456046 0.18508258 0.18729402 0.1488049  0.22760586 0.03665216]
2024-01-30 15:52:29,691 - INFO - [0.01457666 0.817      0.21465243 0.18489291 0.18719223 0.14890493 0.22771764 0.03663987]
2024-01-30 15:52:46,939 - INFO - [0.01457757 0.817      0.21471311 0.18479936 0.18713525 0.14894542 0.22777034 0.03663654]
2024-01-30 15:53:04,192 - INFO - [0.01457802 0.817      0.21474391 0.18475872 0.18711543 0.14895615 0.22779329 0.0366325 ]
2024-01-30 15:53:21,539 - INFO - [0.01457802 0.817      0.21475981 0.18474765 0.18710327 0.14896686 0.22778654 0.03663601]
2024-01-30 15:53:38,214 - INFO - [0.01457828 0.817      0.21476084 0.18473676 0.18709107 0.14897753 0.22779903 0.03663475]
2024-01-30 15:53:55,483 - INFO - [0.01457837 0.817      0.21476191 0.18472601 0.18709189 0.14898819 0.22779392 0.03663804]
2024-01-30 15:54:12,354 - INFO - [0.01457829 0.817      0.21476455 0.1847153  0.18707976 0.1489988  0.22780037 0.03664137]
2024-01-30 15:54:28,882 - INFO - [0.01457853 0.817      0.21476556 0.18470457 0.1870901  0.14900856 0.22779356 0.03663761]
2024-01-30 15:54:45,726 - INFO - [0.01457841 0.817      0.21476661 0.18471256 0.18707792 0.14901872 0.22778852 0.03663569]
2024-01-30 15:55:01,825 - INFO - [0.01457841 0.817      0.21476766 0.18470946 0.18709435 0.14900088 0.22779194 0.03663576]
2024-01-30 15:55:01,866 - INFO - Successfully finished `test_optimize` after 360.070 seconds.
