2024-01-29 12:55:33,312 - INFO - Logging into directory _output/exp_uniform_weights/20240129/20240129_125533.
2024-01-29 12:55:33,314 - INFO - Starting `test_optimize`.
2024-01-29 12:55:39,773 - INFO - [0.01507882 0.829      0.16666667 0.16666667 0.16666667 0.16666667 0.16666667 0.16666667]
2024-01-29 12:55:47,887 - INFO - [0.01475437 0.83       0.16830206 0.16912834 0.16102585 0.16224702 0.20600009 0.13329662]
2024-01-29 12:55:55,985 - INFO - [0.01464463 0.831      0.16922465 0.17046332 0.15829612 0.16009068 0.22404309 0.1178821 ]
2024-01-29 12:56:04,070 - INFO - [0.01460388 0.831      0.16909158 0.17114645 0.15699081 0.15915374 0.23262386 0.11099357]
2024-01-29 12:56:12,162 - INFO - [0.01458689 0.831      0.16903067 0.17150159 0.1563534  0.15868163 0.23658368 0.10784904]
2024-01-29 12:56:20,237 - INFO - [0.01457904 0.831      0.16899955 0.17169622 0.15603238 0.15844795 0.23841113 0.10641279]
2024-01-29 12:56:28,344 - INFO - [0.01457561 0.831      0.16898727 0.17178272 0.15588915 0.15832597 0.23925866 0.10575631]
2024-01-29 12:56:36,421 - INFO - [0.01457422 0.831      0.16898587 0.17183925 0.1558063  0.15826705 0.23964196 0.10545949]
2024-01-29 12:56:44,535 - INFO - [0.01457353 0.831      0.1689845  0.17186597 0.15577985 0.15822604 0.2398185  0.1053251 ]
2024-01-29 12:56:52,617 - INFO - [0.01457319 0.831      0.16898319 0.17189233 0.15575667 0.15820146 0.23990452 0.10526179]
2024-01-29 12:57:00,717 - INFO - [0.01457295 0.831      0.16898185 0.17188925 0.15573366 0.15820643 0.23995002 0.10523886]
2024-01-29 12:57:08,884 - INFO - [0.01457311 0.831      0.16898046 0.17188612 0.15574016 0.15819901 0.23996565 0.10522851]
2024-01-29 12:57:16,983 - INFO - [0.01457303 0.831      0.16897908 0.17188299 0.15574671 0.15819745 0.23997346 0.1052203 ]
2024-01-29 12:57:25,053 - INFO - [0.01457305 0.831      0.16897769 0.17187986 0.15574235 0.15820248 0.2399846  0.10521292]
2024-01-29 12:57:33,154 - INFO - [0.01457294 0.831      0.16897632 0.17188233 0.15574774 0.15820751 0.23997091 0.10521517]
2024-01-29 12:57:41,220 - INFO - [0.01457289 0.831      0.16897495 0.17187978 0.15575032 0.15820555 0.23998204 0.10520738]
2024-01-29 12:57:49,667 - INFO - [0.01457287 0.831      0.16897358 0.17187709 0.15575673 0.15821062 0.23997548 0.10520653]
2024-01-29 12:57:57,787 - INFO - [0.01457287 0.831      0.16897224 0.17188975 0.15573587 0.15819976 0.23999019 0.10521223]
2024-01-29 12:58:05,876 - INFO - [0.01457292 0.831      0.16897088 0.17188665 0.15574245 0.15820487 0.2399763  0.10521883]
2024-01-29 12:58:13,936 - INFO - [0.01457291 0.831      0.16896951 0.1718847  0.15573563 0.15820897 0.23998909 0.10521207]
2024-01-29 12:58:22,011 - INFO - [0.01457296 0.831      0.16896816 0.17188327 0.1557422  0.1582126  0.23997495 0.10521876]
2024-01-29 12:58:22,056 - INFO - Successfully finished `test_optimize` after 168.742 seconds.
