2024-01-29 16:39:13,808 - INFO - Logging into directory _output/exp_011000/20240129_163913__4294967172.
2024-01-29 16:39:13,813 - INFO - Starting `test_optimize`.
2024-01-29 16:39:25,506 - INFO - [0.01925838 0.788      0.001      0.498      0.498      0.001      0.001      0.001     ]
2024-01-29 16:39:38,828 - INFO - [0.01498603 0.801      0.12172903 0.30265859 0.30559468 0.11963519 0.10740612 0.04297639]
2024-01-29 16:39:53,323 - INFO - [0.01455364 0.803      0.16332132 0.24334018 0.24619417 0.15991901 0.14615917 0.04106605]
2024-01-29 16:40:09,720 - INFO - [0.01455247 0.804      0.18466781 0.21503219 0.21815369 0.18021686 0.16030513 0.04162432]
2024-01-29 16:40:25,089 - INFO - [0.01460469 0.804      0.19542073 0.20062086 0.20376039 0.19013555 0.16871667 0.04134573]
2024-01-29 16:40:40,380 - INFO - [0.01464287 0.804      0.20082502 0.19333073 0.19661629 0.19506559 0.1728805  0.04128185]
2024-01-29 16:40:53,376 - INFO - [0.0146649  0.804      0.20354483 0.18964595 0.19306828 0.19751662 0.17494194 0.04128239]
2024-01-29 16:41:09,818 - INFO - [0.01467578 0.804      0.20492114 0.18778534 0.19130975 0.19872227 0.17596105 0.04130046]
2024-01-29 16:41:24,353 - INFO - [0.01468092 0.804      0.20561296 0.18684345 0.19043168 0.19932863 0.17646253 0.04132079]
2024-01-29 16:41:36,215 - INFO - [0.01468351 0.804      0.2059471  0.18635538 0.1900005  0.19963664 0.17672472 0.0413356 ]
2024-01-29 16:41:49,090 - INFO - [0.01468481 0.804      0.20613205 0.18610539 0.18978164 0.19979274 0.17684543 0.04134274]
2024-01-29 16:42:05,635 - INFO - [0.01468545 0.804      0.20622694 0.18598329 0.18967855 0.19986232 0.17689915 0.04134979]
2024-01-29 16:42:20,672 - INFO - [0.01468566 0.804      0.20626289 0.18591385 0.18963504 0.19990203 0.17693302 0.04135326]
2024-01-29 16:42:35,779 - INFO - [0.01468589 0.804      0.20626897 0.185902   0.18961018 0.19991191 0.17695664 0.04135026]
2024-01-29 16:42:46,170 - INFO - [0.01468596 0.804      0.20627505 0.18589042 0.18959647 0.1999218  0.17696533 0.04135089]
2024-01-29 16:43:02,138 - INFO - [0.014686   0.804      0.20628117 0.18587895 0.18959402 0.19993168 0.17696141 0.0413527 ]
2024-01-29 16:43:12,178 - INFO - [0.01468589 0.804      0.20628728 0.18586749 0.1895915  0.19994155 0.17695895 0.04135327]
2024-01-29 16:43:23,777 - INFO - [0.01468595 0.804      0.20629339 0.18585807 0.18959811 0.19993486 0.17695785 0.04135774]
2024-01-29 16:43:37,289 - INFO - [0.014686   0.804      0.20629942 0.18585959 0.1895857  0.19994369 0.17695317 0.04135843]
2024-01-29 16:43:50,951 - INFO - [0.01468611 0.804      0.20630544 0.18585283 0.18957603 0.19993429 0.17697673 0.04135469]
2024-01-29 16:44:04,957 - INFO - [0.01468603 0.804      0.20630905 0.18584509 0.18958421 0.19993782 0.17697059 0.04135329]
2024-01-29 16:44:04,979 - INFO - Successfully finished `test_optimize` after 291.167 seconds.
