2024-01-29 13:59:34,320 - INFO - Logging into directory _output/exp_bad_weights/20240129/20240129_135934.
2024-01-29 13:59:34,323 - INFO - Starting `test_optimize`.
2024-01-29 13:59:40,681 - INFO - [0.04503615 0.688      0.001      0.001      0.001      0.001      0.001      0.995     ]
2024-01-29 13:59:48,771 - INFO - [0.01949521 0.803      0.22242142 0.18398541 0.17015676 0.18615152 0.2359833  0.00130164]
2024-01-29 13:59:56,754 - INFO - [0.01912946 0.802      0.20243384 0.17735761 0.16703311 0.17675678 0.22614895 0.05026966]
2024-01-29 14:00:04,734 - INFO - [0.01906928 0.802      0.19818906 0.17996369 0.1714244  0.17747253 0.22716646 0.04578388]
2024-01-29 14:00:12,708 - INFO - [0.01904972 0.802      0.19553059 0.18074645 0.17313035 0.17736353 0.22716419 0.04606486]
2024-01-29 14:00:20,644 - INFO - [0.01903973 0.801      0.19417825 0.18112805 0.17398573 0.17729884 0.22714838 0.04626078]
2024-01-29 14:00:28,598 - INFO - [0.01903522 0.801      0.19349448 0.18131873 0.17441641 0.1772688  0.22714791 0.0463537 ]
2024-01-29 14:00:36,532 - INFO - [0.01903298 0.801      0.19314606 0.18141462 0.17463745 0.17725524 0.22714886 0.04639776]
2024-01-29 14:00:44,481 - INFO - [0.01903174 0.801      0.19297345 0.1814605  0.17475285 0.17724946 0.22714913 0.0464147 ]
2024-01-29 14:00:52,419 - INFO - [0.01903117 0.801      0.19288623 0.18147931 0.17480986 0.17724404 0.22715119 0.04642949]
2024-01-29 14:01:00,431 - INFO - [0.01903094 0.801      0.19283921 0.1814948  0.17484362 0.17724404 0.22714959 0.04642873]
2024-01-29 14:01:08,392 - INFO - [0.0190308  0.801      0.19281812 0.18150486 0.17485248 0.17724471 0.22714907 0.04643076]
2024-01-29 14:01:16,387 - INFO - [0.01903069 0.801      0.19280811 0.18150705 0.17486027 0.17724557 0.22714984 0.04642918]
2024-01-29 14:01:24,342 - INFO - [0.01903063 0.801      0.19280054 0.18150625 0.17486653 0.17724554 0.22715056 0.04643061]
2024-01-29 14:01:32,346 - INFO - [0.01903062 0.801      0.19279779 0.18150729 0.17487195 0.17724594 0.22714789 0.04642913]
2024-01-29 14:01:40,301 - INFO - [0.01903057 0.801      0.19279897 0.18150841 0.17487007 0.177247   0.22714798 0.0464276 ]
2024-01-29 14:01:48,278 - INFO - [0.0190306  0.801      0.1927992  0.18150982 0.17487113 0.17724667 0.22714762 0.04642554]
2024-01-29 14:01:56,270 - INFO - [0.01903057 0.801      0.19279839 0.18150753 0.17487185 0.17724669 0.22714886 0.04642672]
2024-01-29 14:02:04,278 - INFO - [0.01903065 0.801      0.19279769 0.18150595 0.1748706  0.1772466  0.2271504  0.04642876]
2024-01-29 14:02:12,233 - INFO - [0.01903068 0.801      0.19279747 0.18150485 0.17487077 0.17724508 0.22715075 0.04643104]
2024-01-29 14:02:20,215 - INFO - [0.01903064 0.801      0.1927975  0.18150489 0.17487316 0.17724527 0.22714992 0.04642925]
2024-01-29 14:02:20,242 - INFO - Successfully finished `test_optimize` after 165.919 seconds.
