2024-01-30 15:49:01,827 - INFO - Logging into directory _output/exp_011000/20240130_154901__4294967190.
2024-01-30 15:49:01,848 - INFO - Starting `test_optimize`.
2024-01-30 15:49:15,252 - INFO - [0.02341948 0.776      0.001      0.498      0.498      0.001      0.001      0.001     ]
2024-01-30 15:49:33,290 - INFO - [0.01873715 0.801      0.13509144 0.24673621 0.23891886 0.13364489 0.17775929 0.0678493 ]
2024-01-30 15:49:51,117 - INFO - [0.01874708 0.8        0.16467805 0.21482897 0.20828652 0.15606445 0.20518884 0.05095318]
2024-01-30 15:50:09,608 - INFO - [0.01888021 0.8        0.17840998 0.19788459 0.19131042 0.16609624 0.21674305 0.0495557 ]
2024-01-30 15:50:26,607 - INFO - [0.01894961 0.801      0.18538797 0.18979365 0.18303949 0.1715982  0.22211845 0.04806231]
2024-01-30 15:50:43,640 - INFO - [0.01898842 0.801      0.18898448 0.18570109 0.17893153 0.17438637 0.22471598 0.0472805 ]
2024-01-30 15:51:00,421 - INFO - [0.01900901 0.801      0.19083722 0.18363035 0.1768897  0.17579748 0.22597165 0.04687357]
2024-01-30 15:51:17,150 - INFO - [0.01901984 0.801      0.19178258 0.18257764 0.17586732 0.17650449 0.2265669  0.04670104]
2024-01-30 15:51:33,864 - INFO - [0.01902512 0.801      0.19228198 0.18205373 0.17536914 0.17687064 0.22687288 0.04655159]
2024-01-30 15:51:50,857 - INFO - [0.01902779 0.801      0.19253337 0.18178646 0.17512038 0.17705444 0.22701976 0.04648559]
2024-01-30 15:52:07,744 - INFO - [0.01902919 0.801      0.19266054 0.18165076 0.17499545 0.17714636 0.22709064 0.04645623]
2024-01-30 15:52:24,653 - INFO - [0.01902987 0.801      0.19272733 0.18157902 0.17493494 0.17719513 0.22712232 0.04644128]
2024-01-30 15:52:41,918 - INFO - [0.01903026 0.801      0.19276181 0.18154001 0.17490351 0.17722113 0.22713664 0.04643691]
2024-01-30 15:52:59,100 - INFO - [0.01903057 0.801      0.19277918 0.18152437 0.17488451 0.177229   0.22714691 0.04643593]
2024-01-30 15:53:16,690 - INFO - [0.01903047 0.801      0.19278629 0.1815151  0.17487913 0.17723359 0.22715126 0.04643472]
2024-01-30 15:53:34,603 - INFO - [0.01903051 0.801      0.19279295 0.18151163 0.17487788 0.17723677 0.2271497  0.04643114]
2024-01-30 15:53:51,999 - INFO - [0.01903064 0.801      0.19279769 0.18151134 0.17487475 0.17724003 0.22714941 0.04642672]
2024-01-30 15:54:10,313 - INFO - [0.01903055 0.801      0.19279832 0.18150957 0.17487587 0.177241   0.22714914 0.04642614]
2024-01-30 15:54:28,094 - INFO - [0.01903058 0.801      0.1928     0.18150938 0.17487416 0.1772427  0.22715065 0.04642313]
2024-01-30 15:54:45,574 - INFO - [0.01903059 0.801      0.19279924 0.18150781 0.17487338 0.17724317 0.22715038 0.04642604]
2024-01-30 15:55:01,825 - INFO - [0.01903065 0.801      0.19279796 0.18150766 0.17486997 0.17724422 0.22715338 0.04642681]
2024-01-30 15:55:01,865 - INFO - Successfully finished `test_optimize` after 360.016 seconds.
