2024-01-29 14:58:56,612 - INFO - Logging into directory _output/exp_good_weights/20240129/20240129_145856.
2024-01-29 14:58:56,615 - INFO - Starting `test_optimize`.
2024-01-29 14:59:03,309 - INFO - [0.0164839 0.817     0.01      0.5       0.3       0.14      0.04      0.01     ]
2024-01-29 14:59:11,658 - INFO - [0.0143045  0.827      0.08118419 0.32830653 0.21694879 0.14045762 0.1485398  0.08456302]
2024-01-29 14:59:20,015 - INFO - [0.01427618 0.831      0.12554935 0.25137809 0.18700096 0.14699394 0.19295877 0.09611893]
2024-01-29 14:59:28,317 - INFO - [0.0143622  0.833      0.14733236 0.21216814 0.17126228 0.15069808 0.21737409 0.1011651 ]
2024-01-29 14:59:36,626 - INFO - [0.01445799 0.833      0.15811464 0.19234182 0.16350995 0.15302421 0.22947434 0.10353498]
2024-01-29 14:59:44,891 - INFO - [0.0145186  0.832      0.16368724 0.18226673 0.15977556 0.15443371 0.23521122 0.1046256 ]
2024-01-29 14:59:53,227 - INFO - [0.01454643 0.832      0.16626832 0.17717476 0.1576968  0.1562281  0.23768571 0.10494626]
2024-01-29 15:00:01,486 - INFO - [0.01456013 0.831      0.16758852 0.17458886 0.15668957 0.15715864 0.23887415 0.10510023]
2024-01-29 15:00:09,775 - INFO - [0.01456642 0.831      0.16827306 0.17327361 0.1561909  0.15764311 0.23945324 0.10516614]
2024-01-29 15:00:18,002 - INFO - [0.01456958 0.831      0.16862069 0.17259863 0.15595886 0.15791442 0.23971878 0.10518866]
2024-01-29 15:00:26,252 - INFO - [0.01457122 0.831      0.16879822 0.17226477 0.15584618 0.15803899 0.23985375 0.10519809]
2024-01-29 15:00:34,465 - INFO - [0.01457214 0.831      0.16888635 0.17208275 0.15579313 0.15810378 0.23992899 0.10520499]
2024-01-29 15:00:42,709 - INFO - [0.01457254 0.831      0.16894323 0.17199022 0.15576991 0.1581399  0.23994471 0.10521208]
2024-01-29 15:00:50,929 - INFO - [0.01457268 0.831      0.16895276 0.17195515 0.15574668 0.15817194 0.23996036 0.10521306]
2024-01-29 15:00:59,157 - INFO - [0.01457288 0.831      0.16895504 0.17192222 0.15575325 0.15817705 0.23997602 0.10521638]
2024-01-29 15:01:07,368 - INFO - [0.01457278 0.831      0.16895486 0.17191905 0.15575685 0.15818216 0.23997854 0.10520857]
2024-01-29 15:01:15,598 - INFO - [0.01457291 0.831      0.16896716 0.17191592 0.15573476 0.15818726 0.23997918 0.10521565]
2024-01-29 15:01:23,810 - INFO - [0.01457277 0.831      0.16896598 0.17191279 0.15574133 0.15819237 0.23997939 0.10520813]
2024-01-29 15:01:32,045 - INFO - [0.0145728  0.831      0.16896462 0.17190968 0.15574791 0.15819748 0.23996861 0.10521169]
2024-01-29 15:01:40,259 - INFO - [0.01457276 0.831      0.16896327 0.17190655 0.15574403 0.15819855 0.23998132 0.1052063 ]
2024-01-29 15:01:48,496 - INFO - [0.01457277 0.831      0.16896191 0.17190342 0.15575048 0.15820363 0.2399672  0.10521337]
2024-01-29 15:01:48,610 - INFO - Successfully finished `test_optimize` after 171.995 seconds.
