2024-01-29 14:47:40,073 - INFO - Logging into directory _output/exp_good_weights/20240129/20240129_144740.
2024-01-29 14:47:40,076 - INFO - Starting `test_optimize`.
2024-01-29 14:47:46,432 - INFO - [0.02373522 0.793      0.01       0.5        0.3        0.14       0.04       0.01      ]
2024-01-29 14:47:54,440 - INFO - [0.02052824 0.805      0.11023907 0.32307753 0.22484758 0.14467406 0.19120146 0.00596031]
2024-01-29 14:48:02,436 - INFO - [0.0202434  0.806      0.15588363 0.25639299 0.20214982 0.1528094  0.2278574  0.0049068 ]
2024-01-29 14:48:10,415 - INFO - [0.02026986 0.806      0.18272498 0.2251551  0.19288038 0.15963177 0.23092768 0.00868   ]
2024-01-29 14:48:18,408 - INFO - [0.02028679 0.806      0.19543871 0.20910378 0.18776959 0.16304316 0.23454116 0.01010357]
2024-01-29 14:48:26,383 - INFO - [0.020302   0.807      0.20164363 0.20087557 0.1850905  0.16474718 0.23700148 0.01064167]
2024-01-29 14:48:34,386 - INFO - [0.02031144 0.808      0.20456864 0.19654848 0.18360521 0.16545437 0.23908107 0.01074213]
2024-01-29 14:48:42,356 - INFO - [0.02031693 0.808      0.2060615  0.19422644 0.1825303  0.16610453 0.24004686 0.01103033]
2024-01-29 14:48:50,357 - INFO - [0.02032001 0.808      0.2068626  0.19310509 0.18204835 0.16650109 0.24026443 0.01121844]
2024-01-29 14:48:58,304 - INFO - [0.02032169 0.808      0.20727171 0.19254759 0.18180992 0.16671705 0.24033594 0.01131772]
2024-01-29 14:49:06,293 - INFO - [0.02032231 0.808      0.2074789  0.1922676  0.18168889 0.16683234 0.24036564 0.01136673]
2024-01-29 14:49:14,263 - INFO - [0.02032279 0.808      0.20758151 0.19212352 0.1816332  0.16688375 0.2403914  0.01138665]
2024-01-29 14:49:22,238 - INFO - [0.02032304 0.808      0.20763312 0.19205265 0.18161644 0.16690703 0.24039558 0.01139519]
2024-01-29 14:49:30,193 - INFO - [0.02032314 0.808      0.20765744 0.19201577 0.18160836 0.16691923 0.24039945 0.01139974]
2024-01-29 14:49:38,189 - INFO - [0.02032314 0.808      0.2076714  0.19199586 0.18160614 0.16692458 0.2404016  0.01140046]
2024-01-29 14:49:46,138 - INFO - [0.0203232  0.808      0.20767687 0.19198468 0.18160555 0.16692954 0.24040377 0.0113996 ]
2024-01-29 14:49:54,112 - INFO - [0.02032323 0.808      0.20767745 0.19197735 0.18160643 0.16693141 0.2404068  0.01140054]
2024-01-29 14:50:02,061 - INFO - [0.02032313 0.808      0.20767918 0.19197433 0.1816054  0.16693079 0.24040979 0.01140059]
2024-01-29 14:50:10,046 - INFO - [0.0203232  0.808      0.20767951 0.19197351 0.18160447 0.16693173 0.24041046 0.01140032]
2024-01-29 14:50:17,999 - INFO - [0.02032319 0.808      0.2076811  0.19197157 0.18160479 0.16693214 0.24041104 0.0113994 ]
2024-01-29 14:50:25,981 - INFO - [0.02032318 0.808      0.20768045 0.19197068 0.18160541 0.16692986 0.24041368 0.01139998]
2024-01-29 14:50:25,998 - INFO - Successfully finished `test_optimize` after 165.922 seconds.
