2024-01-29 16:28:05,174 - INFO - Logging into directory _output/exp_nice_weights/20240129_162805__4294967160.
2024-01-29 16:28:05,180 - INFO - Starting `test_optimize`.
2024-01-29 16:28:13,058 - INFO - [0.02505862 0.781      0.332      0.332      0.332      0.001      0.001      0.001     ]
2024-01-29 16:28:21,821 - INFO - [0.02151725 0.796      0.20443922 0.20158234 0.18827374 0.14373598 0.18653661 0.07543204]
2024-01-29 16:28:30,553 - INFO - [0.02158165 0.793      0.18784258 0.1838574  0.16959463 0.16884065 0.20542894 0.08443589]
2024-01-29 16:28:39,176 - INFO - [0.02160168 0.793      0.18008979 0.17649102 0.16430619 0.18298604 0.21424279 0.08188417]
2024-01-29 16:28:47,867 - INFO - [0.0215999  0.793      0.17593458 0.17281817 0.16269927 0.19289821 0.21638195 0.07926793]
2024-01-29 16:28:56,502 - INFO - [0.02158677 0.792      0.17396523 0.17111363 0.16208676 0.20006546 0.21500131 0.07776751]
2024-01-29 16:29:05,140 - INFO - [0.02157929 0.793      0.17305008 0.17033286 0.161807   0.20384169 0.2136032  0.07736521]
2024-01-29 16:29:13,735 - INFO - [0.02157621 0.793      0.17272    0.17006111 0.16168666 0.20534751 0.21279924 0.07738554]
2024-01-29 16:29:22,315 - INFO - [0.02157518 0.793      0.17262816 0.16997215 0.16162893 0.20588949 0.21241391 0.07746729]
2024-01-29 16:29:30,898 - INFO - [0.02157467 0.793      0.17262428 0.16994745 0.16160215 0.20607445 0.21223541 0.07751625]
2024-01-29 16:29:39,497 - INFO - [0.0215777  0.793      0.17240794 0.16977885 0.16156113 0.20597701 0.21270904 0.07756606]
2024-01-29 16:29:48,138 - INFO - [0.02157521 0.793      0.17252615 0.16989613 0.16159306 0.20611505 0.21233852 0.0775312 ]
2024-01-29 16:29:56,705 - INFO - [0.02157466 0.794      0.17258219 0.16993102 0.16159533 0.20615095 0.21219212 0.07754835]
2024-01-29 16:30:08,329 - INFO - [0.02157813 0.793      0.17236605 0.16974621 0.16155444 0.2060018  0.21272938 0.07760211]
2024-01-29 16:30:23,326 - INFO - [0.0215754  0.793      0.17251343 0.16989329 0.16158497 0.20612717 0.21234356 0.07753756]
2024-01-29 16:30:38,327 - INFO - [0.02157472 0.794      0.17257917 0.16992404 0.16158803 0.20616308 0.21219708 0.07754858]
2024-01-29 16:30:53,300 - INFO - [0.02157753 0.793      0.17241897 0.16978295 0.16155921 0.20600368 0.21266688 0.07756829]
2024-01-29 16:31:08,288 - INFO - [0.02157516 0.794      0.17253466 0.16989946 0.16158746 0.20612895 0.2123193  0.07753022]
2024-01-29 16:31:23,230 - INFO - [0.02157455 0.794      0.17259067 0.16992733 0.16159037 0.20616381 0.21218616 0.07754173]
2024-01-29 16:31:38,183 - INFO - [0.02157889 0.793      0.17229261 0.16970152 0.1615313  0.20602067 0.21281756 0.0776363 ]
2024-01-29 16:31:47,373 - INFO - [0.02157557 0.793      0.17249677 0.16987793 0.16157031 0.20613278 0.21237768 0.07754453]
2024-01-29 16:31:47,397 - INFO - Successfully finished `test_optimize` after 222.218 seconds.
