2024-01-29 13:02:39,365 - INFO - Logging into directory _output/exp_bad_weights/20240129/20240129_130239.
2024-01-29 13:02:39,368 - INFO - Starting `test_optimize`.
2024-01-29 13:02:45,671 - INFO - [0.0368878 0.7       0.001     0.001     0.001     0.001     0.001     0.995    ]
2024-01-29 13:02:53,624 - INFO - [0.00928881 0.815      0.21831091 0.18957762 0.16779754 0.1839017  0.23894261 0.00146954]
2024-01-29 13:03:01,579 - INFO - [0.00921014 0.815      0.20882043 0.19030854 0.17229679 0.18059103 0.22709024 0.02089299]
2024-01-29 13:03:09,498 - INFO - [0.00918696 0.815      0.20412707 0.19066834 0.1741107  0.17914611 0.22211924 0.02982862]
2024-01-29 13:03:17,430 - INFO - [0.00917804 0.815      0.20180203 0.19085523 0.17502999 0.17842364 0.21979514 0.03409394]
2024-01-29 13:03:25,328 - INFO - [0.00917412 0.815      0.20064878 0.19093819 0.17550153 0.17805924 0.21871504 0.03613729]
2024-01-29 13:03:33,279 - INFO - [0.00917237 0.815      0.20006241 0.19098309 0.17575327 0.17787644 0.21820703 0.03711768]
2024-01-29 13:03:41,190 - INFO - [0.00917144 0.815      0.1997743  0.19101091 0.17586696 0.17779127 0.21796754 0.03758901]
2024-01-29 13:03:49,133 - INFO - [0.00917099 0.815      0.19963522 0.19102599 0.17592122 0.17775474 0.21785355 0.03780927]
2024-01-29 13:03:57,052 - INFO - [0.00917065 0.815      0.19955586 0.19104114 0.17594862 0.17774491 0.21779306 0.03791643]
2024-01-29 13:04:05,082 - INFO - [0.00917069 0.815      0.19953614 0.19102654 0.17597283 0.17772911 0.21777149 0.03796384]
2024-01-29 13:04:13,003 - INFO - [0.00917057 0.815      0.19951646 0.19103748 0.17597099 0.1777225  0.21777065 0.03798196]
2024-01-29 13:04:20,942 - INFO - [0.00917064 0.815      0.19949681 0.1910229  0.17599458 0.17771591 0.21776983 0.03799991]
2024-01-29 13:04:28,842 - INFO - [0.00917065 0.815      0.19950604 0.19102308 0.17598903 0.17770933 0.21776901 0.03800347]
2024-01-29 13:04:36,790 - INFO - [0.00917053 0.815      0.19949839 0.19103824 0.1759835  0.17770277 0.21776822 0.0380089 ]
2024-01-29 13:04:44,696 - INFO - [0.00917045 0.815      0.19950581 0.19102949 0.17598988 0.17769623 0.21776742 0.03801131]
2024-01-29 13:04:52,624 - INFO - [0.00917059 0.815      0.1994901  0.19103032 0.17598486 0.17771433 0.21776661 0.03801376]
2024-01-29 13:05:00,538 - INFO - [0.00917068 0.815      0.19950014 0.19103076 0.17597933 0.17770776 0.21776582 0.03801612]
2024-01-29 13:05:08,482 - INFO - [0.00917073 0.815      0.19951019 0.19103028 0.1759785  0.17770121 0.21776503 0.03801469]
2024-01-29 13:05:16,386 - INFO - [0.0091704  0.815      0.19949068 0.19103821 0.17600161 0.17769472 0.21776427 0.03801055]
2024-01-29 13:05:24,326 - INFO - [0.00917059 0.815      0.19950072 0.19102737 0.17599605 0.17769927 0.21776347 0.03801307]
2024-01-29 13:05:24,349 - INFO - Successfully finished `test_optimize` after 164.981 seconds.
