2024-01-29 14:25:13,995 - INFO - Logging into directory _output/exp_good_weights/20240129/20240129_142513.
2024-01-29 14:25:13,998 - INFO - Starting `test_optimize`.
2024-01-29 14:25:20,447 - INFO - [0.01306643 0.814      0.01       0.5        0.3        0.14       0.04       0.01      ]
2024-01-29 14:25:28,469 - INFO - [0.01066587 0.823      0.08725199 0.33677667 0.22073397 0.13242951 0.162044   0.06076379]
2024-01-29 14:25:36,460 - INFO - [0.01029348 0.824      0.13293456 0.25998756 0.18798703 0.14060777 0.1997412  0.07874194]
2024-01-29 14:25:44,430 - INFO - [0.01023338 0.824      0.15823767 0.22165909 0.1742323  0.14688997 0.20983081 0.08915012]
2024-01-29 14:25:52,405 - INFO - [0.01021642 0.822      0.17116843 0.20137616 0.17164847 0.14908805 0.21327418 0.09344476]
2024-01-29 14:26:00,367 - INFO - [0.01021781 0.823      0.17765936 0.19097498 0.17039356 0.15038416 0.21501046 0.09557743]
2024-01-29 14:26:08,354 - INFO - [0.01022388 0.823      0.18092816 0.18565077 0.16976604 0.15113875 0.21587801 0.09663821]
2024-01-29 14:26:16,301 - INFO - [0.0102383  0.823      0.18164106 0.18227297 0.16859624 0.1504322  0.22070777 0.09634969]
2024-01-29 14:26:24,275 - INFO - [0.01024586 0.823      0.18189904 0.18043546 0.16786076 0.14993091 0.22385205 0.09602179]
2024-01-29 14:26:32,275 - INFO - [0.01025014 0.823      0.18203272 0.17945319 0.1674349  0.14966686 0.22563641 0.09577585]
2024-01-29 14:26:40,439 - INFO - [0.01025204 0.823      0.18211511 0.17893045 0.16719896 0.1495481  0.22660038 0.09560706]
2024-01-29 14:26:48,574 - INFO - [0.01025294 0.823      0.18216653 0.1786477  0.16706622 0.14950094 0.22712351 0.09549516]
2024-01-29 14:26:56,733 - INFO - [0.0102534  0.823      0.18220006 0.17849427 0.16699067 0.14948249 0.22741152 0.09542098]
2024-01-29 14:27:04,714 - INFO - [0.0102539  0.823      0.18219791 0.17842191 0.16694744 0.14945377 0.22757122 0.09540773]
2024-01-29 14:27:12,693 - INFO - [0.01025392 0.823      0.18220639 0.17838232 0.16692986 0.14945011 0.22763737 0.09539404]
2024-01-29 14:27:20,661 - INFO - [0.01025431 0.823      0.18219227 0.17836854 0.16691878 0.14943229 0.22768034 0.09540775]
2024-01-29 14:27:28,642 - INFO - [0.01025412 0.823      0.18221642 0.17835349 0.16691554 0.14944983 0.22768156 0.09538312]
2024-01-29 14:27:36,591 - INFO - [0.01025386 0.823      0.18223011 0.17833637 0.16690996 0.14946143 0.22771104 0.09535111]
2024-01-29 14:27:44,577 - INFO - [0.01025403 0.823      0.18222563 0.17833023 0.16690481 0.1494565  0.22773503 0.09534772]
2024-01-29 14:27:52,532 - INFO - [0.01025405 0.823      0.18220994 0.17833562 0.16690229 0.14943987 0.22774205 0.09537036]
2024-01-29 14:28:00,524 - INFO - [0.01025417 0.823      0.1822152  0.17833662 0.16690494 0.14944382 0.22772606 0.09537335]
2024-01-29 14:28:00,541 - INFO - Successfully finished `test_optimize` after 166.544 seconds.
