2024-01-29 12:22:46,612 - INFO - Logging into directory _output/exp_bad_weights/20240129/20240129_122246.
2024-01-29 12:22:46,615 - INFO - Starting `test_optimize`.
2024-01-29 12:22:52,918 - INFO - [0.04188356 0.696      0.001      0.001      0.001      0.001      0.001      0.995     ]
2024-01-29 12:23:00,907 - INFO - [1.39027836e-02 8.08000000e-01 2.10287273e-01 1.85470834e-01 1.80324182e-01 1.99430212e-01 2.24344999e-01 1.42489240e-04]
2024-01-29 12:23:08,881 - INFO - [0.01388914 0.806      0.19589552 0.17982212 0.17579921 0.19285177 0.16826853 0.0873629 ]
2024-01-29 12:23:16,820 - INFO - [0.0140689  0.804      0.18903148 0.17747556 0.17369027 0.18988383 0.14582443 0.12409449]
2024-01-29 12:23:24,793 - INFO - [0.01417559 0.804      0.1857619  0.17654289 0.17279264 0.18858175 0.13628823 0.14003262]
2024-01-29 12:23:32,725 - INFO - [0.01422598 0.804      0.18425891 0.17623687 0.17249574 0.18807746 0.13181113 0.14711982]
2024-01-29 12:23:40,706 - INFO - [0.01424907 0.803      0.18356335 0.1761508  0.17240624 0.18788594 0.12970705 0.15028656]
2024-01-29 12:23:48,628 - INFO - [0.01425937 0.803      0.1832266  0.17614517 0.17240284 0.1878137  0.12871483 0.15169689]
2024-01-29 12:23:56,597 - INFO - [0.0142641  0.803      0.18307859 0.1761544  0.17239963 0.18780099 0.1282353  0.15233113]
2024-01-29 12:24:04,514 - INFO - [0.01426616 0.803      0.18300919 0.17615335 0.17242125 0.18778835 0.12802008 0.1526078 ]
2024-01-29 12:24:12,470 - INFO - [0.01426707 0.803      0.18296963 0.17617741 0.17241782 0.18777579 0.12792395 0.15273538]
2024-01-29 12:24:20,441 - INFO - [0.0142676  0.803      0.18295987 0.17617173 0.17241588 0.18779171 0.12785785 0.15280297]
2024-01-29 12:24:28,396 - INFO - [0.0142676  0.803      0.18295012 0.17616688 0.17244059 0.18777932 0.12785098 0.15281214]
2024-01-29 12:24:36,366 - INFO - [0.01426771 0.803      0.18294036 0.1761732  0.17243713 0.18778451 0.1278443  0.15282045]
2024-01-29 12:24:44,389 - INFO - [0.01426779 0.803      0.18296038 0.1761675  0.17243367 0.18777187 0.12783781 0.15282877]
2024-01-29 12:24:52,297 - INFO - [0.01426778 0.803      0.18295062 0.1761627  0.17243023 0.18778816 0.12783131 0.15283707]
2024-01-29 12:25:00,203 - INFO - [0.01426778 0.803      0.182946   0.17618172 0.17242679 0.18777558 0.12782483 0.15284514]
2024-01-29 12:25:08,089 - INFO - [0.01426783 0.803      0.18294378 0.17617603 0.17242335 0.18779148 0.12781835 0.1528471 ]
2024-01-29 12:25:16,021 - INFO - [0.01426798 0.803      0.18296343 0.17617035 0.17242014 0.18777885 0.12781188 0.15285537]
2024-01-29 12:25:23,876 - INFO - [0.01426773 0.803      0.18295369 0.17618804 0.17243113 0.18778719 0.12780607 0.15283392]
2024-01-29 12:25:31,782 - INFO - [0.01426777 0.803      0.18294394 0.17618234 0.17242768 0.18777454 0.12782933 0.15284224]
2024-01-29 12:25:31,798 - INFO - Successfully finished `test_optimize` after 165.183 seconds.
