2024-01-29 12:49:58,285 - INFO - Logging into directory _output/exp_uniform_weights/20240129/20240129_124958.
2024-01-29 12:49:58,289 - INFO - Starting `test_optimize`.
2024-01-29 12:50:04,703 - INFO - [0.01694234 0.819      0.16666667 0.16666667 0.16666667 0.16666667 0.16666667 0.16666667]
2024-01-29 12:50:12,745 - INFO - [0.01639203 0.823      0.17682776 0.17843418 0.15911373 0.18886286 0.1994396  0.09732194]
2024-01-29 12:50:20,795 - INFO - [0.0162439  0.823      0.18210834 0.18465446 0.15517886 0.19972505 0.21513879 0.06319449]
2024-01-29 12:50:28,835 - INFO - [0.01621552 0.821      0.18329981 0.18584158 0.15445934 0.20366798 0.22101475 0.05171649]
2024-01-29 12:50:36,902 - INFO - [0.01621091 0.821      0.18311833 0.18541242 0.15476429 0.20489721 0.22297832 0.0488293 ]
2024-01-29 12:50:44,928 - INFO - [0.01620897 0.821      0.18304875 0.18518771 0.15490484 0.20549981 0.22390582 0.04745311]
2024-01-29 12:50:52,962 - INFO - [0.0162084  0.821      0.18300921 0.18506414 0.15497155 0.20580035 0.22435074 0.04680394]
2024-01-29 12:51:01,008 - INFO - [0.01620803 0.821      0.18299931 0.18499669 0.15500842 0.20592597 0.22457561 0.04649404]
2024-01-29 12:51:09,043 - INFO - [0.01620784 0.821      0.18298954 0.18498518 0.15501922 0.20599186 0.22466485 0.04634935]
2024-01-29 12:51:17,073 - INFO - [0.01620776 0.821      0.18297979 0.18497308 0.15502627 0.20602787 0.22471946 0.04627351]
2024-01-29 12:51:25,106 - INFO - [0.01620777 0.821      0.18297632 0.18496214 0.15503334 0.20603423 0.22474432 0.04624962]
2024-01-29 12:51:33,205 - INFO - [0.01620773 0.821      0.18296663 0.18495125 0.15504037 0.2060405  0.22476389 0.04623735]
2024-01-29 12:51:41,261 - INFO - [0.0162077  0.821      0.18297181 0.18494053 0.1550474  0.20604679 0.22475894 0.04623457]
2024-01-29 12:51:49,287 - INFO - [0.01620754 0.821      0.18296233 0.18494451 0.15505438 0.20605306 0.22475402 0.04623178]
2024-01-29 12:51:57,319 - INFO - [0.01620761 0.821      0.18295734 0.18493386 0.15506132 0.20605929 0.2247588  0.0462294 ]
2024-01-29 12:52:05,349 - INFO - [0.01620764 0.821      0.18296914 0.18492296 0.15506339 0.20606546 0.22475383 0.04622527]
2024-01-29 12:52:13,363 - INFO - [0.01620758 0.821      0.18295947 0.18494171 0.15505338 0.20607162 0.22475103 0.04622284]
2024-01-29 12:52:21,353 - INFO - [0.01620759 0.821      0.18296377 0.18493097 0.15506032 0.20607778 0.22474647 0.0462207 ]
2024-01-29 12:52:29,352 - INFO - [0.01620762 0.821      0.18295839 0.18493272 0.15505767 0.20608342 0.22474681 0.04622099]
2024-01-29 12:52:37,321 - INFO - [0.01620756 0.821      0.18297757 0.18493795 0.15506445 0.20606081 0.22474183 0.04621739]
2024-01-29 12:52:45,271 - INFO - [0.01620762 0.821      0.18296787 0.18492788 0.15505975 0.20606697 0.22476122 0.04621635]
2024-01-29 12:52:45,286 - INFO - Successfully finished `test_optimize` after 166.996 seconds.
