2024-01-29 17:45:44,158 - INFO - Logging into directory _output/exp_011100_/20240129_174544__4294967158.
2024-01-29 17:45:44,166 - INFO - Starting `test_optimize`.
2024-01-29 17:46:04,066 - INFO - [0.01768944 0.788      0.001      0.332      0.332      0.332      0.001      0.001     ]
2024-01-29 17:46:26,288 - INFO - [0.01435328 0.799      0.12577716 0.23570953 0.23042774 0.25338659 0.11798347 0.03671554]
2024-01-29 17:46:48,821 - INFO - [0.01407694 0.802      0.16392091 0.20264575 0.20424111 0.23619406 0.15473188 0.0382663 ]
2024-01-29 17:47:12,279 - INFO - [0.01408332 0.805      0.18046838 0.18637654 0.19369581 0.23111024 0.16341898 0.04493005]
2024-01-29 17:47:34,492 - INFO - [0.01413079 0.806      0.18722109 0.17707774 0.18700705 0.22705072 0.16668297 0.0549604 ]
2024-01-29 17:47:59,964 - INFO - [0.0141601  0.804      0.19066159 0.17233969 0.18379718 0.22511773 0.16828834 0.05979547]
2024-01-29 17:48:22,646 - INFO - [0.01417618 0.803      0.19240509 0.16992459 0.18225829 0.22419576 0.16907991 0.0621363 ]
2024-01-29 17:48:46,175 - INFO - [0.01418447 0.803      0.19330318 0.16870144 0.18150537 0.22375678 0.16946565 0.06326758]
2024-01-29 17:49:09,673 - INFO - [0.01418884 0.802      0.1937629  0.16807473 0.18115266 0.22354376 0.16964573 0.06382019]
2024-01-29 17:49:31,317 - INFO - [0.01419105 0.802      0.19398488 0.16775097 0.18099497 0.22345002 0.16973376 0.06408539]
2024-01-29 17:49:54,924 - INFO - [0.01419422 0.802      0.19384915 0.16745162 0.18109398 0.22356148 0.16952455 0.0645192 ]
2024-01-29 17:50:16,043 - INFO - [0.0141938  0.802      0.19404137 0.16743502 0.18096621 0.22346769 0.16967292 0.06441671]
2024-01-29 17:50:36,635 - INFO - [0.01419545 0.802      0.19387603 0.16728561 0.18107679 0.22355831 0.16952208 0.06468122]
2024-01-29 17:50:59,479 - INFO - [0.01419434 0.802      0.19405307 0.16734561 0.18094908 0.22346464 0.16968414 0.06450347]
2024-01-29 17:51:22,225 - INFO - [0.01419591 0.802      0.19388765 0.16722859 0.18108815 0.223564   0.16950454 0.06472711]
2024-01-29 17:51:44,566 - INFO - [0.0141945  0.802      0.19405013 0.16731767 0.18096036 0.22347032 0.1696814  0.06452014]
2024-01-29 17:52:07,469 - INFO - [0.0141958  0.802      0.19388478 0.16722791 0.18107435 0.2235591  0.16952357 0.06473038]
2024-01-29 17:52:28,151 - INFO - [0.01419442 0.802      0.19404732 0.16731702 0.18094668 0.22346547 0.16970021 0.06452335]
2024-01-29 17:52:49,656 - INFO - [0.01419598 0.802      0.19388191 0.16722721 0.18108064 0.22355747 0.16951962 0.0647331 ]
2024-01-29 17:53:10,799 - INFO - [0.01419456 0.802      0.19404496 0.16731632 0.18095291 0.22346383 0.16969582 0.0645261 ]
2024-01-29 17:53:20,354 - INFO - [0.01419598 0.802      0.19387956 0.16722651 0.1810739  0.22356853 0.16951527 0.06473616]
2024-01-29 17:53:20,384 - INFO - Successfully finished `test_optimize` after 456.218 seconds.
