2024-01-29 13:48:07,124 - INFO - Logging into directory _output/exp_bad_weights/20240129/20240129_134807.
2024-01-29 13:48:07,126 - INFO - Starting `test_optimize`.
2024-01-29 13:48:13,481 - INFO - [0.0475096 0.681     0.001     0.001     0.001     0.001     0.001     0.995    ]
2024-01-29 13:48:21,790 - INFO - [1.98458572e-02 8.02000000e-01 2.04077378e-01 1.92714825e-01 2.20002994e-01 2.22707510e-01 1.59816414e-01 6.80887431e-04]
2024-01-29 13:48:29,918 - INFO - [0.01985224 0.803      0.19597387 0.18553437 0.20307472 0.21138035 0.17254616 0.03149051]
2024-01-29 13:48:37,923 - INFO - [0.01988779 0.804      0.19178718 0.18255484 0.19497481 0.20627949 0.17829528 0.04610846]
2024-01-29 13:48:45,941 - INFO - [0.01990928 0.804      0.18974198 0.18117523 0.19109127 0.20393088 0.18105251 0.05300815]
2024-01-29 13:48:53,949 - INFO - [0.01992077 0.804      0.18871766 0.18054087 0.18922973 0.20285252 0.18238117 0.05627802]
2024-01-29 13:49:01,986 - INFO - [0.01992645 0.804      0.18822762 0.18023692 0.18834391 0.20235409 0.18301198 0.05782547]
2024-01-29 13:49:09,953 - INFO - [0.01992916 0.805      0.18797638 0.18010955 0.18791388 0.20212413 0.18331617 0.05855992]
2024-01-29 13:49:17,968 - INFO - [0.01993035 0.805      0.18784794 0.18004195 0.18772015 0.20202205 0.18345515 0.05891285]
2024-01-29 13:49:25,940 - INFO - [0.01993104 0.805      0.18778591 0.18001592 0.18761811 0.20197099 0.18353438 0.05907467]
2024-01-29 13:49:33,931 - INFO - [0.01993136 0.805      0.18775988 0.1800079  0.18757564 0.20194981 0.18355404 0.05915273]
2024-01-29 13:49:41,914 - INFO - [0.01993154 0.805      0.18774727 0.17999993 0.18753633 0.20195045 0.18357374 0.05919231]
2024-01-29 13:49:49,919 - INFO - [0.01993152 0.805      0.18773469 0.17999201 0.18752389 0.20194402 0.18359341 0.05921206]
2024-01-29 13:49:57,916 - INFO - [0.0199318  0.805      0.18774579 0.17998421 0.18751143 0.2019525  0.18358517 0.05922085]
2024-01-29 13:50:05,948 - INFO - [0.01993168 0.805      0.18773317 0.17997642 0.18752651 0.20194261 0.1835973  0.05922393]
2024-01-29 13:50:13,926 - INFO - [0.01993162 0.805      0.18772088 0.17999822 0.18751405 0.20195128 0.18358719 0.0592284 ]
2024-01-29 13:50:21,927 - INFO - [0.01993189 0.805      0.18773764 0.17999025 0.18750158 0.20195742 0.18358739 0.05922562]
2024-01-29 13:50:29,906 - INFO - [0.01993172 0.805      0.18772991 0.17998482 0.18751891 0.20193669 0.18359914 0.05923047]
2024-01-29 13:50:37,932 - INFO - [0.01993176 0.805      0.18773089 0.1800008  0.18750656 0.20194536 0.18358904 0.05922733]
2024-01-29 13:50:45,927 - INFO - [0.01993151 0.805      0.18771863 0.17999285 0.1875238  0.20195338 0.18359055 0.05922085]
2024-01-29 13:50:53,939 - INFO - [0.01993175 0.805      0.18773566 0.17999175 0.18751135 0.20194675 0.18358883 0.05922562]
2024-01-29 13:50:53,955 - INFO - Successfully finished `test_optimize` after 166.828 seconds.
