2024-01-29 12:48:38,122 - INFO - Logging into directory _output/exp_bad_weights/20240129/20240129_124838.
2024-01-29 12:48:38,125 - INFO - Starting `test_optimize`.
2024-01-29 12:48:44,582 - INFO - [0.05101364 0.686      0.001      0.001      0.001      0.001      0.001      0.995     ]
2024-01-29 12:48:52,648 - INFO - [0.02032402 0.808      0.2058856  0.19013865 0.18013275 0.16640757 0.25615183 0.00128363]
2024-01-29 12:49:00,703 - INFO - [0.02031009 0.808      0.20800652 0.19218618 0.18200463 0.16791444 0.24208803 0.00780025]
2024-01-29 12:49:08,735 - INFO - [0.02031561 0.808      0.20798175 0.19220448 0.18193132 0.16754894 0.24051589 0.00981766]
2024-01-29 12:49:16,793 - INFO - [0.02031959 0.808      0.20783822 0.19209337 0.18177488 0.16723907 0.24040191 0.01065248]
2024-01-29 12:49:24,811 - INFO - [0.02032148 0.808      0.2077595  0.19203037 0.1816844  0.16708028 0.24040471 0.01104072]
2024-01-29 12:49:32,863 - INFO - [0.0203224  0.808      0.20772159 0.19200037 0.18164116 0.16700186 0.24040624 0.01122875]
2024-01-29 12:49:40,992 - INFO - [0.02032279 0.808      0.20770402 0.19198786 0.18161875 0.16696218 0.24040884 0.01131841]
2024-01-29 12:49:49,079 - INFO - [0.02032309 0.808      0.20769398 0.19197983 0.18161236 0.16694184 0.24041222 0.01135975]
2024-01-29 12:49:57,096 - INFO - [0.02032308 0.808      0.20768757 0.19197518 0.1816102  0.16693315 0.24041308 0.01138089]
2024-01-29 12:50:05,137 - INFO - [0.02032328 0.808      0.20768264 0.19197297 0.18160875 0.16693187 0.24041378 0.0113899 ]
2024-01-29 12:50:13,171 - INFO - [0.02032331 0.808      0.20767942 0.19197057 0.18160838 0.16693132 0.24041632 0.01139389]
2024-01-29 12:50:21,215 - INFO - [0.02032315 0.808      0.20767975 0.19196843 0.18160896 0.16692752 0.24042012 0.01139528]
2024-01-29 12:50:29,229 - INFO - [0.02032319 0.808      0.20768274 0.19197176 0.1816145  0.16693127 0.2403997  0.01140006]
2024-01-29 12:50:37,273 - INFO - [0.02032318 0.808      0.20768121 0.19197294 0.18160941 0.16693383 0.24040049 0.01140217]
2024-01-29 12:50:45,282 - INFO - [0.02032321 0.808      0.20768127 0.19197299 0.18160641 0.16693479 0.24040048 0.01140409]
2024-01-29 12:50:53,318 - INFO - [0.02032328 0.808      0.20768264 0.19197233 0.18160465 0.16693506 0.24040075 0.01140455]
2024-01-29 12:51:01,332 - INFO - [0.02032324 0.808      0.20768163 0.1919727  0.18160307 0.16693699 0.24040104 0.01140453]
2024-01-29 12:51:09,396 - INFO - [0.02032322 0.808      0.20768116 0.19197363 0.18160208 0.1669381  0.24040069 0.01140437]
2024-01-29 12:51:17,405 - INFO - [0.02032329 0.808      0.20768188 0.1919746  0.18160139 0.1669357  0.24040115 0.01140525]
2024-01-29 12:51:25,444 - INFO - [0.02032321 0.808      0.20768045 0.19197381 0.1816031  0.16693427 0.24040383 0.01140457]
2024-01-29 12:51:25,461 - INFO - Successfully finished `test_optimize` after 167.336 seconds.
