2024-01-29 15:28:33,853 - INFO - Logging into directory _output/exp_good_weights/20240129/20240129_152833.
2024-01-29 15:28:33,856 - INFO - Starting `test_optimize`.
2024-01-29 15:28:40,701 - INFO - [0.0118052 0.807     0.01      0.5       0.3       0.14      0.04      0.01     ]
2024-01-29 15:28:49,378 - INFO - [0.0095774  0.814      0.09536807 0.34192491 0.22948281 0.15162642 0.16607745 0.0155203 ]
2024-01-29 15:28:57,958 - INFO - [0.00924579 0.821      0.14245547 0.2644062  0.20337872 0.16617776 0.20352176 0.02006008]
2024-01-29 15:29:06,488 - INFO - [0.00923131 0.819      0.16657384 0.22467802 0.19096828 0.17433111 0.22084294 0.02260586]
2024-01-29 15:29:14,962 - INFO - [0.00927054 0.818      0.17905639 0.2041263  0.18492857 0.17867786 0.22939152 0.02381937]
2024-01-29 15:29:23,367 - INFO - [0.00930521 0.817      0.18494526 0.19343719 0.18197012 0.18126379 0.23405457 0.02432904]
2024-01-29 15:29:31,856 - INFO - [0.00933036 0.817      0.18722832 0.18767257 0.18075342 0.18245648 0.23806635 0.02382296]
2024-01-29 15:29:40,181 - INFO - [0.00934426 0.817      0.18844004 0.18471141 0.18017897 0.18308559 0.24000409 0.02357988]
2024-01-29 15:29:48,589 - INFO - [0.00935143 0.817      0.18908241 0.18320036 0.17990278 0.18340768 0.24094337 0.02346341]
2024-01-29 15:29:57,130 - INFO - [0.00935518 0.817      0.18942644 0.18241616 0.17977257 0.18357646 0.24140532 0.02340306]
2024-01-29 15:30:05,676 - INFO - [0.00935703 0.817      0.18960992 0.18201956 0.17970514 0.18366358 0.24162871 0.02337314]
2024-01-29 15:30:14,078 - INFO - [0.00935812 0.817      0.18971521 0.1818101  0.17966758 0.18371305 0.24173279 0.0233612 ]
2024-01-29 15:30:22,453 - INFO - [0.00935837 0.817      0.1897611  0.18171172 0.17965972 0.18373539 0.24177732 0.02335486]
2024-01-29 15:30:30,796 - INFO - [0.00935871 0.817      0.18977715 0.18165396 0.1796519  0.18375498 0.24181169 0.02335035]
2024-01-29 15:30:39,146 - INFO - [0.00935895 0.817      0.18979309 0.18161526 0.17964415 0.18377414 0.24182625 0.02334707]
2024-01-29 15:30:47,474 - INFO - [0.00935903 0.817      0.18980892 0.18160635 0.17963645 0.18376395 0.24184072 0.02334356]
2024-01-29 15:30:55,840 - INFO - [0.00935904 0.817      0.18979783 0.18159746 0.17962882 0.18378338 0.24184898 0.02334352]
2024-01-29 15:31:04,191 - INFO - [0.00935913 0.817      0.18981366 0.18158861 0.17963693 0.18377413 0.24183583 0.02335077]
2024-01-29 15:31:12,547 - INFO - [0.0093591  0.817      0.18979983 0.18160932 0.17962921 0.18376395 0.24185003 0.02334756]
2024-01-29 15:31:20,883 - INFO - [0.00935908 0.817      0.18981551 0.18160041 0.17962147 0.18378034 0.2418348  0.0233474 ]
2024-01-29 15:31:29,295 - INFO - [0.00935912 0.817      0.18982413 0.18159153 0.17961568 0.18377016 0.24184833 0.02335016]
2024-01-29 15:31:29,313 - INFO - Successfully finished `test_optimize` after 175.458 seconds.
