2024-01-30 15:49:01,648 - INFO - Logging into directory _output/exp_011000/20240130_154901__4294967167.
2024-01-30 15:49:01,652 - INFO - Starting `test_optimize`.
2024-01-30 15:49:16,297 - INFO - [0.02180454 0.777      0.001      0.498      0.498      0.001      0.001      0.001     ]
2024-01-30 15:49:33,988 - INFO - [0.018417   0.797      0.13640404 0.22884621 0.23596378 0.11829057 0.22615699 0.05433835]
2024-01-30 15:49:51,796 - INFO - [0.01859604 0.797      0.16715463 0.19309098 0.1949514  0.13535079 0.26114383 0.04830839]
2024-01-30 15:50:11,431 - INFO - [0.01870454 0.797      0.18280351 0.17925176 0.17760378 0.14363119 0.26797822 0.04873158]
2024-01-30 15:50:28,276 - INFO - [0.01877876 0.797      0.1892368  0.17268482 0.16912006 0.14622049 0.27209455 0.05064321]
2024-01-30 15:50:44,978 - INFO - [0.01881234 0.797      0.19158651 0.17012435 0.16554032 0.14696573 0.27439365 0.05138932]
2024-01-30 15:51:01,482 - INFO - [0.01882144 0.797      0.1913987  0.1697575  0.16490567 0.14712106 0.27536136 0.05145573]
2024-01-30 15:51:18,089 - INFO - [0.018823   0.797      0.19141656 0.16969573 0.16471057 0.14721182 0.27552444 0.05144079]
2024-01-30 15:51:34,865 - INFO - [0.01882322 0.797      0.19143733 0.16968301 0.1646415  0.14724459 0.27556103 0.05143252]
2024-01-30 15:51:51,949 - INFO - [0.01882343 0.797      0.19144179 0.16967542 0.16460879 0.14724964 0.27556437 0.05146   ]
2024-01-30 15:52:08,733 - INFO - [0.01882333 0.797      0.19145252 0.16968259 0.16460073 0.14725755 0.27558026 0.05142635]
2024-01-30 15:52:25,564 - INFO - [0.01882352 0.797      0.19144754 0.16967581 0.16459249 0.14725564 0.27556643 0.05146203]
2024-01-30 15:52:42,072 - INFO - [0.01882351 0.797      0.19144744 0.16967829 0.16458786 0.14725374 0.27557278 0.05145992]
2024-01-30 15:52:58,835 - INFO - [0.01882356 0.797      0.19144888 0.16967845 0.16458568 0.14725363 0.27557057 0.05146272]
2024-01-30 15:53:15,572 - INFO - [0.0188236  0.797      0.19144909 0.16967864 0.16458456 0.14725319 0.27557158 0.05146286]
2024-01-30 15:53:33,262 - INFO - [0.01882335 0.797      0.19145723 0.16968398 0.16459213 0.14725904 0.27558085 0.05142676]
2024-01-30 15:53:50,417 - INFO - [0.01882353 0.797      0.19145024 0.16967638 0.16458909 0.14725624 0.27556753 0.05146047]
2024-01-30 15:54:07,302 - INFO - [0.01882355 0.797      0.1914496  0.16967666 0.16458659 0.14725544 0.27557051 0.05146117]
2024-01-30 15:54:24,286 - INFO - [0.01882351 0.797      0.19144963 0.16967854 0.16458572 0.14725332 0.27557212 0.05146068]
2024-01-30 15:54:41,152 - INFO - [0.01882336 0.797      0.19145694 0.16968417 0.16459088 0.14726058 0.27557886 0.05142857]
2024-01-30 15:54:57,521 - INFO - [0.01882347 0.797      0.19145077 0.16967687 0.16458818 0.14725569 0.27556774 0.05146075]
2024-01-30 15:54:57,570 - INFO - Successfully finished `test_optimize` after 355.917 seconds.
