2024-01-29 16:39:13,985 - INFO - Logging into directory _output/exp_011000/20240129_163913__4294967155.
2024-01-29 16:39:13,989 - INFO - Starting `test_optimize`.
2024-01-29 16:39:25,874 - INFO - [0.0185692 0.79      0.001     0.498     0.498     0.001     0.001     0.001    ]
2024-01-29 16:39:38,542 - INFO - [0.01424993 0.806      0.10674008 0.30478743 0.30911589 0.10772752 0.0844653  0.08716372]
2024-01-29 16:39:53,023 - INFO - [0.01393872 0.807      0.14305075 0.24022584 0.24071018 0.14726001 0.10633081 0.12242246]
2024-01-29 16:40:09,313 - INFO - [0.01402919 0.804      0.16191621 0.20783857 0.20550258 0.16713156 0.1189279  0.13868327]
2024-01-29 16:40:23,819 - INFO - [0.01414062 0.803      0.17207611 0.19230759 0.18831764 0.17778037 0.12373717 0.14578103]
2024-01-29 16:40:35,735 - INFO - [0.01420234 0.802      0.17737213 0.1843252  0.180336   0.18278757 0.12571746 0.14946155]
2024-01-29 16:40:50,641 - INFO - [0.01423413 0.804      0.18009539 0.18029471 0.17636661 0.18528362 0.12674008 0.15121962]
2024-01-29 16:41:06,943 - INFO - [0.01425082 0.804      0.18148723 0.17826116 0.17439404 0.18652473 0.12727031 0.15206252]
2024-01-29 16:41:23,486 - INFO - [0.01425926 0.804      0.18219326 0.1772415  0.1734065  0.18716796 0.12753218 0.15245856]
2024-01-29 16:41:38,766 - INFO - [0.0142635  0.803      0.18257111 0.17670794 0.17291737 0.1874831  0.12767473 0.15264577]
2024-01-29 16:41:56,400 - INFO - [0.01426569 0.803      0.18276712 0.17643403 0.17267534 0.18763886 0.12774111 0.15274353]
2024-01-29 16:42:09,299 - INFO - [0.01426677 0.803      0.18286365 0.17630903 0.1725526  0.18771563 0.12777732 0.15278167]
2024-01-29 16:42:24,662 - INFO - [0.01426716 0.803      0.18291351 0.17624369 0.17248951 0.18774417 0.12780064 0.15280858]
2024-01-29 16:42:40,879 - INFO - [0.01426747 0.803      0.18293357 0.17620818 0.17245625 0.18776135 0.12782376 0.15281691]
2024-01-29 16:42:52,383 - INFO - [0.01426761 0.803      0.18295136 0.17618622 0.17245276 0.18776724 0.12781726 0.15282521]
2024-01-29 16:43:05,879 - INFO - [0.01426776 0.803      0.1829416  0.17618051 0.17244931 0.18778428 0.12781078 0.15283351]
2024-01-29 16:43:20,560 - INFO - [0.01426786 0.803      0.18296161 0.1761748  0.17244585 0.18777163 0.12780429 0.15284181]
2024-01-29 16:43:34,363 - INFO - [0.01426802 0.803      0.18295184 0.1761691  0.17244238 0.1877885  0.12779802 0.15285009]
2024-01-29 16:43:50,274 - INFO - [0.01426792 0.803      0.18294318 0.17617226 0.17243892 0.18777591 0.12781675 0.152853  ]
2024-01-29 16:44:03,274 - INFO - [0.01426778 0.803      0.18296309 0.17616673 0.17243548 0.18779285 0.12781028 0.15283163]
2024-01-29 16:44:15,210 - INFO - [0.01426785 0.803      0.18295333 0.17619054 0.17243204 0.18778023 0.12780385 0.15283994]
2024-01-29 16:44:15,230 - INFO - Successfully finished `test_optimize` after 301.241 seconds.
