2024-01-29 12:02:30,546 - INFO - Logging into directory _output/exp_bad_weights/20240129/20240129_120230.
2024-01-29 12:02:30,553 - INFO - Starting `test_optimize`.
2024-01-29 12:02:36,956 - INFO - [0.05105326 0.677      0.001      0.001      0.001      0.001      0.001      0.995     ]
2024-01-29 12:02:45,010 - INFO - [0.02252934 0.806      0.20417766 0.18557182 0.16058587 0.20706007 0.24117196 0.00143265]
2024-01-29 12:02:53,064 - INFO - [0.02266993 0.809      0.1882443  0.18452542 0.14592755 0.18216    0.24661835 0.05252445]
2024-01-29 12:03:01,098 - INFO - [0.02276896 0.808      0.18261744 0.18626852 0.1406295  0.17208166 0.2508561  0.06754678]
2024-01-29 12:03:09,166 - INFO - [0.02278253 0.808      0.18121649 0.18841469 0.14020663 0.16936283 0.25493935 0.06586006]
2024-01-29 12:03:17,200 - INFO - [0.02278814 0.809      0.18060283 0.18956217 0.14005293 0.16808222 0.25686312 0.06483682]
2024-01-29 12:03:25,270 - INFO - [0.02279114 0.809      0.18031067 0.19014242 0.13998261 0.16745594 0.25775433 0.06435398]
2024-01-29 12:03:33,299 - INFO - [0.02279251 0.809      0.18017597 0.19044004 0.13995017 0.16714534 0.25815776 0.06413068]
2024-01-29 12:03:41,360 - INFO - [0.02279324 0.809      0.1801057  0.1905821  0.13993016 0.16699582 0.25835517 0.06403103]
2024-01-29 12:03:49,381 - INFO - [0.02279349 0.809      0.18007253 0.19065908 0.13992229 0.1669254  0.25845164 0.06396902]
2024-01-29 12:03:57,437 - INFO - [0.02279373 0.809      0.18005247 0.19069576 0.13991439 0.1668864  0.25849345 0.06395748]
2024-01-29 12:04:05,477 - INFO - [0.02279372 0.809      0.18004988 0.19071735 0.13991559 0.16687138 0.25851271 0.06393305]
2024-01-29 12:04:13,540 - INFO - [0.02279379 0.809      0.18004157 0.19072483 0.13991271 0.16685869 0.25851995 0.06394228]
2024-01-29 12:04:21,566 - INFO - [0.02279375 0.809      0.18003951 0.19073251 0.13991366 0.16685858 0.25852713 0.06392859]
2024-01-29 12:04:29,645 - INFO - [0.0227937  0.809      0.18003328 0.19073333 0.13991183 0.16685908 0.25853831 0.06392422]
2024-01-29 12:04:37,662 - INFO - [0.02279371 0.809      0.18003003 0.19073249 0.13991167 0.1668589  0.25854442 0.06392251]
2024-01-29 12:04:45,725 - INFO - [0.02279374 0.809      0.18002598 0.19073099 0.13990936 0.16686022 0.25855151 0.06392194]
2024-01-29 12:04:53,751 - INFO - [0.02279374 0.809      0.18002817 0.1907365  0.13991183 0.16685784 0.25854671 0.06391891]
2024-01-29 12:05:01,834 - INFO - [0.0227938  0.809      0.18002567 0.19073287 0.13991034 0.16685241 0.25854278 0.06393597]
2024-01-29 12:05:09,867 - INFO - [0.02279389 0.809      0.18002915 0.19073594 0.13991113 0.16685393 0.25854522 0.06392453]
2024-01-29 12:05:17,920 - INFO - [0.02279375 0.809      0.18002939 0.19073586 0.13991082 0.16685469 0.25854903 0.06392022]
2024-01-29 12:05:17,945 - INFO - Successfully finished `test_optimize` after 167.392 seconds.
