2024-01-30 15:49:01,826 - INFO - Logging into directory _output/exp_011000/20240130_154901__4294967192.
2024-01-30 15:49:01,834 - INFO - Starting `test_optimize`.
2024-01-30 15:49:16,842 - INFO - [0.00979039 0.82       0.001      0.498      0.498      0.001      0.001      0.001     ]
2024-01-30 15:49:33,786 - INFO - [0.00583531 0.833      0.09246193 0.31747872 0.31357703 0.07672267 0.17219928 0.02756045]
2024-01-30 15:49:52,125 - INFO - [0.00547322 0.833      0.13879211 0.23395687 0.22633412 0.12084223 0.24612467 0.03394993]
2024-01-30 15:50:10,401 - INFO - [0.00560816 0.831      0.16301744 0.19210289 0.18408126 0.14410286 0.27715832 0.03953723]
2024-01-30 15:50:27,263 - INFO - [0.00576142 0.836      0.17538054 0.17107615 0.16315943 0.15639396 0.29091904 0.04307092]
2024-01-30 15:50:45,101 - INFO - [0.00585624 0.836      0.18243957 0.16063453 0.15409607 0.16239753 0.2979838  0.04244855]
2024-01-30 15:51:03,106 - INFO - [0.00587238 0.836      0.18748212 0.15688092 0.15015997 0.16679372 0.30451444 0.03416884]
2024-01-30 15:51:21,116 - INFO - [0.00588174 0.836      0.19009267 0.15506686 0.14822701 0.16912968 0.3076323  0.02985148]
2024-01-30 15:51:38,803 - INFO - [0.00588721 0.836      0.19142601 0.15416853 0.14725284 0.17033722 0.30915281 0.02766257]
2024-01-30 15:51:57,264 - INFO - [0.00588992 0.836      0.19210748 0.15373649 0.14677994 0.170975   0.30985558 0.02654544]
2024-01-30 15:52:14,772 - INFO - [0.00589112 0.836      0.19245802 0.15352413 0.14654464 0.17130756 0.31019431 0.02597137]
2024-01-30 15:52:32,044 - INFO - [0.00589179 0.836      0.19263525 0.15342166 0.14642687 0.17147838 0.31035829 0.02567954]
2024-01-30 15:52:49,572 - INFO - [0.0058921  0.836      0.19272245 0.15337132 0.1463657  0.1715645  0.31043938 0.02553663]
2024-01-30 15:53:06,978 - INFO - [0.0058922  0.836      0.19272687 0.15345053 0.1462058  0.17173411 0.31034994 0.02553269]
2024-01-30 15:53:23,662 - INFO - [0.00589163 0.836      0.19248141 0.1538108  0.14572893 0.17203733 0.31045976 0.02548175]
2024-01-30 15:53:40,980 - INFO - [0.0058915  0.836      0.1923551  0.15398967 0.14548114 0.17218457 0.31049117 0.02549834]
2024-01-30 15:53:58,179 - INFO - [0.00589142 0.836      0.19230881 0.15408196 0.14535981 0.17226876 0.31046537 0.0255153 ]
2024-01-30 15:54:15,472 - INFO - [0.00589133 0.836      0.19229715 0.15413338 0.145309   0.17232119 0.31042603 0.02551318]
2024-01-30 15:54:32,113 - INFO - [0.00589125 0.836      0.19229119 0.15415747 0.14528093 0.17234519 0.31040961 0.02551558]
2024-01-30 15:54:48,863 - INFO - [0.00589115 0.836      0.19229107 0.15416971 0.14526826 0.17235981 0.31039971 0.02551143]
2024-01-30 15:55:04,128 - INFO - [0.00589116 0.836      0.19228768 0.15417714 0.14526282 0.17236647 0.31039673 0.02550911]
2024-01-30 15:55:04,158 - INFO - Successfully finished `test_optimize` after 362.324 seconds.
