2024-01-29 13:08:14,468 - INFO - Logging into directory _output/exp_bad_weights/20240129/20240129_130814.
2024-01-29 13:08:14,471 - INFO - Starting `test_optimize`.
2024-01-29 13:08:21,079 - INFO - [0.05074047 0.692      0.001      0.001      0.001      0.001      0.001      0.995     ]
2024-01-29 13:08:29,360 - INFO - [0.02251123 0.82       0.21398558 0.19203825 0.18521084 0.20134123 0.20595562 0.00146847]
2024-01-29 13:08:37,629 - INFO - [0.02245491 0.82       0.20419784 0.18686393 0.17230846 0.20409594 0.17974649 0.05278733]
2024-01-29 13:08:45,871 - INFO - [0.02242328 0.82       0.20515926 0.19080481 0.17186756 0.20854548 0.17500912 0.04861374]
2024-01-29 13:08:53,993 - INFO - [0.02240896 0.82       0.20561312 0.19278896 0.17159671 0.2107572  0.17268074 0.04656317]
2024-01-29 13:09:01,989 - INFO - [0.022402   0.82       0.2058281  0.19379258 0.17144489 0.21186297 0.17151773 0.04555373]
2024-01-29 13:09:10,002 - INFO - [0.02239858 0.82       0.20592387 0.19431226 0.17135262 0.21240912 0.170949   0.04505309]
2024-01-29 13:09:18,006 - INFO - [0.0223969  0.82       0.20596004 0.19456916 0.1712905  0.21268943 0.17067821 0.04481265]
2024-01-29 13:09:26,032 - INFO - [0.02239597 0.82       0.20599045 0.19470143 0.17125803 0.21282628 0.17053157 0.04469232]
2024-01-29 13:09:34,014 - INFO - [0.02239551 0.82       0.20599669 0.19477354 0.1712452  0.21288802 0.17046969 0.04462688]
2024-01-29 13:09:42,050 - INFO - [0.02239541 0.82       0.20600273 0.1948005  0.17124242 0.21291991 0.17043762 0.04459679]
2024-01-29 13:09:50,030 - INFO - [0.02239527 0.82       0.20600894 0.19481348 0.17123964 0.21295147 0.17040588 0.04458066]
2024-01-29 13:09:58,037 - INFO - [0.02239522 0.82       0.20600742 0.19482635 0.17123693 0.21295355 0.17040367 0.04457207]
2024-01-29 13:10:06,030 - INFO - [0.02239519 0.82       0.20601034 0.19482826 0.17123422 0.21295564 0.17040147 0.04457009]
2024-01-29 13:10:14,016 - INFO - [0.02239509 0.82       0.20600212 0.19484064 0.17123151 0.21295771 0.17039926 0.04456879]
2024-01-29 13:10:21,991 - INFO - [0.0223952  0.82       0.20600826 0.19483189 0.17122884 0.21295981 0.17039709 0.04457415]
2024-01-29 13:10:29,982 - INFO - [0.02239513 0.82       0.20599355 0.19484429 0.17122616 0.21296188 0.1703949  0.04457922]
2024-01-29 13:10:37,945 - INFO - [0.02239521 0.82       0.20599978 0.19483989 0.17122348 0.21296398 0.17039351 0.04457934]
2024-01-29 13:10:45,929 - INFO - [0.02239529 0.82       0.20600599 0.19483861 0.17122079 0.21296604 0.17039151 0.04457696]
2024-01-29 13:10:53,871 - INFO - [0.02239523 0.82       0.20601179 0.19483699 0.17121811 0.21296811 0.17038932 0.04457569]
2024-01-29 13:11:01,803 - INFO - [0.0223952  0.82       0.20601316 0.19483981 0.17121543 0.21297018 0.17038715 0.04457431]
2024-01-29 13:11:01,819 - INFO - Successfully finished `test_optimize` after 167.348 seconds.
