2024-01-29 16:28:05,289 - INFO - Logging into directory _output/exp_nice_weights/20240129_162805__4294967149.
2024-01-29 16:28:05,293 - INFO - Starting `test_optimize`.
2024-01-29 16:28:17,875 - INFO - [0.01730164 0.812      0.332      0.332      0.332      0.001      0.001      0.001     ]
2024-01-29 16:28:33,007 - INFO - [0.01454931 0.817      0.27278107 0.26020914 0.24788414 0.07559154 0.11862834 0.0249057 ]
2024-01-29 16:28:48,107 - INFO - [0.01441479 0.818      0.24256487 0.22364734 0.21367306 0.11249092 0.17174986 0.0358739 ]
2024-01-29 16:29:03,168 - INFO - [0.01446859 0.817      0.22748232 0.20460506 0.19866456 0.12970345 0.19940282 0.04014183]
2024-01-29 16:29:18,213 - INFO - [0.01451607 0.816      0.22095439 0.19490899 0.19274102 0.13907979 0.21417764 0.0381382 ]
2024-01-29 16:29:33,196 - INFO - [0.01454402 0.818      0.21778789 0.18993308 0.18985403 0.14389381 0.22125939 0.03727176]
2024-01-29 16:29:48,259 - INFO - [0.01456044 0.817      0.21624121 0.18738639 0.18844013 0.1463794  0.22465298 0.03689989]
2024-01-29 16:30:03,311 - INFO - [0.01456921 0.817      0.21549663 0.18609169 0.18774213 0.14764258 0.22628681 0.0367402 ]
2024-01-29 16:30:18,382 - INFO - [0.01457377 0.817      0.21512946 0.18542446 0.18740195 0.14830893 0.22706141 0.0366738 ]
2024-01-29 16:30:33,453 - INFO - [0.014576   0.817      0.2149515  0.18507987 0.18724062 0.14864694 0.22744223 0.03663884]
2024-01-29 16:30:48,542 - INFO - [0.01457724 0.817      0.21486306 0.1848909  0.18716869 0.14881341 0.22762696 0.03663701]
2024-01-29 16:31:03,629 - INFO - [0.01457799 0.817      0.21482058 0.18479341 0.18712667 0.1489134  0.22770962 0.03663627]
2024-01-29 16:31:18,745 - INFO - [0.01457819 0.817      0.21479176 0.18475279 0.18710841 0.14895387 0.22776237 0.03663079]
2024-01-29 16:31:33,801 - INFO - [0.01457835 0.817      0.21479261 0.18472859 0.18709621 0.14896473 0.22778535 0.03663253]
2024-01-29 16:31:48,859 - INFO - [0.01457846 0.817      0.21479349 0.18471783 0.18708402 0.14897542 0.22779378 0.03663547]
2024-01-29 16:32:03,920 - INFO - [0.01457859 0.817      0.2147944  0.18470708 0.18708618 0.14898609 0.2277884  0.03663784]
2024-01-29 16:32:19,002 - INFO - [0.01457854 0.817      0.21479531 0.18469891 0.18708551 0.14899676 0.22778508 0.03663851]
2024-01-29 16:32:30,527 - INFO - [0.01457841 0.817      0.21479614 0.18471786 0.18707448 0.14899515 0.22778116 0.03663526]
2024-01-29 16:32:38,574 - INFO - [0.0145785  0.817      0.21479416 0.18470711 0.18708277 0.14900525 0.22777881 0.03663192]
2024-01-29 16:32:46,803 - INFO - [0.01457865 0.817      0.2147951  0.18469669 0.18708345 0.14898807 0.22780156 0.03663514]
2024-01-29 16:32:54,837 - INFO - [0.01457854 0.817      0.21479602 0.18469934 0.18707293 0.14899868 0.2277948  0.03663833]
2024-01-29 16:32:54,856 - INFO - Successfully finished `test_optimize` after 289.563 seconds.
