2024-01-29 12:33:08,019 - INFO - Logging into directory _output/exp_uniform_weights/20240129/20240129_123308.
2024-01-29 12:33:08,021 - INFO - Starting `test_optimize`.
2024-01-29 12:33:14,424 - INFO - [0.02210648 0.791      0.16666667 0.16666667 0.16666667 0.16666667 0.16666667 0.16666667]
2024-01-29 12:33:22,454 - INFO - [0.02169999 0.792      0.17928639 0.16913372 0.16384731 0.18837953 0.195547   0.10380608]
2024-01-29 12:33:30,479 - INFO - [0.02160363 0.793      0.17585762 0.16903932 0.16303548 0.20123616 0.2064788  0.08435263]
2024-01-29 12:33:38,480 - INFO - [0.02158374 0.793      0.17371345 0.16918029 0.16234998 0.20520552 0.21021402 0.0793367 ]
2024-01-29 12:33:46,595 - INFO - [0.02158021 0.794      0.17279625 0.16937996 0.16192058 0.20594843 0.21182768 0.07812715]
2024-01-29 12:33:54,595 - INFO - [0.0215801  0.793      0.17240548 0.16949718 0.16169769 0.206035   0.21257158 0.07779308]
2024-01-29 12:34:02,630 - INFO - [0.02157596 0.794      0.17255092 0.16979545 0.16165285 0.20616587 0.2122345  0.07760036]
2024-01-29 12:34:10,633 - INFO - [0.02157484 0.794      0.1725985  0.16989657 0.16162306 0.20617197 0.21214589 0.07756395]
2024-01-29 12:34:18,668 - INFO - [0.02157883 0.793      0.17229895 0.16968633 0.1615473  0.20602743 0.21279813 0.07764191]
2024-01-29 12:34:26,704 - INFO - [0.02157558 0.794      0.17250109 0.16986324 0.16158016 0.20614435 0.21236423 0.07754703]
2024-01-29 12:34:34,725 - INFO - [0.02157466 0.794      0.17258476 0.16992091 0.16158321 0.20616025 0.21220329 0.07754764]
2024-01-29 12:34:42,691 - INFO - [0.02157733 0.793      0.17242989 0.16979943 0.1615603  0.20600267 0.2126434  0.07756428]
2024-01-29 12:34:50,675 - INFO - [0.0215752  0.793      0.17254554 0.16990572 0.16157976 0.20612793 0.21231146 0.07752954]
2024-01-29 12:34:58,638 - INFO - [0.02157461 0.794      0.17259474 0.1699335  0.16158266 0.20615751 0.21219282 0.07753875]
2024-01-29 12:35:06,634 - INFO - [0.02157861 0.793      0.17232493 0.16972108 0.1615351  0.20601088 0.21278742 0.07762058]
2024-01-29 12:35:14,588 - INFO - [0.02157559 0.793      0.17250058 0.1698838  0.16156961 0.20613621 0.2123684  0.07754134]
2024-01-29 12:35:22,542 - INFO - [0.02157451 0.794      0.17257626 0.16993405 0.16157268 0.20617022 0.21220145 0.07754543]
2024-01-29 12:35:30,462 - INFO - [0.02157681 0.793      0.17247942 0.16982067 0.16157004 0.20600453 0.21258594 0.07753947]
2024-01-29 12:35:38,399 - INFO - [0.0215751  0.793      0.17256452 0.16990811 0.16157544 0.20612966 0.21229646 0.07752579]
2024-01-29 12:35:46,299 - INFO - [0.02157468 0.794      0.17259352 0.16993594 0.16157849 0.20616415 0.21217974 0.07754804]
2024-01-29 12:35:54,214 - INFO - [0.02157896 0.793      0.17229271 0.16969945 0.16153128 0.20602021 0.21281958 0.07763669]
2024-01-29 12:35:54,357 - INFO - Successfully finished `test_optimize` after 166.336 seconds.
