2024-01-29 14:39:11,228 - INFO - Logging into directory _output/exp_good_weights/20240129/20240129_143911.
2024-01-29 14:39:11,231 - INFO - Starting `test_optimize`.
2024-01-29 14:39:17,718 - INFO - [0.01853806 0.8        0.01       0.5        0.3        0.14       0.04       0.01      ]
2024-01-29 14:39:25,838 - INFO - [0.01684881 0.809      0.07817959 0.3192035  0.20722109 0.16018313 0.12932311 0.10588952]
2024-01-29 14:39:33,944 - INFO - [0.0168698  0.806      0.12357721 0.23952246 0.18011431 0.17519674 0.16349201 0.11809721]
2024-01-29 14:39:42,032 - INFO - [0.0170306  0.808      0.14644654 0.19887578 0.16419169 0.18250099 0.18363889 0.12434621]
2024-01-29 14:39:50,152 - INFO - [0.01717484 0.805      0.15771455 0.17833249 0.15608737 0.18592407 0.19457652 0.12736499]
2024-01-29 14:39:58,232 - INFO - [0.01727043 0.806      0.1621848  0.16732751 0.1512358  0.18760234 0.20271957 0.12892996]
2024-01-29 14:40:06,322 - INFO - [0.01731304 0.806      0.1650047  0.16202611 0.14894944 0.18991311 0.20472759 0.12937897]
2024-01-29 14:40:14,401 - INFO - [0.01733382 0.806      0.16657427 0.15946358 0.14795682 0.19113041 0.20534734 0.12952752]
2024-01-29 14:40:22,492 - INFO - [0.01734432 0.806      0.16739233 0.15818197 0.14747833 0.19174281 0.20561513 0.12958948]
2024-01-29 14:40:30,564 - INFO - [0.01734986 0.806      0.16780736 0.15753527 0.14724055 0.19203234 0.20573492 0.12964965]
2024-01-29 14:40:38,664 - INFO - [0.01735299 0.806      0.16802005 0.15720494 0.14711796 0.19217847 0.20579812 0.12968037]
2024-01-29 14:40:46,721 - INFO - [0.01735421 0.806      0.16813214 0.15704568 0.147065   0.19224402 0.20583685 0.12967636]
2024-01-29 14:40:54,791 - INFO - [0.01735485 0.806      0.1681902  0.15696888 0.14704095 0.19227685 0.20585573 0.12966739]
2024-01-29 14:41:02,863 - INFO - [0.01735558 0.806      0.16821072 0.15692359 0.14702119 0.19227748 0.20586152 0.12970553]
2024-01-29 14:41:10,939 - INFO - [0.01735581 0.806      0.16822742 0.15689549 0.14700726 0.19230321 0.20585762 0.12970902]
2024-01-29 14:41:18,992 - INFO - [0.01735574 0.806      0.16823712 0.15688464 0.14700216 0.19231167 0.20586149 0.12970302]
2024-01-29 14:41:27,076 - INFO - [0.01735596 0.806      0.16823892 0.15687518 0.14699523 0.19231938 0.20585801 0.12971328]
2024-01-29 14:41:35,134 - INFO - [0.01735571 0.806      0.16824698 0.15688355 0.14700757 0.19231218 0.20586799 0.12968169]
2024-01-29 14:41:43,189 - INFO - [0.01735587 0.806      0.16824402 0.15687373 0.14700003 0.19232048 0.20585941 0.12970237]
2024-01-29 14:41:51,220 - INFO - [0.01735555 0.806      0.16824636 0.15688245 0.14700928 0.19231175 0.20587474 0.12967551]
2024-01-29 14:41:59,295 - INFO - [0.01735602 0.806      0.16824052 0.15686512 0.14699051 0.19232413 0.20586468 0.12971507]
2024-01-29 14:41:59,310 - INFO - Successfully finished `test_optimize` after 168.080 seconds.
