2024-01-29 12:44:20,405 - INFO - Logging into directory _output/exp_uniform_weights/20240129/20240129_124420.
2024-01-29 12:44:20,408 - INFO - Starting `test_optimize`.
2024-01-29 12:44:26,800 - INFO - [0.02173185 0.804      0.16666667 0.16666667 0.16666667 0.16666667 0.16666667 0.16666667]
2024-01-29 12:44:34,845 - INFO - [0.02073301 0.805      0.17998745 0.17228054 0.16668515 0.15997785 0.24118643 0.0798825 ]
2024-01-29 12:44:42,877 - INFO - [0.02048305 0.807      0.19389324 0.18203551 0.17409548 0.16354099 0.24207005 0.04436466]
2024-01-29 12:44:50,887 - INFO - [0.02039047 0.808      0.2009683  0.18710358 0.17794228 0.16547377 0.2411788  0.02733326]
2024-01-29 12:44:58,919 - INFO - [0.02035326 0.808      0.204413   0.18959108 0.17985362 0.16628313 0.24076869 0.01909047]
2024-01-29 12:45:06,923 - INFO - [0.02033699 0.808      0.20609045 0.19080561 0.18076508 0.16664687 0.24058619 0.01510585]
2024-01-29 12:45:14,935 - INFO - [0.02032971 0.808      0.20691125 0.19139923 0.18120869 0.16680276 0.24049251 0.01318554]
2024-01-29 12:45:22,924 - INFO - [0.02032645 0.808      0.20731446 0.19169024 0.18142605 0.16686682 0.24043988 0.01226246]
2024-01-29 12:45:30,942 - INFO - [0.02032474 0.808      0.20750582 0.19182934 0.181523   0.16689259 0.24043915 0.01181012]
2024-01-29 12:45:38,944 - INFO - [0.02032398 0.808      0.20759635 0.19190606 0.18157347 0.16690899 0.24041528 0.01159984]
2024-01-29 12:45:46,956 - INFO - [0.0203236  0.808      0.20764439 0.19193791 0.18158759 0.16691682 0.24041806 0.01149524]
2024-01-29 12:45:55,017 - INFO - [0.02032336 0.808      0.20766452 0.19195622 0.18159397 0.16692142 0.24041958 0.01144435]
2024-01-29 12:46:03,019 - INFO - [0.02032321 0.808      0.20767452 0.19196418 0.18159722 0.16692495 0.24042067 0.01141855]
2024-01-29 12:46:11,006 - INFO - [0.02032324 0.808      0.20768179 0.19196916 0.18160455 0.16693187 0.24040012 0.01141255]
2024-01-29 12:46:19,030 - INFO - [0.0203232  0.808      0.2076806  0.19197093 0.18160419 0.1669351  0.24040118 0.01140805]
2024-01-29 12:46:27,029 - INFO - [0.02032331 0.808      0.20768294 0.19197237 0.18160428 0.16693373 0.24040088 0.01140573]
2024-01-29 12:46:35,035 - INFO - [0.02032335 0.808      0.20768264 0.19197263 0.18160431 0.16693403 0.24040033 0.01140597]
2024-01-29 12:46:43,006 - INFO - [0.02032323 0.808      0.20768179 0.19197267 0.18160482 0.16693519 0.24040058 0.01140496]
2024-01-29 12:46:51,036 - INFO - [0.02032317 0.808      0.20768146 0.19197343 0.18160373 0.16693576 0.24040072 0.01140496]
2024-01-29 12:46:59,016 - INFO - [0.02032318 0.808      0.20768151 0.19197443 0.18160197 0.1669358  0.24040101 0.01140533]
2024-01-29 12:47:07,028 - INFO - [0.02032328 0.808      0.20768234 0.19197315 0.18160152 0.16693684 0.24040124 0.01140483]
2024-01-29 12:47:07,047 - INFO - Successfully finished `test_optimize` after 166.639 seconds.
