2024-01-29 17:45:43,869 - INFO - Logging into directory _output/exp_011100_/20240129_174543__4294967177.
2024-01-29 17:45:43,876 - INFO - Starting `test_optimize`.
2024-01-29 17:46:01,214 - INFO - [0.01879185 0.815      0.001      0.332      0.332      0.332      0.001      0.001     ]
2024-01-29 17:46:23,232 - INFO - [0.01552562 0.825      0.08517031 0.24865501 0.23318009 0.26263851 0.13086556 0.03949059]
2024-01-29 17:46:43,388 - INFO - [0.01528236 0.828      0.13508953 0.21506354 0.19339529 0.23492686 0.15912524 0.06239958]
2024-01-29 17:47:03,300 - INFO - [0.01523678 0.828      0.16235486 0.19953801 0.17446616 0.21514349 0.17425975 0.07423778]
2024-01-29 17:47:26,339 - INFO - [0.01523292 0.827      0.17702994 0.19254178 0.16569203 0.20134354 0.18285762 0.08053508]
2024-01-29 17:47:49,582 - INFO - [0.01522993 0.827      0.18363409 0.18805599 0.16031624 0.19931713 0.18624172 0.08243486]
2024-01-29 17:48:11,725 - INFO - [0.01523104 0.827      0.18690169 0.18610249 0.15773895 0.19760513 0.18824375 0.08340797]
2024-01-29 17:48:32,453 - INFO - [0.01523249 0.827      0.18886517 0.18542668 0.15668334 0.19531357 0.18955164 0.08415962]
2024-01-29 17:48:55,800 - INFO - [0.01523417 0.827      0.19006206 0.18531162 0.15638345 0.19401586 0.18955638 0.0846706 ]
2024-01-29 17:49:16,839 - INFO - [0.01523562 0.827      0.190799   0.18539144 0.15636471 0.19334629 0.1890561  0.08504246]
2024-01-29 17:49:39,961 - INFO - [0.01523635 0.827      0.1911898  0.18545544 0.15638603 0.19298851 0.1887579  0.08522232]
2024-01-29 17:50:02,618 - INFO - [0.01523633 0.827      0.19132033 0.18545666 0.15649846 0.19284716 0.18863446 0.08524305]
2024-01-29 17:50:23,739 - INFO - [0.01523646 0.827      0.19134974 0.18542148 0.1565547  0.19282755 0.18861164 0.08523487]
2024-01-29 17:50:44,046 - INFO - [0.01523651 0.827      0.19135174 0.18539257 0.15659545 0.19282131 0.18861055 0.08522832]
2024-01-29 17:51:05,377 - INFO - [0.01523646 0.827      0.19136062 0.18538053 0.1566034  0.1928249  0.18861087 0.08521967]
2024-01-29 17:51:26,478 - INFO - [0.01523626 0.827      0.1913798  0.18538713 0.15658423 0.19282037 0.18861537 0.08521321]
2024-01-29 17:51:46,150 - INFO - [0.01523649 0.827      0.19138123 0.18538561 0.1565899  0.19282158 0.18860544 0.08521617]
2024-01-29 17:52:08,175 - INFO - [0.01523639 0.827      0.19137877 0.18538167 0.15659553 0.19282371 0.18860401 0.08521634]
2024-01-29 17:52:30,245 - INFO - [0.01523635 0.827      0.19138508 0.18538582 0.15658806 0.19282174 0.18860517 0.08521415]
2024-01-29 17:52:52,457 - INFO - [0.01523638 0.827      0.19136916 0.18537359 0.15661405 0.19281591 0.18861058 0.08521676]
2024-01-29 17:53:14,068 - INFO - [0.01523641 0.827      0.19136961 0.18537293 0.15660942 0.19282173 0.1886107  0.08521563]
2024-01-29 17:53:14,100 - INFO - Successfully finished `test_optimize` after 450.224 seconds.
