2024-01-29 12:54:17,769 - INFO - Logging into directory _output/exp_bad_weights/20240129/20240129_125417.
2024-01-29 12:54:17,771 - INFO - Starting `test_optimize`.
2024-01-29 12:54:24,080 - INFO - [0.0445124 0.697     0.001     0.001     0.001     0.001     0.001     0.995    ]
2024-01-29 12:54:32,043 - INFO - [0.01610105 0.82       0.19578843 0.19462626 0.16550149 0.19699056 0.24571511 0.00137814]
2024-01-29 12:54:39,989 - INFO - [0.0161382  0.821      0.18914691 0.18967453 0.16008595 0.20162182 0.23465729 0.02481355]
2024-01-29 12:54:47,926 - INFO - [0.01617062 0.822      0.18594664 0.18727063 0.15749033 0.20389082 0.22943528 0.03596634]
2024-01-29 12:54:55,890 - INFO - [0.01618981 0.821      0.18441249 0.18609372 0.15623017 0.20499961 0.22696812 0.04129587]
2024-01-29 12:55:03,818 - INFO - [0.01619916 0.821      0.18365946 0.18551587 0.155624   0.20554225 0.2258019  0.04385659]
2024-01-29 12:55:11,759 - INFO - [0.01620343 0.82       0.18329227 0.18523544 0.15533273 0.2057998  0.22525631 0.04508341]
2024-01-29 12:55:19,666 - INFO - [0.01620545 0.821      0.18313329 0.18508683 0.15519063 0.20592527 0.22499019 0.0456739 ]
2024-01-29 12:55:27,626 - INFO - [0.0162067  0.821      0.18305588 0.18501614 0.15511622 0.20599103 0.22486579 0.04595488]
2024-01-29 12:55:35,649 - INFO - [0.01620703 0.821      0.18301623 0.18497533 0.15509164 0.20602697 0.22480115 0.04608874]
2024-01-29 12:55:43,593 - INFO - [0.01620735 0.821      0.18299389 0.18496384 0.15506881 0.20603456 0.22478193 0.046157  ]
2024-01-29 12:55:51,529 - INFO - [0.0162076  0.821      0.18298413 0.1849529  0.15505846 0.20604075 0.22477691 0.0461868 ]
2024-01-29 12:55:59,466 - INFO - [0.01620757 0.821      0.18297438 0.18494196 0.15506496 0.20604697 0.2247719  0.04619983]
2024-01-29 12:56:07,380 - INFO - [0.01620753 0.821      0.18296546 0.18493249 0.15507182 0.2060532  0.22476691 0.04621013]
2024-01-29 12:56:15,330 - INFO - [0.01620758 0.821      0.18296245 0.18494755 0.15505457 0.20605944 0.22476193 0.04621406]
2024-01-29 12:56:23,249 - INFO - [0.01620757 0.821      0.18295854 0.18493672 0.15506153 0.20606558 0.22475696 0.04622068]
2024-01-29 12:56:31,197 - INFO - [0.01620769 0.821      0.18297221 0.18492673 0.15505895 0.20607172 0.22475198 0.04621841]
2024-01-29 12:56:39,122 - INFO - [0.01620754 0.821      0.18296249 0.18494557 0.15505131 0.20607755 0.224747   0.04621613]
2024-01-29 12:56:47,076 - INFO - [0.01620761 0.821      0.18295304 0.18494271 0.15505822 0.20607828 0.22475334 0.04621433]
2024-01-29 12:56:54,999 - INFO - [0.0162075  0.821      0.18297303 0.18494257 0.15506521 0.20605789 0.22474898 0.04621235]
2024-01-29 12:57:02,935 - INFO - [0.01620754 0.821      0.18296331 0.18494874 0.15506187 0.20606405 0.22474661 0.04621538]
2024-01-29 12:57:02,952 - INFO - Successfully finished `test_optimize` after 165.181 seconds.
