2024-01-29 16:39:13,589 - INFO - Logging into directory _output/exp_011000/20240129_163913__4294967163.
2024-01-29 16:39:13,593 - INFO - Starting `test_optimize`.
2024-01-29 16:39:27,049 - INFO - [0.01574486 0.804      0.001      0.498      0.498      0.001      0.001      0.001     ]
2024-01-29 16:39:43,312 - INFO - [0.01227961 0.824      0.09992991 0.34779832 0.33731562 0.09458625 0.11340549 0.00696445]
2024-01-29 16:39:58,280 - INFO - [0.01201945 0.826      0.15359664 0.27699611 0.26053375 0.14262317 0.1515148  0.01473557]
2024-01-29 16:40:14,835 - INFO - [0.01215266 0.828      0.18063945 0.24197885 0.22326842 0.16315265 0.17239238 0.01856827]
2024-01-29 16:40:29,783 - INFO - [0.01228915 0.828      0.19454408 0.22443908 0.20447433 0.17279385 0.18325396 0.02049466]
2024-01-29 16:40:44,625 - INFO - [0.01237346 0.828      0.20105071 0.21569969 0.19555232 0.17768806 0.18836796 0.02164126]
2024-01-29 16:41:00,134 - INFO - [0.01242065 0.827      0.20436083 0.21130754 0.19105925 0.18014257 0.19092661 0.02220312]
2024-01-29 16:41:13,282 - INFO - [0.01244541 0.827      0.20603596 0.20910609 0.18879494 0.18137953 0.19220267 0.0224808 ]
2024-01-29 16:41:29,083 - INFO - [0.01245832 0.827      0.20689566 0.20800017 0.1876498  0.18199614 0.19284266 0.02261551]
2024-01-29 16:41:44,260 - INFO - [0.01246479 0.827      0.20733407 0.20743929 0.18707205 0.18231395 0.19315706 0.02268362]
2024-01-29 16:41:58,292 - INFO - [0.01246813 0.827      0.20754804 0.20715354 0.18679182 0.18246502 0.19331996 0.02272159]
2024-01-29 16:42:15,730 - INFO - [0.01246976 0.827      0.20766309 0.20701018 0.1866556  0.18254486 0.19339351 0.02273276]
2024-01-29 16:42:30,729 - INFO - [0.01247071 0.827      0.20772782 0.20693405 0.18658409 0.18257488 0.19343711 0.02274199]
2024-01-29 16:42:46,046 - INFO - [0.01247101 0.827      0.20775695 0.20690992 0.18654242 0.18259519 0.19345096 0.02274458]
2024-01-29 16:43:01,391 - INFO - [0.01247111 0.827      0.20776218 0.20688589 0.18653049 0.18261188 0.19346477 0.02274488]
2024-01-29 16:43:13,946 - INFO - [0.01247125 0.827      0.20776741 0.20688801 0.18651856 0.18260241 0.19347852 0.02274511]
2024-01-29 16:43:28,008 - INFO - [0.01247139 0.827      0.20777263 0.20688188 0.18650672 0.18260066 0.19349222 0.02274587]
2024-01-29 16:43:43,311 - INFO - [0.01247143 0.827      0.20777781 0.20688754 0.18649623 0.18260401 0.19348766 0.02274674]
2024-01-29 16:43:56,009 - INFO - [0.01247157 0.827      0.20778297 0.20686527 0.18651299 0.18259628 0.19349667 0.02274574]
2024-01-29 16:44:09,638 - INFO - [0.01247151 0.827      0.20778814 0.20687105 0.18650118 0.18260784 0.19348072 0.02275108]
2024-01-29 16:44:19,038 - INFO - [0.01247154 0.827      0.20779134 0.20687677 0.18649593 0.18259835 0.1934848  0.02275279]
2024-01-29 16:44:19,058 - INFO - Successfully finished `test_optimize` after 305.465 seconds.
