2024-01-29 16:28:05,143 - INFO - Logging into directory _output/exp_nice_weights/20240129_162805__4294967150.
2024-01-29 16:28:05,148 - INFO - Starting `test_optimize`.
2024-01-29 16:28:17,990 - INFO - [0.01912541 0.791      0.332      0.332      0.332      0.001      0.001      0.001     ]
2024-01-29 16:28:33,381 - INFO - [0.01645924 0.803      0.24752393 0.24356659 0.24509175 0.09554978 0.14078619 0.02748171]
2024-01-29 16:28:48,805 - INFO - [0.01637197 0.802      0.22628669 0.21984315 0.22484775 0.14277877 0.16423091 0.02201263]
2024-01-29 16:29:04,214 - INFO - [0.01636975 0.803      0.21548016 0.20773931 0.21505618 0.16632916 0.17563069 0.01976446]
2024-01-29 16:29:19,593 - INFO - [0.01638872 0.805      0.2101336  0.20183943 0.21046127 0.17784679 0.18138817 0.01833069]
2024-01-29 16:29:34,977 - INFO - [0.01640299 0.804      0.20745325 0.19881901 0.20816544 0.18366189 0.18424198 0.01765846]
2024-01-29 16:29:50,341 - INFO - [0.01641152 0.803      0.20610137 0.19728076 0.20700878 0.18660069 0.18566227 0.01734613]
2024-01-29 16:30:05,710 - INFO - [0.01641625 0.803      0.20542251 0.19648805 0.20644009 0.1880838  0.18636647 0.017199  ]
2024-01-29 16:30:21,107 - INFO - [0.0164186  0.803      0.20507178 0.19608328 0.20614828 0.18884546 0.18671989 0.01713128]
2024-01-29 16:30:36,537 - INFO - [0.01641971 0.803      0.20489994 0.19588685 0.20600554 0.18921946 0.1868908  0.01709748]
2024-01-29 16:30:51,965 - INFO - [0.01642048 0.803      0.20481744 0.19577999 0.20592247 0.18941449 0.18698187 0.01708372]
2024-01-29 16:31:07,414 - INFO - [0.01642078 0.803      0.20476487 0.1957327  0.20587736 0.18951999 0.18702933 0.01707576]
2024-01-29 16:31:22,824 - INFO - [0.0164209  0.803      0.20474213 0.19571312 0.20585746 0.18956593 0.187047   0.01707437]
2024-01-29 16:31:38,231 - INFO - [0.01642098 0.803      0.20473178 0.19569571 0.20585571 0.18958206 0.1870646  0.01707019]
2024-01-29 16:31:53,641 - INFO - [0.01642107 0.803      0.20473857 0.19567835 0.20586108 0.18959813 0.18705896 0.01706489]
2024-01-29 16:32:09,082 - INFO - [0.01642106 0.803      0.20474555 0.19566104 0.20583959 0.18961419 0.18707651 0.0170632 ]
2024-01-29 16:32:24,500 - INFO - [0.01642112 0.803      0.20472391 0.19567308 0.20584591 0.18962249 0.18706779 0.01706679]
2024-01-29 16:32:38,403 - INFO - [0.01642103 0.803      0.20473093 0.19566759 0.20585223 0.18960902 0.18707305 0.01706726]
2024-01-29 16:32:46,407 - INFO - [0.01642103 0.803      0.20473787 0.19566484 0.20585851 0.18961412 0.18706088 0.01706381]
2024-01-29 16:32:54,406 - INFO - [0.01642104 0.803      0.20472428 0.19567689 0.2058645  0.18960102 0.18707111 0.01706221]
2024-01-29 16:33:02,431 - INFO - [0.01642109 0.803      0.2047313  0.19565968 0.20584777 0.18961495 0.18708007 0.01706631]
2024-01-29 16:33:02,451 - INFO - Successfully finished `test_optimize` after 297.303 seconds.
