2024-01-29 13:18:12,115 - INFO - Logging into directory _output/exp_uniform_weights/20240129/20240129_131812.
2024-01-29 13:18:12,118 - INFO - Starting `test_optimize`.
2024-01-29 13:18:18,398 - INFO - [0.01958749 0.8        0.16666667 0.16666667 0.16666667 0.16666667 0.16666667 0.16666667]
2024-01-29 13:18:26,342 - INFO - [0.01944882 0.802      0.17615198 0.17524658 0.1661858  0.16706771 0.16527209 0.15007578]
2024-01-29 13:18:34,266 - INFO - [0.01938926 0.802      0.18082072 0.17957963 0.16579616 0.16710882 0.16450259 0.1421921 ]
2024-01-29 13:18:42,142 - INFO - [0.0193629  0.802      0.1831121  0.18177496 0.16552417 0.16704918 0.16408712 0.13845243]
2024-01-29 13:18:50,056 - INFO - [0.01935069 0.802      0.1842348  0.18289323 0.16534621 0.16698651 0.16385746 0.13668185]
2024-01-29 13:18:57,916 - INFO - [0.01934519 0.802      0.18480571 0.18344954 0.16523612 0.16692683 0.16374007 0.13584171]
2024-01-29 13:19:05,844 - INFO - [0.01934242 0.802      0.18506512 0.18373732 0.1651774  0.1668947  0.16368233 0.13544314]
2024-01-29 13:19:13,725 - INFO - [0.01934116 0.802      0.18520306 0.18387605 0.16514835 0.16686483 0.16365439 0.13525335]
2024-01-29 13:19:21,659 - INFO - [0.01934067 0.802      0.18528129 0.18395507 0.1651196  0.16686045 0.16362642 0.13515709]
2024-01-29 13:19:29,531 - INFO - [0.01934019 0.802      0.18530011 0.18400146 0.16512024 0.16683368 0.16362812 0.13511643]
2024-01-29 13:19:37,840 - INFO - [0.01934005 0.802      0.18531874 0.18402082 0.16509153 0.16683359 0.16362986 0.13510557]
2024-01-29 13:19:47,168 - INFO - [0.0193401  0.802      0.18533733 0.18401866 0.16509247 0.16683349 0.16362339 0.1350947 ]
2024-01-29 13:19:56,481 - INFO - [0.01933999 0.802      0.1853289  0.18403521 0.16509342 0.1668334  0.16362523 0.13508385]
2024-01-29 13:20:05,806 - INFO - [0.01933999 0.802      0.18534747 0.1840248  0.16509438 0.16683331 0.16362706 0.13507301]
2024-01-29 13:20:15,108 - INFO - [0.01934005 0.802      0.18533626 0.18401454 0.16509531 0.16683321 0.16362883 0.1350919 ]
2024-01-29 13:20:24,366 - INFO - [0.0193399  0.802      0.18533456 0.18402833 0.16509627 0.16683312 0.16362678 0.13508105]
2024-01-29 13:20:33,633 - INFO - [0.01933997 0.802      0.18535303 0.18401793 0.16509722 0.16683303 0.16362861 0.13507022]
2024-01-29 13:20:42,863 - INFO - [0.01934007 0.802      0.18534182 0.18403681 0.16509816 0.16683294 0.16360423 0.13508609]
2024-01-29 13:20:52,097 - INFO - [0.01934032 0.802      0.18533109 0.18402678 0.16509911 0.16683285 0.16360608 0.135104  ]
2024-01-29 13:21:01,317 - INFO - [0.01934032 0.802      0.18534969 0.18401636 0.16510005 0.16683275 0.16360791 0.13509315]
2024-01-29 13:21:10,564 - INFO - [0.01934011 0.802      0.18533853 0.18403575 0.16510099 0.16683264 0.16360974 0.1350823 ]
2024-01-29 13:21:10,579 - INFO - Successfully finished `test_optimize` after 178.461 seconds.
