2024-01-29 12:27:27,158 - INFO - Logging into directory _output/exp_uniform_weights/20240129/20240129_122727.
2024-01-29 12:27:27,161 - INFO - Starting `test_optimize`.
2024-01-29 12:27:33,730 - INFO - [0.01508301 0.797      0.16666667 0.16666667 0.16666667 0.16666667 0.16666667 0.16666667]
2024-01-29 12:27:41,947 - INFO - [0.01437574 0.804      0.18478999 0.17259531 0.17485519 0.19656584 0.17851247 0.09268121]
2024-01-29 12:27:50,139 - INFO - [0.01418902 0.802      0.19224107 0.17156577 0.18025467 0.21297443 0.1771041  0.06585991]
2024-01-29 12:27:58,307 - INFO - [0.01418893 0.803      0.1932563  0.16964455 0.18056817 0.21829215 0.17329942 0.06493943]
2024-01-29 12:28:06,519 - INFO - [0.01419142 0.802      0.19365695 0.16855496 0.18077002 0.22091952 0.17137964 0.0647189 ]
2024-01-29 12:28:14,904 - INFO - [0.01419431 0.802      0.19367683 0.16786888 0.18099479 0.22231586 0.17032191 0.06482165]
2024-01-29 12:28:23,258 - INFO - [0.01419362 0.802      0.19395821 0.16765977 0.18091705 0.22284858 0.17005602 0.06456044]
2024-01-29 12:28:31,410 - INFO - [0.01419558 0.802      0.1938374  0.16739249 0.18105747 0.2232617  0.16969654 0.06475434]
2024-01-29 12:28:39,669 - INFO - [0.01419437 0.802      0.19402969 0.16742156 0.18093604 0.22331718 0.16976306 0.06453237]
2024-01-29 12:28:47,850 - INFO - [0.01419582 0.802      0.19386435 0.16727237 0.18107639 0.22349167 0.1695527  0.06474253]
2024-01-29 12:28:56,051 - INFO - [0.01419451 0.802      0.19405563 0.16734709 0.18094866 0.22342786 0.16969991 0.06452081]
2024-01-29 12:29:04,220 - INFO - [0.01419602 0.802      0.19389024 0.16722788 0.18108885 0.22354269 0.16951934 0.06473098]
2024-01-29 12:29:12,416 - INFO - [0.01419449 0.802      0.19405518 0.16731702 0.18096113 0.22344917 0.16969362 0.06452395]
2024-01-29 12:29:20,579 - INFO - [0.01419602 0.802      0.19388978 0.16722721 0.18107173 0.22356397 0.16951303 0.06473418]
2024-01-29 12:29:28,789 - INFO - [0.01419451 0.802      0.19405228 0.16731632 0.18094404 0.22347021 0.16968995 0.0645272 ]
2024-01-29 12:29:36,953 - INFO - [0.01419604 0.802      0.19388688 0.16722651 0.18108408 0.22355683 0.16950944 0.06473622]
2024-01-29 12:29:45,147 - INFO - [0.01419461 0.802      0.19404949 0.16731562 0.18095636 0.22346321 0.1696863  0.06452898]
2024-01-29 12:29:53,321 - INFO - [0.01419588 0.802      0.19388412 0.16722587 0.1810772  0.22356069 0.16951318 0.06473903]
2024-01-29 12:30:01,508 - INFO - [0.01419456 0.802      0.19404663 0.16731499 0.18094946 0.22346698 0.16969009 0.06453184]
2024-01-29 12:30:09,699 - INFO - [0.01419598 0.802      0.19388126 0.16722521 0.18108329 0.22356024 0.1695096  0.0647404 ]
2024-01-29 12:30:17,898 - INFO - [0.01419458 0.802      0.19404404 0.1673144  0.18095556 0.22346655 0.1696866  0.06453284]
2024-01-29 12:30:17,913 - INFO - Successfully finished `test_optimize` after 170.751 seconds.
