2024-01-29 13:51:03,247 - INFO - Logging into directory _output/exp_good_weights/20240129/20240129_135103.
2024-01-29 13:51:03,250 - INFO - Starting `test_optimize`.
2024-01-29 13:51:09,597 - INFO - [0.02310669 0.78       0.01       0.5        0.3        0.14       0.04       0.01      ]
2024-01-29 13:51:17,664 - INFO - [0.01970183 0.788      0.18802401 0.20776029 0.16250312 0.16039118 0.24322116 0.03810025]
2024-01-29 13:51:25,685 - INFO - [0.0195521  0.787      0.19700183 0.17694911 0.15977286 0.17732784 0.26025081 0.0286975 ]
2024-01-29 13:51:33,668 - INFO - [0.01948045 0.787      0.19154039 0.18074508 0.15984681 0.18308517 0.25873315 0.02604931]
2024-01-29 13:51:41,666 - INFO - [0.01950848 0.788      0.19306982 0.18019849 0.15924263 0.18051985 0.26155373 0.02541546]
2024-01-29 13:51:49,611 - INFO - [0.01949892 0.788      0.19247405 0.18045694 0.15942386 0.18139416 0.26048616 0.02576484]
2024-01-29 13:51:57,586 - INFO - [0.01950266 0.788      0.19270188 0.18036208 0.15936206 0.18104571 0.26088703 0.02564126]
2024-01-29 13:52:05,531 - INFO - [0.01950126 0.788      0.19262362 0.18039595 0.15938869 0.18117912 0.26073352 0.02567906]
2024-01-29 13:52:13,506 - INFO - [0.01950173 0.788      0.19264609 0.18038787 0.15936936 0.18113676 0.26079521 0.02566469]
2024-01-29 13:52:21,463 - INFO - [0.01950163 0.788      0.19263801 0.1803807  0.15937814 0.18115619 0.26076829 0.02567855]
2024-01-29 13:52:30,264 - INFO - [0.01950159 0.788      0.19265036 0.18038    0.15938255 0.18114442 0.26077163 0.02567103]
2024-01-29 13:52:38,213 - INFO - [0.01950164 0.788      0.19263509 0.18039081 0.15938693 0.1811385  0.26077479 0.02567387]
2024-01-29 13:52:46,199 - INFO - [0.01950172 0.788      0.19264093 0.18038253 0.15939124 0.18113674 0.26077753 0.02567098]
2024-01-29 13:52:54,177 - INFO - [0.01950139 0.788      0.19264829 0.18038304 0.15938218 0.18115528 0.26076075 0.02567054]
2024-01-29 13:53:02,177 - INFO - [0.01950161 0.788      0.19263701 0.18038978 0.15938649 0.18114425 0.26077232 0.02567011]
2024-01-29 13:53:10,146 - INFO - [0.01950165 0.788      0.19263889 0.18038155 0.15939084 0.18113579 0.26077545 0.02567754]
2024-01-29 13:53:18,136 - INFO - [0.0195016  0.788      0.19263631 0.1803866  0.15937021 0.1811516  0.26077846 0.02567679]
2024-01-29 13:53:26,109 - INFO - [0.01950171 0.788      0.19264598 0.18037841 0.15937711 0.18114175 0.26078135 0.02567537]
2024-01-29 13:53:34,088 - INFO - [0.01950162 0.788      0.19264342 0.18039475 0.1593819  0.18113536 0.26077542 0.02566919]
2024-01-29 13:53:42,037 - INFO - [0.01950166 0.788      0.19263841 0.18038651 0.15938196 0.18113576 0.26077867 0.02567873]
2024-01-29 13:53:50,009 - INFO - [0.01950157 0.788      0.19263414 0.18037896 0.15938625 0.18115041 0.26077878 0.02567145]
2024-01-29 13:53:50,028 - INFO - Successfully finished `test_optimize` after 166.778 seconds.
