2024-01-30 15:49:01,823 - INFO - Logging into directory _output/exp_011000/20240130_154901__4294967174.
2024-01-30 15:49:01,833 - INFO - Starting `test_optimize`.
2024-01-30 15:49:14,592 - INFO - [0.02010662 0.782      0.001      0.498      0.498      0.001      0.001      0.001     ]
2024-01-30 15:49:31,355 - INFO - [0.01434164 0.807      0.06951344 0.27548307 0.26294097 0.06232578 0.15101539 0.17872144]
2024-01-30 15:49:50,122 - INFO - [0.01400682 0.811      0.11382172 0.21400209 0.19968447 0.10355586 0.18169425 0.18724148]
2024-01-30 15:50:08,440 - INFO - [0.01398756 0.812      0.13841414 0.18422337 0.17102554 0.12569438 0.19805096 0.18259166]
2024-01-30 15:50:24,993 - INFO - [0.01402179 0.81       0.15150447 0.16884233 0.15774171 0.13739997 0.20494893 0.17956264]
2024-01-30 15:50:41,367 - INFO - [0.01403567 0.813      0.15833774 0.1612315  0.15142323 0.14374334 0.20850851 0.17675564]
2024-01-30 15:50:58,582 - INFO - [0.0140453  0.813      0.16178484 0.15734051 0.14830475 0.14705303 0.21024744 0.1752694 ]
2024-01-30 15:51:15,695 - INFO - [0.01404996 0.813      0.16351378 0.15534176 0.14675646 0.14876656 0.21107803 0.17454335]
2024-01-30 15:51:33,205 - INFO - [0.01405216 0.813      0.16438387 0.15432395 0.1459955  0.14965227 0.21146801 0.17417642]
2024-01-30 15:51:50,582 - INFO - [0.01405337 0.813      0.16482151 0.15379491 0.14561544 0.150111   0.21166684 0.17399032]
2024-01-30 15:52:07,999 - INFO - [0.01405384 0.813      0.16504654 0.15352638 0.14542474 0.1503569  0.21176821 0.17387721]
2024-01-30 15:52:25,852 - INFO - [0.01405397 0.813      0.16515559 0.1533867  0.1453367  0.15048605 0.21180934 0.17382567]
2024-01-30 15:52:42,923 - INFO - [0.01405423 0.813      0.16521075 0.15332034 0.1452952  0.15054503 0.21183193 0.17379668]
2024-01-30 15:53:00,290 - INFO - [0.01405419 0.813      0.1652364  0.1532836  0.14527428 0.15057644 0.21184303 0.1737863 ]
2024-01-30 15:53:17,393 - INFO - [0.01405455 0.813      0.16524307 0.15326206 0.14526124 0.15058459 0.21183945 0.17380954]
2024-01-30 15:53:34,877 - INFO - [0.01405447 0.813      0.16525242 0.15325613 0.14525415 0.15059763 0.21184462 0.173795  ]
2024-01-30 15:53:51,919 - INFO - [0.01405454 0.813      0.16525292 0.15324394 0.14524864 0.1506044  0.21185651 0.17379354]
2024-01-30 15:54:08,594 - INFO - [0.0140544  0.813      0.16526096 0.15324932 0.14524892 0.15060651 0.21185057 0.17378373]
2024-01-30 15:54:25,521 - INFO - [0.01405455 0.813      0.16526558 0.15324707 0.14524639 0.15060677 0.21184869 0.1737854 ]
2024-01-30 15:54:42,213 - INFO - [0.01405443 0.813      0.16526519 0.1532519  0.14524791 0.15060534 0.21184865 0.17378098]
2024-01-30 15:54:58,675 - INFO - [0.01405455 0.813      0.16526748 0.15324491 0.14524809 0.15060267 0.2118495  0.17378727]
2024-01-30 15:54:58,733 - INFO - Successfully finished `test_optimize` after 356.900 seconds.
