2024-01-29 12:45:48,099 - INFO - Logging into directory _output/exp_bad_weights/20240129/20240129_124548.
2024-01-29 12:45:48,101 - INFO - Starting `test_optimize`.
2024-01-29 12:45:54,570 - INFO - [0.04293117 0.688      0.001      0.001      0.001      0.001      0.001      0.995     ]
2024-01-29 12:46:02,703 - INFO - [0.01266892 0.826      0.22215308 0.18928358 0.18364218 0.16915429 0.23454742 0.00121955]
2024-01-29 12:46:10,812 - INFO - [0.01254357 0.826      0.21268041 0.19845985 0.18483549 0.17598259 0.21533634 0.01270539]
2024-01-29 12:46:18,919 - INFO - [0.01250484 0.827      0.21017364 0.20276123 0.18532115 0.17931096 0.20436832 0.01806463]
2024-01-29 12:46:27,016 - INFO - [0.01248725 0.827      0.20901518 0.20480095 0.18593243 0.18091619 0.19887017 0.02046517]
2024-01-29 12:46:35,072 - INFO - [0.01247937 0.827      0.20842291 0.2058304  0.18622018 0.18174155 0.19615145 0.02163346]
2024-01-29 12:46:43,212 - INFO - [0.0124754  0.827      0.20810661 0.20634305 0.1863613  0.1821754  0.19480847 0.02220518]
2024-01-29 12:46:51,256 - INFO - [0.01247343 0.827      0.20794789 0.20661664 0.18643878 0.18237755 0.19413626 0.02248282]
2024-01-29 12:46:59,296 - INFO - [0.01247246 0.827      0.20786354 0.20674157 0.18647164 0.18248722 0.19381571 0.02262031]
2024-01-29 12:47:07,329 - INFO - [0.01247195 0.827      0.2078345  0.20680691 0.18648957 0.18253738 0.19365053 0.02268113]
2024-01-29 12:47:15,410 - INFO - [0.01247169 0.827      0.20780985 0.20684245 0.1865022  0.1825587  0.19357452 0.02271229]
2024-01-29 12:47:23,445 - INFO - [0.01247156 0.827      0.20779181 0.20685211 0.1865163  0.18257904 0.19352868 0.02273208]
2024-01-29 12:47:31,483 - INFO - [0.0124716  0.827      0.20778488 0.20685783 0.18650444 0.18259929 0.1935126  0.02274093]
2024-01-29 12:47:39,559 - INFO - [0.01247163 0.827      0.20779    0.2068636  0.18649261 0.18261087 0.19349658 0.02274631]
2024-01-29 12:47:47,593 - INFO - [0.01247155 0.827      0.20778935 0.2068693  0.1865093  0.18260135 0.19348061 0.02275002]
2024-01-29 12:47:55,628 - INFO - [0.01247152 0.827      0.2077945  0.20687506 0.18649748 0.18260294 0.19348037 0.02274966]
2024-01-29 12:48:03,676 - INFO - [0.01247157 0.827      0.20779    0.20688072 0.18649435 0.18259363 0.19349407 0.02274719]
2024-01-29 12:48:11,719 - INFO - [0.01247159 0.827      0.20779383 0.20688392 0.1864825  0.1826138  0.19347803 0.02274783]
2024-01-29 12:48:19,766 - INFO - [0.01247134 0.827      0.2077719  0.20688684 0.18650019 0.18260431 0.19349179 0.02274501]
2024-01-29 12:48:27,812 - INFO - [0.01247151 0.827      0.2077771  0.20689248 0.1864889  0.18259491 0.19349527 0.02275131]
2024-01-29 12:48:35,866 - INFO - [0.01247147 0.827      0.20778227 0.20686844 0.1865066  0.1826151  0.19347925 0.02274833]
2024-01-29 12:48:35,881 - INFO - Successfully finished `test_optimize` after 167.780 seconds.
