2024-01-29 12:04:37,002 - INFO - Logging into directory _output/exp_uniform_weights/20240129/20240129_120436.
2024-01-29 12:04:37,006 - INFO - Starting `test_optimize`.
2024-01-29 12:04:43,322 - INFO - [0.01769054 0.799      0.16666667 0.16666667 0.16666667 0.16666667 0.16666667 0.16666667]
2024-01-29 12:04:51,302 - INFO - [0.01689513 0.803      0.18653706 0.18139896 0.18534487 0.17923768 0.17657098 0.09091044]
2024-01-29 12:04:59,246 - INFO - [0.01660703 0.803      0.19648002 0.1889517  0.19504966 0.18501684 0.18162586 0.05287604]
2024-01-29 12:05:07,184 - INFO - [0.01650241 0.803      0.20064792 0.19239347 0.20050584 0.18742053 0.18444891 0.03458335]
2024-01-29 12:05:15,127 - INFO - [0.01645864 0.803      0.20271435 0.19407721 0.20320795 0.18857099 0.18580958 0.02561983]
2024-01-29 12:05:23,196 - INFO - [0.01643877 0.803      0.20373607 0.19489545 0.20455314 0.18912427 0.18645588 0.02123524]
2024-01-29 12:05:31,149 - INFO - [0.01642967 0.803      0.20424259 0.19529575 0.20521572 0.18937922 0.18677194 0.0190947 ]
2024-01-29 12:05:39,051 - INFO - [0.01642514 0.803      0.20448841 0.19548726 0.20552172 0.18951352 0.18693453 0.01805467]
2024-01-29 12:05:46,981 - INFO - [0.01642322 0.803      0.20461476 0.1955891  0.205679   0.18955961 0.18701166 0.01754581]
2024-01-29 12:05:54,875 - INFO - [0.01642205 0.803      0.20468137 0.19563136 0.20577468 0.18957783 0.18703507 0.01729968]
2024-01-29 12:06:02,800 - INFO - [0.01642157 0.803      0.20471804 0.1956439  0.20581093 0.189594   0.18705279 0.01718035]
2024-01-29 12:06:10,721 - INFO - [0.01642135 0.803      0.20472504 0.19565634 0.20581734 0.18961006 0.18707035 0.01712087]
2024-01-29 12:06:18,620 - INFO - [0.01642122 0.803      0.20473202 0.19566861 0.20582376 0.18961595 0.18706432 0.01709537]
2024-01-29 12:06:26,504 - INFO - [0.01642121 0.803      0.20473883 0.19566268 0.20583013 0.18962805 0.18706061 0.01707966]
2024-01-29 12:06:34,415 - INFO - [0.01642115 0.803      0.20472698 0.19567505 0.2058365  0.18961436 0.18707635 0.01707077]
2024-01-29 12:06:42,297 - INFO - [0.01642112 0.803      0.20473398 0.19567831 0.20584287 0.18960929 0.1870646  0.0170709 ]
2024-01-29 12:06:50,182 - INFO - [0.01642108 0.803      0.20474091 0.19566099 0.20584923 0.18962528 0.18705878 0.01706483]
2024-01-29 12:06:58,032 - INFO - [0.01642115 0.803      0.20472233 0.19567291 0.2058555  0.18961157 0.1870763  0.01706131]
2024-01-29 12:07:05,901 - INFO - [0.01642104 0.803      0.20472938 0.19566692 0.20586184 0.18961254 0.18706727 0.01706212]
2024-01-29 12:07:13,740 - INFO - [0.01642107 0.803      0.20473632 0.19565365 0.20586808 0.18960775 0.18707022 0.01706402]
2024-01-29 12:07:21,578 - INFO - [0.01642107 0.803      0.20473032 0.19566606 0.20586494 0.18961002 0.18706322 0.01706546]
2024-01-29 12:07:21,735 - INFO - Successfully finished `test_optimize` after 164.729 seconds.
