2024-01-30 15:49:02,378 - INFO - Logging into directory _output/exp_011000/20240130_154902__4294967175.
2024-01-30 15:49:02,392 - INFO - Starting `test_optimize`.
2024-01-30 15:49:16,659 - INFO - [0.02860363 0.796      0.001      0.498      0.498      0.001      0.001      0.001     ]
2024-01-30 15:49:33,698 - INFO - [0.02207848 0.812      0.08247366 0.31004533 0.31453025 0.06142566 0.1404421  0.09108298]
2024-01-30 15:49:51,817 - INFO - [0.02104425 0.814      0.1428777  0.24060154 0.24691248 0.11415275 0.18067569 0.0747798 ]
2024-01-30 15:50:09,914 - INFO - [0.02086264 0.812      0.1748686  0.20688602 0.21611001 0.1394016  0.19708432 0.06564948]
2024-01-30 15:50:26,787 - INFO - [0.02085067 0.814      0.19016783 0.19056898 0.20004006 0.15288094 0.20506483 0.06127732]
2024-01-30 15:50:43,458 - INFO - [0.02085771 0.815      0.19758704 0.1823456  0.19220352 0.15988955 0.20884073 0.05913358]
2024-01-30 15:51:00,985 - INFO - [0.0208648  0.815      0.20117451 0.17819865 0.18837626 0.1635292  0.21063574 0.05808576]
2024-01-30 15:51:18,982 - INFO - [0.02086923 0.815      0.20283762 0.17604342 0.18645221 0.16533047 0.21184477 0.05749151]
2024-01-30 15:51:35,841 - INFO - [0.02087091 0.816      0.20359637 0.17492494 0.18547529 0.16622837 0.21261398 0.05716103]
2024-01-30 15:51:53,987 - INFO - [0.02087162 0.816      0.20393808 0.17434414 0.18497503 0.16666776 0.21310881 0.05696617]
2024-01-30 15:52:11,712 - INFO - [0.02087196 0.816      0.20409033 0.17402209 0.18470052 0.16688038 0.21345723 0.05684944]
2024-01-30 15:52:29,636 - INFO - [0.02087212 0.816      0.20416415 0.17386283 0.18456322 0.16699186 0.21363063 0.0567873 ]
2024-01-30 15:52:46,801 - INFO - [0.02087213 0.816      0.20419943 0.17378126 0.18449388 0.16704898 0.21372122 0.05675524]
2024-01-30 15:53:03,518 - INFO - [0.02087218 0.816      0.20421293 0.17373924 0.18446107 0.16707915 0.21377188 0.05673574]
2024-01-30 15:53:20,559 - INFO - [0.02087219 0.816      0.20421875 0.17371994 0.18444434 0.16709866 0.21379267 0.05672565]
2024-01-30 15:53:39,419 - INFO - [0.02087211 0.816      0.20422333 0.17370699 0.18443727 0.16710646 0.21380565 0.05672034]
2024-01-30 15:53:56,980 - INFO - [0.02087219 0.816      0.20422758 0.17370261 0.18443283 0.16710952 0.2138111  0.05671632]
2024-01-30 15:54:14,078 - INFO - [0.02087216 0.816      0.20423007 0.17369923 0.18443115 0.16711204 0.21381105 0.05671647]
2024-01-30 15:54:31,635 - INFO - [0.02087221 0.816      0.20423111 0.17369755 0.18442988 0.16711302 0.21381322 0.05671519]
2024-01-30 15:54:48,898 - INFO - [0.02087223 0.816      0.2042326  0.1736964  0.18442924 0.16711357 0.21381173 0.05671642]
2024-01-30 15:55:04,039 - INFO - [0.02087219 0.816      0.20423225 0.17369638 0.18442684 0.16711234 0.21381569 0.0567165 ]
2024-01-30 15:55:04,072 - INFO - Successfully finished `test_optimize` after 361.680 seconds.
