2024-01-30 15:49:01,658 - INFO - Logging into directory _output/exp_011000/20240130_154901__4294967166.
2024-01-30 15:49:01,669 - INFO - Starting `test_optimize`.
2024-01-30 15:49:16,800 - INFO - [0.01980411 0.801      0.001      0.498      0.498      0.001      0.001      0.001     ]
2024-01-30 15:49:34,576 - INFO - [0.01566872 0.817      0.08856273 0.33006918 0.31507692 0.10276783 0.15129645 0.01222687]
2024-01-30 15:49:54,828 - INFO - [0.01543298 0.819      0.13688704 0.25490987 0.22986664 0.15805084 0.20251434 0.01777129]
2024-01-30 15:50:13,413 - INFO - [0.01570615 0.821      0.16133636 0.22159974 0.19118325 0.1847479  0.21509615 0.02603657]
2024-01-30 15:50:30,577 - INFO - [0.0159245  0.822      0.17296065 0.2040571  0.17259218 0.19673042 0.22017473 0.03348494]
2024-01-30 15:50:48,133 - INFO - [0.0160596  0.822      0.17777796 0.19449016 0.16378506 0.20148273 0.22239171 0.04007238]
2024-01-30 15:51:06,035 - INFO - [0.01613197 0.822      0.18027352 0.18971148 0.15940553 0.20381524 0.22354516 0.04324905]
2024-01-30 15:51:23,964 - INFO - [0.01616949 0.822      0.18157583 0.18731746 0.15722802 0.20495594 0.22413643 0.04478623]
2024-01-30 15:51:41,749 - INFO - [0.01618833 0.822      0.1822519  0.18613449 0.15613189 0.20552589 0.22443168 0.04552422]
2024-01-30 15:51:59,466 - INFO - [0.01619808 0.821      0.1825999  0.18552716 0.15559445 0.20580037 0.22459838 0.0458797 ]
2024-01-30 15:52:16,665 - INFO - [0.01620263 0.821      0.18276906 0.18523639 0.15533172 0.20592584 0.22468266 0.04605443]
2024-01-30 15:52:34,349 - INFO - [0.01620527 0.821      0.18287794 0.18507712 0.15518962 0.2059917  0.22472385 0.04613983]
2024-01-30 15:52:51,705 - INFO - [0.01620657 0.821      0.18292783 0.18500656 0.15510771 0.20602772 0.22474861 0.04618162]
2024-01-30 15:53:08,969 - INFO - [0.01620725 0.821      0.18294789 0.18496586 0.15508486 0.20603438 0.22476733 0.04619963]
2024-01-30 15:53:25,843 - INFO - [0.01620754 0.821      0.18296796 0.18495494 0.15506206 0.20604062 0.22476234 0.04621202]
2024-01-30 15:53:43,132 - INFO - [0.01620737 0.821      0.1829627  0.18494417 0.15506902 0.20604691 0.2247574  0.04621993]
2024-01-30 15:54:01,031 - INFO - [0.01620773 0.821      0.18298067 0.18493709 0.15505709 0.20605314 0.22475262 0.04621934]
2024-01-30 15:54:18,491 - INFO - [0.01620757 0.821      0.18297096 0.18493448 0.15506397 0.20605935 0.22474764 0.04622363]
2024-01-30 15:54:35,497 - INFO - [0.01620751 0.821      0.18296127 0.18493794 0.15507086 0.20606554 0.22474308 0.04622129]
2024-01-30 15:54:53,050 - INFO - [0.01620777 0.821      0.18298003 0.18492712 0.15504843 0.2060717  0.2247541  0.04621863]
2024-01-30 15:55:07,255 - INFO - [0.01620754 0.821      0.1829703  0.18493563 0.15505539 0.20607427 0.22474912 0.04621541]
2024-01-30 15:55:07,283 - INFO - Successfully finished `test_optimize` after 365.614 seconds.
