2024-01-29 13:41:09,235 - INFO - Logging into directory _output/exp_uniform_weights/20240129/20240129_134109.
2024-01-29 13:41:09,238 - INFO - Starting `test_optimize`.
2024-01-29 13:41:15,566 - INFO - [0.01488997 0.822      0.16666667 0.16666667 0.16666667 0.16666667 0.16666667 0.16666667]
2024-01-29 13:41:23,541 - INFO - [0.01427686 0.824      0.18641163 0.18023631 0.17055979 0.17332314 0.19076355 0.09870553]
2024-01-29 13:41:31,489 - INFO - [0.01413661 0.825      0.1974674  0.18855375 0.17390391 0.17110261 0.19816194 0.07081038]
2024-01-29 13:41:39,414 - INFO - [0.01408849 0.826      0.20302773 0.19275784 0.17560755 0.16966924 0.20174749 0.05719014]
2024-01-29 13:41:47,360 - INFO - [0.01407034 0.825      0.2057921  0.19484992 0.17643219 0.16891605 0.20347361 0.05053615]
2024-01-29 13:41:55,267 - INFO - [0.0140677  0.825      0.206701   0.19613871 0.17676964 0.16834405 0.20320621 0.04884042]
2024-01-29 13:42:03,219 - INFO - [0.01406907 0.825      0.20735352 0.19634075 0.17600282 0.16824442 0.20432477 0.04773377]
2024-01-29 13:42:11,138 - INFO - [0.01407197 0.825      0.2077833  0.19634873 0.17533217 0.16803116 0.20533159 0.047173  ]
2024-01-29 13:42:19,101 - INFO - [0.01407357 0.825      0.20800079 0.19638021 0.17500372 0.1678721  0.20582749 0.04691571]
2024-01-29 13:42:27,032 - INFO - [0.01407458 0.825      0.20812179 0.19639705 0.17485391 0.16777034 0.20606257 0.0467943 ]
2024-01-29 13:42:35,082 - INFO - [0.01407503 0.825      0.20818004 0.19640753 0.17476541 0.16773589 0.20617707 0.04673404]
2024-01-29 13:42:43,022 - INFO - [0.01407518 0.825      0.20821202 0.19641508 0.17473121 0.1677099  0.20623472 0.04669712]
2024-01-29 13:42:50,971 - INFO - [0.01407542 0.825      0.20821972 0.19642802 0.1747067  0.16769043 0.2062605  0.04669465]
2024-01-29 13:42:58,903 - INFO - [0.01407538 0.825      0.20822406 0.19643216 0.17470746 0.16768575 0.20625673 0.0466939 ]
2024-01-29 13:43:06,873 - INFO - [0.01407542 0.825      0.20822939 0.19642316 0.17470436 0.16768743 0.20626558 0.04669008]
2024-01-29 13:43:14,809 - INFO - [0.01407547 0.825      0.20823254 0.19642796 0.17470044 0.16768479 0.20626391 0.04669036]
2024-01-29 13:43:22,768 - INFO - [0.01407535 0.825      0.20823614 0.1964255  0.17469883 0.16768783 0.20626585 0.04668596]
2024-01-29 13:43:30,708 - INFO - [0.01407546 0.825      0.20823798 0.19642971 0.17469925 0.16768646 0.20626192 0.04668468]
2024-01-29 13:43:38,681 - INFO - [0.01407551 0.825      0.20823926 0.19642499 0.17470066 0.16768722 0.20625754 0.0466903 ]
2024-01-29 13:43:46,647 - INFO - [0.01407554 0.825      0.20824155 0.19641854 0.17470171 0.1676883  0.20626253 0.0466873 ]
2024-01-29 13:43:54,605 - INFO - [0.01407545 0.825      0.2082428  0.19642176 0.17470101 0.16768567 0.20626129 0.04668751]
2024-01-29 13:43:54,680 - INFO - Successfully finished `test_optimize` after 165.442 seconds.
