2024-01-29 13:36:52,453 - INFO - Logging into directory _output/exp_bad_weights/20240129/20240129_133652.
2024-01-29 13:36:52,456 - INFO - Starting `test_optimize`.
2024-01-29 13:36:58,789 - INFO - [0.04387692 0.681      0.001      0.001      0.001      0.001      0.001      0.995     ]
2024-01-29 13:37:06,780 - INFO - [0.01668701 0.806      0.19783102 0.17370947 0.16803257 0.23192446 0.227046   0.00145645]
2024-01-29 13:37:14,769 - INFO - [0.0167093  0.806      0.17017019 0.15673673 0.15263295 0.20881841 0.2182595  0.09338217]
2024-01-29 13:37:22,740 - INFO - [0.0168892  0.804      0.15635435 0.14834559 0.14515643 0.19786182 0.2207621  0.13151963]
2024-01-29 13:37:30,723 - INFO - [0.01698281 0.803      0.15050964 0.14513239 0.14207101 0.1933282  0.22336151 0.14559732]
2024-01-29 13:37:38,664 - INFO - [0.01699243 0.803      0.14931445 0.14519346 0.14146866 0.19255853 0.22417492 0.14729005]
2024-01-29 13:37:46,657 - INFO - [0.01699626 0.803      0.14874633 0.14527948 0.14119646 0.1922437  0.22449969 0.14803433]
2024-01-29 13:37:54,611 - INFO - [0.01699774 0.802      0.14847293 0.14534    0.14107332 0.19210717 0.22463718 0.14836937]
2024-01-29 13:38:02,600 - INFO - [0.01699839 0.802      0.14833707 0.14537244 0.14101087 0.19204459 0.224718   0.14851697]
2024-01-29 13:38:10,547 - INFO - [0.01699861 0.802      0.14827332 0.14539437 0.14098689 0.19201566 0.22474098 0.1485887 ]
2024-01-29 13:38:18,519 - INFO - [0.01699877 0.802      0.14824337 0.14540042 0.1409743  0.19199546 0.22475941 0.14862701]
2024-01-29 13:38:26,503 - INFO - [0.01699865 0.802      0.14822668 0.14540957 0.14096504 0.19199559 0.22477236 0.14863078]
2024-01-29 13:38:34,442 - INFO - [0.01699862 0.802      0.14821611 0.14541566 0.14096019 0.1919966  0.22477636 0.1486351 ]
2024-01-29 13:38:42,351 - INFO - [0.01699874 0.802      0.14821538 0.14541376 0.14096184 0.19199081 0.22477293 0.14864527]
2024-01-29 13:38:50,300 - INFO - [0.01699877 0.802      0.14821579 0.14541239 0.14096215 0.19198573 0.22477335 0.1486506 ]
2024-01-29 13:38:58,216 - INFO - [0.01699872 0.802      0.14821301 0.14541474 0.14095782 0.19199158 0.22478129 0.14864154]
2024-01-29 13:39:06,142 - INFO - [0.01699865 0.802      0.14821444 0.14541696 0.14096127 0.1919931  0.22477211 0.14864211]
2024-01-29 13:39:14,024 - INFO - [0.01699882 0.802      0.1482147  0.14541398 0.14096265 0.19198696 0.22477339 0.14864823]
2024-01-29 13:39:21,926 - INFO - [0.01699885 0.802      0.14821324 0.14540635 0.14096369 0.19198075 0.22477916 0.14865682]
2024-01-29 13:39:29,794 - INFO - [0.01699862 0.802      0.14821218 0.14542174 0.14095363 0.19199814 0.22478242 0.14863187]
2024-01-29 13:39:37,678 - INFO - [0.01699884 0.802      0.14821547 0.14541343 0.14096139 0.19198488 0.22477038 0.1486544 ]
2024-01-29 13:39:37,691 - INFO - Successfully finished `test_optimize` after 165.236 seconds.
