2024-01-29 15:53:06,928 - INFO - Logging into directory _output/exp_good_weights/20240129/20240129_155306.
2024-01-29 15:53:06,934 - INFO - Starting `test_optimize`.
2024-01-29 15:53:15,575 - INFO - [0.01185912 0.807      0.01       0.5        0.3        0.14       0.04       0.01      ]
2024-01-29 15:53:26,055 - INFO - [0.01090847 0.815      0.1102014  0.35145646 0.23621266 0.14748394 0.10376246 0.05088308]
2024-01-29 15:53:37,065 - INFO - [0.01100252 0.821      0.16102618 0.27713954 0.20816098 0.15365677 0.12880652 0.07120995]
2024-01-29 15:53:47,673 - INFO - [0.0112552  0.82       0.18639396 0.23979208 0.19475488 0.15809058 0.14035724 0.0806112 ]
2024-01-29 15:53:57,354 - INFO - [0.01143796 0.823      0.19998004 0.22171429 0.18772946 0.15952176 0.14508167 0.0859728 ]
2024-01-29 15:54:07,061 - INFO - [0.01153808 0.823      0.20678625 0.21253575 0.18427731 0.16044973 0.14747813 0.08847276]
2024-01-29 15:54:17,190 - INFO - [0.01158059 0.823      0.2097422  0.20830858 0.18286684 0.16091323 0.14942585 0.08874326]
2024-01-29 15:54:27,378 - INFO - [0.01160245 0.823      0.21123543 0.20615794 0.18217182 0.16118482 0.15038979 0.08886025]
2024-01-29 15:54:37,925 - INFO - [0.01161355 0.823      0.21198495 0.20506196 0.18183288 0.16133711 0.15087608 0.0889071 ]
2024-01-29 15:54:48,052 - INFO - [0.01161933 0.822      0.21237472 0.20450278 0.18164504 0.16142961 0.15112379 0.08892407]
2024-01-29 15:54:58,454 - INFO - [0.01162193 0.822      0.21255828 0.20421207 0.18154673 0.16149235 0.15125227 0.08893842]
2024-01-29 15:55:08,682 - INFO - [0.01162334 0.822      0.21264991 0.20407043 0.181508   0.16152523 0.151309   0.08893739]
2024-01-29 15:55:19,230 - INFO - [0.01162405 0.822      0.21271171 0.20398845 0.18149857 0.16152832 0.15133499 0.08893791]
2024-01-29 15:55:29,769 - INFO - [0.01162444 0.822      0.2127437  0.20395111 0.18148968 0.16153142 0.1513442  0.08893985]
2024-01-29 15:55:40,134 - INFO - [0.01162461 0.822      0.21275827 0.20392881 0.18148084 0.1615347  0.15135342 0.08894399]
2024-01-29 15:55:49,367 - INFO - [0.01162462 0.822      0.21276045 0.20393358 0.18147197 0.1615378  0.15136263 0.08893357]
2024-01-29 15:55:57,619 - INFO - [0.01162469 0.822      0.21276265 0.20392515 0.18146314 0.16154091 0.15137182 0.08893635]
2024-01-29 15:56:05,752 - INFO - [0.01162486 0.822      0.21276481 0.20393091 0.18145426 0.16154398 0.15136765 0.08893828]
2024-01-29 15:56:13,853 - INFO - [0.0116248  0.822      0.212767   0.20391101 0.18145788 0.16154708 0.15137684 0.08894023]
2024-01-29 15:56:21,960 - INFO - [0.01162488 0.822      0.21276918 0.20391849 0.18144903 0.16155016 0.15137143 0.08894171]
2024-01-29 15:56:30,054 - INFO - [0.01162474 0.822      0.21277134 0.20392561 0.1814492  0.16155325 0.15136442 0.08893624]
2024-01-29 15:56:30,074 - INFO - Successfully finished `test_optimize` after 203.140 seconds.
