2024-01-29 14:02:22,515 - INFO - Logging into directory _output/exp_bad_weights/20240129/20240129_140222.
2024-01-29 14:02:22,520 - INFO - Starting `test_optimize`.
2024-01-29 14:02:29,128 - INFO - [0.04621912 0.682      0.001      0.001      0.001      0.001      0.001      0.995     ]
2024-01-29 14:02:37,397 - INFO - [0.01847372 0.812      0.20913051 0.18871796 0.17434683 0.21434292 0.21242213 0.00103967]
2024-01-29 14:02:45,674 - INFO - [0.01836228 0.812      0.207637   0.18922497 0.17311423 0.23435658 0.16695698 0.02871025]
2024-01-29 14:02:53,892 - INFO - [0.01838912 0.812      0.20584239 0.1884065  0.17226312 0.24195959 0.14616103 0.04536745]
2024-01-29 14:03:02,097 - INFO - [0.01841588 0.812      0.20486394 0.1876473  0.17190796 0.24494627 0.13788678 0.05274773]
2024-01-29 14:03:10,304 - INFO - [0.01842999 0.812      0.20439591 0.18727733 0.17178704 0.24641684 0.13381959 0.05630321]
2024-01-29 14:03:18,519 - INFO - [0.01843713 0.812      0.20419444 0.18710309 0.17175423 0.24711992 0.13181391 0.05801437]
2024-01-29 14:03:26,722 - INFO - [0.0184407  0.812      0.20408371 0.18702905 0.17175117 0.24747443 0.13082212 0.0588395 ]
2024-01-29 14:03:34,940 - INFO - [0.01844248 0.812      0.20403509 0.18698706 0.1717488  0.2476501  0.13033728 0.05924164]
2024-01-29 14:03:43,148 - INFO - [0.0184432  0.812      0.20401344 0.1869746  0.17176586 0.24772248 0.13009104 0.05943259]
2024-01-29 14:03:51,400 - INFO - [0.01844367 0.812      0.20402075 0.18696246 0.17176285 0.24776329 0.12996408 0.05952651]
2024-01-29 14:03:59,599 - INFO - [0.01844389 0.812      0.2040133  0.18695034 0.17176083 0.24778052 0.12992644 0.05956856]
2024-01-29 14:04:07,823 - INFO - [0.01844402 0.812      0.20402062 0.18693824 0.1717661  0.24779153 0.12988895 0.05959454]
2024-01-29 14:04:16,045 - INFO - [0.01844404 0.812      0.20400468 0.18694727 0.17176329 0.24780254 0.12988122 0.05960099]
2024-01-29 14:04:24,244 - INFO - [0.01844407 0.812      0.20401213 0.18693517 0.17176029 0.24781351 0.12987354 0.05960537]
2024-01-29 14:04:32,455 - INFO - [0.01844415 0.812      0.20401949 0.18692368 0.17175761 0.24782437 0.12986587 0.05960898]
2024-01-29 14:04:40,688 - INFO - [0.01844405 0.812      0.20402691 0.18694124 0.17175825 0.24780759 0.1298582  0.05960781]
2024-01-29 14:04:48,895 - INFO - [0.0184441  0.812      0.20402598 0.18693274 0.1717623  0.24781851 0.12985091 0.05960954]
2024-01-29 14:04:57,204 - INFO - [0.01844423 0.812      0.20403294 0.18693216 0.17175938 0.24781023 0.12985665 0.05960851]
2024-01-29 14:05:06,957 - INFO - [0.01844406 0.812      0.20401077 0.18694976 0.17175736 0.24782121 0.12985089 0.05961003]
2024-01-29 14:05:16,678 - INFO - [0.01844404 0.812      0.20401816 0.18693766 0.17177166 0.2478061  0.12985903 0.05960739]
2024-01-29 14:05:16,699 - INFO - Successfully finished `test_optimize` after 174.179 seconds.
