2024-01-29 12:13:11,732 - INFO - Logging into directory _output/exp_uniform_weights/20240129/20240129_121311.
2024-01-29 12:13:11,735 - INFO - Starting `test_optimize`.
2024-01-29 12:13:17,952 - INFO - [0.01481137 0.834      0.16666667 0.16666667 0.16666667 0.16666667 0.16666667 0.16666667]
2024-01-29 12:13:25,815 - INFO - [0.01429225 0.835      0.18051237 0.18057889 0.17320715 0.17908762 0.167963   0.11865094]
2024-01-29 12:13:33,671 - INFO - [0.01409573 0.835      0.18723769 0.18736579 0.17625582 0.1850763  0.16847108 0.09559333]
2024-01-29 12:13:41,511 - INFO - [0.01401441 0.836      0.19048117 0.1906608  0.17765109 0.18794452 0.16863507 0.08462735]
2024-01-29 12:13:49,356 - INFO - [0.01397851 0.836      0.19204651 0.19225535 0.17828718 0.18931167 0.16866462 0.07943461]
2024-01-29 12:13:57,299 - INFO - [0.0139622  0.836      0.19280599 0.19301577 0.17857774 0.18995579 0.16866355 0.07698116]
2024-01-29 12:14:05,151 - INFO - [0.01395463 0.836      0.19317749 0.19338736 0.17868991 0.19026957 0.16865939 0.07581627]
2024-01-29 12:14:12,977 - INFO - [0.0139511  0.836      0.19334055 0.19357964 0.17874235 0.19041826 0.16864531 0.07527386]
2024-01-29 12:14:20,836 - INFO - [0.01394942 0.836      0.19342712 0.19365378 0.17876497 0.1904934  0.16864409 0.07501668]
2024-01-29 12:14:28,663 - INFO - [0.0139486  0.836      0.19347067 0.19369721 0.17877421 0.19053145 0.16863358 0.07489292]
2024-01-29 12:14:36,500 - INFO - [0.01394836 0.836      0.19348443 0.19371085 0.17879002 0.19054693 0.16863237 0.07483529]
2024-01-29 12:14:44,321 - INFO - [0.01394809 0.836      0.19349816 0.19372445 0.17878276 0.19056147 0.16863121 0.07480189]
2024-01-29 12:14:52,148 - INFO - [0.01394812 0.836      0.19351186 0.19373804 0.17877553 0.19054736 0.16863006 0.07479714]
2024-01-29 12:14:59,950 - INFO - [0.01394818 0.836      0.1935218  0.1937516  0.17876966 0.19053538 0.16862892 0.07479265]
2024-01-29 12:15:07,811 - INFO - [0.01394802 0.836      0.19351141 0.19373882 0.1787829  0.19055091 0.16862778 0.0747882 ]
2024-01-29 12:15:15,634 - INFO - [0.01394784 0.836      0.19349587 0.19375215 0.17877567 0.19056596 0.16862664 0.07478374]
2024-01-29 12:15:23,459 - INFO - [0.01394803 0.836      0.19350959 0.19375148 0.17878214 0.19055165 0.16862549 0.0747796 ]
2024-01-29 12:15:31,282 - INFO - [0.01394801 0.836      0.19350232 0.19374147 0.17877498 0.19056694 0.16862434 0.0747899 ]
2024-01-29 12:15:39,120 - INFO - [0.01394795 0.836      0.19350536 0.19374982 0.17878357 0.19055265 0.16862321 0.07478544]
2024-01-29 12:15:46,958 - INFO - [0.01394803 0.836      0.193518   0.19373411 0.17877637 0.19056299 0.16862208 0.07478645]
2024-01-29 12:15:54,795 - INFO - [0.01394815 0.836      0.19353092 0.19374765 0.17876963 0.19054869 0.16862093 0.07478214]
2024-01-29 12:15:54,869 - INFO - Successfully finished `test_optimize` after 163.135 seconds.
