2024-01-29 15:46:52,501 - INFO - Logging into directory _output/exp_good_weights/20240129/20240129_154652.
2024-01-29 15:46:52,505 - INFO - Starting `test_optimize`.
2024-01-29 15:46:59,062 - INFO - [0.01663035 0.814      0.01       0.5        0.3        0.14       0.04       0.01      ]
2024-01-29 15:47:07,165 - INFO - [0.01438925 0.822      0.10553928 0.34271222 0.23417029 0.14056514 0.13999508 0.03701798]
2024-01-29 15:47:15,222 - INFO - [0.01403576 0.826      0.15539172 0.26734012 0.20440838 0.14565718 0.1856215  0.04158101]
2024-01-29 15:47:23,267 - INFO - [0.01400118 0.823      0.17953901 0.22909488 0.18849212 0.15377469 0.20706712 0.04203213]
2024-01-29 15:47:31,321 - INFO - [0.01401774 0.823      0.1933371  0.21283306 0.18129021 0.16324976 0.2049519  0.04433801]
2024-01-29 15:47:39,443 - INFO - [0.01405208 0.823      0.20085382 0.20492271 0.17822927 0.16435695 0.20590337 0.04573382]
2024-01-29 15:47:47,504 - INFO - [0.01406484 0.825      0.20447476 0.20075154 0.17649381 0.16592522 0.20611817 0.04623656]
2024-01-29 15:47:55,639 - INFO - [0.01407007 0.825      0.20632096 0.19862165 0.17560399 0.1667818  0.20620424 0.04646743]
2024-01-29 15:48:03,686 - INFO - [0.01407279 0.825      0.2072549  0.19753245 0.1751577  0.16722319 0.20625219 0.0465796 ]
2024-01-29 15:48:11,722 - INFO - [0.01407416 0.825      0.20773277 0.19698299 0.1749225  0.16745552 0.20627038 0.04663578]
2024-01-29 15:48:19,767 - INFO - [0.01407479 0.825      0.20797664 0.19670255 0.1748047  0.16757119 0.2062854  0.04665952]
2024-01-29 15:48:27,798 - INFO - [0.01407524 0.825      0.20810086 0.19656961 0.17474914 0.16762097 0.20628302 0.04667634]
2024-01-29 15:48:35,823 - INFO - [0.01407527 0.825      0.2081631  0.19650024 0.17472583 0.16764994 0.20627646 0.04668448]
2024-01-29 15:48:43,962 - INFO - [0.01407534 0.825      0.2081964  0.19645616 0.17471369 0.16767493 0.20627587 0.04668295]
2024-01-29 15:48:52,037 - INFO - [0.01407543 0.825      0.20821413 0.19644019 0.17470554 0.1676801  0.2062764  0.04668362]
2024-01-29 15:49:00,089 - INFO - [0.01407542 0.825      0.2082229  0.19643027 0.17470434 0.1676822  0.2062723  0.04668802]
2024-01-29 15:49:08,154 - INFO - [0.01407544 0.825      0.20822707 0.19643304 0.17470025 0.16768293 0.20626858 0.04668816]
2024-01-29 15:49:16,213 - INFO - [0.01407541 0.825      0.20822904 0.19642694 0.1747046  0.16768153 0.20626216 0.04669581]
2024-01-29 15:49:24,286 - INFO - [0.01407541 0.825      0.20823027 0.19642733 0.17470771 0.16768062 0.20625791 0.04669621]
2024-01-29 15:49:32,346 - INFO - [0.01407552 0.825      0.20823178 0.19642536 0.17470774 0.16768134 0.20626162 0.0466921 ]
2024-01-29 15:49:40,385 - INFO - [0.01407554 0.825      0.20823489 0.19642226 0.17470708 0.16768023 0.2062638  0.04669167]
2024-01-29 15:49:40,404 - INFO - Successfully finished `test_optimize` after 167.900 seconds.
