2024-01-29 12:35:56,399 - INFO - Logging into directory _output/exp_uniform_weights/20240129/20240129_123556.
2024-01-29 12:35:56,402 - INFO - Starting `test_optimize`.
2024-01-29 12:36:02,745 - INFO - [0.01776752 0.806      0.16666667 0.16666667 0.16666667 0.16666667 0.16666667 0.16666667]
2024-01-29 12:36:10,744 - INFO - [0.01734293 0.804      0.17006747 0.16457732 0.15970232 0.18047805 0.19463229 0.13054255]
2024-01-29 12:36:18,747 - INFO - [0.01735054 0.806      0.16810526 0.15997373 0.15243739 0.18590555 0.20409027 0.12948778]
2024-01-29 12:36:26,723 - INFO - [0.01735405 0.806      0.1679946  0.15828463 0.14951457 0.18910486 0.20550959 0.12959172]
2024-01-29 12:36:34,736 - INFO - [0.01735481 0.806      0.16808492 0.15755738 0.1482179  0.19074875 0.20575225 0.12963873]
2024-01-29 12:36:42,698 - INFO - [0.01735522 0.806      0.1681516  0.15720755 0.14759493 0.19155513 0.20582296 0.12966776]
2024-01-29 12:36:50,691 - INFO - [0.01735537 0.806      0.16819492 0.15704243 0.14729682 0.1919473  0.20584323 0.12967531]
2024-01-29 12:36:58,649 - INFO - [0.01735543 0.806      0.16821809 0.15696073 0.14714749 0.19213447 0.20586531 0.12967397]
2024-01-29 12:37:06,632 - INFO - [0.01735556 0.806      0.16823211 0.15692317 0.14707737 0.19222611 0.20586973 0.12967145]
2024-01-29 12:37:14,674 - INFO - [0.01735556 0.806      0.16823886 0.15690342 0.14704259 0.19227064 0.205872   0.12967248]
2024-01-29 12:37:22,666 - INFO - [0.01735585 0.806      0.16824277 0.15688697 0.14701943 0.19229779 0.20586282 0.12969014]
2024-01-29 12:37:30,634 - INFO - [0.01735558 0.806      0.16824618 0.15688734 0.14701736 0.19230464 0.20586945 0.12967506]
2024-01-29 12:37:38,618 - INFO - [0.01735603 0.806      0.16823983 0.15688276 0.14700912 0.19229439 0.20586142 0.12971246]
2024-01-29 12:37:46,599 - INFO - [0.01735603 0.806      0.16824108 0.15687275 0.14700282 0.19231126 0.20585816 0.12971394]
2024-01-29 12:37:54,595 - INFO - [0.0173556  0.806      0.16824676 0.15688609 0.14701489 0.1923053  0.20587344 0.12967353]
2024-01-29 12:38:02,551 - INFO - [0.01735577 0.806      0.1682454  0.15688019 0.14700614 0.1923131  0.20586954 0.1296856 ]
2024-01-29 12:38:10,536 - INFO - [0.01735601 0.806      0.16824266 0.15686941 0.14699583 0.19232143 0.20586132 0.12970933]
2024-01-29 12:38:18,494 - INFO - [0.01735582 0.806      0.16824408 0.15687452 0.14700152 0.19231665 0.20586909 0.12969415]
2024-01-29 12:38:26,456 - INFO - [0.01735572 0.806      0.16824621 0.15688373 0.147009   0.19231209 0.20587254 0.12967633]
2024-01-29 12:38:34,403 - INFO - [0.01735571 0.806      0.16824511 0.15688075 0.14700657 0.1923155  0.20586804 0.12968403]
2024-01-29 12:38:42,399 - INFO - [0.0173559  0.806      0.16824126 0.15686871 0.14699361 0.1923255  0.20586143 0.12970957]
2024-01-29 12:38:42,420 - INFO - Successfully finished `test_optimize` after 166.018 seconds.
