2024-01-29 13:24:03,948 - INFO - Logging into directory _output/exp_uniform_weights/20240129/20240129_132403.
2024-01-29 13:24:03,950 - INFO - Starting `test_optimize`.
2024-01-29 13:24:10,192 - INFO - [0.01039706 0.815      0.16666667 0.16666667 0.16666667 0.16666667 0.16666667 0.16666667]
2024-01-29 13:24:18,089 - INFO - [0.00970018 0.817      0.17701352 0.17267804 0.16921987 0.17478195 0.21286455 0.09344207]
2024-01-29 13:24:26,000 - INFO - [0.00950547 0.817      0.18217601 0.17568584 0.17233685 0.17865407 0.23426424 0.056883  ]
2024-01-29 13:24:33,882 - INFO - [0.00943558 0.817      0.18547419 0.1778937  0.17526205 0.18067351 0.24172403 0.03897246]
2024-01-29 13:24:41,773 - INFO - [0.00939529 0.817      0.18766598 0.17976427 0.17750363 0.18227443 0.2417711  0.03102062]
2024-01-29 13:24:49,641 - INFO - [0.00937642 0.817      0.18875524 0.18068157 0.17859949 0.18304019 0.24181172 0.02711179]
2024-01-29 13:24:57,541 - INFO - [0.00936758 0.817      0.18927953 0.18114983 0.17912871 0.18341786 0.24182683 0.02519712]
2024-01-29 13:25:05,413 - INFO - [0.00936306 0.817      0.18954244 0.18137956 0.17938945 0.18359178 0.24184155 0.02425531]
2024-01-29 13:25:13,322 - INFO - [0.00936096 0.817      0.18967767 0.18148997 0.17951846 0.18369468 0.24182691 0.02379235]
2024-01-29 13:25:21,178 - INFO - [0.00936003 0.817      0.18974692 0.18154073 0.17957042 0.18374318 0.2418377  0.02356103]
2024-01-29 13:25:29,055 - INFO - [0.0093595  0.817      0.18979254 0.18156976 0.17959385 0.18376273 0.24182849 0.02345262]
2024-01-29 13:25:36,920 - INFO - [0.00935919 0.817      0.18980435 0.18159059 0.17961591 0.18376933 0.24182522 0.02339461]
2024-01-29 13:25:44,795 - INFO - [0.00935912 0.817      0.18981515 0.18158256 0.17963696 0.18376021 0.24183975 0.02336542]
2024-01-29 13:25:52,661 - INFO - [0.00935902 0.817      0.18980224 0.18159778 0.17962927 0.18377928 0.24183688 0.02335457]
2024-01-29 13:26:00,546 - INFO - [0.0093591  0.817      0.18981783 0.18158935 0.17962162 0.18376912 0.2418499  0.02335219]
2024-01-29 13:26:08,406 - INFO - [0.00935905 0.817      0.18980403 0.18158701 0.17964169 0.18378244 0.24183472 0.02335011]
2024-01-29 13:26:16,260 - INFO - [0.00935914 0.817      0.18981116 0.1815924  0.17963398 0.18377224 0.24184307 0.02334706]
2024-01-29 13:26:24,111 - INFO - [0.00935913 0.817      0.18982369 0.18159173 0.17962627 0.18376355 0.24184775 0.02334696]
2024-01-29 13:26:31,976 - INFO - [0.00935904 0.817      0.18980987 0.18161227 0.17962481 0.18376863 0.24183586 0.02334851]
2024-01-29 13:26:39,831 - INFO - [0.00935899 0.817      0.18980689 0.18160339 0.17961966 0.18378274 0.24183823 0.02334911]
2024-01-29 13:26:47,686 - INFO - [0.00935904 0.817      0.18981057 0.18159451 0.17963351 0.18377255 0.24184044 0.02334844]
2024-01-29 13:26:47,701 - INFO - Successfully finished `test_optimize` after 163.751 seconds.
