2024-01-29 14:53:17,363 - INFO - Logging into directory _output/exp_good_weights/20240129/20240129_145317.
2024-01-29 14:53:17,365 - INFO - Starting `test_optimize`.
2024-01-29 14:53:23,898 - INFO - [0.0170877 0.812     0.01      0.5       0.3       0.14      0.04      0.01     ]
2024-01-29 14:53:32,052 - INFO - [0.01537929 0.817      0.09561934 0.3375293  0.2175786  0.16835892 0.16818218 0.01273161]
2024-01-29 14:53:40,233 - INFO - [0.01554873 0.819      0.14000587 0.26312068 0.18505818 0.18923587 0.20142655 0.0211528 ]
2024-01-29 14:53:48,397 - INFO - [0.01580471 0.82       0.16220297 0.22481573 0.17012912 0.19890578 0.21309012 0.03085621]
2024-01-29 14:53:56,571 - INFO - [0.01598453 0.821      0.17317471 0.20530026 0.16222632 0.20344023 0.21878786 0.03707062]
2024-01-29 14:54:04,807 - INFO - [0.01609184 0.821      0.17793691 0.19521227 0.15854707 0.20472869 0.22176524 0.04180991]
2024-01-29 14:54:13,178 - INFO - [0.01614868 0.821      0.18038072 0.19012392 0.15675916 0.20539044 0.22325549 0.04409027]
2024-01-29 14:54:21,509 - INFO - [0.01617798 0.82       0.18165201 0.18754947 0.15587899 0.20572445 0.22400346 0.04519161]
2024-01-29 14:54:29,863 - INFO - [0.01619267 0.821      0.1822982  0.18625614 0.15545839 0.20587987 0.22438593 0.04572154]
2024-01-29 14:54:38,188 - INFO - [0.01620006 0.821      0.18261644 0.18560584 0.15525647 0.20597543 0.22456925 0.04597659]
2024-01-29 14:54:46,433 - INFO - [0.01620405 0.821      0.18278559 0.18527287 0.15514417 0.2060118  0.22468148 0.04610403]
2024-01-29 14:54:54,561 - INFO - [0.01620579 0.821      0.18286651 0.18511283 0.15509154 0.20604765 0.22471301 0.04616844]
2024-01-29 14:55:02,687 - INFO - [0.01620671 0.821      0.1829164  0.18502866 0.15506873 0.20605385 0.22473782 0.04619454]
2024-01-29 14:55:10,845 - INFO - [0.01620725 0.821      0.18293649 0.1849879  0.15505551 0.20606001 0.22475743 0.04620261]
2024-01-29 14:55:19,008 - INFO - [0.01620738 0.821      0.18295655 0.18497252 0.1550445  0.20606618 0.22475244 0.04620785]
2024-01-29 14:55:27,158 - INFO - [0.0162074  0.821      0.18295802 0.18496157 0.1550515  0.20607221 0.22474746 0.04620929]
2024-01-29 14:55:35,302 - INFO - [0.01620753 0.821      0.18296117 0.18495065 0.15505841 0.20606786 0.22474723 0.04621466]
2024-01-29 14:55:43,457 - INFO - [0.0162075  0.821      0.18296361 0.18493976 0.15506473 0.20606926 0.22475028 0.0462124 ]
2024-01-29 14:55:51,599 - INFO - [0.01620757 0.821      0.1829724  0.1849312  0.15505724 0.20607392 0.22474767 0.04621763]
2024-01-29 14:55:59,743 - INFO - [0.01620742 0.821      0.1829627  0.18494722 0.1550632  0.20605119 0.22476043 0.04621534]
2024-01-29 14:56:07,883 - INFO - [0.01620756 0.821      0.18296683 0.1849367  0.15506761 0.20605741 0.22475545 0.04621599]
2024-01-29 14:56:07,901 - INFO - Successfully finished `test_optimize` after 170.535 seconds.
