2024-01-29 14:28:02,771 - INFO - Logging into directory _output/exp_good_weights/20240129/20240129_142802.
2024-01-29 14:28:02,775 - INFO - Starting `test_optimize`.
2024-01-29 14:28:09,160 - INFO - [0.01858616 0.805      0.01       0.5        0.3        0.14       0.04       0.01      ]
2024-01-29 14:28:17,192 - INFO - [0.01693045 0.817      0.09468282 0.34285161 0.22856207 0.14737284 0.16068897 0.02584175]
2024-01-29 14:28:25,227 - INFO - [0.01675018 0.818      0.13861547 0.26257518 0.19424412 0.15224284 0.21545725 0.03686514]
2024-01-29 14:28:33,241 - INFO - [0.01680513 0.817      0.16233014 0.22102223 0.17906013 0.15482616 0.23961022 0.04315116]
2024-01-29 14:28:41,278 - INFO - [0.01684321 0.819      0.17707291 0.20196401 0.17320858 0.15864702 0.24396065 0.04514686]
2024-01-29 14:28:49,274 - INFO - [0.01682404 0.818      0.18626001 0.19413911 0.17220646 0.16275766 0.24433862 0.04029812]
2024-01-29 14:28:57,301 - INFO - [0.01681455 0.817      0.1913037  0.19024478 0.17189404 0.16518971 0.24398912 0.03737863]
2024-01-29 14:29:05,320 - INFO - [0.01680294 0.817      0.19463329 0.18820484 0.17143916 0.16770472 0.24323025 0.03478777]
2024-01-29 14:29:13,338 - INFO - [0.01680285 0.816      0.19612366 0.18685588 0.1709535  0.16871507 0.24302322 0.03432862]
2024-01-29 14:29:21,350 - INFO - [0.01680294 0.816      0.19683865 0.18612877 0.17065525 0.16935551 0.24294636 0.0340756 ]
2024-01-29 14:29:29,354 - INFO - [0.01680072 0.815      0.19730534 0.18586653 0.17059706 0.16986315 0.24272436 0.03364356]
2024-01-29 14:29:37,363 - INFO - [0.01679931 0.815      0.19753528 0.18572931 0.17056012 0.17018893 0.24256523 0.03342115]
2024-01-29 14:29:45,369 - INFO - [0.01679843 0.815      0.19768433 0.18567833 0.1705676  0.17031135 0.24246527 0.03329313]
2024-01-29 14:29:53,357 - INFO - [0.01679812 0.815      0.19774459 0.18563958 0.17055668 0.1703973  0.24242838 0.03323351]
2024-01-29 14:30:01,394 - INFO - [0.01679797 0.815      0.19774394 0.18560165 0.17052515 0.17051107 0.24240465 0.03321353]
2024-01-29 14:30:09,373 - INFO - [0.01679775 0.815      0.19774742 0.18558621 0.17051224 0.17057747 0.24237008 0.03320663]
2024-01-29 14:30:17,371 - INFO - [0.01679779 0.815      0.19774988 0.18558159 0.1705084  0.17061178 0.24234067 0.03320763]
2024-01-29 14:30:25,378 - INFO - [0.0167976  0.815      0.19774763 0.18557663 0.17050226 0.17063342 0.24233779 0.03320233]
2024-01-29 14:30:33,377 - INFO - [0.01679769 0.815      0.19773957 0.18556827 0.17049322 0.17066459 0.24232852 0.03320577]
2024-01-29 14:30:41,352 - INFO - [0.01679759 0.815      0.19775242 0.18557414 0.17050344 0.17065224 0.24231307 0.03320471]
2024-01-29 14:30:49,355 - INFO - [0.01679761 0.815      0.19773236 0.18556303 0.17048684 0.17069007 0.24231647 0.03321128]
2024-01-29 14:30:49,372 - INFO - Successfully finished `test_optimize` after 166.598 seconds.
