2024-01-29 13:56:45,251 - INFO - Logging into directory _output/exp_good_weights/20240129/20240129_135645.
2024-01-29 13:56:45,255 - INFO - Starting `test_optimize`.
2024-01-29 13:56:51,888 - INFO - [0.02097772 0.805      0.01       0.5        0.3        0.14       0.04       0.01      ]
2024-01-29 13:57:01,504 - INFO - [0.01964148 0.809      0.0988865  0.35034582 0.2415906  0.15849139 0.12284981 0.02783594]
2024-01-29 13:57:11,040 - INFO - [0.0196545  0.811      0.14551421 0.27422029 0.21374004 0.16756757 0.15652171 0.04243613]
2024-01-29 13:57:20,539 - INFO - [0.01990132 0.811      0.16970752 0.23662792 0.19904242 0.17215198 0.17343099 0.04903917]
2024-01-29 13:57:30,025 - INFO - [0.02007637 0.811      0.18200655 0.21761066 0.1917679  0.17440543 0.18090045 0.05330893]
2024-01-29 13:57:39,506 - INFO - [0.02015814 0.811      0.1876868  0.20625296 0.1946459  0.17466851 0.18293461 0.05381118]
2024-01-29 13:57:49,005 - INFO - [0.02019848 0.811      0.19068243 0.20036586 0.19612446 0.17488143 0.18390477 0.05404104]
2024-01-29 13:57:58,178 - INFO - [0.02022001 0.811      0.1922466  0.19730777 0.19688129 0.17505319 0.18436825 0.05414291]
2024-01-29 13:58:06,263 - INFO - [0.02023107 0.811      0.1930652  0.19573455 0.19728014 0.17516565 0.18456934 0.05418518]
2024-01-29 13:58:14,354 - INFO - [0.02023711 0.811      0.19349635 0.19491304 0.19747153 0.17522663 0.18467778 0.05421465]
2024-01-29 13:58:22,501 - INFO - [0.02024015 0.811      0.1937186  0.19448072 0.19757223 0.17527691 0.18472658 0.05422496]
2024-01-29 13:58:30,555 - INFO - [0.02024176 0.811      0.19385108 0.19425577 0.19762023 0.17530152 0.18474557 0.05422581]
2024-01-29 13:58:38,659 - INFO - [0.02024248 0.811      0.19389746 0.19414993 0.19765154 0.1753051  0.18476456 0.05423145]
2024-01-29 13:58:46,751 - INFO - [0.02024291 0.811      0.19394071 0.19410363 0.19766277 0.17529996 0.18476219 0.0542307 ]
2024-01-29 13:58:54,866 - INFO - [0.02024307 0.811      0.1939542  0.19405745 0.19767402 0.17532137 0.1847645  0.0542285 ]
2024-01-29 13:59:02,928 - INFO - [0.02024325 0.811      0.19396761 0.19404107 0.1976852  0.17531623 0.18476154 0.05422834]
2024-01-29 13:59:11,006 - INFO - [0.02024324 0.811      0.19397137 0.19404081 0.19769393 0.17531107 0.18475653 0.05422625]
2024-01-29 13:59:19,068 - INFO - [0.02024339 0.811      0.19398479 0.19403513 0.1976755  0.17530753 0.18477549 0.05422154]
2024-01-29 13:59:27,139 - INFO - [0.02024329 0.811      0.19396931 0.19404547 0.19768672 0.17530614 0.18476775 0.05422453]
2024-01-29 13:59:35,190 - INFO - [0.02024324 0.811      0.19397876 0.19404843 0.19768368 0.17530213 0.18475693 0.05423003]
2024-01-29 13:59:43,272 - INFO - [0.02024337 0.811      0.19396336 0.19403204 0.19768992 0.17531163 0.18477236 0.05423065]
2024-01-29 13:59:43,293 - INFO - Successfully finished `test_optimize` after 178.039 seconds.
