2024-01-29 17:45:43,768 - INFO - Logging into directory _output/exp_011100_/20240129_174543__4294967186.
2024-01-29 17:45:43,773 - INFO - Starting `test_optimize`.
2024-01-29 17:46:02,162 - INFO - [0.01344256 0.806      0.001      0.332      0.332      0.332      0.001      0.001     ]
2024-01-29 17:46:25,747 - INFO - [0.01101382 0.818      0.10069422 0.25889549 0.24767323 0.23964871 0.1146732  0.03841519]
2024-01-29 17:46:49,485 - INFO - [0.0111095  0.82       0.15684183 0.22952771 0.21627609 0.20087408 0.13311465 0.06336562]
2024-01-29 17:47:15,683 - INFO - [0.01130186 0.821      0.18492356 0.21479112 0.20122993 0.18176362 0.14220393 0.07508777]
2024-01-29 17:47:37,963 - INFO - [0.01145093 0.823      0.19925359 0.20953177 0.19169053 0.1710863  0.14589494 0.08254288]
2024-01-29 17:48:00,037 - INFO - [0.01153627 0.823      0.20596935 0.20669255 0.1865557  0.16626164 0.14861843 0.08590227]
2024-01-29 17:48:22,317 - INFO - [0.01158045 0.823      0.20934144 0.20529698 0.1840003  0.16387917 0.14998911 0.08749296]
2024-01-29 17:48:44,600 - INFO - [0.01160279 0.823      0.21104336 0.20458974 0.18273802 0.16269311 0.15068363 0.08825222]
2024-01-29 17:49:06,469 - INFO - [0.01161428 0.822      0.21190417 0.20423964 0.18210283 0.16212054 0.1510208  0.08861195]
2024-01-29 17:49:29,472 - INFO - [0.01161958 0.822      0.21232694 0.20406841 0.18179573 0.16182542 0.15119478 0.08878864]
2024-01-29 17:49:51,313 - INFO - [0.0116221  0.822      0.2125397  0.20398647 0.18163779 0.16167954 0.15129131 0.08886524]
2024-01-29 17:50:16,134 - INFO - [0.01162351 0.822      0.21266116 0.20394592 0.18154064 0.16162291 0.15133035 0.08889904]
2024-01-29 17:50:38,737 - INFO - [0.01162416 0.822      0.21272294 0.2039236  0.18150195 0.16159593 0.15133956 0.08891604]
2024-01-29 17:51:02,568 - INFO - [0.01162445 0.822      0.2127514  0.20392002 0.1814875  0.16156919 0.15134875 0.08892312]
2024-01-29 17:51:24,342 - INFO - [0.01162458 0.822      0.21275355 0.20392738 0.1814786  0.16155738 0.15135795 0.08892506]
2024-01-29 17:51:46,181 - INFO - [0.01162465 0.822      0.21275574 0.20391774 0.18146974 0.16156046 0.15136714 0.08892917]
2024-01-29 17:52:09,189 - INFO - [0.01162463 0.822      0.21275792 0.20392515 0.18146089 0.16156355 0.15136136 0.08893117]
2024-01-29 17:52:29,814 - INFO - [0.01162478 0.822      0.21276006 0.20391859 0.18145202 0.16156659 0.15136972 0.08893298]
2024-01-29 17:52:51,064 - INFO - [0.01162472 0.822      0.21276225 0.20392607 0.18144645 0.16156968 0.15135996 0.08893562]
2024-01-29 17:53:12,200 - INFO - [0.0116248  0.822      0.21276441 0.20391437 0.18144736 0.16156778 0.15136915 0.08893695]
2024-01-29 17:53:24,391 - INFO - [0.0116248  0.822      0.21276656 0.20392177 0.1814494  0.16156071 0.15136269 0.08893888]
2024-01-29 17:53:24,421 - INFO - Successfully finished `test_optimize` after 460.647 seconds.
