2024-01-29 16:28:05,162 - INFO - Logging into directory _output/exp_nice_weights/20240129_162805__4294967169.
2024-01-29 16:28:05,169 - INFO - Starting `test_optimize`.
2024-01-29 16:28:18,226 - INFO - [0.01172147 0.803      0.332      0.332      0.332      0.001      0.001      0.001     ]
2024-01-29 16:28:33,832 - INFO - [0.00912326 0.813      0.26544097 0.26005614 0.25045979 0.09015683 0.12073906 0.01314722]
2024-01-29 16:28:49,428 - INFO - [0.00891637 0.818      0.2347565  0.22492732 0.21167864 0.13453138 0.17401312 0.02009301]
2024-01-29 16:29:04,977 - INFO - [0.00899804 0.816      0.21822171 0.20677078 0.19295771 0.15635787 0.19609779 0.02959421]
2024-01-29 16:29:20,499 - INFO - [0.00908089 0.816      0.21010724 0.19792506 0.18410359 0.16739964 0.20612979 0.03433472]
2024-01-29 16:29:35,926 - INFO - [0.00912934 0.815      0.20521811 0.19392787 0.17995176 0.17218292 0.21220656 0.03651284]
2024-01-29 16:29:51,427 - INFO - [0.00915048 0.815      0.2023056  0.19245207 0.17793752 0.17494974 0.2151072  0.03724794]
2024-01-29 16:30:06,887 - INFO - [0.00916058 0.815      0.20087519 0.19172278 0.17694783 0.17633909 0.21649309 0.0376221 ]
2024-01-29 16:30:22,361 - INFO - [0.00916555 0.815      0.20016961 0.19138008 0.17646511 0.17701842 0.21714868 0.03781812]
2024-01-29 16:30:37,810 - INFO - [0.00916807 0.815      0.19982189 0.19119968 0.17622097 0.17736962 0.21747583 0.03791209]
2024-01-29 16:30:53,275 - INFO - [0.00916933 0.815      0.19965312 0.19112396 0.17609702 0.17754193 0.21762411 0.03795985]
2024-01-29 16:31:08,736 - INFO - [0.00917006 0.815      0.1995738  0.19107954 0.17603183 0.17762479 0.21770608 0.03798389]
2024-01-29 16:31:19,502 - INFO - [0.00917018 0.815      0.19952433 0.19105798 0.17601624 0.17767258 0.2177351  0.03799381]
2024-01-29 16:31:27,502 - INFO - [0.00917038 0.815      0.19950464 0.19104336 0.17601003 0.17769082 0.21775874 0.03799238]
2024-01-29 16:31:35,689 - INFO - [0.00917047 0.815      0.19951451 0.19102883 0.1760045  0.17768598 0.21775798 0.03800823]
2024-01-29 16:31:44,120 - INFO - [0.0091706  0.815      0.19949487 0.19102913 0.17599893 0.17770906 0.21775718 0.03801075]
2024-01-29 16:31:52,571 - INFO - [0.00917052 0.815      0.19950496 0.19103082 0.17599338 0.1777025  0.21775641 0.03801195]
2024-01-29 16:32:00,965 - INFO - [0.00917063 0.815      0.19950797 0.19103062 0.17598785 0.17769594 0.21775563 0.03802194]
2024-01-29 16:32:09,401 - INFO - [0.00917059 0.815      0.19949736 0.19103126 0.17598291 0.17771533 0.21775486 0.03801828]
2024-01-29 16:32:17,791 - INFO - [0.00917062 0.815      0.1995052  0.19103445 0.17598079 0.17770876 0.21775408 0.03801667]
2024-01-29 16:32:26,172 - INFO - [0.00917062 0.815      0.19951512 0.19103251 0.17598152 0.17770222 0.21775368 0.03801493]
2024-01-29 16:32:26,190 - INFO - Successfully finished `test_optimize` after 261.021 seconds.
