2024-01-30 15:49:01,835 - INFO - Logging into directory _output/exp_011000/20240130_154901__4294967188.
2024-01-30 15:49:01,858 - INFO - Starting `test_optimize`.
2024-01-30 15:49:16,549 - INFO - [0.01336628 0.827      0.001      0.498      0.498      0.001      0.001      0.001     ]
2024-01-30 15:49:34,860 - INFO - [0.00980127 0.847      0.0906209  0.33473817 0.33304581 0.07195777 0.13767546 0.03196188]
2024-01-30 15:49:52,199 - INFO - [0.00937618 0.846      0.13686757 0.25337362 0.25369832 0.10673638 0.19988658 0.04943754]
2024-01-30 15:50:09,536 - INFO - [0.0095247  0.845      0.16307281 0.21253304 0.21569152 0.1264542  0.22350344 0.05874503]
2024-01-30 15:50:27,133 - INFO - [0.00964796 0.846      0.1765739  0.19300078 0.19710517 0.13949999 0.22960784 0.0642123 ]
2024-01-30 15:50:43,675 - INFO - [0.00972467 0.847      0.18347374 0.18302011 0.18768609 0.1464323  0.23250857 0.06687918]
2024-01-30 15:50:59,948 - INFO - [0.00976637 0.847      0.18699032 0.17791684 0.18290946 0.15011701 0.23388325 0.06818316]
2024-01-30 15:51:16,621 - INFO - [0.00978868 0.847      0.1887939  0.17529982 0.18048708 0.15206814 0.23452865 0.06882239]
2024-01-30 15:51:33,076 - INFO - [0.00980014 0.848      0.18970393 0.17395447 0.17925753 0.15310495 0.23484495 0.06913412]
2024-01-30 15:51:50,137 - INFO - [0.00980548 0.848      0.19016667 0.17328152 0.1786245  0.15364932 0.23498419 0.06929376]
2024-01-30 15:52:06,640 - INFO - [0.00980825 0.848      0.19040652 0.17292044 0.17830127 0.15394233 0.23506233 0.06936703]
2024-01-30 15:52:23,278 - INFO - [0.00980941 0.848      0.19053824 0.17273803 0.17814542 0.15409891 0.23508096 0.06939846]
2024-01-30 15:52:39,725 - INFO - [0.00981008 0.848      0.19059123 0.17264508 0.17805576 0.15419047 0.23509955 0.06941795]
2024-01-30 15:52:56,619 - INFO - [0.00981038 0.848      0.1906067  0.17261165 0.17801917 0.15422775 0.23511609 0.06941863]
2024-01-30 15:53:13,753 - INFO - [0.0098108  0.848      0.19062217 0.17257833 0.17798668 0.15424749 0.23513302 0.06943221]
2024-01-30 15:53:30,868 - INFO - [0.00981083 0.848      0.19063759 0.17257479 0.17797989 0.15425494 0.23512174 0.06943095]
2024-01-30 15:53:48,440 - INFO - [0.00981073 0.848      0.19065295 0.17257127 0.17797314 0.15426241 0.23511052 0.0694297 ]
2024-01-30 15:54:05,850 - INFO - [0.00981081 0.848      0.19064526 0.17256777 0.17796639 0.15426987 0.23512223 0.06942846]
2024-01-30 15:54:23,212 - INFO - [0.0098108  0.848      0.19066049 0.17256428 0.17795967 0.15427734 0.23511103 0.0694272 ]
2024-01-30 15:54:40,914 - INFO - [0.00981054 0.848      0.19064617 0.1725608  0.17797969 0.15428117 0.23510207 0.06943019]
2024-01-30 15:54:57,818 - INFO - [0.00981083 0.848      0.19065039 0.17255728 0.17797293 0.15426986 0.23512053 0.06942895]
2024-01-30 15:54:57,892 - INFO - Successfully finished `test_optimize` after 356.034 seconds.
