2024-01-29 16:28:05,155 - INFO - Logging into directory _output/exp_nice_weights/20240129_162805__4294967158.
2024-01-29 16:28:05,165 - INFO - Starting `test_optimize`.
2024-01-29 16:28:18,155 - INFO - [0.0197762 0.78      0.332     0.332     0.332     0.001     0.001     0.001    ]
2024-01-29 16:28:30,954 - INFO - [0.01448587 0.801      0.22963952 0.20742486 0.19939281 0.16351266 0.16328718 0.03674291]
2024-01-29 16:28:44,474 - INFO - [0.01426371 0.804      0.21124396 0.18771589 0.18804218 0.19442289 0.16806325 0.05051178]
2024-01-29 16:29:00,028 - INFO - [0.01419403 0.804      0.20288038 0.17765981 0.18335353 0.20981616 0.17046291 0.05582718]
2024-01-29 16:29:15,567 - INFO - [0.01418884 0.804      0.19849907 0.17261839 0.18182968 0.21675338 0.17017366 0.06012586]
2024-01-29 16:29:33,234 - INFO - [0.014192   0.803      0.19603756 0.169964   0.18148471 0.22024357 0.16970721 0.06256291]
2024-01-29 16:29:48,715 - INFO - [0.01419425 0.803      0.1948418  0.16859192 0.18132685 0.22197159 0.16950193 0.0637659 ]
2024-01-29 16:30:04,195 - INFO - [0.01419564 0.802      0.19425911 0.16787603 0.18125844 0.22283192 0.16941389 0.06436057]
2024-01-29 16:30:19,666 - INFO - [0.01419638 0.802      0.19397458 0.1675179  0.18122073 0.2232516  0.16938247 0.0646527 ]
2024-01-29 16:30:35,125 - INFO - [0.01419475 0.802      0.19410686 0.16745913 0.1810322  0.2233071  0.16961913 0.06447559]
2024-01-29 16:30:50,581 - INFO - [0.01419599 0.802      0.19391166 0.16729522 0.1811129  0.22348164 0.16949411 0.06470449]
2024-01-29 16:31:06,044 - INFO - [0.01419453 0.802      0.19407403 0.16735451 0.18097006 0.22341794 0.16967119 0.06451234]
2024-01-29 16:31:21,518 - INFO - [0.01419591 0.802      0.19389531 0.16723672 0.18108067 0.22354323 0.16951998 0.06472412]
2024-01-29 16:31:29,490 - INFO - [0.01419451 0.802      0.19405779 0.16732578 0.18095294 0.22344968 0.16969667 0.06451712]
2024-01-29 16:31:37,545 - INFO - [0.01419583 0.802      0.1938924  0.1672342  0.18106551 0.22356449 0.16951612 0.06472731]
2024-01-29 16:31:45,790 - INFO - [0.01419442 0.802      0.19405489 0.16732329 0.18094124 0.22347076 0.16968955 0.06452031]
2024-01-29 16:31:53,817 - INFO - [0.01419588 0.802      0.1938895  0.16723351 0.18108152 0.223556   0.16950907 0.06473048]
2024-01-29 16:32:02,065 - INFO - [0.01419452 0.802      0.19405195 0.16732262 0.18095376 0.22346237 0.169686   0.06452329]
2024-01-29 16:32:10,188 - INFO - [0.01419586 0.802      0.19388656 0.16723284 0.18106687 0.22357443 0.16950589 0.06473342]
2024-01-29 16:32:18,231 - INFO - [0.01419455 0.802      0.19404903 0.16732195 0.1809396  0.22348008 0.16968285 0.06452641]
2024-01-29 16:32:26,228 - INFO - [0.014196   0.802      0.19388363 0.16723214 0.18107991 0.22356518 0.16950274 0.06473636]
2024-01-29 16:32:26,246 - INFO - Successfully finished `test_optimize` after 261.080 seconds.
