2024-01-29 17:45:43,867 - INFO - Logging into directory _output/exp_011100_/20240129_174543__4294967144.
2024-01-29 17:45:43,875 - INFO - Starting `test_optimize`.
2024-01-29 17:46:01,948 - INFO - [0.02233887 0.773      0.001      0.332      0.332      0.332      0.001      0.001     ]
2024-01-29 17:46:24,247 - INFO - [0.0196461  0.788      0.19629069 0.18174884 0.14578097 0.1731679  0.26667199 0.0363395 ]
2024-01-29 17:46:49,150 - INFO - [0.01949466 0.788      0.1900543  0.18122569 0.16252188 0.18110824 0.25984967 0.02524022]
2024-01-29 17:47:15,311 - INFO - [0.01950157 0.788      0.19352214 0.18013252 0.15907708 0.1811595  0.26026863 0.02584012]
2024-01-29 17:47:36,959 - INFO - [0.01950174 0.788      0.19249684 0.18041658 0.15937145 0.18115173 0.26087487 0.02568858]
2024-01-29 17:48:01,093 - INFO - [0.01950148 0.788      0.19265969 0.18038461 0.15938103 0.1811426  0.26076984 0.02566233]
2024-01-29 17:48:22,054 - INFO - [0.01950162 0.788      0.19264397 0.18038298 0.15938546 0.18114112 0.26077357 0.02567291]
2024-01-29 17:48:43,554 - INFO - [0.0195017  0.788      0.1926443  0.18038414 0.15938611 0.18113869 0.26077533 0.02567137]
2024-01-29 17:49:06,260 - INFO - [0.0195016  0.788      0.19263718 0.18038969 0.15938081 0.1811409  0.26077858 0.02567289]
2024-01-29 17:49:29,073 - INFO - [0.01950173 0.788      0.19264358 0.18038152 0.15938528 0.18113311 0.26077995 0.02567656]
2024-01-29 17:49:51,459 - INFO - [0.01950157 0.788      0.19263865 0.18037939 0.1593799  0.18114863 0.2607747  0.02567874]
2024-01-29 17:50:13,688 - INFO - [0.01950174 0.788      0.19262815 0.18039453 0.1593843  0.18114007 0.26077831 0.02567455]
2024-01-29 17:50:36,164 - INFO - [0.01950176 0.788      0.19264235 0.18038298 0.15938847 0.18113507 0.26077616 0.02567491]
2024-01-29 17:50:57,921 - INFO - [0.01950165 0.788      0.19263689 0.18038943 0.15938352 0.18113889 0.26077417 0.02567711]
2024-01-29 17:51:21,785 - INFO - [0.01950171 0.788      0.19264923 0.18038136 0.15938784 0.18113329 0.26077604 0.02567224]
2024-01-29 17:51:43,694 - INFO - [0.01950151 0.788      0.1926353  0.18038288 0.15937519 0.1811543  0.26077515 0.02567724]
2024-01-29 17:52:07,145 - INFO - [0.01950151 0.788      0.19264504 0.18038476 0.15937975 0.18114559 0.26077893 0.02566599]
2024-01-29 17:52:28,983 - INFO - [0.01950161 0.788      0.19264725 0.18037769 0.15938406 0.18114358 0.26077875 0.02566866]
2024-01-29 17:52:52,083 - INFO - [0.01950165 0.788      0.19263174 0.18038844 0.15938838 0.1811455  0.26077715 0.02566873]
2024-01-29 17:53:14,754 - INFO - [0.01950166 0.788      0.19264601 0.18038051 0.15938437 0.18114269 0.26077414 0.02567224]
2024-01-29 17:53:27,873 - INFO - [0.01950165 0.788      0.19264182 0.1803856  0.15938683 0.18113881 0.26077485 0.02567207]
2024-01-29 17:53:27,904 - INFO - Successfully finished `test_optimize` after 464.029 seconds.
