2024-01-29 13:53:52,193 - INFO - Logging into directory _output/exp_good_weights/20240129/20240129_135352.
2024-01-29 13:53:52,196 - INFO - Starting `test_optimize`.
2024-01-29 13:53:58,713 - INFO - [0.01330645 0.811      0.01       0.5        0.3        0.14       0.04       0.01      ]
2024-01-29 13:54:06,801 - INFO - [0.01044531 0.818      0.08508936 0.33315238 0.2241004  0.15672156 0.14972876 0.05120761]
2024-01-29 13:54:14,883 - INFO - [0.01013691 0.819      0.13578008 0.26321816 0.20319836 0.17910409 0.15428592 0.06441338]
2024-01-29 13:54:22,938 - INFO - [0.01007727 0.819      0.1637217  0.22944921 0.19450901 0.19262798 0.15525173 0.06444034]
2024-01-29 13:54:31,020 - INFO - [0.01009337 0.821      0.17713457 0.21150261 0.18950042 0.19864638 0.15632969 0.06688633]
2024-01-29 13:54:39,058 - INFO - [0.01011621 0.82       0.18431924 0.2027597  0.18734503 0.20199959 0.15508296 0.06849354]
2024-01-29 13:54:47,144 - INFO - [0.01012703 0.82       0.18798417 0.19821097 0.18595277 0.20501024 0.15407827 0.06876361]
2024-01-29 13:54:55,169 - INFO - [0.01013321 0.82       0.1898803  0.19593237 0.18526669 0.20651503 0.15352541 0.06888029]
2024-01-29 13:55:03,257 - INFO - [0.01013643 0.821      0.19085456 0.19478649 0.1849298  0.20728007 0.1532397  0.06890948]
2024-01-29 13:55:11,289 - INFO - [0.01013835 0.821      0.19135854 0.19421357 0.18476346 0.20766208 0.15306213 0.06894018]
2024-01-29 13:55:19,355 - INFO - [0.01013898 0.821      0.19161646 0.19392399 0.18468374 0.20786157 0.15298583 0.06892848]
2024-01-29 13:55:27,392 - INFO - [0.01013958 0.821      0.19174813 0.19377735 0.18463698 0.20794521 0.1529562  0.06893614]
2024-01-29 13:55:35,465 - INFO - [0.01013986 0.821      0.19181225 0.19369863 0.18461533 0.20799488 0.15293573 0.06894314]
2024-01-29 13:55:43,523 - INFO - [0.01013988 0.821      0.19184504 0.19366057 0.184607   0.20802642 0.1529272  0.06893371]
2024-01-29 13:55:51,602 - INFO - [0.01013985 0.821      0.19187158 0.19365081 0.18460892 0.20804285 0.15289208 0.06893378]
2024-01-29 13:56:02,614 - INFO - [0.01013993 0.821      0.19187747 0.19363914 0.18460031 0.20803924 0.15291959 0.06892423]
2024-01-29 13:56:10,695 - INFO - [0.01013996 0.821      0.19187662 0.19362871 0.18459605 0.20804176 0.15291899 0.0689379 ]
2024-01-29 13:56:18,781 - INFO - [0.01014011 0.821      0.19187534 0.19362268 0.18459488 0.20804635 0.15291406 0.06894664]
2024-01-29 13:56:26,881 - INFO - [0.01013996 0.821      0.19188909 0.19363439 0.18460138 0.2080494  0.15288661 0.06893915]
2024-01-29 13:56:34,925 - INFO - [0.01013997 0.821      0.19188307 0.19362774 0.18460123 0.2080539  0.15290095 0.06893307]
2024-01-29 13:56:42,976 - INFO - [0.01013991 0.821      0.19188058 0.19362435 0.18460175 0.20805712 0.15290554 0.06893065]
2024-01-29 13:56:42,994 - INFO - Successfully finished `test_optimize` after 170.798 seconds.
