2024-01-29 17:45:43,781 - INFO - Logging into directory _output/exp_011100_/20240129_174543__4294967169.
2024-01-29 17:45:43,785 - INFO - Starting `test_optimize`.
2024-01-29 17:46:01,974 - INFO - [0.01142149 0.809      0.001      0.332      0.332      0.332      0.001      0.001     ]
2024-01-29 17:46:24,325 - INFO - [0.00889225 0.815      0.104266   0.25988531 0.25156406 0.2496562  0.11916793 0.01546048]
2024-01-29 17:46:47,358 - INFO - [0.00880653 0.818      0.15456803 0.22517025 0.21351363 0.21180573 0.17122126 0.02372111]
2024-01-29 17:47:09,819 - INFO - [0.00893659 0.817      0.17872612 0.20739204 0.19399889 0.19282639 0.19587596 0.03118067]
2024-01-29 17:47:32,363 - INFO - [0.00905039 0.817      0.19015129 0.19871864 0.18462674 0.18399294 0.20756027 0.03495016]
2024-01-29 17:47:53,695 - INFO - [0.00911283 0.815      0.19529465 0.1943008  0.18023385 0.18030638 0.21299365 0.03687069]
2024-01-29 17:48:14,980 - INFO - [0.00914184 0.815      0.19736256 0.1926315  0.17808144 0.17893019 0.21553984 0.03745453]
2024-01-29 17:48:36,673 - INFO - [0.00915646 0.815      0.19841644 0.19181179 0.17703152 0.17827867 0.21672605 0.03773547]
2024-01-29 17:48:58,656 - INFO - [0.00916366 0.815      0.19894859 0.19140957 0.17650713 0.17797394 0.21728551 0.03787521]
2024-01-29 17:49:22,299 - INFO - [0.0091672  0.815      0.19922382 0.1912161  0.17624155 0.17783263 0.2175449  0.03794101]
2024-01-29 17:49:43,885 - INFO - [0.00916884 0.815      0.19935337 0.19111937 0.17611676 0.17776644 0.21766342 0.0379807 ]
2024-01-29 17:50:05,801 - INFO - [0.00916985 0.815      0.19942316 0.19107497 0.17605157 0.17773004 0.2177221  0.03799807]
2024-01-29 17:50:29,024 - INFO - [0.00917022 0.815      0.19946268 0.19104625 0.1760162  0.17772339 0.21775079 0.03800071]
2024-01-29 17:50:49,562 - INFO - [0.00917041 0.815      0.19947289 0.19103172 0.17601065 0.17771684 0.21775775 0.03801014]
2024-01-29 17:51:11,124 - INFO - [0.00917042 0.815      0.1994831  0.19102968 0.17600511 0.17771029 0.217757   0.03801484]
2024-01-29 17:51:33,431 - INFO - [0.00917048 0.815      0.1994932  0.1910363  0.17599955 0.17770372 0.21775621 0.03801098]
2024-01-29 17:51:53,371 - INFO - [0.00917049 0.815      0.19950326 0.19103709 0.17599404 0.17769732 0.21775547 0.03801285]
2024-01-29 17:52:15,659 - INFO - [0.00917065 0.815      0.19951202 0.19102874 0.1759885  0.1777021  0.21775468 0.03801391]
2024-01-29 17:52:36,417 - INFO - [0.0091704  0.815      0.19949691 0.19104224 0.17599486 0.17769714 0.21775392 0.03801498]
2024-01-29 17:52:57,622 - INFO - [0.00917058 0.815      0.19950694 0.19103089 0.17599005 0.17770137 0.21775314 0.03801759]
2024-01-29 17:53:17,228 - INFO - [0.00917064 0.815      0.19951274 0.19103551 0.17598461 0.17769483 0.21775237 0.03801989]
2024-01-29 17:53:17,260 - INFO - Successfully finished `test_optimize` after 453.474 seconds.
