2024-01-30 15:49:01,719 - INFO - Logging into directory _output/exp_011000/20240130_154901__4294967147.
2024-01-30 15:49:01,723 - INFO - Starting `test_optimize`.
2024-01-30 15:49:16,294 - INFO - [0.02029955 0.797      0.001      0.498      0.498      0.001      0.001      0.001     ]
2024-01-30 15:49:33,656 - INFO - [0.01578875 0.815      0.09153533 0.33764458 0.32994205 0.09411114 0.10367832 0.04308862]
2024-01-30 15:49:52,217 - INFO - [0.01505018 0.813      0.13531345 0.26382539 0.2564677  0.1312048  0.15273182 0.06045679]
2024-01-30 15:50:09,842 - INFO - [0.01495613 0.811      0.15689968 0.22521254 0.22002243 0.14969465 0.18076111 0.06740954]
2024-01-30 15:50:27,090 - INFO - [0.01498548 0.814      0.16781156 0.20595148 0.20194417 0.15907823 0.19426839 0.07094623]
2024-01-30 15:50:44,481 - INFO - [0.01502657 0.814      0.17556514 0.19706462 0.19161001 0.16265851 0.20022126 0.0728804 ]
2024-01-30 15:51:01,298 - INFO - [0.01506161 0.814      0.1802661  0.19308513 0.18657197 0.16340564 0.20227592 0.07439527]
2024-01-30 15:51:18,507 - INFO - [0.01509137 0.814      0.1822511  0.19130976 0.18431912 0.16176765 0.20538066 0.07497179]
2024-01-30 15:51:35,491 - INFO - [0.01510653 0.814      0.18325441 0.19043165 0.18323316 0.16098018 0.20684905 0.07525149]
2024-01-30 15:51:52,622 - INFO - [0.01511377 0.814      0.18375164 0.19002876 0.18268833 0.16059648 0.2075399  0.07539487]
2024-01-30 15:52:09,196 - INFO - [0.01511738 0.814      0.18400951 0.18980631 0.18244025 0.16042146 0.20787285 0.07544962]
2024-01-30 15:52:26,996 - INFO - [0.01511921 0.814      0.18414766 0.18970312 0.18231167 0.16033587 0.20802689 0.07547475]
2024-01-30 15:52:44,647 - INFO - [0.01511996 0.813      0.1842044  0.18965957 0.18224274 0.16030453 0.20809151 0.07549719]
2024-01-30 15:53:02,166 - INFO - [0.01512028 0.813      0.18423469 0.18964583 0.18220761 0.16027862 0.20812629 0.07550699]
2024-01-30 15:53:19,924 - INFO - [0.01512063 0.813      0.18425398 0.18963207 0.18219833 0.16025774 0.20814598 0.07551186]
2024-01-30 15:53:37,017 - INFO - [0.01512075 0.813      0.18427257 0.18961833 0.18218903 0.16026159 0.20815092 0.0755075 ]
2024-01-30 15:53:53,673 - INFO - [0.01512061 0.813      0.18426475 0.18961729 0.1821799  0.16026549 0.20815592 0.07551674]
2024-01-30 15:54:11,308 - INFO - [0.01512071 0.813      0.18426967 0.18961534 0.18217298 0.16026931 0.20816086 0.07551181]
2024-01-30 15:54:28,938 - INFO - [0.0151207  0.813      0.18425915 0.18960167 0.18219349 0.16027297 0.20816579 0.07550695]
2024-01-30 15:54:46,723 - INFO - [0.01512066 0.813      0.1842709  0.18961114 0.1821842  0.16026182 0.20816973 0.07550228]
2024-01-30 15:55:02,026 - INFO - [0.01512076 0.813      0.18426046 0.18961535 0.18217541 0.16026567 0.20817462 0.07550842]
2024-01-30 15:55:02,061 - INFO - Successfully finished `test_optimize` after 360.338 seconds.
