2024-01-29 13:21:12,712 - INFO - Logging into directory _output/exp_uniform_weights/20240129/20240129_132112.
2024-01-29 13:21:12,715 - INFO - Starting `test_optimize`.
2024-01-29 13:21:19,159 - INFO - [0.0159982  0.827      0.16666667 0.16666667 0.16666667 0.16666667 0.16666667 0.16666667]
2024-01-29 13:21:27,244 - INFO - [0.0155158  0.827      0.17640664 0.17309541 0.15920551 0.19307846 0.17686394 0.12135   ]
2024-01-29 13:21:35,302 - INFO - [0.01534906 0.827      0.18284066 0.17764375 0.15662913 0.19877949 0.18298788 0.10111902]
2024-01-29 13:21:43,343 - INFO - [0.01528703 0.827      0.18678042 0.18105948 0.15616915 0.19659042 0.18696399 0.09243647]
2024-01-29 13:21:51,404 - INFO - [0.01525871 0.827      0.18888852 0.1829291  0.15598126 0.19473559 0.18901306 0.08845255]
2024-01-29 13:21:59,426 - INFO - [0.0152468  0.827      0.19011945 0.18407643 0.15607223 0.19371672 0.18929204 0.08672322]
2024-01-29 13:22:07,501 - INFO - [0.01524176 0.827      0.190855   0.18478517 0.15623748 0.1931873  0.18891259 0.08602248]
2024-01-29 13:22:15,522 - INFO - [0.0152393  0.827      0.19123313 0.1851525  0.15632418 0.1929096  0.18868192 0.08569872]
2024-01-29 13:22:23,692 - INFO - [0.0152379  0.827      0.19131057 0.18527335 0.15649287 0.19283754 0.18862244 0.08546322]
2024-01-29 13:22:31,726 - INFO - [0.0152372  0.827      0.19134402 0.18532632 0.15655713 0.19282469 0.1886097  0.08533808]
2024-01-29 13:22:39,799 - INFO - [0.0152368  0.827      0.19136342 0.18535364 0.15657271 0.19282517 0.18861429 0.08527069]
2024-01-29 13:22:47,853 - INFO - [0.01523662 0.827      0.19137228 0.18536668 0.15658984 0.19281739 0.18861058 0.0852432 ]
2024-01-29 13:22:55,902 - INFO - [0.01523649 0.827      0.19137931 0.18537463 0.15658672 0.19282022 0.18861328 0.08522582]
2024-01-29 13:23:03,935 - INFO - [0.01523647 0.827      0.19137971 0.18537593 0.15659304 0.19282024 0.18860883 0.08522224]
2024-01-29 13:23:12,006 - INFO - [0.01523648 0.827      0.19137901 0.18537968 0.15659389 0.19282107 0.18860635 0.08521993]
2024-01-29 13:23:20,309 - INFO - [0.01523637 0.827      0.19138764 0.18538314 0.15658575 0.19282214 0.18860629 0.08521505]
2024-01-29 13:23:28,628 - INFO - [0.01523635 0.827      0.19138287 0.18538053 0.15659279 0.19282389 0.18860547 0.0852145 ]
2024-01-29 13:23:36,936 - INFO - [0.01523645 0.827      0.19136469 0.1853698  0.15661684 0.19282009 0.18861052 0.08521806]
2024-01-29 13:23:45,266 - INFO - [0.01523645 0.827      0.19137403 0.185376   0.15660031 0.19281974 0.18861471 0.08521517]
2024-01-29 13:23:53,283 - INFO - [0.01523636 0.827      0.19138174 0.18538173 0.15658903 0.19282086 0.18861422 0.08521245]
2024-01-29 13:24:01,662 - INFO - [0.0152364  0.827      0.19137356 0.18537614 0.15659916 0.1928252  0.18861286 0.08521306]
2024-01-29 13:24:01,681 - INFO - Successfully finished `test_optimize` after 168.966 seconds.
