2024-01-29 17:45:43,434 - INFO - Logging into directory _output/exp_011100_/20240129_174543__4294967163.
2024-01-29 17:45:43,438 - INFO - Starting `test_optimize`.
2024-01-29 17:46:02,353 - INFO - [0.01415891 0.819      0.001      0.332      0.332      0.332      0.001      0.001     ]
2024-01-29 17:46:24,471 - INFO - [0.0119977  0.831      0.10021296 0.26382783 0.25519449 0.25645375 0.11562084 0.00869012]
2024-01-29 17:46:45,876 - INFO - [0.01209306 0.831      0.15428525 0.23463377 0.21998481 0.22049859 0.15505013 0.01554751]
2024-01-29 17:47:05,971 - INFO - [0.01226331 0.828      0.18177587 0.22043076 0.20287807 0.20082666 0.17476903 0.01931959]
2024-01-29 17:47:27,889 - INFO - [0.01236302 0.827      0.19552904 0.21341141 0.19432883 0.19097812 0.18458441 0.02116813]
2024-01-29 17:47:48,535 - INFO - [0.01241822 0.827      0.20242898 0.20994294 0.19005302 0.186028   0.18947196 0.02207513]
2024-01-29 17:48:09,870 - INFO - [0.01244627 0.827      0.20533137 0.20834251 0.18816257 0.18409906 0.19161083 0.0224536 ]
2024-01-29 17:48:31,053 - INFO - [0.01245862 0.827      0.20653085 0.20760271 0.18734221 0.18336864 0.19254899 0.02260662]
2024-01-29 17:48:53,359 - INFO - [0.01246506 0.827      0.2071414  0.20724288 0.18691869 0.18300118 0.19301546 0.02268034]
2024-01-29 17:49:16,195 - INFO - [0.01246819 0.827      0.20744503 0.20706189 0.18670417 0.18281271 0.19326107 0.02271514]
2024-01-29 17:49:38,963 - INFO - [0.01246972 0.827      0.20760344 0.20697796 0.18660289 0.18271375 0.1933697  0.02273229]
2024-01-29 17:50:01,097 - INFO - [0.01247065 0.827      0.20769803 0.20692408 0.18656112 0.18265703 0.193422   0.02273766]
2024-01-29 17:50:22,647 - INFO - [0.01247104 0.827      0.20773306 0.2069     0.18653709 0.18261994 0.19346553 0.02274435]
2024-01-29 17:50:43,165 - INFO - [0.01247126 0.827      0.20774838 0.20689009 0.18652517 0.18261044 0.19347927 0.02274657]
2024-01-29 17:51:05,028 - INFO - [0.0124712  0.827      0.2077537  0.20689568 0.18651332 0.18260095 0.19349298 0.0227434 ]
2024-01-29 17:51:25,399 - INFO - [0.01247134 0.827      0.20775895 0.20688416 0.1865015  0.18259814 0.19350651 0.0227508 ]
2024-01-29 17:51:47,398 - INFO - [0.01247129 0.827      0.20776436 0.20688981 0.18650042 0.18260525 0.19349051 0.02274971]
2024-01-29 17:52:10,221 - INFO - [0.01247134 0.827      0.20776959 0.20689543 0.18649732 0.1826126  0.19347559 0.02274948]
2024-01-29 17:52:32,294 - INFO - [0.0124714  0.827      0.2077748  0.20687498 0.18651022 0.18260312 0.19348927 0.02274762]
2024-01-29 17:52:52,063 - INFO - [0.01247144 0.827      0.20778002 0.20688061 0.18649839 0.18259405 0.19349879 0.02274816]
2024-01-29 17:53:12,249 - INFO - [0.01247141 0.827      0.20778516 0.20688631 0.18649004 0.1826057  0.19348605 0.0227468 ]
2024-01-29 17:53:12,287 - INFO - Successfully finished `test_optimize` after 448.849 seconds.
