2024-01-29 12:28:20,331 - INFO - Logging into directory _output/exp_bad_weights/20240129/20240129_122820.
2024-01-29 12:28:20,334 - INFO - Starting `test_optimize`.
2024-01-29 12:28:26,654 - INFO - [0.04288353 0.699      0.001      0.001      0.001      0.001      0.001      0.995     ]
2024-01-29 12:28:34,637 - INFO - [1.68685031e-02 8.13000000e-01 2.02158406e-01 1.78770199e-01 1.74390197e-01 1.90526828e-01 2.53849000e-01 3.05476628e-04]
2024-01-29 12:28:42,604 - INFO - [0.01679168 0.814      0.1988381  0.18010888 0.1704942  0.1792219  0.23906103 0.0322759 ]
2024-01-29 12:28:50,546 - INFO - [0.0167991  0.814      0.19832274 0.18227798 0.16955063 0.17591655 0.24017383 0.03375825]
2024-01-29 12:28:58,522 - INFO - [0.01679478 0.815      0.19832066 0.18376754 0.16931    0.17488213 0.24070336 0.03301637]
2024-01-29 12:29:06,510 - INFO - [0.01679379 0.815      0.19827822 0.18449229 0.16914742 0.1742771  0.24095607 0.03284895]
2024-01-29 12:29:14,475 - INFO - [0.01679338 0.815      0.19823687 0.18485563 0.16904964 0.17398421 0.2411043  0.03276938]
2024-01-29 12:29:22,434 - INFO - [0.01679315 0.815      0.19821355 0.18504317 0.16899695 0.17384426 0.24116902 0.0327331 ]
2024-01-29 12:29:30,390 - INFO - [0.01679308 0.815      0.19819981 0.18513897 0.1689688  0.17377569 0.24119487 0.03272187]
2024-01-29 12:29:38,315 - INFO - [0.016793   0.815      0.19818853 0.18518636 0.1689484  0.17374837 0.24121796 0.0327104 ]
2024-01-29 12:29:46,274 - INFO - [0.01679292 0.815      0.19819449 0.18522027 0.16894935 0.17371987 0.24121314 0.0327029 ]
2024-01-29 12:29:54,194 - INFO - [0.01679298 0.815      0.19819285 0.18523207 0.16894503 0.1737038  0.24122408 0.03270214]
2024-01-29 12:30:02,159 - INFO - [0.01679296 0.815      0.19818412 0.18523455 0.16893633 0.17371523 0.2412302  0.03269954]
2024-01-29 12:30:10,100 - INFO - [0.01679292 0.815      0.19818917 0.18524203 0.16893929 0.17370459 0.24123406 0.03269082]
2024-01-29 12:30:18,059 - INFO - [0.01679283 0.815      0.19819057 0.18524621 0.16894057 0.17370115 0.24123479 0.03268673]
2024-01-29 12:30:26,082 - INFO - [0.01679292 0.815      0.19818851 0.18524508 0.16893856 0.17369886 0.2412293  0.03269968]
2024-01-29 12:30:34,037 - INFO - [0.01679292 0.815      0.19818993 0.18524595 0.16893977 0.17369016 0.24123371 0.03270052]
2024-01-29 12:30:41,994 - INFO - [0.01679295 0.815      0.19819276 0.185248   0.16894127 0.17368424 0.24123922 0.03269448]
2024-01-29 12:30:49,929 - INFO - [0.01679286 0.815      0.19819795 0.18525212 0.16894545 0.17368494 0.24122435 0.03269523]
2024-01-29 12:30:57,876 - INFO - [0.0167929  0.815      0.19819038 0.18524674 0.16893901 0.17369145 0.24124074 0.0326917 ]
2024-01-29 12:31:05,829 - INFO - [0.01679289 0.815      0.19819106 0.18524636 0.16893947 0.17369184 0.24123544 0.03269584]
2024-01-29 12:31:05,849 - INFO - Successfully finished `test_optimize` after 165.515 seconds.
