2024-01-30 15:49:01,538 - INFO - Logging into directory _output/exp_011000/20240130_154901__4294967146.
2024-01-30 15:49:01,545 - INFO - Starting `test_optimize`.
2024-01-30 15:49:15,308 - INFO - [0.02402311 0.794      0.001      0.498      0.498      0.001      0.001      0.001     ]
2024-01-30 15:49:33,168 - INFO - [0.02022252 0.81       0.09757816 0.33584589 0.33119297 0.09335241 0.11864915 0.02338139]
2024-01-30 15:49:50,697 - INFO - [0.0198058  0.811      0.14257918 0.26612288 0.25888231 0.13457574 0.15824886 0.03959107]
2024-01-30 15:50:07,668 - INFO - [0.01995548 0.81       0.16645613 0.23205052 0.22201642 0.15406975 0.178532   0.04687515]
2024-01-30 15:50:24,582 - INFO - [0.0200917  0.81       0.18039931 0.21520744 0.20355019 0.16526985 0.18333064 0.05224253]
2024-01-30 15:50:41,742 - INFO - [0.02016968 0.81       0.18772596 0.20540538 0.1977872  0.17063674 0.18471615 0.05372857]
2024-01-30 15:50:58,573 - INFO - [0.02020423 0.81       0.19070756 0.19993153 0.19772707 0.17286259 0.18476494 0.05400635]
2024-01-30 15:51:15,143 - INFO - [0.02022301 0.81       0.19227163 0.19708319 0.19770834 0.17402077 0.18478353 0.05413248]
2024-01-30 15:51:31,917 - INFO - [0.02023278 0.811      0.19309017 0.1956107  0.1976897  0.17464182 0.18477534 0.05419225]
2024-01-30 15:51:48,501 - INFO - [0.0202378  0.811      0.19352086 0.19484875 0.19768597 0.17496467 0.18476549 0.05421433]
2024-01-30 15:52:04,997 - INFO - [0.02024052 0.811      0.19374304 0.19444466 0.19769119 0.1751384  0.18476202 0.0542207 ]
2024-01-30 15:52:21,716 - INFO - [0.02024188 0.811      0.19384599 0.19424935 0.19768044 0.17522272 0.18477403 0.05422747]
2024-01-30 15:52:38,654 - INFO - [0.0202425  0.811      0.19391713 0.19414349 0.19767788 0.17527714 0.18476321 0.0542212 ]
2024-01-30 15:52:55,297 - INFO - [0.02024277 0.811      0.19393085 0.19409725 0.19768904 0.17530175 0.18475282 0.0542283 ]
2024-01-30 15:53:12,375 - INFO - [0.02024302 0.811      0.19394433 0.19407415 0.19768527 0.1752973  0.18477176 0.05422719]
2024-01-30 15:53:29,613 - INFO - [0.02024312 0.811      0.19395781 0.19405776 0.19767413 0.17532183 0.184761   0.05422746]
2024-01-30 15:53:46,913 - INFO - [0.02024308 0.811      0.19397126 0.1940414  0.19768536 0.17531669 0.18475758 0.05422784]
2024-01-30 15:54:03,793 - INFO - [0.02024341 0.811      0.19398025 0.19402502 0.19767927 0.17531155 0.18477637 0.05422755]
2024-01-30 15:54:21,008 - INFO - [0.02024333 0.811      0.19397029 0.19403829 0.19769046 0.17530642 0.18476583 0.05422864]
2024-01-30 15:54:38,413 - INFO - [0.02024319 0.811      0.19398361 0.19404282 0.19768825 0.17530212 0.18475609 0.05422716]
2024-01-30 15:54:54,802 - INFO - [0.02024348 0.811      0.19397065 0.19402643 0.19767441 0.17532615 0.18477471 0.05422755]
2024-01-30 15:54:54,857 - INFO - Successfully finished `test_optimize` after 353.311 seconds.
