2024-01-29 17:45:43,853 - INFO - Logging into directory _output/exp_011100_/20240129_174543__4294967162.
2024-01-29 17:45:43,858 - INFO - Starting `test_optimize`.
2024-01-29 17:46:02,670 - INFO - [0.01730669 0.806      0.001      0.332      0.332      0.332      0.001      0.001     ]
2024-01-29 17:46:29,130 - INFO - [0.01550812 0.81       0.08291955 0.253535   0.24701093 0.24279782 0.1304715  0.04326513]
2024-01-29 17:46:56,263 - INFO - [0.01593992 0.81       0.12789044 0.21951783 0.20976804 0.20164943 0.17738354 0.06379072]
2024-01-29 17:47:20,977 - INFO - [0.01625233 0.81       0.15258414 0.20347264 0.19306013 0.18232045 0.19415003 0.07441259]
2024-01-29 17:47:46,928 - INFO - [0.01644234 0.81       0.16565827 0.19544058 0.18484826 0.17282712 0.20191747 0.07930828]
2024-01-29 17:48:10,084 - INFO - [0.01654338 0.81       0.17257296 0.19140212 0.18080211 0.16815099 0.20551457 0.08155724]
2024-01-29 17:48:30,870 - INFO - [0.01659395 0.81       0.17623311 0.18936206 0.17879914 0.16584674 0.20717533 0.08258361]
2024-01-29 17:48:53,284 - INFO - [0.0166196  0.81       0.17816339 0.18833573 0.177809   0.16471221 0.20792869 0.083051  ]
2024-01-29 17:49:15,266 - INFO - [0.01663261 0.81       0.17918526 0.18779999 0.17732577 0.16414747 0.20828816 0.08325337]
2024-01-29 17:49:38,127 - INFO - [0.01663927 0.81       0.17971644 0.18754895 0.17708112 0.16385604 0.20844194 0.08335545]
2024-01-29 17:50:02,375 - INFO - [0.01664258 0.81       0.18000649 0.18741722 0.17695577 0.16370954 0.20850836 0.08340266]
2024-01-29 17:50:25,050 - INFO - [0.01664419 0.81       0.18014754 0.18734524 0.17689006 0.16365176 0.20854287 0.08342254]
2024-01-29 17:50:50,413 - INFO - [0.016645   0.81       0.18022884 0.18730308 0.17686011 0.16362381 0.20855644 0.08342776]
2024-01-29 17:51:11,179 - INFO - [0.01664554 0.81       0.18028012 0.18728313 0.176854   0.16359586 0.20856111 0.08342575]
2024-01-29 17:51:36,398 - INFO - [0.01664591 0.81       0.18030174 0.18727076 0.17684789 0.16358319 0.20856577 0.08343054]
2024-01-29 17:52:00,132 - INFO - [0.01664589 0.81       0.18031175 0.18725844 0.17684183 0.16358507 0.20857048 0.08343244]
2024-01-29 17:52:24,385 - INFO - [0.01664581 0.81       0.18030363 0.18726283 0.17683576 0.16358694 0.20857519 0.08343568]
2024-01-29 17:52:46,798 - INFO - [0.01664597 0.81       0.18032305 0.18725073 0.17682987 0.16358881 0.20857988 0.08342767]
2024-01-29 17:53:10,665 - INFO - [0.01664607 0.81       0.18031485 0.18725248 0.17682533 0.16359065 0.20858434 0.08343226]
2024-01-29 17:53:23,687 - INFO - [0.01664586 0.81       0.18030669 0.1872521  0.17683713 0.16359252 0.20858896 0.08342261]
2024-01-29 17:53:32,716 - INFO - [0.0166458  0.81       0.18029875 0.1872642  0.17683105 0.16359438 0.20858453 0.0834271 ]
2024-01-29 17:53:32,751 - INFO - Successfully finished `test_optimize` after 468.892 seconds.
