2024-01-29 16:39:13,821 - INFO - Logging into directory _output/exp_011000/20240129_163913__4294967161.
2024-01-29 16:39:13,825 - INFO - Starting `test_optimize`.
2024-01-29 16:39:26,255 - INFO - [0.02210725 0.792      0.001      0.498      0.498      0.001      0.001      0.001     ]
2024-01-29 16:39:42,456 - INFO - [0.01744257 0.808      0.07869849 0.29610115 0.28764167 0.10582531 0.12486613 0.10686725]
2024-01-29 16:39:58,050 - INFO - [0.0171121  0.806      0.11901873 0.22517152 0.21726149 0.14722684 0.1698513  0.1214701 ]
2024-01-29 16:40:13,725 - INFO - [0.0171187  0.807      0.14237569 0.19161944 0.18258394 0.16924305 0.18872067 0.12545723]
2024-01-29 16:40:29,826 - INFO - [0.01720107 0.805      0.15654533 0.17533852 0.1662962  0.18063794 0.19382341 0.1273586 ]
2024-01-29 16:40:45,507 - INFO - [0.01728299 0.806      0.16150555 0.16570444 0.15624391 0.18498296 0.20260862 0.12895447]
2024-01-29 16:41:01,156 - INFO - [0.01731972 0.806      0.16457567 0.16111585 0.15134871 0.18860742 0.20491247 0.12943989]
2024-01-29 16:41:15,704 - INFO - [0.01733715 0.806      0.166345   0.15898529 0.14913455 0.19050805 0.2054798  0.12954724]
2024-01-29 16:41:28,210 - INFO - [0.01734627 0.806      0.16726568 0.15792692 0.1480535  0.1914361  0.2056762  0.12964155]
2024-01-29 16:41:43,826 - INFO - [0.01735086 0.806      0.16774257 0.15740433 0.14752525 0.19188558 0.20577444 0.12966785]
2024-01-29 16:41:58,562 - INFO - [0.01735311 0.806      0.16799113 0.15714733 0.14726928 0.19210264 0.20582065 0.129669  ]
2024-01-29 16:42:14,305 - INFO - [0.0173545  0.806      0.16811562 0.15700901 0.14713131 0.19221547 0.20584096 0.12968767]
2024-01-29 16:42:29,485 - INFO - [0.0173551  0.806      0.16818039 0.15694477 0.14706898 0.19226737 0.20585248 0.12968603]
2024-01-29 16:42:42,039 - INFO - [0.01735579 0.806      0.1682072  0.15691154 0.14703597 0.19227305 0.20585944 0.12971276]
2024-01-29 16:42:57,618 - INFO - [0.01735571 0.806      0.16822745 0.15689981 0.14702387 0.19229378 0.20586264 0.12969239]
2024-01-29 16:43:12,831 - INFO - [0.01735583 0.806      0.16823611 0.15688393 0.14700806 0.19231045 0.20585817 0.12970325]
2024-01-29 16:43:23,962 - INFO - [0.0173556  0.806      0.1682447  0.15688759 0.14701143 0.19230856 0.20586769 0.12968007]
2024-01-29 16:43:36,324 - INFO - [0.01735604 0.806      0.16824047 0.15688251 0.14700666 0.19229566 0.20585972 0.129715  ]
2024-01-29 16:43:48,265 - INFO - [0.01735594 0.806      0.16824193 0.15687436 0.14699821 0.19231085 0.20586327 0.12971146]
2024-01-29 16:44:04,191 - INFO - [0.01735556 0.806      0.16825105 0.15688793 0.1470128  0.19230725 0.20586789 0.12967311]
2024-01-29 16:44:14,845 - INFO - [0.01735606 0.806      0.16824354 0.1568854  0.14701168 0.19229367 0.20585908 0.12970652]
2024-01-29 16:44:14,864 - INFO - Successfully finished `test_optimize` after 301.039 seconds.
