2024-01-29 14:03:53,102 - INFO - Logging into directory _output/exp_uniform_weights/20240129/20240129_140353.
2024-01-29 14:03:53,106 - INFO - Starting `test_optimize`.
2024-01-29 14:03:59,444 - INFO - [0.00689012 0.834      0.16666667 0.16666667 0.16666667 0.16666667 0.16666667 0.16666667]
2024-01-29 14:04:07,432 - INFO - [0.00610426 0.833      0.1781873  0.15996051 0.15420346 0.16871357 0.24832667 0.09060851]
2024-01-29 14:04:15,416 - INFO - [0.00593572 0.834      0.18548691 0.15664691 0.15003861 0.16992059 0.28315085 0.05475612]
2024-01-29 14:04:23,349 - INFO - [0.00589469 0.836      0.1893419  0.15519471 0.14821708 0.17086099 0.29860818 0.03777715]
2024-01-29 14:04:31,315 - INFO - [0.00588488 0.836      0.19134174 0.15453143 0.14739148 0.1714645  0.30550221 0.02976864]
2024-01-29 14:04:39,250 - INFO - [0.00588223 0.836      0.19236895 0.15421891 0.14701056 0.17182012 0.30858299 0.02599848]
2024-01-29 14:04:47,226 - INFO - [0.00588689 0.836      0.19261885 0.15384537 0.14660767 0.17184401 0.30945146 0.02563258]
2024-01-29 14:04:55,162 - INFO - [0.0058889  0.836      0.19245127 0.15399906 0.14593762 0.17210522 0.30997136 0.02553554]
2024-01-29 14:05:03,136 - INFO - [0.00589012 0.836      0.19236028 0.15408215 0.14559299 0.17222902 0.31021506 0.0255205 ]
2024-01-29 14:05:11,074 - INFO - [0.0058906  0.836      0.19232035 0.15412901 0.14542381 0.17229913 0.31031117 0.02551656]
2024-01-29 14:05:19,117 - INFO - [0.0058909  0.836      0.19230047 0.15415418 0.14533734 0.17233233 0.31036088 0.0255148 ]
2024-01-29 14:05:27,096 - INFO - [0.00589098 0.836      0.19229305 0.15416728 0.1452965  0.17235088 0.31037444 0.02551788]
2024-01-29 14:05:35,075 - INFO - [0.00589102 0.836      0.19229183 0.15417521 0.14527488 0.17236196 0.31038421 0.02551195]
2024-01-29 14:05:43,014 - INFO - [0.0058911  0.836      0.19228645 0.15417898 0.14526238 0.17236499 0.31039193 0.0255153 ]
2024-01-29 14:05:50,985 - INFO - [0.00589108 0.836      0.1922897  0.15418209 0.14525869 0.17236982 0.31038907 0.02551066]
2024-01-29 14:05:58,900 - INFO - [0.00589107 0.836      0.1922892  0.15418261 0.14525707 0.17237115 0.3103852  0.02551481]
2024-01-29 14:06:06,934 - INFO - [0.00589106 0.836      0.19229016 0.1541844  0.14525586 0.17237133 0.31038761 0.02551068]
2024-01-29 14:06:15,059 - INFO - [0.0058912  0.836      0.19229163 0.15418424 0.1452554  0.17237142 0.31038731 0.02550991]
2024-01-29 14:06:23,073 - INFO - [0.00589117 0.836      0.19229122 0.15418297 0.14525475 0.17237125 0.31038341 0.02551636]
2024-01-29 14:06:31,156 - INFO - [0.00589119 0.836      0.19229218 0.1541834  0.14525458 0.17237239 0.3103855  0.02551187]
2024-01-29 14:06:39,145 - INFO - [0.00589111 0.836      0.19228941 0.15418315 0.14525282 0.17236997 0.31039429 0.02551038]
2024-01-29 14:06:39,164 - INFO - Successfully finished `test_optimize` after 166.058 seconds.
