2024-01-29 13:42:29,951 - INFO - Logging into directory _output/exp_bad_weights/20240129/20240129_134229.
2024-01-29 13:42:29,953 - INFO - Starting `test_optimize`.
2024-01-29 13:42:36,271 - INFO - [0.03980415 0.694      0.001      0.001      0.001      0.001      0.001      0.995     ]
2024-01-29 13:42:44,235 - INFO - [0.01363814 0.833      0.21043818 0.17159711 0.18542716 0.18687107 0.24469128 0.0009753 ]
2024-01-29 13:42:52,292 - INFO - [0.01367323 0.833      0.20159189 0.17367996 0.18553057 0.17777795 0.24946572 0.01195386]
2024-01-29 13:43:00,255 - INFO - [0.0136956  0.833      0.19722188 0.17483746 0.18562761 0.17323567 0.25174412 0.01733324]
2024-01-29 13:43:08,222 - INFO - [0.0137077  0.833      0.19505881 0.17547852 0.1856963  0.17096768 0.2528244  0.01997429]
2024-01-29 13:43:16,151 - INFO - [0.01371381 0.833      0.19399835 0.17583014 0.18574253 0.16983326 0.25332215 0.02127364]
2024-01-29 13:43:24,111 - INFO - [0.01371707 0.833      0.19347547 0.17601053 0.1857608  0.16926539 0.2535679  0.02191983]
2024-01-29 13:43:32,037 - INFO - [0.01371863 0.833      0.19321859 0.17610708 0.18577905 0.16897041 0.25369433 0.02223053]
2024-01-29 13:43:40,016 - INFO - [0.0137194  0.833      0.19308351 0.17616098 0.18579039 0.16882266 0.25376123 0.02238118]
2024-01-29 13:43:47,938 - INFO - [0.01371964 0.833      0.19301207 0.17618595 0.18580866 0.16876183 0.25376862 0.02246282]
2024-01-29 13:43:55,889 - INFO - [0.01371979 0.833      0.19298583 0.17621005 0.18579724 0.16873085 0.25377604 0.02249997]
2024-01-29 13:44:03,940 - INFO - [0.01371988 0.833      0.19297008 0.17622094 0.18578586 0.16872129 0.25378349 0.02251831]
2024-01-29 13:44:11,903 - INFO - [0.01371997 0.833      0.19295438 0.17621528 0.18579395 0.16871943 0.25379092 0.022526  ]
2024-01-29 13:44:19,833 - INFO - [0.01372001 0.833      0.19296023 0.17620972 0.18578257 0.16871662 0.25379834 0.02253249]
2024-01-29 13:44:27,794 - INFO - [0.01371998 0.833      0.19294614 0.17622901 0.18577197 0.16871522 0.25380576 0.02253191]
2024-01-29 13:44:35,732 - INFO - [0.01372017 0.833      0.19295728 0.17622332 0.18578799 0.16868863 0.25381312 0.02252956]
2024-01-29 13:44:43,693 - INFO - [0.01372009 0.833      0.1929512  0.17621768 0.18579185 0.16868749 0.25382054 0.02253127]
2024-01-29 13:44:51,630 - INFO - [0.01372013 0.833      0.19296138 0.17621203 0.18578047 0.16868636 0.2538279  0.02253192]
2024-01-29 13:44:59,609 - INFO - [0.01372016 0.833      0.19294569 0.17620645 0.18579194 0.1686852  0.25383514 0.02253559]
2024-01-29 13:45:07,555 - INFO - [0.01372018 0.833      0.19294499 0.17621812 0.18578054 0.16868405 0.25384241 0.02252993]
2024-01-29 13:45:15,525 - INFO - [0.01372018 0.833      0.19295667 0.17621247 0.18578522 0.16868292 0.25383025 0.02253247]
2024-01-29 13:45:15,543 - INFO - Successfully finished `test_optimize` after 165.589 seconds.
