2024-01-30 15:49:01,644 - INFO - Logging into directory _output/exp_011000/20240130_154901__4294967177.
2024-01-30 15:49:01,648 - INFO - Starting `test_optimize`.
2024-01-30 15:49:15,071 - INFO - [0.02173676 0.804      0.001      0.498      0.498      0.001      0.001      0.001     ]
2024-01-30 15:49:34,166 - INFO - [0.0160455  0.824      0.07643221 0.32382086 0.30948406 0.09782828 0.16246195 0.02997266]
2024-01-30 15:49:52,024 - INFO - [0.0153437  0.83       0.13001692 0.25140336 0.23068967 0.15647259 0.1762753  0.05514215]
2024-01-30 15:50:09,385 - INFO - [0.0152191  0.828      0.15695126 0.21614103 0.19109304 0.18684173 0.18054737 0.0684256 ]
2024-01-30 15:50:26,620 - INFO - [0.01521038 0.828      0.1709855  0.19803265 0.17110401 0.20217755 0.18301684 0.07468342]
2024-01-30 15:50:43,799 - INFO - [0.01521909 0.827      0.1804802  0.19082411 0.16303523 0.19976953 0.18621413 0.07967682]
2024-01-30 15:51:00,784 - INFO - [0.01522457 0.827      0.18532784 0.18709521 0.15886892 0.19897228 0.18780583 0.08193001]
2024-01-30 15:51:17,481 - INFO - [0.01522915 0.827      0.18796962 0.18582915 0.15716599 0.19641511 0.18923403 0.08338611]
2024-01-30 15:51:34,274 - INFO - [0.01523179 0.827      0.18945003 0.1853396  0.15643761 0.19460586 0.18999621 0.08417071]
2024-01-30 15:51:50,755 - INFO - [0.01523441 0.827      0.19047202 0.18538834 0.15637773 0.19365177 0.18931684 0.08479331]
2024-01-30 15:52:07,720 - INFO - [0.01523586 0.827      0.19102165 0.18544587 0.15637389 0.19315161 0.18889104 0.08511591]
2024-01-30 15:52:24,446 - INFO - [0.01523646 0.827      0.19130927 0.18548067 0.15637359 0.19289412 0.1886695  0.08527292]
2024-01-30 15:52:41,675 - INFO - [0.01523642 0.827      0.19135126 0.18544516 0.15649629 0.19283131 0.18862128 0.08525479]
2024-01-30 15:52:59,530 - INFO - [0.01523639 0.827      0.19138242 0.18542525 0.15652381 0.19282243 0.18861607 0.08523002]
2024-01-30 15:53:16,397 - INFO - [0.0152364  0.827      0.19137737 0.1854029  0.15656234 0.19282436 0.18861079 0.08522224]
2024-01-30 15:53:33,899 - INFO - [0.01523645 0.827      0.19138424 0.18539487 0.15656951 0.19282287 0.18861137 0.08521706]
2024-01-30 15:53:50,848 - INFO - [0.01523646 0.827      0.19137561 0.18538608 0.15659672 0.19281606 0.18860421 0.08522129]
2024-01-30 15:54:08,796 - INFO - [0.0152364  0.827      0.19138473 0.18538742 0.15658061 0.19282612 0.18860899 0.08521208]
2024-01-30 15:54:27,169 - INFO - [0.01523639 0.827      0.19137688 0.18538022 0.15659882 0.19281609 0.18861386 0.08521414]
2024-01-30 15:54:44,985 - INFO - [0.01523634 0.827      0.19138926 0.18538937 0.15657561 0.19282557 0.18861245 0.08520773]
2024-01-30 15:55:01,032 - INFO - [0.01523643 0.827      0.1913823  0.1853839  0.1565975  0.19281691 0.18860337 0.08521599]
2024-01-30 15:55:01,080 - INFO - Successfully finished `test_optimize` after 359.432 seconds.
