2024-01-29 15:49:42,603 - INFO - Logging into directory _output/exp_good_weights/20240129/20240129_154942.
2024-01-29 15:49:42,606 - INFO - Starting `test_optimize`.
2024-01-29 15:49:48,934 - INFO - [0.02325165 0.795      0.01       0.5        0.3        0.14       0.04       0.01      ]
2024-01-29 15:49:57,527 - INFO - [0.02036259 0.802      0.10848659 0.32713944 0.23511244 0.17879924 0.11763826 0.03282408]
2024-01-29 15:50:05,586 - INFO - [0.01993291 0.803      0.14901531 0.2549679  0.20996678 0.18834583 0.15250896 0.04519517]
2024-01-29 15:50:13,670 - INFO - [0.01986669 0.803      0.16957957 0.21650708 0.19857304 0.19416603 0.16934134 0.05183301]
2024-01-29 15:50:23,542 - INFO - [0.01988382 0.804      0.17965282 0.19778858 0.19285585 0.19745828 0.17693058 0.05531392]
2024-01-29 15:50:33,221 - INFO - [0.01990648 0.805      0.18473774 0.18830039 0.19011143 0.19922379 0.18060674 0.05701999]
2024-01-29 15:50:42,894 - INFO - [0.01991851 0.806      0.18621537 0.1841812  0.18876098 0.20054457 0.18214017 0.05815777]
2024-01-29 15:50:52,831 - INFO - [0.01992488 0.805      0.18694846 0.18211499 0.18812203 0.20123424 0.18287584 0.05870448]
2024-01-29 15:51:03,497 - INFO - [0.01992816 0.805      0.18732584 0.18106321 0.18781126 0.20157138 0.18325239 0.058976  ]
2024-01-29 15:51:13,589 - INFO - [0.01993    0.805      0.18752192 0.18054205 0.18764964 0.20175891 0.18342133 0.05910613]
2024-01-29 15:51:23,424 - INFO - [0.01993087 0.805      0.18762858 0.18026574 0.18757752 0.20185703 0.18350072 0.05917044]
2024-01-29 15:51:34,120 - INFO - [0.01993137 0.805      0.18767563 0.18013848 0.18753681 0.20189553 0.18355024 0.05920326]
2024-01-29 15:51:44,209 - INFO - [0.01993154 0.805      0.18769717 0.18007088 0.18752433 0.20191936 0.18356994 0.05921827]
2024-01-29 15:51:53,947 - INFO - [0.01993159 0.805      0.18771438 0.18003307 0.18751186 0.20192805 0.18358961 0.05922303]
2024-01-29 15:52:03,974 - INFO - [0.0199316  0.805      0.18772461 0.1800127  0.18752536 0.20193672 0.18357949 0.05922114]
2024-01-29 15:52:12,872 - INFO - [0.01993164 0.805      0.18772045 0.18000475 0.1875129  0.20194536 0.18359056 0.05922601]
2024-01-29 15:52:22,683 - INFO - [0.0199317  0.805      0.18772352 0.17999679 0.18751624 0.20194918 0.18358365 0.05923064]
2024-01-29 15:52:33,752 - INFO - [0.01993176 0.805      0.18773936 0.17998883 0.18753226 0.20193315 0.18357559 0.05923078]
2024-01-29 15:52:43,634 - INFO - [0.01993172 0.805      0.1877269  0.17998564 0.18751979 0.2019418  0.1835952  0.05923061]
2024-01-29 15:52:53,935 - INFO - [0.01993172 0.805      0.18772461 0.17999652 0.18751121 0.2019504  0.18358563 0.05923163]
2024-01-29 15:53:04,457 - INFO - [0.01993166 0.805      0.18773638 0.17998856 0.18751451 0.20192946 0.18360414 0.05922694]
2024-01-29 15:53:04,477 - INFO - Successfully finished `test_optimize` after 201.871 seconds.
