2024-01-29 15:25:42,100 - INFO - Logging into directory _output/exp_good_weights/20240129/20240129_152542.
2024-01-29 15:25:42,103 - INFO - Starting `test_optimize`.
2024-01-29 15:25:48,583 - INFO - [0.01788369 0.815      0.01       0.5        0.3        0.14       0.04       0.01      ]
2024-01-29 15:25:56,734 - INFO - [0.01553894 0.827      0.08957621 0.3355194  0.21972206 0.16749667 0.1455881  0.04209753]
2024-01-29 15:26:04,893 - INFO - [0.01523196 0.831      0.13620789 0.25918007 0.18559039 0.19132917 0.16536428 0.06232818]
2024-01-29 15:26:13,024 - INFO - [0.01519311 0.827      0.16030221 0.2201771  0.16813785 0.20398875 0.1754602  0.07193398]
2024-01-29 15:26:21,181 - INFO - [0.01520582 0.827      0.17494094 0.20218039 0.16145745 0.2005354  0.1824481  0.07843775]
2024-01-29 15:26:29,304 - INFO - [0.01522008 0.827      0.18243974 0.19289948 0.15802784 0.19935867 0.18591242 0.08136177]
2024-01-29 15:26:37,451 - INFO - [0.01522627 0.827      0.18633069 0.18863858 0.1566022  0.19734226 0.18811774 0.08296854]
2024-01-29 15:26:45,586 - INFO - [0.01522986 0.827      0.18857235 0.18673438 0.1560975  0.19515814 0.18948039 0.08395724]
2024-01-29 15:26:53,726 - INFO - [0.01523277 0.827      0.18991333 0.18598637 0.15608315 0.19393344 0.18949084 0.08459285]
2024-01-29 15:27:01,845 - INFO - [0.01523493 0.827      0.19072102 0.18574105 0.15622012 0.19330071 0.1890167  0.08500035]
2024-01-29 15:27:09,997 - INFO - [0.01523599 0.827      0.19114688 0.18563023 0.1563004  0.19297411 0.18874137 0.08520704]
2024-01-29 15:27:18,116 - INFO - [0.01523629 0.827      0.19128507 0.18553282 0.15646322 0.19285096 0.18863307 0.08523486]
2024-01-29 15:27:26,264 - INFO - [0.01523631 0.827      0.19132201 0.18545525 0.15653661 0.19283853 0.18862224 0.0852254 ]
2024-01-29 15:27:34,393 - INFO - [0.01523645 0.827      0.19134971 0.18541974 0.15657134 0.19282272 0.18861505 0.08522136]
2024-01-29 15:27:42,541 - INFO - [0.01523647 0.827      0.1913567  0.1853953  0.15659809 0.19281608 0.18861137 0.08522242]
2024-01-29 15:27:50,661 - INFO - [0.01523637 0.827      0.19137883 0.18539529 0.15657653 0.19282566 0.18861122 0.08521245]
2024-01-29 15:27:58,793 - INFO - [0.01523633 0.827      0.19138286 0.1853895  0.15657938 0.19282353 0.1886116  0.08521317]
2024-01-29 15:28:06,988 - INFO - [0.01523645 0.827      0.19137058 0.18537627 0.1566067  0.19281715 0.18860957 0.08521971]
2024-01-29 15:28:15,133 - INFO - [0.01523643 0.827      0.19136992 0.18537548 0.15661488 0.19281416 0.18860446 0.08522113]
2024-01-29 15:28:23,282 - INFO - [0.01523651 0.827      0.19136508 0.18537186 0.15661423 0.19282208 0.18860981 0.08521685]
2024-01-29 15:28:31,535 - INFO - [0.01523643 0.827      0.19137153 0.18537435 0.15660326 0.19282238 0.18861537 0.08521306]
2024-01-29 15:28:31,554 - INFO - Successfully finished `test_optimize` after 169.451 seconds.
