2024-01-29 17:45:43,514 - INFO - Logging into directory _output/exp_011100_/20240129_174543__4294967155.
2024-01-29 17:45:43,518 - INFO - Starting `test_optimize`.
2024-01-29 17:46:01,174 - INFO - [0.01649639 0.803      0.001      0.332      0.332      0.332      0.001      0.001     ]
2024-01-29 17:46:22,160 - INFO - [0.01395547 0.812      0.09217044 0.25536188 0.25156152 0.24622059 0.06808413 0.08660144]
2024-01-29 17:46:45,672 - INFO - [0.01394155 0.808      0.13712488 0.21711677 0.21175489 0.21057358 0.09948099 0.12394889]
2024-01-29 17:47:05,951 - INFO - [0.01408397 0.806      0.15972768 0.19666991 0.19185992 0.19889632 0.11365397 0.13919221]
2024-01-29 17:47:25,831 - INFO - [0.01417661 0.803      0.17119233 0.18646577 0.18204403 0.19322093 0.12073881 0.14633821]
2024-01-29 17:47:50,887 - INFO - [0.01422063 0.803      0.17699796 0.18135761 0.17719439 0.19043899 0.12428179 0.14972919]
2024-01-29 17:48:12,226 - INFO - [0.01424391 0.803      0.17994043 0.17878735 0.17479436 0.18908435 0.1260469  0.15134655]
2024-01-29 17:48:33,845 - INFO - [0.01425578 0.804      0.18142204 0.17749932 0.1735982  0.18841581 0.12693505 0.15212968]
2024-01-29 17:48:57,542 - INFO - [0.01426191 0.803      0.18218747 0.17683761 0.17299905 0.1881043  0.12737583 0.15249577]
2024-01-29 17:49:18,913 - INFO - [0.01426492 0.803      0.1825653  0.17650387 0.17270441 0.18794246 0.12760729 0.1526767 ]
2024-01-29 17:49:40,030 - INFO - [0.01426628 0.803      0.18276396 0.176349   0.17256282 0.18786949 0.12770687 0.15274788]
2024-01-29 17:50:03,628 - INFO - [0.01426698 0.803      0.18286154 0.17626573 0.17249972 0.18782699 0.12776002 0.15278602]
2024-01-29 17:50:27,830 - INFO - [0.01426735 0.803      0.18291076 0.17622922 0.1724664  0.1878074  0.12778333 0.15280288]
2024-01-29 17:50:52,452 - INFO - [0.01426748 0.803      0.18293081 0.17620377 0.172452   0.18779474 0.12780666 0.15281203]
2024-01-29 17:51:16,444 - INFO - [0.01426762 0.803      0.18295078 0.17619807 0.17244855 0.18778208 0.12780018 0.15282035]
2024-01-29 17:51:38,600 - INFO - [0.01426766 0.803      0.18294288 0.17619236 0.17244509 0.18777633 0.1278147  0.15282866]
2024-01-29 17:52:01,882 - INFO - [0.01426772 0.803      0.18295069 0.17618667 0.17244165 0.18777584 0.12780823 0.15283698]
2024-01-29 17:52:24,581 - INFO - [0.01426788 0.803      0.18294103 0.17618096 0.17243819 0.18779287 0.12780179 0.15284513]
2024-01-29 17:52:46,949 - INFO - [0.01426797 0.803      0.18295817 0.17617525 0.17243473 0.1877802  0.1277988  0.15285282]
2024-01-29 17:53:09,376 - INFO - [0.01426783 0.803      0.18294843 0.17616957 0.17243129 0.18779606 0.12781598 0.15283871]
2024-01-29 17:53:24,834 - INFO - [0.01426791 0.803      0.18296844 0.1761639  0.17242785 0.18778342 0.12780951 0.15284693]
2024-01-29 17:53:24,865 - INFO - Successfully finished `test_optimize` after 461.347 seconds.
