2024-01-29 13:43:56,976 - INFO - Logging into directory _output/exp_uniform_weights/20240129/20240129_134356.
2024-01-29 13:43:56,979 - INFO - Starting `test_optimize`.
2024-01-29 13:44:03,704 - INFO - [0.0207897  0.801      0.16666667 0.16666667 0.16666667 0.16666667 0.16666667 0.16666667]
2024-01-29 13:44:12,033 - INFO - [0.02025254 0.803      0.17856437 0.17369439 0.17730515 0.18743777 0.17443846 0.10855985]
2024-01-29 13:44:20,344 - INFO - [0.02007207 0.805      0.18446757 0.17685786 0.18218915 0.19503762 0.17887858 0.08256911]
2024-01-29 13:44:28,640 - INFO - [0.02000114 0.805      0.18734753 0.17834087 0.18452935 0.19862725 0.18098949 0.07016553]
2024-01-29 13:44:36,962 - INFO - [0.01996381 0.805      0.18759164 0.17922743 0.18606837 0.20037022 0.18235254 0.06438985]
2024-01-29 13:44:45,283 - INFO - [0.01994685 0.805      0.18769293 0.17963704 0.18682404 0.20118719 0.18299876 0.06166   ]
2024-01-29 13:44:53,611 - INFO - [0.01993884 0.805      0.18771707 0.17983741 0.18717258 0.20158365 0.18331669 0.06037258]
2024-01-29 13:45:01,886 - INFO - [0.01993521 0.805      0.18773425 0.17991897 0.18734851 0.20177127 0.18345577 0.05977114]
2024-01-29 13:45:10,208 - INFO - [0.01993332 0.805      0.18772392 0.17997015 0.1874256  0.20186459 0.18353507 0.05948063]
2024-01-29 13:45:18,569 - INFO - [0.01993232 0.805      0.18772238 0.17999195 0.18747279 0.20190313 0.1835667  0.05934311]
2024-01-29 13:45:26,881 - INFO - [0.01993207 0.805      0.18773897 0.17999147 0.18749018 0.20191188 0.18358634 0.05928115]
2024-01-29 13:45:35,164 - INFO - [0.01993173 0.805      0.18772653 0.17998493 0.18750755 0.20192061 0.18360579 0.05925464]
2024-01-29 13:45:43,460 - INFO - [0.01993165 0.805      0.18773212 0.17997763 0.18752442 0.20192932 0.18359569 0.0592409 ]
2024-01-29 13:45:51,745 - INFO - [0.01993174 0.805      0.18772925 0.17999934 0.18751571 0.20193796 0.18358557 0.05923213]
2024-01-29 13:46:00,052 - INFO - [0.01993176 0.805      0.18771949 0.17999138 0.18750325 0.2019466  0.18360503 0.05923418]
2024-01-29 13:46:08,329 - INFO - [0.01993159 0.805      0.18771715 0.17998342 0.18752056 0.20195349 0.18359491 0.05923048]
2024-01-29 13:46:16,617 - INFO - [0.01993177 0.805      0.18773429 0.18000516 0.18750811 0.20193498 0.18358949 0.05922792]
2024-01-29 13:46:24,909 - INFO - [0.01993164 0.805      0.18772189 0.17999722 0.18752518 0.20194367 0.1835795  0.05923257]
2024-01-29 13:46:33,205 - INFO - [0.01993179 0.805      0.18773396 0.17998925 0.18751271 0.20194979 0.18358439 0.05922986]
2024-01-29 13:46:41,465 - INFO - [0.01993169 0.805      0.18772151 0.17998357 0.18751341 0.20195842 0.18359216 0.05923093]
2024-01-29 13:46:49,775 - INFO - [0.01993176 0.805      0.18773827 0.17998193 0.1875304  0.20193739 0.18358286 0.05922909]
2024-01-29 13:46:49,791 - INFO - Successfully finished `test_optimize` after 172.812 seconds.
