2024-01-30 15:49:01,991 - INFO - Logging into directory _output/exp_011000/20240130_154901__4294967145.
2024-01-30 15:49:02,128 - INFO - Starting `test_optimize`.
2024-01-30 15:49:16,761 - INFO - [0.01550281 0.802      0.001      0.498      0.498      0.001      0.001      0.001     ]
2024-01-30 15:49:35,012 - INFO - [0.01050821 0.815      0.0800531  0.33285862 0.32578629 0.09435935 0.13296662 0.033976  ]
2024-01-30 15:49:53,658 - INFO - [0.00997916 0.819      0.13907698 0.26608241 0.25853407 0.1531741  0.13919048 0.0439419 ]
2024-01-30 15:50:13,040 - INFO - [0.00998155 0.82       0.1641729  0.23005155 0.22137593 0.17919067 0.14883414 0.05637479]
2024-01-30 15:50:30,410 - INFO - [0.01001911 0.821      0.17865276 0.21304327 0.20450185 0.19344793 0.15230261 0.05805152]
2024-01-30 15:50:47,524 - INFO - [0.01007449 0.82       0.18454564 0.20270397 0.19433492 0.19921431 0.1547239  0.06447726]
2024-01-30 15:51:04,214 - INFO - [0.01010494 0.82       0.1880448  0.19811337 0.18950108 0.20362081 0.15400535 0.06671453]
2024-01-30 15:51:21,190 - INFO - [0.01012179 0.82       0.18988726 0.19585231 0.1870749  0.20583621 0.15348992 0.06785935]
2024-01-30 15:51:37,561 - INFO - [0.01013063 0.821      0.19084856 0.19473128 0.18585107 0.20694321 0.15322074 0.06840505]
2024-01-30 15:51:54,466 - INFO - [0.01013511 0.821      0.19135387 0.19418094 0.18523632 0.20749852 0.1530651  0.06866521]
2024-01-30 15:52:11,245 - INFO - [0.01013747 0.821      0.19161119 0.19390501 0.1849239  0.20777707 0.15298702 0.06879575]
2024-01-30 15:52:27,989 - INFO - [0.01013861 0.821      0.19174099 0.19376428 0.18476459 0.20791911 0.15294899 0.06886205]
2024-01-30 15:52:44,767 - INFO - [0.01013929 0.821      0.19180886 0.19369411 0.18468411 0.20798479 0.15293397 0.06889413]
2024-01-30 15:53:02,399 - INFO - [0.01013954 0.821      0.19184697 0.19366115 0.18463938 0.20801078 0.15293543 0.06890635]
2024-01-30 15:53:19,769 - INFO - [0.01013977 0.821      0.19186419 0.19364309 0.18461907 0.20802863 0.1529287  0.06891631]
2024-01-30 15:53:37,568 - INFO - [0.01013975 0.821      0.19187403 0.19363478 0.18460791 0.20803685 0.1529267  0.06891984]
2024-01-30 15:53:54,787 - INFO - [0.01013988 0.821      0.19187786 0.19362964 0.18460397 0.2080441  0.15292297 0.06892145]
2024-01-30 15:54:12,365 - INFO - [0.01013986 0.821      0.19187884 0.19362634 0.18460095 0.20804799 0.15292332 0.06892259]
2024-01-30 15:54:29,575 - INFO - [0.01013996 0.821      0.1918759  0.19362132 0.18459736 0.20804846 0.15291896 0.06893802]
2024-01-30 15:54:47,490 - INFO - [0.01014    0.821      0.19187987 0.1936226  0.1845969  0.20804843 0.15292318 0.06892897]
2024-01-30 15:55:02,990 - INFO - [0.0101398  0.821      0.19188008 0.19362231 0.18459766 0.208051   0.15292393 0.06892516]
2024-01-30 15:55:03,070 - INFO - Successfully finished `test_optimize` after 360.942 seconds.
