2024-01-29 15:07:31,804 - INFO - Logging into directory _output/exp_good_weights/20240129/20240129_150731.
2024-01-29 15:07:31,808 - INFO - Starting `test_optimize`.
2024-01-29 15:07:38,253 - INFO - [0.0244486 0.816     0.01      0.5       0.3       0.14      0.04      0.01     ]
2024-01-29 15:07:46,355 - INFO - [0.0224496  0.82       0.10529344 0.34340715 0.2298376  0.1691411  0.09686422 0.05545655]
2024-01-29 15:07:54,439 - INFO - [0.0221736  0.819      0.15629686 0.27019089 0.19892836 0.19577248 0.13011435 0.04869707]
2024-01-29 15:08:02,508 - INFO - [0.02222662 0.82       0.18274496 0.23148435 0.18294226 0.2089887  0.14767829 0.04616151]
2024-01-29 15:08:10,607 - INFO - [0.02229662 0.82       0.1930147  0.21267731 0.17611441 0.21497531 0.15842795 0.04479027]
2024-01-29 15:08:18,674 - INFO - [0.02234596 0.82       0.19824179 0.20309034 0.17275132 0.21787423 0.16375287 0.04428947]
2024-01-29 15:08:26,770 - INFO - [0.02236865 0.82       0.20209379 0.19903471 0.17194358 0.21544066 0.16712782 0.04435942]
2024-01-29 15:08:34,823 - INFO - [0.02238123 0.82       0.20403597 0.19696279 0.17155342 0.21421996 0.16879548 0.04443245]
2024-01-29 15:08:42,910 - INFO - [0.02238791 0.82       0.20500895 0.19592379 0.171376   0.21359569 0.16960831 0.04448729]
2024-01-29 15:08:50,948 - INFO - [0.02239135 0.82       0.20549227 0.19539948 0.1712894  0.21327205 0.17002127 0.04452554]
2024-01-29 15:08:59,015 - INFO - [0.02239315 0.82       0.20573707 0.19511421 0.17125687 0.21312499 0.17022318 0.04454377]
2024-01-29 15:09:07,048 - INFO - [0.02239415 0.82       0.2058626  0.19497803 0.1712539  0.2130376  0.17031042 0.04455747]
2024-01-29 15:09:15,114 - INFO - [0.02239479 0.82       0.20592844 0.19490148 0.17124911 0.21300885 0.17034905 0.04456297]
2024-01-29 15:09:23,121 - INFO - [0.02239492 0.82       0.20596454 0.19486231 0.17124639 0.21298113 0.17037667 0.044569  ]
2024-01-29 15:09:31,149 - INFO - [0.02239517 0.82       0.2059769  0.19484544 0.17124364 0.21298306 0.17037745 0.04457344]
2024-01-29 15:09:39,128 - INFO - [0.02239525 0.82       0.20598316 0.19482861 0.17124057 0.21298346 0.17039235 0.04457179]
2024-01-29 15:09:47,110 - INFO - [0.02239518 0.82       0.20598941 0.19483785 0.17123786 0.21297494 0.17039014 0.04456978]
2024-01-29 15:09:55,073 - INFO - [0.02239524 0.82       0.20599565 0.19482857 0.17123516 0.21297695 0.17038806 0.04457562]
2024-01-29 15:10:03,075 - INFO - [0.0223953  0.82       0.20600094 0.19483159 0.17123243 0.21297529 0.17038584 0.04457383]
2024-01-29 15:10:11,186 - INFO - [0.02239512 0.82       0.2060072  0.19483446 0.17122976 0.21297455 0.17038368 0.04457046]
2024-01-29 15:10:19,167 - INFO - [0.02239524 0.82       0.20601325 0.19482028 0.17122707 0.21297657 0.17039339 0.0445695 ]
2024-01-29 15:10:19,187 - INFO - Successfully finished `test_optimize` after 167.379 seconds.
