2024-01-29 16:28:05,179 - INFO - Logging into directory _output/exp_nice_weights/20240129_162805__4294967165.
2024-01-29 16:28:05,182 - INFO - Starting `test_optimize`.
2024-01-29 16:28:16,236 - INFO - [0.01748746 0.798      0.332      0.332      0.332      0.001      0.001      0.001     ]
2024-01-29 16:28:24,369 - INFO - [0.01371743 0.812      0.25768095 0.25631797 0.24860574 0.10403389 0.07261856 0.06074285]
2024-01-29 16:28:35,173 - INFO - [0.0133801  0.822      0.22529259 0.22081853 0.21105303 0.15370303 0.11408804 0.07504473]
2024-01-29 16:28:43,504 - INFO - [0.01335321 0.823      0.20761551 0.20239808 0.19322364 0.17670575 0.13800451 0.08205254]
2024-01-29 16:28:51,536 - INFO - [0.01339354 0.823      0.20150307 0.19570026 0.18596379 0.1900945  0.13900301 0.08773539]
2024-01-29 16:29:01,869 - INFO - [0.01342918 0.821      0.20031384 0.19434506 0.18334958 0.19842955 0.13113639 0.0924256 ]
2024-01-29 16:29:13,126 - INFO - [0.01344968 0.821      0.19991253 0.19382179 0.181987   0.2026688  0.12681219 0.09479769]
2024-01-29 16:29:21,131 - INFO - [0.01345519 0.821      0.19941872 0.19334666 0.18117081 0.20403476 0.12674926 0.09527978]
2024-01-29 16:29:29,112 - INFO - [0.01345806 0.821      0.19917487 0.1930986  0.18074471 0.20471945 0.12673725 0.09552511]
2024-01-29 16:29:37,149 - INFO - [0.01345961 0.821      0.19905551 0.19296964 0.18052417 0.20505853 0.12674336 0.09564871]
2024-01-29 16:29:45,155 - INFO - [0.0134601  0.821      0.19899869 0.19291304 0.18042585 0.20522241 0.12673363 0.09570647]
2024-01-29 16:29:53,322 - INFO - [0.01346057 0.821      0.19897138 0.19287772 0.18036611 0.20530978 0.12673688 0.09573817]
2024-01-29 16:30:02,082 - INFO - [0.01346076 0.821      0.19895822 0.19285835 0.18033825 0.20534737 0.12674361 0.09575424]
2024-01-29 16:30:16,934 - INFO - [0.01346106 0.821      0.19895393 0.1928442  0.18030453 0.20538834 0.12673727 0.09577171]
2024-01-29 16:30:31,933 - INFO - [0.01346108 0.821      0.19895117 0.19283521 0.18028758 0.20540668 0.1267363  0.0957831 ]
2024-01-29 16:30:46,944 - INFO - [0.013461   0.821      0.19894952 0.19284402 0.18030719 0.20539607 0.12673227 0.09577092]
2024-01-29 16:31:01,959 - INFO - [0.01346116 0.821      0.19894834 0.19283547 0.18028373 0.20541269 0.12673844 0.09578133]
2024-01-29 16:31:15,916 - INFO - [0.01346098 0.821      0.19894765 0.19284581 0.1803043  0.20539664 0.12673505 0.09577058]
2024-01-29 16:31:23,966 - INFO - [0.01346104 0.821      0.19894961 0.19284128 0.18029828 0.20540118 0.12673777 0.09577187]
2024-01-29 16:31:32,167 - INFO - [0.01346105 0.821      0.19894971 0.1928377  0.18029821 0.20540223 0.12673932 0.09577283]
2024-01-29 16:31:40,195 - INFO - [0.013461   0.821      0.19894776 0.192837   0.18028519 0.20541225 0.12674038 0.09577752]
2024-01-29 16:31:40,215 - INFO - Successfully finished `test_optimize` after 215.032 seconds.
