2024-01-29 17:45:43,759 - INFO - Logging into directory _output/exp_011100_/20240129_174543__4294967190.
2024-01-29 17:45:43,762 - INFO - Starting `test_optimize`.
2024-01-29 17:46:01,267 - INFO - [0.02221438 0.785      0.001      0.332      0.332      0.332      0.001      0.001     ]
2024-01-29 17:46:23,777 - INFO - [0.01860569 0.801      0.10086255 0.22207655 0.21932131 0.22108118 0.17556991 0.06108852]
2024-01-29 17:46:45,028 - INFO - [0.01871168 0.801      0.14648531 0.19996253 0.19640481 0.19698177 0.20734175 0.05282388]
2024-01-29 17:47:09,459 - INFO - [0.0188629  0.8        0.16969807 0.19033208 0.18568903 0.18662775 0.21812932 0.0495237 ]
2024-01-29 17:47:33,167 - INFO - [0.01894487 0.801      0.18110515 0.18586302 0.18030146 0.18181747 0.22285871 0.04805428]
2024-01-29 17:47:55,579 - INFO - [0.01898771 0.801      0.18687178 0.1836531  0.17759413 0.17946815 0.22509129 0.04732152]
2024-01-29 17:48:18,233 - INFO - [0.01900941 0.801      0.1898099  0.18258199 0.17625612 0.17834154 0.22617991 0.04683053]
2024-01-29 17:48:40,791 - INFO - [0.01902023 0.801      0.19127527 0.18202928 0.17555888 0.17776953 0.22667132 0.04669571]
2024-01-29 17:49:04,885 - INFO - [0.01902541 0.801      0.19202735 0.18176809 0.17521991 0.17750263 0.22692263 0.04655934]
2024-01-29 17:49:27,348 - INFO - [0.01902793 0.801      0.19240959 0.1816358  0.17504825 0.17737155 0.22704329 0.04649157]
2024-01-29 17:49:51,255 - INFO - [0.0190293  0.801      0.19259919 0.18157041 0.17496333 0.17730801 0.22710122 0.0464578 ]
2024-01-29 17:50:15,212 - INFO - [0.01902996 0.801      0.19269706 0.18153997 0.17491663 0.17727736 0.22712897 0.04644001]
2024-01-29 17:50:38,220 - INFO - [0.01903032 0.801      0.1927475  0.18152364 0.17489339 0.17725582 0.22714221 0.04643742]
2024-01-29 17:51:02,586 - INFO - [0.01903057 0.801      0.192773   0.1815121  0.17488165 0.17725044 0.22714923 0.0464335 ]
2024-01-29 17:51:29,181 - INFO - [0.0190305  0.801      0.19278312 0.18151285 0.17487742 0.17724895 0.22714864 0.04642906]
2024-01-29 17:51:53,971 - INFO - [0.01903052 0.801      0.1927918  0.18151025 0.17487542 0.17724802 0.22714822 0.04642631]
2024-01-29 17:52:18,961 - INFO - [0.01903059 0.801      0.19279636 0.18150692 0.17487372 0.17724635 0.22714913 0.04642754]
2024-01-29 17:52:42,683 - INFO - [0.0190307  0.801      0.19279553 0.18150707 0.17486973 0.17724457 0.22715086 0.04643218]
2024-01-29 17:53:06,030 - INFO - [0.01903068 0.801      0.19279705 0.18150432 0.17486964 0.17724495 0.22715105 0.04643295]
2024-01-29 17:53:22,873 - INFO - [0.01903075 0.801      0.19279899 0.18150516 0.17487082 0.17724495 0.22715002 0.04642997]
2024-01-29 17:53:33,093 - INFO - [0.01903068 0.801      0.1927976  0.18150581 0.17487334 0.17724493 0.22714929 0.04642897]
2024-01-29 17:53:33,131 - INFO - Successfully finished `test_optimize` after 469.368 seconds.
