2024-01-29 13:39:39,852 - INFO - Logging into directory _output/exp_bad_weights/20240129/20240129_133939.
2024-01-29 13:39:39,855 - INFO - Starting `test_optimize`.
2024-01-29 13:39:46,319 - INFO - [0.03761782 0.705      0.001      0.001      0.001      0.001      0.001      0.995     ]
2024-01-29 13:39:54,411 - INFO - [0.00829102 0.833      0.21926536 0.1938719  0.18208122 0.1748061  0.20406368 0.02591168]
2024-01-29 13:40:02,508 - INFO - [0.00834398 0.834      0.20784047 0.19588329 0.18028569 0.17015864 0.1909069  0.05492503]
2024-01-29 13:40:10,580 - INFO - [0.00831893 0.833      0.20548081 0.19974548 0.18294731 0.17007874 0.18714751 0.05460016]
2024-01-29 13:40:18,647 - INFO - [0.00830918 0.833      0.20562154 0.20172928 0.18362875 0.16988689 0.18553261 0.05360096]
2024-01-29 13:40:26,691 - INFO - [0.00830187 0.833      0.20578888 0.20281833 0.18404193 0.16985819 0.18481466 0.05267791]
2024-01-29 13:40:34,759 - INFO - [0.00829817 0.833      0.20587008 0.2033751  0.18424417 0.16983993 0.18445568 0.052215  ]
2024-01-29 13:40:42,783 - INFO - [0.00829611 0.833      0.20589747 0.20366329 0.18435456 0.16983368 0.184285   0.05196601]
2024-01-29 13:40:50,860 - INFO - [0.00829519 0.833      0.20591323 0.20380972 0.18440853 0.16982786 0.18419701 0.05184359]
2024-01-29 13:40:58,899 - INFO - [0.00829475 0.833      0.20594381 0.20387575 0.18442075 0.16981813 0.1841453  0.05179636]
2024-01-29 13:41:06,964 - INFO - [0.0082946  0.833      0.20595689 0.20391315 0.18443108 0.16981687 0.18412468 0.05175734]
2024-01-29 13:41:15,328 - INFO - [0.00829441 0.833      0.20594323 0.20393589 0.18444297 0.16981754 0.18411541 0.05174498]
2024-01-29 13:41:23,436 - INFO - [0.00829444 0.833      0.20596331 0.20394181 0.18443838 0.16981505 0.18410662 0.05173485]
2024-01-29 13:41:31,465 - INFO - [0.00829441 0.833      0.20595153 0.2039459  0.18444394 0.16981651 0.1841045  0.05173763]
2024-01-29 13:41:39,529 - INFO - [0.00829437 0.833      0.20595422 0.20395066 0.18444665 0.169818   0.18410583 0.05172459]
2024-01-29 13:41:47,557 - INFO - [0.00829442 0.833      0.20595883 0.20394969 0.18443969 0.16981177 0.18410039 0.05173968]
2024-01-29 13:41:55,607 - INFO - [0.0082945  0.833      0.2059634  0.20395179 0.18443951 0.16981338 0.18410121 0.05173061]
2024-01-29 13:42:03,643 - INFO - [0.00829448 0.833      0.20597212 0.20395124 0.18443692 0.16981153 0.1840999  0.05172824]
2024-01-29 13:42:11,699 - INFO - [0.00829441 0.833      0.20597906 0.2039506  0.18443428 0.16981055 0.18409847 0.0517271 ]
2024-01-29 13:42:19,712 - INFO - [0.00829445 0.833      0.20597976 0.2039502  0.18443459 0.16980998 0.18409906 0.05172642]
2024-01-29 13:42:27,776 - INFO - [0.00829446 0.833      0.20597522 0.20394795 0.18443297 0.16980903 0.18409623 0.05173868]
2024-01-29 13:42:27,793 - INFO - Successfully finished `test_optimize` after 167.938 seconds.
