2024-01-29 12:34:23,703 - INFO - Logging into directory _output/exp_bad_weights/20240129/20240129_123423.
2024-01-29 12:34:23,706 - INFO - Starting `test_optimize`.
2024-01-29 12:34:30,297 - INFO - [0.0451141 0.71      0.001     0.001     0.001     0.001     0.001     0.995    ]
2024-01-29 12:34:38,321 - INFO - [0.01642538 0.81       0.19168462 0.17006594 0.16899237 0.18943889 0.27841023 0.00140787]
2024-01-29 12:34:46,343 - INFO - [0.01633963 0.809      0.1874031  0.16549817 0.1560643  0.17575885 0.2408981  0.07437743]
2024-01-29 12:34:54,498 - INFO - [0.01638969 0.809      0.18749446 0.16660136 0.15272468 0.17044747 0.22587766 0.0968544 ]
2024-01-29 12:35:02,540 - INFO - [0.01640509 0.809      0.18667795 0.16953127 0.14987791 0.16763963 0.21868992 0.1075834 ]
2024-01-29 12:35:10,509 - INFO - [0.01641257 0.809      0.18627997 0.17113736 0.14846015 0.16628422 0.2153578  0.11248051]
2024-01-29 12:35:18,583 - INFO - [0.01641454 0.809      0.18609004 0.17199746 0.14775635 0.16562919 0.21380809 0.11471894]
2024-01-29 12:35:26,676 - INFO - [0.01641516 0.809      0.18600394 0.17244224 0.14741018 0.16530459 0.21309461 0.11574451]
2024-01-29 12:35:34,679 - INFO - [0.0164154  0.809      0.18596245 0.17268179 0.14722167 0.16515641 0.21276835 0.11620928]
2024-01-29 12:35:42,637 - INFO - [0.01641961 0.809      0.1852809  0.17203121 0.14711754 0.16657923 0.21258037 0.11641069]
2024-01-29 12:35:50,624 - INFO - [0.01641747 0.809      0.18559742 0.17247477 0.14709938 0.16577512 0.21252309 0.11653019]
2024-01-29 12:35:58,755 - INFO - [0.01641983 0.809      0.1851505  0.1720012  0.14705573 0.16680883 0.21243626 0.11654753]
2024-01-29 12:36:07,023 - INFO - [0.0164175  0.809      0.18552956 0.17247055 0.14706463 0.16588546 0.21245727 0.11659247]
2024-01-29 12:36:15,011 - INFO - [0.01642082 0.809      0.18503146 0.1718825  0.1470447  0.1670289  0.21242575 0.11658669]
2024-01-29 12:36:23,038 - INFO - [0.01641801 0.809      0.18549038 0.17239472 0.14705651 0.16599794 0.21245793 0.11660257]
2024-01-29 12:36:31,019 - INFO - [0.01641942 0.809      0.18515775 0.17204432 0.14704363 0.16681756 0.21237862 0.11655805]
2024-01-29 12:36:39,026 - INFO - [0.01641714 0.809      0.18551652 0.17247239 0.14705379 0.16595598 0.21242303 0.11657832]
2024-01-29 12:36:47,003 - INFO - [0.01642109 0.809      0.18498015 0.17181821 0.14703476 0.16717759 0.2124085  0.11658084]
2024-01-29 12:36:55,044 - INFO - [0.01641811 0.809      0.18544871 0.17237794 0.14704657 0.16607517 0.21244071 0.11661085]
2024-01-29 12:37:03,040 - INFO - [0.01641933 0.809      0.18515314 0.1720493  0.14703307 0.16683081 0.21237345 0.11656021]
2024-01-29 12:37:11,047 - INFO - [0.01641711 0.809      0.18550408 0.17246848 0.14704366 0.16599795 0.21241088 0.11657492]
2024-01-29 12:37:11,063 - INFO - Successfully finished `test_optimize` after 167.357 seconds.
