2024-01-29 13:28:12,951 - INFO - Logging into directory _output/exp_bad_weights/20240129/20240129_132812.
2024-01-29 13:28:12,954 - INFO - Starting `test_optimize`.
2024-01-29 13:28:19,798 - INFO - [0.03626264 0.709      0.001      0.001      0.001      0.001      0.001      0.995     ]
2024-01-29 13:28:28,286 - INFO - [9.50402988e-03 8.19000000e-01 1.78360268e-01 1.72809452e-01 1.65796280e-01 1.95067361e-01 2.87866712e-01 9.99400363e-05]
2024-01-29 13:28:36,785 - INFO - [0.00940499 0.819      0.18490863 0.17737135 0.17287108 0.18920159 0.26333445 0.01231284]
2024-01-29 13:28:45,260 - INFO - [0.00937609 0.818      0.18806016 0.17961229 0.17633174 0.18623941 0.25163215 0.01812422]
2024-01-29 13:28:53,754 - INFO - [0.00936667 0.818      0.1889917  0.18061945 0.17801711 0.18503608 0.24648495 0.02085067]
2024-01-29 13:29:02,220 - INFO - [0.00936246 0.818      0.18942507 0.18111746 0.17884421 0.18441954 0.24403983 0.02215385]
2024-01-29 13:29:10,683 - INFO - [0.00936057 0.818      0.18962023 0.18136695 0.17925188 0.18410888 0.24287835 0.02277368]
2024-01-29 13:29:19,130 - INFO - [0.00935965 0.817      0.18972547 0.18147743 0.17945272 0.18394923 0.24232616 0.02306905]
2024-01-29 13:29:27,596 - INFO - [0.00935943 0.817      0.18977113 0.18153055 0.17953664 0.18387258 0.24207217 0.02321691]
2024-01-29 13:29:36,039 - INFO - [0.00935916 0.817      0.18978706 0.18157004 0.1795885  0.18383248 0.24193764 0.02328427]
2024-01-29 13:29:44,523 - INFO - [0.00935911 0.817      0.18980299 0.18159088 0.17961055 0.18379241 0.24189235 0.02331075]
2024-01-29 13:29:52,958 - INFO - [0.00935901 0.817      0.18981212 0.181582   0.17963262 0.1837822  0.24186021 0.02333092]
2024-01-29 13:30:02,066 - INFO - [0.009359   0.817      0.18981434 0.18160278 0.17962493 0.18377203 0.24184501 0.02334093]
2024-01-29 13:30:10,482 - INFO - [0.00935895 0.817      0.18980154 0.18159576 0.17964685 0.18376569 0.24184437 0.02334587]
2024-01-29 13:30:18,901 - INFO - [0.00935901 0.817      0.18981698 0.18158689 0.17963909 0.18378109 0.24182922 0.02334678]
2024-01-29 13:30:27,296 - INFO - [0.00935897 0.817      0.18980548 0.18160726 0.17963138 0.18377091 0.2418382  0.0233468 ]
2024-01-29 13:30:35,701 - INFO - [0.00935904 0.817      0.1898205  0.18159838 0.17962776 0.18376248 0.24184112 0.02334977]
2024-01-29 13:30:44,089 - INFO - [0.0093591  0.817      0.18980862 0.18159212 0.17962229 0.18378197 0.24184798 0.023347  ]
2024-01-29 13:30:52,471 - INFO - [0.00935902 0.817      0.18981969 0.18158343 0.17963952 0.1837718  0.24183281 0.02335281]
2024-01-29 13:31:00,818 - INFO - [0.00935905 0.817      0.1898059  0.18160354 0.1796318  0.18376166 0.24184641 0.02335069]
2024-01-29 13:31:09,160 - INFO - [0.00935906 0.817      0.18982001 0.18159465 0.17962414 0.18377826 0.24183124 0.02335165]
2024-01-29 13:31:09,187 - INFO - Successfully finished `test_optimize` after 176.233 seconds.
