2024-01-29 12:10:58,196 - INFO - Logging into directory _output/exp_bad_weights/20240129/20240129_121058.
2024-01-29 12:10:58,201 - INFO - Starting `test_optimize`.
2024-01-29 12:11:04,832 - INFO - [0.04538722 0.691      0.001      0.001      0.001      0.001      0.001      0.995     ]
2024-01-29 12:11:13,281 - INFO - [1.50103139e-02 8.01000000e-01 2.10734233e-01 1.85655445e-01 1.78479359e-01 2.11406007e-01 2.13624969e-01 9.99400218e-05]
2024-01-29 12:11:21,555 - INFO - [0.01505228 0.8        0.20119195 0.17577575 0.16956268 0.21368381 0.18871279 0.05107296]
2024-01-29 12:11:29,821 - INFO - [0.0151337  0.8        0.195531   0.17106092 0.16570592 0.21262546 0.18194909 0.07312763]
2024-01-29 12:11:38,092 - INFO - [0.01517678 0.8        0.19226551 0.16822332 0.16329154 0.2116704  0.18182835 0.08272086]
2024-01-29 12:11:46,333 - INFO - [0.01519851 0.8        0.19069932 0.16683243 0.16210167 0.21122904 0.18196657 0.08717095]
2024-01-29 12:11:54,595 - INFO - [0.01520908 0.8        0.18996063 0.16616294 0.16153063 0.21104009 0.18205075 0.08925499]
2024-01-29 12:12:02,818 - INFO - [0.01521422 0.8        0.1896207  0.16585346 0.16126579 0.21095455 0.18206766 0.09023792]
2024-01-29 12:12:11,099 - INFO - [0.01521677 0.8        0.18945719 0.16569929 0.16113164 0.21091715 0.18210101 0.09069362]
2024-01-29 12:12:19,342 - INFO - [0.01521793 0.8        0.18938513 0.16562964 0.16106987 0.2109025  0.18209913 0.09091368]
2024-01-29 12:12:27,607 - INFO - [0.0152184  0.8        0.18934989 0.16559082 0.16104336 0.21089762 0.18210067 0.09101768]
2024-01-29 12:12:35,841 - INFO - [0.01521866 0.8        0.18933426 0.16557521 0.1610278  0.21089579 0.18210031 0.09106669]
2024-01-29 12:12:44,093 - INFO - [0.01521885 0.8        0.18932886 0.16556531 0.16101767 0.21089607 0.18210566 0.09108642]
2024-01-29 12:12:52,344 - INFO - [0.01521888 0.8        0.18932834 0.1655605  0.16101757 0.21089439 0.18210286 0.09109639]
2024-01-29 12:13:00,619 - INFO - [0.01521887 0.8        0.189328   0.1655625  0.1610156  0.21089248 0.18210073 0.09110077]
2024-01-29 12:13:08,861 - INFO - [0.01521897 0.8        0.18932742 0.16556218 0.1610157  0.21089162 0.18209842 0.09110467]
2024-01-29 12:13:17,124 - INFO - [0.01521896 0.8        0.1893279  0.16556349 0.16101418 0.21088928 0.18209638 0.09110882]
2024-01-29 12:13:25,358 - INFO - [0.01521898 0.8        0.1893259  0.16556361 0.16101305 0.2108895  0.18209893 0.09110902]
2024-01-29 12:13:33,608 - INFO - [0.01521902 0.8        0.18932573 0.16556466 0.16101097 0.21088845 0.18210031 0.09110988]
2024-01-29 12:13:41,840 - INFO - [0.01521904 0.8        0.1893252  0.16556303 0.16101483 0.21088722 0.18210001 0.09110967]
2024-01-29 12:13:50,090 - INFO - [0.01521901 0.8        0.18932541 0.16556135 0.16101864 0.21088679 0.18209921 0.0911086 ]
2024-01-29 12:13:50,106 - INFO - Successfully finished `test_optimize` after 171.904 seconds.
