2024-01-29 12:58:24,191 - INFO - Logging into directory _output/exp_uniform_weights/20240129/20240129_125824.
2024-01-29 12:58:24,193 - INFO - Starting `test_optimize`.
2024-01-29 12:58:30,610 - INFO - [0.00987918 0.815      0.16666667 0.16666667 0.16666667 0.16666667 0.16666667 0.16666667]
2024-01-29 12:58:38,688 - INFO - [0.00939231 0.815      0.1849075  0.17866385 0.17148718 0.17208703 0.19528762 0.09756685]
2024-01-29 12:58:46,740 - INFO - [0.00926525 0.815      0.192908   0.18429266 0.17388166 0.17468041 0.20720133 0.06703602]
2024-01-29 12:58:54,785 - INFO - [0.00921045 0.815      0.19627891 0.18762939 0.17503703 0.1762802  0.21280165 0.0519729 ]
2024-01-29 12:59:02,845 - INFO - [0.00918854 0.815      0.19793023 0.18931557 0.17556846 0.17703868 0.21543393 0.04471318]
2024-01-29 12:59:10,873 - INFO - [0.00917908 0.815      0.19874199 0.19016625 0.17580168 0.17739017 0.2166732  0.04122674]
2024-01-29 12:59:18,932 - INFO - [0.00917458 0.815      0.19913046 0.19059907 0.17591472 0.17756252 0.2172408  0.03955246]
2024-01-29 12:59:26,958 - INFO - [0.00917242 0.815      0.19931935 0.19081171 0.17596728 0.17764534 0.21750867 0.0387477 ]
2024-01-29 12:59:35,029 - INFO - [0.00917154 0.815      0.19941759 0.19091648 0.17598896 0.17766869 0.21764584 0.0383624 ]
2024-01-29 12:59:43,054 - INFO - [0.00917108 0.815      0.19945763 0.19097103 0.17598581 0.17769192 0.21770602 0.03818757]
2024-01-29 12:59:51,100 - INFO - [0.00917077 0.815      0.19947304 0.19101483 0.17598231 0.17769857 0.21773504 0.0380962 ]
2024-01-29 12:59:59,182 - INFO - [0.00917062 0.815      0.1994832  0.19102998 0.17598297 0.17769215 0.21776254 0.03804918]
2024-01-29 13:00:07,229 - INFO - [0.00917052 0.815      0.19949333 0.19104122 0.17597893 0.17769381 0.21776178 0.03803097]
2024-01-29 13:00:15,261 - INFO - [0.00917065 0.815      0.19950338 0.19102725 0.17599347 0.17769544 0.217761   0.0380194 ]
2024-01-29 13:00:23,323 - INFO - [0.00917054 0.815      0.1995052  0.19104211 0.17598793 0.1776889  0.21776019 0.03801564]
2024-01-29 13:00:31,350 - INFO - [0.00917064 0.815      0.199513   0.19102755 0.17598546 0.17770314 0.2177594  0.03801143]
2024-01-29 13:00:39,401 - INFO - [0.00917045 0.815      0.19949394 0.19103289 0.17599936 0.17770128 0.21775873 0.03801384]
2024-01-29 13:00:47,410 - INFO - [0.00917049 0.815      0.19950397 0.19103366 0.17599384 0.17769535 0.21775797 0.03801524]
2024-01-29 13:00:55,466 - INFO - [0.00917057 0.815      0.19950794 0.19104086 0.1759883  0.17768912 0.21775717 0.03801654]
2024-01-29 13:01:03,509 - INFO - [0.00917057 0.815      0.1995009  0.1910264  0.17599089 0.17771125 0.21775639 0.03801417]
2024-01-29 13:01:11,551 - INFO - [0.00917056 0.815      0.19950365 0.19103648 0.17598535 0.17770466 0.21775559 0.03801426]
2024-01-29 13:01:11,608 - INFO - Successfully finished `test_optimize` after 167.414 seconds.
