2024-01-29 12:25:33,958 - INFO - Logging into directory _output/exp_bad_weights/20240129/20240129_122533.
2024-01-29 12:25:33,961 - INFO - Starting `test_optimize`.
2024-01-29 12:25:40,222 - INFO - [0.03928668 0.702      0.001      0.001      0.001      0.001      0.001      0.995     ]
2024-01-29 12:25:48,133 - INFO - [0.01003021 0.823      0.20488995 0.19296253 0.17112547 0.16970517 0.2582615  0.00305538]
2024-01-29 12:25:56,030 - INFO - [0.01008394 0.822      0.19145548 0.18266061 0.16646892 0.15712899 0.23469716 0.06758884]
2024-01-29 12:26:03,937 - INFO - [0.01017151 0.823      0.18650658 0.18017422 0.16636115 0.15298207 0.23138256 0.08259337]
2024-01-29 12:26:11,835 - INFO - [0.01021529 0.823      0.18423469 0.17911036 0.1664906  0.15109952 0.22959006 0.08947473]
2024-01-29 12:26:19,707 - INFO - [0.01023603 0.823      0.18318103 0.17864697 0.16662884 0.15023141 0.22868966 0.09262208]
2024-01-29 12:26:27,617 - INFO - [0.01024565 0.823      0.18268247 0.17845117 0.16673256 0.1498246  0.22823106 0.09407818]
2024-01-29 12:26:35,483 - INFO - [0.01025019 0.823      0.18244357 0.17837068 0.1667988  0.14962938 0.22800431 0.09475324]
2024-01-29 12:26:43,392 - INFO - [0.01025217 0.823      0.1823447  0.17833461 0.1668413  0.14954793 0.22788008 0.0950513 ]
2024-01-29 12:26:51,270 - INFO - [0.01025275 0.823      0.18231039 0.17831157 0.1668641  0.14952366 0.22782944 0.09516081]
2024-01-29 12:26:59,168 - INFO - [0.0102534  0.823      0.1822715  0.17830707 0.16687329 0.14949054 0.22781593 0.09524164]
2024-01-29 12:27:07,064 - INFO - [0.01025385 0.823      0.18223509 0.1783185  0.16688494 0.14945936 0.22779226 0.09530983]
2024-01-29 12:27:14,951 - INFO - [0.01025405 0.823      0.18222617 0.17832428 0.16689663 0.14945303 0.22775915 0.09534068]
2024-01-29 12:27:22,828 - INFO - [0.01025402 0.823      0.18222611 0.17832641 0.16689852 0.1494513  0.22774944 0.09534821]
2024-01-29 12:27:30,745 - INFO - [0.01025415 0.823      0.182225   0.17832662 0.16690134 0.14945006 0.22774439 0.09535247]
2024-01-29 12:27:38,643 - INFO - [0.0102541  0.823      0.18221691 0.17832936 0.16690241 0.14944467 0.22774269 0.09536397]
2024-01-29 12:27:46,517 - INFO - [0.01025386 0.823      0.18224202 0.17832032 0.1669025  0.14946699 0.22773457 0.09533356]
2024-01-29 12:27:54,398 - INFO - [0.0102537  0.823      0.18224505 0.17831406 0.16689795 0.14946981 0.22775774 0.09531544]
2024-01-29 12:28:02,288 - INFO - [0.01025392 0.823      0.18223614 0.17831618 0.16689697 0.14946271 0.22776712 0.09532079]
2024-01-29 12:28:10,163 - INFO - [0.01025405 0.823      0.18222108 0.17832351 0.16689883 0.14944828 0.22776107 0.09534723]
2024-01-29 12:28:18,034 - INFO - [0.01025395 0.823      0.18223077 0.17832385 0.16689977 0.14945845 0.22774878 0.09533833]
2024-01-29 12:28:18,049 - INFO - Successfully finished `test_optimize` after 164.088 seconds.
