2024-01-29 11:51:04,736 - INFO - Logging into directory _output/exp_bad_weights/20240129/20240129_115104.
2024-01-29 11:51:04,739 - INFO - Starting `test_optimize`.
2024-01-29 11:51:11,086 - INFO - [0.04854741 0.668      0.001      0.001      0.001      0.001      0.001      0.995     ]
2024-01-29 11:51:19,129 - INFO - [1.91427922e-02 7.88000000e-01 1.84650645e-01 1.58023551e-01 1.47814140e-01 2.30493844e-01 2.78453141e-01 5.64677466e-04]
2024-01-29 11:51:27,169 - INFO - [0.01949616 0.788      0.1887002  0.18297958 0.15583883 0.1822232  0.26985845 0.02039968]
2024-01-29 11:51:35,150 - INFO - [0.01950451 0.788      0.19240418 0.1804086  0.1602703  0.18065448 0.26082161 0.02544075]
2024-01-29 11:51:43,128 - INFO - [0.01949947 0.788      0.19277737 0.18036117 0.15929218 0.18134601 0.26042464 0.02579875]
2024-01-29 11:51:51,073 - INFO - [0.01950249 0.788      0.1926358  0.18038498 0.15936683 0.18106908 0.26089805 0.02564522]
2024-01-29 11:51:59,062 - INFO - [0.01950124 0.788      0.1926249  0.18038219 0.1593973  0.18117264 0.26074284 0.02568017]
2024-01-29 11:52:07,024 - INFO - [0.0195017  0.788      0.19264928 0.18037741 0.1593733  0.18114033 0.26078418 0.02567551]
2024-01-29 11:52:15,030 - INFO - [0.01950152 0.788      0.19263786 0.18039832 0.15937881 0.1811471  0.26077449 0.02566341]
2024-01-29 11:52:22,988 - INFO - [0.01950176 0.788      0.19264151 0.18039    0.15938301 0.18113683 0.26077715 0.02567141]
2024-01-29 11:52:30,981 - INFO - [0.01950144 0.788      0.19263193 0.18038173 0.15938488 0.18115713 0.26077104 0.02567335]
2024-01-29 11:52:38,947 - INFO - [0.01950168 0.788      0.1926444  0.18037984 0.15938182 0.18114614 0.26077285 0.02567486]
2024-01-29 11:52:46,933 - INFO - [0.01950175 0.788      0.19263075 0.18039656 0.1593858  0.18113779 0.26077604 0.02567294]
2024-01-29 11:52:54,892 - INFO - [0.01950175 0.788      0.19264455 0.18038648 0.15938778 0.18113211 0.26077625 0.02567279]
2024-01-29 11:53:02,910 - INFO - [0.01950155 0.788      0.19264333 0.18037905 0.15937671 0.18114561 0.2607775  0.02567789]
2024-01-29 11:53:11,083 - INFO - [0.01950172 0.788      0.19264452 0.18038641 0.15938371 0.18113983 0.26077369 0.02567175]
2024-01-29 11:53:19,158 - INFO - [0.0195015  0.788      0.1926316  0.180379   0.1593881  0.18115184 0.26077551 0.02567399]
2024-01-29 11:53:27,139 - INFO - [0.01950155 0.788      0.19264576 0.18039168 0.15938351 0.18114147 0.26077878 0.02565881]
2024-01-29 11:53:35,160 - INFO - [0.01950167 0.788      0.19264127 0.18038352 0.15938793 0.18113633 0.26077566 0.02567531]
2024-01-29 11:53:43,149 - INFO - [0.01950154 0.788      0.19262938 0.18037702 0.1593862  0.18115453 0.26077697 0.02567587]
2024-01-29 11:53:51,140 - INFO - [0.01950166 0.788      0.19264299 0.18037902 0.15938656 0.18114561 0.26077393 0.02567183]
2024-01-29 11:53:51,155 - INFO - Successfully finished `test_optimize` after 166.416 seconds.
