2024-01-29 13:11:03,909 - INFO - Logging into directory _output/exp_bad_weights/20240129/20240129_131103.
2024-01-29 13:11:03,912 - INFO - Starting `test_optimize`.
2024-01-29 13:11:10,534 - INFO - [0.04381755 0.689      0.001      0.001      0.001      0.001      0.001      0.995     ]
2024-01-29 13:11:18,694 - INFO - [1.49184554e-02 8.05000000e-01 2.26267815e-01 1.94680020e-01 1.74571648e-01 1.82289645e-01 2.21639693e-01 5.51152043e-04]
2024-01-29 13:11:26,824 - INFO - [0.01476003 0.804      0.21755502 0.19118565 0.1839447  0.19290593 0.19126502 0.02314368]
2024-01-29 13:11:34,906 - INFO - [0.01472013 0.803      0.21187517 0.18854885 0.1866768  0.19640508 0.1838868  0.03260724]
2024-01-29 13:11:43,034 - INFO - [0.01470223 0.804      0.20905304 0.18722492 0.18809313 0.19817065 0.18031457 0.03714367]
2024-01-29 13:11:51,135 - INFO - [0.01469411 0.804      0.20765924 0.18655705 0.1888245  0.19904552 0.17858535 0.03932823]
2024-01-29 13:11:59,266 - INFO - [0.01468998 0.804      0.20697917 0.1862174  0.18919833 0.1994863  0.17774427 0.04037461]
2024-01-29 13:12:07,356 - INFO - [0.01468806 0.804      0.20662741 0.18604502 0.18939315 0.19970478 0.17735031 0.04087931]
2024-01-29 13:12:15,479 - INFO - [0.01468693 0.804      0.20645456 0.18594441 0.18949823 0.19982202 0.17716251 0.0411183 ]
2024-01-29 13:12:23,566 - INFO - [0.01468646 0.804      0.20637111 0.18590306 0.18954408 0.19987637 0.17706686 0.04123854]
2024-01-29 13:12:31,697 - INFO - [0.01468613 0.804      0.20632099 0.18588842 0.18956017 0.1999097  0.17702378 0.04129703]
2024-01-29 13:12:39,868 - INFO - [0.01468604 0.804      0.20630825 0.18587697 0.18957628 0.19991961 0.17699133 0.04132765]
2024-01-29 13:12:48,011 - INFO - [0.01468615 0.804      0.20630416 0.18586548 0.18957986 0.19992946 0.17698514 0.04133581]
2024-01-29 13:12:56,130 - INFO - [0.01468604 0.804      0.20631021 0.185854   0.18957648 0.19993839 0.17697899 0.04134195]
2024-01-29 13:13:04,240 - INFO - [0.0146862  0.804      0.20631574 0.18586154 0.1895837  0.19992353 0.17697284 0.04134258]
2024-01-29 13:13:12,347 - INFO - [0.01468589 0.804      0.20629317 0.18585809 0.18959935 0.19993339 0.17696673 0.04134935]
2024-01-29 13:13:20,462 - INFO - [0.01468596 0.804      0.20629919 0.18586078 0.18958655 0.19994287 0.17696062 0.04135002]
2024-01-29 13:13:28,574 - INFO - [0.01468599 0.804      0.20630522 0.18585649 0.18960224 0.19992337 0.17696095 0.04135178]
2024-01-29 13:13:36,704 - INFO - [0.01468605 0.804      0.20631121 0.18585236 0.18958856 0.19993323 0.17695993 0.04135475]
2024-01-29 13:13:44,797 - INFO - [0.01468605 0.804      0.20630701 0.1858706  0.18957533 0.19993272 0.17695916 0.04135524]
2024-01-29 13:13:52,920 - INFO - [0.01468591 0.804      0.20631233 0.18585914 0.18959136 0.19993579 0.17695305 0.04134844]
2024-01-29 13:13:52,938 - INFO - Successfully finished `test_optimize` after 169.025 seconds.
