2024-01-30 15:49:01,811 - INFO - Logging into directory _output/exp_011000/20240130_154901__4294967178.
2024-01-30 15:49:01,816 - INFO - Starting `test_optimize`.
2024-01-30 15:49:14,675 - INFO - [0.01457696 0.798      0.001      0.498      0.498      0.001      0.001      0.001     ]
2024-01-30 15:49:31,818 - INFO - [0.01012658 0.817      0.08962394 0.3369422  0.32839805 0.08049358 0.15539037 0.0091519 ]
2024-01-30 15:49:51,507 - INFO - [0.00941731 0.82       0.13966897 0.26179475 0.25256741 0.12946479 0.19879155 0.01771256]
2024-01-30 15:50:09,598 - INFO - [0.00927044 0.819      0.1644146  0.22322898 0.21607298 0.156387   0.21884422 0.02105237]
2024-01-30 15:50:26,754 - INFO - [0.00927729 0.819      0.17731975 0.20341933 0.19778307 0.17018025 0.22859961 0.02269796]
2024-01-30 15:50:44,051 - INFO - [0.00930243 0.817      0.1840453  0.19325206 0.18862352 0.17725125 0.23335566 0.02347219]
2024-01-30 15:51:01,441 - INFO - [0.00932852 0.817      0.18677078 0.18754765 0.1841037  0.18041684 0.23775859 0.02340244]
2024-01-30 15:51:18,522 - INFO - [0.0093431  0.817      0.18821484 0.18463877 0.18185943 0.18204689 0.23987038 0.02336977]
2024-01-30 15:51:36,698 - INFO - [0.009351   0.817      0.1889763  0.183143   0.18074742 0.18288404 0.2408905  0.02335872]
2024-01-30 15:51:53,983 - INFO - [0.0093549  0.817      0.18937717 0.18238856 0.18018095 0.18332051 0.24138212 0.02335073]
2024-01-30 15:52:10,958 - INFO - [0.00935704 0.817      0.18958198 0.18199453 0.1799048  0.18354873 0.24162072 0.02334917]
2024-01-30 15:52:27,672 - INFO - [0.00935792 0.817      0.18968745 0.18180665 0.17977767 0.18365782 0.24172485 0.02334557]
2024-01-30 15:52:44,703 - INFO - [0.00935843 0.817      0.18974243 0.18170829 0.17971022 0.18370731 0.24177954 0.02335225]
2024-01-30 15:53:01,742 - INFO - [0.00935868 0.817      0.18977955 0.18165801 0.17967266 0.18373257 0.24180886 0.0233484 ]
2024-01-30 15:53:19,226 - INFO - [0.00935886 0.817      0.18979548 0.18161932 0.17966473 0.18375219 0.24182345 0.02334486]
2024-01-30 15:53:35,917 - INFO - [0.00935883 0.817      0.18980552 0.18161041 0.17965551 0.18376143 0.24182762 0.0233396 ]
2024-01-30 15:53:53,117 - INFO - [0.00935899 0.817      0.18980408 0.18160149 0.17964774 0.18376061 0.24184212 0.02334395]
2024-01-30 15:54:09,925 - INFO - [0.009359   0.817      0.18981014 0.18159352 0.17964004 0.18377663 0.24183452 0.02334516]
2024-01-30 15:54:26,995 - INFO - [0.00935902 0.817      0.18982202 0.18158594 0.17963235 0.18376647 0.24184887 0.02334443]
2024-01-30 15:54:44,426 - INFO - [0.00935911 0.817      0.18981084 0.18160619 0.17962477 0.18375693 0.24185096 0.02335026]
2024-01-30 15:55:00,528 - INFO - [0.00935899 0.817      0.18981208 0.18159732 0.17962597 0.18377645 0.24183579 0.02335243]
2024-01-30 15:55:00,570 - INFO - Successfully finished `test_optimize` after 358.754 seconds.
