2024-01-29 12:57:05,088 - INFO - Logging into directory _output/exp_bad_weights/20240129/20240129_125705.
2024-01-29 12:57:05,091 - INFO - Starting `test_optimize`.
2024-01-29 12:57:11,407 - INFO - [0.04657549 0.675      0.001      0.001      0.001      0.001      0.001      0.995     ]
2024-01-29 12:57:19,374 - INFO - [1.88186222e-02 7.98000000e-01 2.07844645e-01 1.80114374e-01 1.64704531e-01 1.63716614e-01 2.83422142e-01 1.97600515e-04]
2024-01-29 12:57:27,356 - INFO - [0.01885428 0.798      0.19249205 0.16821244 0.15928647 0.1488691  0.27137789 0.05976203]
2024-01-29 12:57:35,302 - INFO - [0.01883411 0.797      0.19209041 0.16937055 0.16254617 0.14790234 0.27645189 0.05163858]
2024-01-29 12:57:43,258 - INFO - [0.01882656 0.797      0.1917921  0.16961686 0.16379881 0.14748469 0.27583897 0.05146851]
2024-01-29 12:57:51,411 - INFO - [0.01882443 0.797      0.19161211 0.16966635 0.16427636 0.14733393 0.27566049 0.0514508 ]
2024-01-29 12:57:59,374 - INFO - [0.01882378 0.797      0.19152512 0.16967964 0.16446836 0.14728443 0.27560759 0.05143483]
2024-01-29 12:58:07,311 - INFO - [0.01882348 0.797      0.19148441 0.1696806  0.16454144 0.14726648 0.27558902 0.05143814]
2024-01-29 12:58:15,273 - INFO - [0.01882357 0.797      0.19146612 0.16967827 0.16456895 0.14725874 0.27557611 0.05145176]
2024-01-29 12:58:23,206 - INFO - [0.01882353 0.797      0.19145586 0.16967891 0.16457903 0.14725676 0.27557436 0.05145507]
2024-01-29 12:58:31,565 - INFO - [0.01882353 0.797      0.19145197 0.16967845 0.16458285 0.14725271 0.27557114 0.0514629 ]
2024-01-29 12:58:39,554 - INFO - [0.01882333 0.797      0.19145808 0.16968498 0.16459072 0.14725801 0.27557975 0.05142849]
2024-01-29 12:58:47,504 - INFO - [0.01882354 0.797      0.19145283 0.16967796 0.16458775 0.14725633 0.27556708 0.05145798]
2024-01-29 12:58:55,441 - INFO - [0.01882345 0.797      0.19145066 0.169677   0.16458483 0.14725466 0.27556962 0.05146329]
2024-01-29 12:59:03,410 - INFO - [0.01882334 0.797      0.1914575  0.16968325 0.16459073 0.14725955 0.27557984 0.05142917]
2024-01-29 12:59:11,338 - INFO - [0.01882346 0.797      0.19145253 0.16967532 0.16458766 0.14725599 0.27556771 0.0514608 ]
2024-01-29 12:59:19,299 - INFO - [0.01882349 0.797      0.19145027 0.16967845 0.16458623 0.14725484 0.27557054 0.05145969]
2024-01-29 12:59:27,235 - INFO - [0.01882353 0.797      0.19144985 0.16967939 0.16458465 0.14725377 0.27557111 0.05146122]
2024-01-29 12:59:35,213 - INFO - [0.01882348 0.797      0.19145134 0.16967985 0.16458413 0.14725339 0.27557081 0.05146047]
2024-01-29 12:59:43,149 - INFO - [0.01882357 0.797      0.19144927 0.16967896 0.16458505 0.14725377 0.27556959 0.05146332]
2024-01-29 12:59:51,112 - INFO - [0.01882357 0.797      0.19145125 0.16967849 0.1645847  0.14725235 0.27557144 0.05146172]
2024-01-29 12:59:51,128 - INFO - Successfully finished `test_optimize` after 166.037 seconds.
