2024-01-29 12:52:47,392 - INFO - Logging into directory _output/exp_uniform_weights/20240129/20240129_125247.
2024-01-29 12:52:47,395 - INFO - Starting `test_optimize`.
2024-01-29 12:52:53,648 - INFO - [0.01933567 0.797      0.16666667 0.16666667 0.16666667 0.16666667 0.16666667 0.16666667]
2024-01-29 12:53:01,547 - INFO - [0.01922831 0.796      0.174079   0.16051432 0.15703903 0.14623994 0.22551514 0.13661259]
2024-01-29 12:53:09,445 - INFO - [0.01931401 0.796      0.1806701  0.15804854 0.15214236 0.1376576  0.23371641 0.13776501]
2024-01-29 12:53:17,312 - INFO - [0.01935778 0.796      0.18321049 0.15668763 0.14996698 0.13419531 0.23760156 0.13833803]
2024-01-29 12:53:25,215 - INFO - [0.01938195 0.796      0.18405534 0.15589857 0.14890836 0.13270541 0.2397939  0.13863844]
2024-01-29 12:53:33,091 - INFO - [0.0193968  0.796      0.18426102 0.15542108 0.1483193  0.13197564 0.24121481 0.13880813]
2024-01-29 12:53:41,011 - INFO - [0.0194069  0.796      0.18423846 0.15510613 0.14793856 0.1315594  0.24224593 0.13891156]
2024-01-29 12:53:48,866 - INFO - [0.01941474 0.796      0.18413758 0.1548757  0.14765616 0.13126944 0.24308056 0.13898061]
2024-01-29 12:53:56,777 - INFO - [0.01942148 0.796      0.18401438 0.15468344 0.14741842 0.13104761 0.2438046  0.1390315 ]
2024-01-29 12:54:04,661 - INFO - [0.01942765 0.797      0.18387628 0.15450852 0.14720646 0.13084979 0.24448387 0.13907503]
2024-01-29 12:54:12,564 - INFO - [0.01943383 0.797      0.18372592 0.1543356  0.14699557 0.13065048 0.24517819 0.13911422]
2024-01-29 12:54:20,417 - INFO - [0.01944052 0.797      0.18355125 0.15414894 0.14677353 0.13044207 0.24593136 0.13915285]
2024-01-29 12:54:28,295 - INFO - [0.01944855 0.797      0.1833404  0.153926   0.14651166 0.13019565 0.24683227 0.13919401]
2024-01-29 12:54:36,141 - INFO - [0.01945932 0.796      0.18304183 0.15362407 0.14617036 0.12987596 0.24804579 0.13924201]
2024-01-29 12:54:44,026 - INFO - [0.0194764  0.796      0.18254733 0.15315108 0.14564088 0.12937877 0.249979   0.13930297]
2024-01-29 12:54:51,884 - INFO - [0.01951436 0.797      0.18140669 0.15211999 0.14451113 0.12832189 0.25426263 0.13937761]
2024-01-29 12:54:59,723 - INFO - [0.01967079 0.797      0.17636332 0.14787519 0.14004932 0.12416916 0.27214834 0.13939469]
2024-01-29 12:55:07,608 - INFO - [0.01976613 0.795      0.1728667  0.14565791 0.13740878 0.12230077 0.2812196  0.14054625]
2024-01-29 12:55:15,465 - INFO - [0.0197804  0.795      0.17224567 0.14548314 0.1368864  0.12214838 0.28221053 0.1410259 ]
2024-01-29 12:55:23,315 - INFO - [0.01978197 0.795      0.17214447 0.14551128 0.13676497 0.12216315 0.28233588 0.1410802 ]
2024-01-29 12:55:31,152 - INFO - [0.01978198 0.795      0.17212798 0.14553078 0.13674365 0.12217472 0.28234273 0.14108007]
2024-01-29 12:55:31,170 - INFO - Successfully finished `test_optimize` after 163.775 seconds.
