2024-01-29 15:10:21,311 - INFO - Logging into directory _output/exp_good_weights/20240129/20240129_151021.
2024-01-29 15:10:21,315 - INFO - Starting `test_optimize`.
2024-01-29 15:10:27,675 - INFO - [0.0169647 0.801     0.01      0.5       0.3       0.14      0.04      0.01     ]
2024-01-29 15:10:35,650 - INFO - [0.01487623 0.806      0.10860407 0.34297201 0.24487311 0.16489367 0.11456727 0.02408987]
2024-01-29 15:10:43,610 - INFO - [0.01452495 0.805      0.15694979 0.26375511 0.21503405 0.18189472 0.15086074 0.03150557]
2024-01-29 15:10:51,548 - INFO - [0.01453224 0.804      0.18209058 0.22554621 0.20258053 0.19071916 0.16231798 0.03674557]
2024-01-29 15:10:59,529 - INFO - [0.01459348 0.804      0.19457425 0.20651051 0.19653252 0.19516693 0.16777882 0.03943706]
2024-01-29 15:11:07,477 - INFO - [0.0146375  0.804      0.20039581 0.19635133 0.19294262 0.19756229 0.17240943 0.04033854]
2024-01-29 15:11:15,451 - INFO - [0.01466245 0.804      0.20332433 0.19119081 0.19120245 0.19875792 0.17470415 0.04082032]
2024-01-29 15:11:23,375 - INFO - [0.01467445 0.804      0.20479168 0.18857901 0.19036201 0.19934416 0.17585009 0.04107311]
2024-01-29 15:11:31,375 - INFO - [0.01468046 0.804      0.20554322 0.18724635 0.1899606  0.19963537 0.1764105  0.04120399]
2024-01-29 15:11:39,324 - INFO - [0.01468322 0.804      0.20590875 0.18656819 0.18976796 0.1997834  0.17669977 0.04127192]
2024-01-29 15:11:47,296 - INFO - [0.01468466 0.804      0.20609815 0.18622869 0.18966486 0.19985296 0.1768427  0.04131265]
2024-01-29 15:11:55,266 - INFO - [0.01468532 0.804      0.20619375 0.18604991 0.18962136 0.19989271 0.17690696 0.04133537]
2024-01-29 15:12:03,244 - INFO - [0.01468564 0.804      0.20624374 0.18596922 0.18960764 0.19990507 0.17693067 0.04134373]
2024-01-29 15:12:11,175 - INFO - [0.01468597 0.804      0.2062795  0.18591124 0.18959391 0.19991495 0.17695431 0.04134606]
2024-01-29 15:12:19,181 - INFO - [0.01468607 0.804      0.20628557 0.18589965 0.1895802  0.19992483 0.17695683 0.04135285]
2024-01-29 15:12:27,157 - INFO - [0.01468598 0.804      0.20629166 0.18588817 0.1895732  0.19993469 0.17695877 0.04135356]
2024-01-29 15:12:35,155 - INFO - [0.01468605 0.804      0.20629768 0.18587668 0.18958919 0.19993341 0.17695266 0.04135031]
2024-01-29 15:12:43,115 - INFO - [0.014686   0.804      0.20630378 0.18586524 0.18958139 0.19993804 0.17695744 0.04135414]
2024-01-29 15:12:51,107 - INFO - [0.01468597 0.804      0.2063098  0.18585393 0.18959123 0.19993868 0.17695165 0.04135478]
2024-01-29 15:12:59,070 - INFO - [0.01468618 0.804      0.20631453 0.18586239 0.18957797 0.19993356 0.17695631 0.04135519]
2024-01-29 15:13:07,045 - INFO - [0.01468596 0.804      0.20630708 0.18585113 0.18959388 0.19994237 0.17695041 0.04135517]
2024-01-29 15:13:07,064 - INFO - Successfully finished `test_optimize` after 165.749 seconds.
