2024-01-29 17:45:43,821 - INFO - Logging into directory _output/exp_011100_/20240129_174543__4294967164.
2024-01-29 17:45:43,825 - INFO - Starting `test_optimize`.
2024-01-29 17:46:01,327 - INFO - [0.02425492 0.797      0.001      0.332      0.332      0.332      0.001      0.001     ]
2024-01-29 17:46:22,252 - INFO - [0.0202925  0.807      0.09337565 0.24886167 0.24520132 0.2319555  0.1797961  0.00080984]
2024-01-29 17:46:42,880 - INFO - [0.02012975 0.805      0.14626849 0.21430425 0.20772021 0.19142291 0.23755509 0.00272911]
2024-01-29 17:47:04,397 - INFO - [0.02020239 0.805      0.1776146  0.2031403  0.19422379 0.17892362 0.23897836 0.00711933]
2024-01-29 17:47:25,190 - INFO - [0.02025711 0.807      0.19276451 0.19758029 0.18785252 0.17273782 0.23969507 0.00936984]
2024-01-29 17:47:46,336 - INFO - [0.02028864 0.808      0.20027322 0.19479603 0.18469538 0.16974951 0.24004249 0.01044344]
2024-01-29 17:48:08,088 - INFO - [0.02030573 0.808      0.20399863 0.19339368 0.1831255  0.16830134 0.24023263 0.01094822]
2024-01-29 17:48:30,266 - INFO - [0.02031448 0.808      0.20584744 0.1926948  0.18232934 0.16761258 0.24032497 0.01119079]
2024-01-29 17:48:52,631 - INFO - [0.02031884 0.808      0.2067719  0.19234204 0.18194909 0.16727509 0.24035431 0.01130756]
2024-01-29 17:49:13,833 - INFO - [0.02032105 0.808      0.20723011 0.19216187 0.18176208 0.16710514 0.24038154 0.01135925]
2024-01-29 17:49:37,316 - INFO - [0.02032218 0.808      0.20745814 0.19206625 0.18167335 0.16701686 0.2404072  0.01137814]
2024-01-29 17:49:58,941 - INFO - [0.02032276 0.808      0.20757113 0.19202237 0.1816413  0.16696794 0.24040845 0.01138876]
2024-01-29 17:50:19,876 - INFO - [0.02032301 0.808      0.20762463 0.19199997 0.18162213 0.16694678 0.24041019 0.01139626]
2024-01-29 17:50:40,798 - INFO - [0.02032304 0.808      0.20765141 0.19198909 0.18161322 0.16693617 0.24041216 0.01139802]
2024-01-29 17:51:00,748 - INFO - [0.02032314 0.808      0.20767    0.19197989 0.18160984 0.16693027 0.24041256 0.01139748]
2024-01-29 17:51:21,778 - INFO - [0.02032318 0.808      0.20767561 0.19197544 0.18160743 0.16693063 0.24041314 0.01139778]
2024-01-29 17:51:42,574 - INFO - [0.0203232  0.808      0.20767674 0.19197345 0.18160748 0.16693065 0.24041383 0.01139784]
2024-01-29 17:52:04,167 - INFO - [0.02032318 0.808      0.2076765  0.19197145 0.18160793 0.16692938 0.24041735 0.01139743]
2024-01-29 17:52:26,579 - INFO - [0.02032327 0.808      0.20767841 0.19196853 0.18160725 0.16692857 0.24042012 0.01139705]
2024-01-29 17:52:48,692 - INFO - [0.02032319 0.808      0.20768067 0.19197279 0.1816134  0.16693126 0.24040027 0.01140166]
2024-01-29 17:53:08,785 - INFO - [0.02032335 0.808      0.20768102 0.19197223 0.18160962 0.1669334  0.2404007  0.01140292]
2024-01-29 17:53:08,873 - INFO - Successfully finished `test_optimize` after 445.048 seconds.
