2024-01-30 15:49:01,816 - INFO - Logging into directory _output/exp_011000/20240130_154901__4294967185.
2024-01-30 15:49:01,822 - INFO - Starting `test_optimize`.
2024-01-30 15:49:16,834 - INFO - [0.02598063 0.787      0.001      0.498      0.498      0.001      0.001      0.001     ]
2024-01-30 15:49:35,630 - INFO - [0.02043603 0.804      0.12126945 0.30200103 0.29781342 0.14574145 0.09995701 0.03321767]
2024-01-30 15:49:54,229 - INFO - [0.01991692 0.802      0.15628222 0.24105388 0.24122815 0.17305051 0.14292106 0.04546419]
2024-01-30 15:50:12,669 - INFO - [0.01985297 0.804      0.1731644  0.20964217 0.21382084 0.1866284  0.16469511 0.05204902]
2024-01-30 15:50:30,666 - INFO - [0.01987105 0.803      0.18168889 0.19383739 0.20043556 0.19361773 0.17512372 0.05529662]
2024-01-30 15:50:47,950 - INFO - [0.01990008 0.805      0.18576041 0.18624991 0.19387391 0.19732456 0.17976363 0.05702746]
2024-01-30 15:51:06,843 - INFO - [0.01991619 0.805      0.18688443 0.18309523 0.19058278 0.19959588 0.18169293 0.05814866]
2024-01-30 15:51:24,648 - INFO - [0.01992382 0.805      0.18728958 0.18154    0.18901959 0.20076741 0.18267205 0.05871128]
2024-01-30 15:51:42,921 - INFO - [0.01992779 0.805      0.18751505 0.18076125 0.18826149 0.20134266 0.18314031 0.0589792 ]
2024-01-30 15:52:00,767 - INFO - [0.01992963 0.805      0.18762167 0.1803662  0.18789107 0.20164898 0.1833687  0.05910345]
2024-01-30 15:52:19,196 - INFO - [0.01993071 0.805      0.18766883 0.18017931 0.18769966 0.20180239 0.18347897 0.05917082]
2024-01-30 15:52:37,080 - INFO - [0.01993126 0.805      0.18770117 0.18008189 0.18760213 0.20187069 0.1835396  0.05920446]
2024-01-30 15:52:54,974 - INFO - [0.01993149 0.805      0.18771835 0.18004394 0.18755981 0.20190917 0.18355928 0.05920941]
2024-01-30 15:53:12,681 - INFO - [0.01993151 0.805      0.18772288 0.18001723 0.18754731 0.20191786 0.18357895 0.05921575]
2024-01-30 15:53:30,117 - INFO - [0.01993151 0.805      0.18771538 0.18000928 0.18753484 0.20192656 0.18358774 0.05922623]
2024-01-30 15:53:47,870 - INFO - [0.01993168 0.805      0.18773252 0.18000129 0.18752237 0.20193523 0.1835846  0.05922398]
2024-01-30 15:54:05,504 - INFO - [0.0199316  0.805      0.18772066 0.17999335 0.18751025 0.20194392 0.18360353 0.05922833]
2024-01-30 15:54:23,484 - INFO - [0.01993169 0.805      0.18773778 0.17998539 0.1875241  0.20193379 0.18359341 0.05922553]
2024-01-30 15:54:41,490 - INFO - [0.0199318  0.805      0.1877404  0.17999254 0.18751164 0.20194247 0.18358332 0.05922962]
2024-01-30 15:54:59,021 - INFO - [0.01993164 0.805      0.18772779 0.17998458 0.18752539 0.2019475  0.18358772 0.05922702]
2024-01-30 15:55:09,762 - INFO - [0.01993167 0.805      0.18773845 0.17997669 0.18751293 0.2019428  0.18360515 0.05922399]
2024-01-30 15:55:09,822 - INFO - Successfully finished `test_optimize` after 368.000 seconds.
