2024-01-29 16:39:13,687 - INFO - Logging into directory _output/exp_011000/20240129_163913__4294967169.
2024-01-29 16:39:13,691 - INFO - Starting `test_optimize`.
2024-01-29 16:39:24,448 - INFO - [0.01255616 0.804      0.001      0.498      0.498      0.001      0.001      0.001     ]
2024-01-29 16:39:40,926 - INFO - [0.00894197 0.816      0.10266984 0.34276313 0.33235261 0.08909211 0.1213128  0.01180945]
2024-01-29 16:39:57,738 - INFO - [0.0086197  0.82       0.1541899  0.26706555 0.25220078 0.13209438 0.17521766 0.01923164]
2024-01-29 16:40:13,940 - INFO - [0.00877026 0.818      0.17998816 0.22890641 0.21337081 0.15481119 0.19850717 0.02441633]
2024-01-29 16:40:25,407 - INFO - [0.00894931 0.817      0.19115712 0.20896606 0.19390613 0.16619918 0.20787878 0.03189271]
2024-01-29 16:40:38,520 - INFO - [0.00906044 0.816      0.19671831 0.19911185 0.18461952 0.17218572 0.21182281 0.0355419 ]
2024-01-29 16:40:54,517 - INFO - [0.0091156  0.815      0.1980401  0.19507064 0.18024193 0.17489286 0.21496984 0.03678463]
2024-01-29 16:41:11,191 - INFO - [0.00914349 0.815      0.19873609 0.19305651 0.17808908 0.17625985 0.2164572  0.03740134]
2024-01-29 16:41:26,895 - INFO - [0.00915699 0.815      0.19910383 0.19205211 0.17702077 0.17696889 0.21714585 0.03770864]
2024-01-29 16:41:41,444 - INFO - [0.00916384 0.815      0.1992929  0.19153382 0.17650808 0.17732859 0.21747302 0.03786365]
2024-01-29 16:41:55,138 - INFO - [0.00916729 0.815      0.19939251 0.19128068 0.1762453  0.17752083 0.21762131 0.03793933]
2024-01-29 16:42:10,195 - INFO - [0.00916887 0.815      0.19943415 0.19114935 0.17612049 0.17760769 0.21770987 0.03797853]
2024-01-29 16:42:24,437 - INFO - [0.00916992 0.815      0.19947392 0.19108248 0.17605527 0.17766069 0.21773885 0.03798869]
2024-01-29 16:42:40,871 - INFO - [0.00917019 0.815      0.19948407 0.19106182 0.17601989 0.17768392 0.21775107 0.03799918]
2024-01-29 16:42:56,571 - INFO - [0.00917024 0.815      0.19949391 0.19104725 0.17601429 0.17769241 0.21775028 0.0380019 ]
2024-01-29 16:43:10,779 - INFO - [0.00917042 0.815      0.19950396 0.19103271 0.17600872 0.17769533 0.2177522  0.0380071 ]
2024-01-29 16:43:25,971 - INFO - [0.00917057 0.815      0.19951397 0.19102491 0.17600316 0.17769073 0.21775141 0.03801579]
2024-01-29 16:43:38,492 - INFO - [0.00917049 0.815      0.1994997  0.19104004 0.17599763 0.17769505 0.2177507  0.03801684]
2024-01-29 16:43:52,269 - INFO - [0.00917046 0.815      0.1995098  0.19103041 0.17599213 0.17769906 0.21775012 0.03801857]
2024-01-29 16:44:06,224 - INFO - [0.00917053 0.815      0.1995012  0.1910395  0.1759866  0.1777086  0.21775165 0.03801241]
2024-01-29 16:44:19,726 - INFO - [0.00917054 0.815      0.19951069 0.19103685 0.17598775 0.17770205 0.21775122 0.03801142]
2024-01-29 16:44:19,746 - INFO - Successfully finished `test_optimize` after 306.054 seconds.
