2024-01-29 17:45:44,922 - INFO - Logging into directory _output/exp_011100_/20240129_174544__4294967179.
2024-01-29 17:45:44,926 - INFO - Starting `test_optimize`.
2024-01-29 17:46:03,044 - INFO - [0.01727263 0.806      0.001      0.332      0.332      0.332      0.001      0.001     ]
2024-01-29 17:46:26,333 - INFO - [0.01448355 0.825      0.10504247 0.26354691 0.24851373 0.24944569 0.09572354 0.03772768]
2024-01-29 17:46:47,432 - INFO - [0.01423583 0.822      0.15769014 0.23174596 0.2080148  0.21092874 0.13490675 0.05671354]
2024-01-29 17:47:07,690 - INFO - [0.01425684 0.82       0.18446042 0.21567723 0.1879967  0.19160597 0.15466386 0.06559581]
2024-01-29 17:47:27,853 - INFO - [0.01430607 0.819      0.19704697 0.20711148 0.178284   0.18172474 0.16484328 0.07098949]
2024-01-29 17:47:48,776 - INFO - [0.01434055 0.819      0.20349191 0.20280232 0.17341645 0.17680673 0.16984983 0.07363284]
2024-01-29 17:48:10,443 - INFO - [0.01436048 0.819      0.20678683 0.20063616 0.17097193 0.17435928 0.17232002 0.07492582]
2024-01-29 17:48:32,992 - INFO - [0.01437033 0.818      0.20847592 0.19954355 0.16974813 0.17313419 0.17353737 0.07556083]
2024-01-29 17:48:57,662 - INFO - [0.01437533 0.818      0.20934439 0.19898774 0.16912669 0.17253463 0.17412895 0.07587758]
2024-01-29 17:49:18,473 - INFO - [0.01437788 0.818      0.20979196 0.19870031 0.1688257  0.17223327 0.17442232 0.07602637]
2024-01-29 17:49:40,740 - INFO - [0.01437908 0.818      0.21000493 0.198562   0.16867535 0.17208104 0.17456663 0.07611006]
2024-01-29 17:50:01,356 - INFO - [0.01437986 0.818      0.21012789 0.19848348 0.16858569 0.1720182  0.17463523 0.07614946]
2024-01-29 17:50:24,326 - INFO - [0.01438009 0.818      0.21019121 0.19846386 0.16854036 0.17198522 0.17466025 0.07615907]
2024-01-29 17:50:48,173 - INFO - [0.01438018 0.818      0.21022473 0.19844484 0.16852318 0.17195231 0.17468528 0.07616971]
2024-01-29 17:51:10,760 - INFO - [0.01438032 0.818      0.21022937 0.19842686 0.1685221  0.17194919 0.17469341 0.07617906]
2024-01-29 17:51:30,649 - INFO - [0.01438029 0.818      0.21023306 0.1984375  0.168521   0.17194605 0.17468861 0.07617377]
2024-01-29 17:51:50,820 - INFO - [0.01438031 0.818      0.21023676 0.1984352  0.16851991 0.1719429  0.17468792 0.07617731]
2024-01-29 17:52:11,366 - INFO - [0.01438039 0.818      0.21024044 0.19843148 0.16851883 0.17193978 0.17469318 0.07617623]
2024-01-29 17:52:31,481 - INFO - [0.01438038 0.818      0.2102441  0.19844218 0.16851683 0.17193662 0.17468837 0.07617182]
2024-01-29 17:52:52,686 - INFO - [0.01438039 0.818      0.21024778 0.19844155 0.16851574 0.17193347 0.17468357 0.07617783]
2024-01-29 17:53:13,012 - INFO - [0.01438031 0.818      0.21025148 0.19842267 0.16851467 0.17193034 0.17470822 0.07617266]
2024-01-29 17:53:13,045 - INFO - Successfully finished `test_optimize` after 448.119 seconds.
