2024-01-29 16:28:05,166 - INFO - Logging into directory _output/exp_nice_weights/20240129_162805__4294967164.
2024-01-29 16:28:05,172 - INFO - Starting `test_optimize`.
2024-01-29 16:28:18,022 - INFO - [0.02544898 0.796      0.332      0.332      0.332      0.001      0.001      0.001     ]
2024-01-29 16:28:33,594 - INFO - [2.11160411e-02 8.04000000e-01 2.51340359e-01 2.46219158e-01 2.45072752e-01 7.61496872e-02 1.80742115e-01 4.75899549e-04]
2024-01-29 16:28:49,145 - INFO - [0.02056561 0.805      0.22413971 0.21314767 0.2083248  0.11564995 0.2357237  0.00301421]
2024-01-29 16:29:04,659 - INFO - [0.02043418 0.807      0.21627209 0.20260262 0.19636646 0.14132147 0.23631305 0.00712432]
2024-01-29 16:29:20,118 - INFO - [0.0203674  0.808      0.21165067 0.1972708  0.18838623 0.15446575 0.23943543 0.00879111]
2024-01-29 16:29:35,510 - INFO - [0.02033868 0.808      0.20959824 0.19479115 0.18476062 0.16104093 0.23997895 0.00983004]
2024-01-29 16:29:50,965 - INFO - [0.02033053 0.808      0.20863187 0.19357646 0.1835577  0.16376032 0.24003182 0.01044181]
2024-01-29 16:30:06,414 - INFO - [0.02032666 0.808      0.20812738 0.19276854 0.18255575 0.16533212 0.2402897  0.01092653]
2024-01-29 16:30:21,760 - INFO - [0.02032483 0.808      0.2078945  0.1923797  0.18205535 0.1661434  0.2403515  0.01117561]
2024-01-29 16:30:36,894 - INFO - [0.02032404 0.808      0.20778631 0.19217971 0.18181626 0.16654225 0.24038205 0.01129345]
2024-01-29 16:30:45,318 - INFO - [0.02032365 0.808      0.20773201 0.19208255 0.18170662 0.16673802 0.24038737 0.01135343]
2024-01-29 16:30:53,736 - INFO - [0.02032339 0.808      0.20770681 0.19202985 0.18165091 0.16683945 0.24039163 0.01138141]
2024-01-29 16:31:02,061 - INFO - [0.02032333 0.808      0.20769827 0.19200306 0.18162315 0.16688693 0.24039385 0.01139476]
2024-01-29 16:31:10,484 - INFO - [0.02032324 0.808      0.20769174 0.19199175 0.18161339 0.16690837 0.24039543 0.01139939]
2024-01-29 16:31:22,809 - INFO - [0.02032327 0.808      0.20768651 0.19198459 0.18160848 0.16692112 0.24039651 0.01140275]
2024-01-29 16:31:38,235 - INFO - [0.02032324 0.808      0.20768473 0.19197874 0.18160571 0.16692825 0.24040031 0.01140227]
2024-01-29 16:31:53,676 - INFO - [0.02032319 0.808      0.20768216 0.19197637 0.18160604 0.16692954 0.24040318 0.01140277]
2024-01-29 16:32:09,103 - INFO - [0.02032319 0.808      0.20768161 0.19197346 0.18160574 0.16693214 0.24040423 0.01140289]
2024-01-29 16:32:20,974 - INFO - [0.02032331 0.808      0.20768046 0.19197403 0.18160573 0.1669331  0.24040367 0.01140292]
2024-01-29 16:32:28,964 - INFO - [0.0203233  0.808      0.20767967 0.19197275 0.1816051  0.166935   0.24040391 0.0114035 ]
2024-01-29 16:32:36,949 - INFO - [0.02032323 0.808      0.20768318 0.19197273 0.18160301 0.16693401 0.24040397 0.01140311]
2024-01-29 16:32:36,969 - INFO - Successfully finished `test_optimize` after 271.797 seconds.
