2024-01-29 13:46:51,967 - INFO - Logging into directory _output/exp_uniform_weights/20240129/20240129_134651.
2024-01-29 13:46:51,969 - INFO - Starting `test_optimize`.
2024-01-29 13:46:58,348 - INFO - [0.01236968 0.821      0.16666667 0.16666667 0.16666667 0.16666667 0.16666667 0.16666667]
2024-01-29 13:47:06,610 - INFO - [0.01191523 0.822      0.19168995 0.18478151 0.17556426 0.16485889 0.15791164 0.12519377]
2024-01-29 13:47:14,639 - INFO - [0.01175144 0.822      0.20250173 0.19434796 0.17864397 0.16354062 0.1547536  0.10621206]
2024-01-29 13:47:22,628 - INFO - [0.01168227 0.822      0.2077681  0.1991275  0.1801268  0.16271369 0.15311749 0.09714652]
2024-01-29 13:47:30,613 - INFO - [0.01165176 0.822      0.21033549 0.20151918 0.1808338  0.16221739 0.15226191 0.09283213]
2024-01-29 13:47:38,572 - INFO - [0.01163747 0.822      0.21159023 0.2027197  0.18115899 0.16192235 0.15182382 0.09078497]
2024-01-29 13:47:46,554 - INFO - [0.01163081 0.822      0.21218903 0.20332353 0.18132886 0.16174747 0.15159452 0.08981657]
2024-01-29 13:47:54,498 - INFO - [0.01162758 0.822      0.21248926 0.20361616 0.18140014 0.1616611  0.15148433 0.08934909]
2024-01-29 13:48:02,479 - INFO - [0.01162617 0.822      0.21264046 0.20377265 0.18142119 0.16160461 0.15143371 0.08912741]
2024-01-29 13:48:10,426 - INFO - [0.01162549 0.822      0.21270235 0.20383985 0.18144216 0.1615779  0.15141195 0.0890258 ]
2024-01-29 13:48:18,404 - INFO - [0.01162512 0.822      0.21273436 0.20387717 0.1814543  0.16156559 0.15139127 0.08897729]
2024-01-29 13:48:26,390 - INFO - [0.01162514 0.822      0.2127644  0.20388471 0.1814532  0.1615686  0.15137067 0.08895835]
2024-01-29 13:48:34,388 - INFO - [0.01162495 0.822      0.21276656 0.2038922  0.18147194 0.16154374 0.15137972 0.0889458 ]
2024-01-29 13:48:42,369 - INFO - [0.01162499 0.822      0.21276872 0.2038997  0.18146309 0.16154684 0.15137389 0.08894769]
2024-01-29 13:48:50,381 - INFO - [0.01162496 0.822      0.21277085 0.20390716 0.18145423 0.16154991 0.15137243 0.08894539]
2024-01-29 13:48:58,369 - INFO - [0.01162495 0.822      0.212773   0.20391463 0.18144546 0.16155298 0.15137228 0.08894163]
2024-01-29 13:49:06,359 - INFO - [0.01162485 0.822      0.21277496 0.20392132 0.18144949 0.16155605 0.15136391 0.08893424]
2024-01-29 13:49:14,318 - INFO - [0.01162497 0.822      0.21277709 0.20391509 0.18144062 0.16155912 0.15137203 0.08893601]
2024-01-29 13:49:22,311 - INFO - [0.01162493 0.822      0.21277878 0.20392096 0.18143779 0.16156217 0.15136681 0.08893343]
2024-01-29 13:49:30,265 - INFO - [0.01162495 0.822      0.21277885 0.20390281 0.18145871 0.16156523 0.15135895 0.08893536]
2024-01-29 13:49:38,230 - INFO - [0.01162496 0.822      0.21277988 0.20391028 0.18144985 0.16155453 0.15136813 0.0889373 ]
2024-01-29 13:49:38,244 - INFO - Successfully finished `test_optimize` after 166.275 seconds.
