2024-01-29 13:01:13,725 - INFO - Logging into directory _output/exp_uniform_weights/20240129/20240129_130113.
2024-01-29 13:01:13,732 - INFO - Starting `test_optimize`.
2024-01-29 13:01:20,061 - INFO - [0.02046342 0.807      0.16666667 0.16666667 0.16666667 0.16666667 0.16666667 0.16666667]
2024-01-29 13:01:28,073 - INFO - [0.02044031 0.808      0.17867133 0.16387151 0.16259605 0.16768934 0.16571958 0.16145226]
2024-01-29 13:01:36,082 - INFO - [0.02044599 0.808      0.18431734 0.1621182  0.16027997 0.16785991 0.16484797 0.16057666]
2024-01-29 13:01:44,088 - INFO - [0.02044685 0.808      0.18715729 0.16126122 0.15917605 0.1679872  0.16444808 0.1599701 ]
2024-01-29 13:01:52,099 - INFO - [0.02044368 0.808      0.18862374 0.16088429 0.15869062 0.16811843 0.16432486 0.15935804]
2024-01-29 13:02:00,076 - INFO - [0.02044179 0.808      0.18935391 0.16070056 0.15846279 0.16818789 0.16427059 0.1590243 ]
2024-01-29 13:02:08,139 - INFO - [0.02044096 0.808      0.18973589 0.16061042 0.15835814 0.1682139  0.164225   0.15885662]
2024-01-29 13:02:16,100 - INFO - [0.02044045 0.808      0.18990545 0.16055731 0.1582904  0.168245   0.16422415 0.15877774]
2024-01-29 13:02:24,116 - INFO - [0.02044057 0.808      0.18993081 0.1604805  0.15819302 0.16830583 0.16432352 0.15876634]
2024-01-29 13:02:32,100 - INFO - [0.02044046 0.808      0.18996793 0.16046545 0.15817413 0.16831726 0.16433121 0.15874399]
2024-01-29 13:02:40,138 - INFO - [0.02044028 0.808      0.18995938 0.16043232 0.15813169 0.16836001 0.16439618 0.15872037]
2024-01-29 13:02:48,141 - INFO - [0.02044031 0.808      0.18994537 0.16041687 0.15810563 0.1683749  0.16442183 0.1587355 ]
2024-01-29 13:02:56,156 - INFO - [0.02044022 0.808      0.18994664 0.16041292 0.15810399 0.1683875  0.16442984 0.15871911]
2024-01-29 13:03:04,143 - INFO - [0.02044026 0.808      0.18996778 0.16042578 0.15812443 0.16837031 0.1643925  0.15871918]
2024-01-29 13:03:12,277 - INFO - [0.02044047 0.808      0.18996254 0.16041549 0.15811136 0.16837049 0.16440083 0.15873928]
2024-01-29 13:03:20,246 - INFO - [0.02044034 0.808      0.18997337 0.1604194  0.15812391 0.16836448 0.16439001 0.15872882]
2024-01-29 13:03:28,241 - INFO - [0.02044023 0.808      0.18996689 0.16041529 0.15811153 0.16837694 0.16441219 0.15871719]
2024-01-29 13:03:36,212 - INFO - [0.02044016 0.808      0.18996617 0.16041484 0.15811323 0.16837738 0.16441432 0.15871412]
2024-01-29 13:03:44,234 - INFO - [0.02044035 0.808      0.18996346 0.16041169 0.1581068  0.16837603 0.1644036  0.15873849]
2024-01-29 13:03:52,209 - INFO - [0.0204404  0.808      0.18995032 0.16040303 0.15809332 0.16838638 0.16442621 0.15874079]
2024-01-29 13:04:00,191 - INFO - [0.0204404  0.808      0.18996067 0.16041012 0.1581023  0.16838233 0.16441444 0.15873009]
2024-01-29 13:04:00,220 - INFO - Successfully finished `test_optimize` after 166.488 seconds.
