2024-01-29 13:25:10,977 - INFO - Logging into directory _output/exp_bad_weights/20240129/20240129_132510.
2024-01-29 13:25:10,979 - INFO - Starting `test_optimize`.
2024-01-29 13:25:17,427 - INFO - [0.04313625 0.679      0.001      0.001      0.001      0.001      0.001      0.995     ]
2024-01-29 13:25:25,570 - INFO - [0.01502328 0.829      0.2043196  0.19150086 0.16769874 0.20938832 0.22599646 0.00109604]
2024-01-29 13:25:33,617 - INFO - [0.01507567 0.828      0.20275684 0.19312583 0.16674711 0.19449241 0.19167647 0.05120137]
2024-01-29 13:25:41,647 - INFO - [0.01515473 0.827      0.197826   0.19000371 0.16223834 0.19195805 0.1878548  0.07011899]
2024-01-29 13:25:49,712 - INFO - [0.01519589 0.827      0.19459742 0.18765853 0.15931444 0.19220765 0.18812387 0.07809802]
2024-01-29 13:25:57,753 - INFO - [0.01521659 0.827      0.19295175 0.18647166 0.15789662 0.19250256 0.18835431 0.08182311]
2024-01-29 13:26:05,806 - INFO - [0.01522683 0.827      0.19214302 0.18589865 0.15721546 0.19266713 0.18848479 0.08359094]
2024-01-29 13:26:13,827 - INFO - [0.01523176 0.827      0.19175233 0.18562813 0.15688699 0.19274282 0.18855396 0.08443578]
2024-01-29 13:26:21,894 - INFO - [0.01523412 0.827      0.19156128 0.18549715 0.15673436 0.1927781  0.18858598 0.0848432 ]
2024-01-29 13:26:29,919 - INFO - [0.01523536 0.827      0.19146279 0.18543175 0.15666862 0.19280079 0.18859863 0.08503744]
2024-01-29 13:26:37,994 - INFO - [0.01523595 0.827      0.19143279 0.18541038 0.15661322 0.19280759 0.18860798 0.08512797]
2024-01-29 13:26:46,032 - INFO - [0.01523623 0.827      0.19140077 0.18539312 0.15661614 0.1928089  0.18860275 0.0851783 ]
2024-01-29 13:26:55,229 - INFO - [0.01523623 0.827      0.19140081 0.18539162 0.15658697 0.19282357 0.1886062  0.08519082]
2024-01-29 13:27:04,787 - INFO - [0.01523634 0.827      0.19139366 0.18538803 0.15658578 0.19282086 0.18860982 0.08520181]
2024-01-29 13:27:14,315 - INFO - [0.01523641 0.827      0.19138622 0.18538046 0.15659374 0.19282447 0.18860617 0.0852089 ]
2024-01-29 13:27:23,811 - INFO - [0.01523634 0.827      0.19138013 0.18537796 0.15660381 0.19281377 0.18861085 0.08521355]
2024-01-29 13:27:33,319 - INFO - [0.0152364  0.827      0.19138485 0.18538006 0.15659787 0.19282059 0.18860224 0.0852144 ]
2024-01-29 13:27:42,822 - INFO - [0.01523645 0.827      0.19137132 0.18537296 0.15661438 0.19281626 0.18860623 0.08521885]
2024-01-29 13:27:52,334 - INFO - [0.01523644 0.827      0.19136541 0.18537012 0.15661409 0.19282183 0.18861274 0.08521579]
2024-01-29 13:28:01,819 - INFO - [0.01523642 0.827      0.191377   0.18537873 0.156601   0.19282264 0.18860388 0.08521676]
2024-01-29 13:28:11,223 - INFO - [0.01523629 0.827      0.1913902  0.18538895 0.15657887 0.19282052 0.18860988 0.08521163]
2024-01-29 13:28:11,237 - INFO - Successfully finished `test_optimize` after 180.258 seconds.
