2024-01-29 12:30:20,359 - INFO - Logging into directory _output/exp_uniform_weights/20240129/20240129_123020.
2024-01-29 12:30:20,361 - INFO - Starting `test_optimize`.
2024-01-29 12:30:26,689 - INFO - [0.01674745 0.809      0.16666667 0.16666667 0.16666667 0.16666667 0.16666667 0.16666667]
2024-01-29 12:30:34,667 - INFO - [0.01654864 0.808      0.17554627 0.16895397 0.15648621 0.16812478 0.19112095 0.13976778]
2024-01-29 12:30:42,651 - INFO - [0.01647285 0.809      0.18001069 0.17014381 0.15124892 0.1688682  0.20246583 0.12726246]
2024-01-29 12:30:50,610 - INFO - [0.01644597 0.809      0.18223393 0.17058918 0.14920327 0.16862653 0.20781167 0.1215353 ]
2024-01-29 12:30:58,587 - INFO - [0.01643478 0.809      0.18332779 0.1708252  0.1481481  0.16850626 0.21029678 0.11889581]
2024-01-29 12:31:06,528 - INFO - [0.01643028 0.809      0.18388379 0.17094195 0.14760672 0.16844569 0.21144336 0.11767853]
2024-01-29 12:31:14,510 - INFO - [0.01642257 0.809      0.18491606 0.17192228 0.14735006 0.16668901 0.21199937 0.1171232 ]
2024-01-29 12:31:22,466 - INFO - [0.01641764 0.809      0.18509701 0.17213722 0.14719166 0.16692719 0.21198413 0.11666282]
2024-01-29 12:31:30,448 - INFO - [0.01642145 0.809      0.18476991 0.17165358 0.1470959  0.16765766 0.21220456 0.11661837]
2024-01-29 12:31:38,384 - INFO - [0.0164184  0.809      0.18535478 0.17227611 0.14707789 0.16631506 0.21235581 0.11662029]
2024-01-29 12:31:46,366 - INFO - [0.01641828 0.809      0.18519254 0.17211594 0.14704525 0.16682579 0.21228856 0.11653191]
2024-01-29 12:31:54,318 - INFO - [0.01641598 0.809      0.18534783 0.17233568 0.14703444 0.1666169  0.2122103  0.11645488]
2024-01-29 12:32:02,286 - INFO - [0.01642094 0.809      0.18486328 0.17173475 0.14701635 0.16751555 0.21232828 0.11654176]
2024-01-29 12:32:10,230 - INFO - [0.01641814 0.809      0.1853991  0.17232743 0.14702901 0.16623442 0.21241936 0.11659059]
2024-01-29 12:32:18,212 - INFO - [0.01641819 0.809      0.18521506 0.17213483 0.14702125 0.16677158 0.21233119 0.1165262 ]
2024-01-29 12:32:26,157 - INFO - [0.01641617 0.809      0.18537864 0.17235969 0.14702544 0.16651627 0.21225251 0.11646739]
2024-01-29 12:32:34,131 - INFO - [0.01642087 0.809      0.18490615 0.17175543 0.14701045 0.16745511 0.21233161 0.11654125]
2024-01-29 12:32:42,059 - INFO - [0.0164181  0.809      0.18542983 0.17233524 0.14703488 0.16620375 0.21240823 0.11658801]
2024-01-29 12:32:50,032 - INFO - [0.01641859 0.809      0.18518779 0.17209117 0.14702678 0.16683014 0.21233092 0.11653327]
2024-01-29 12:32:57,979 - INFO - [0.0164165  0.809      0.18542564 0.17239134 0.14703251 0.16635709 0.21229178 0.11650161]
2024-01-29 12:33:05,934 - INFO - [0.01642099 0.809      0.18491155 0.17177001 0.14701411 0.16740662 0.21234415 0.11655346]
2024-01-29 12:33:05,951 - INFO - Successfully finished `test_optimize` after 165.590 seconds.
