2024-01-29 17:45:43,881 - INFO - Logging into directory _output/exp_011100_/20240129_174543__4294967143.
2024-01-29 17:45:43,893 - INFO - Starting `test_optimize`.
2024-01-29 17:46:02,480 - INFO - [0.00770602 0.826      0.001      0.332      0.332      0.332      0.001      0.001     ]
2024-01-29 17:46:24,254 - INFO - [0.00414842 0.837      0.08521413 0.24686225 0.22858727 0.25338539 0.17456613 0.01138487]
2024-01-29 17:46:48,354 - INFO - [0.00400993 0.842      0.13236412 0.20837845 0.1833777  0.21926841 0.2356687  0.02094261]
2024-01-29 17:47:09,689 - INFO - [0.00411588 0.843      0.15561619 0.18892658 0.16282235 0.20606841 0.26107028 0.0254962 ]
2024-01-29 17:47:31,736 - INFO - [0.00420507 0.842      0.16769673 0.17954795 0.15309653 0.20193569 0.26939881 0.02832427]
2024-01-29 17:47:55,170 - INFO - [0.00425368 0.842      0.17401083 0.17479047 0.1482809  0.19997872 0.27317545 0.02976362]
2024-01-29 17:48:14,919 - INFO - [0.00427909 0.841      0.17729527 0.17237271 0.14590161 0.19904917 0.27488929 0.03049188]
2024-01-29 17:48:37,640 - INFO - [0.00429249 0.84       0.1790158  0.17112902 0.14472266 0.19861291 0.27565864 0.03086095]
2024-01-29 17:48:58,875 - INFO - [0.00429937 0.84       0.17990202 0.17050092 0.14413999 0.1984037  0.27601036 0.03104297]
2024-01-29 17:49:22,299 - INFO - [0.004303   0.84       0.18036872 0.17017367 0.14385441 0.19829543 0.27617174 0.03113595]
2024-01-29 17:49:45,275 - INFO - [0.00430466 0.84       0.18059924 0.17002264 0.14371841 0.19824682 0.27622539 0.03118753]
2024-01-29 17:50:07,741 - INFO - [0.00430171 0.84       0.18020368 0.17052704 0.14349365 0.19832753 0.27651757 0.03093054]
2024-01-29 17:50:31,640 - INFO - [0.00430417 0.84       0.18052314 0.17019707 0.14351693 0.1982787  0.27639204 0.03109212]
2024-01-29 17:50:56,048 - INFO - [0.00430549 0.84       0.18069357 0.17001931 0.14353083 0.19825973 0.27632627 0.03117036]
2024-01-29 17:51:20,166 - INFO - [0.00430217 0.84       0.18025979 0.17052527 0.14339563 0.19833098 0.27656236 0.03092597]
2024-01-29 17:51:40,596 - INFO - [0.00430437 0.84       0.1805495  0.17019527 0.14346911 0.198282   0.27641675 0.03108736]
2024-01-29 17:52:02,063 - INFO - [0.00430567 0.84       0.18069141 0.17002684 0.14351279 0.19824937 0.27635089 0.03116862]
2024-01-29 17:52:23,762 - INFO - [0.00430218 0.84       0.18026239 0.17053129 0.14337775 0.19832195 0.27658334 0.03092331]
2024-01-29 17:52:45,821 - INFO - [0.00430428 0.84       0.18055204 0.17020132 0.14347957 0.19827312 0.27639839 0.03109559]
2024-01-29 17:53:06,421 - INFO - [0.00430556 0.84       0.18069533 0.17002086 0.14352328 0.19825418 0.27633262 0.03117376]
2024-01-29 17:53:21,130 - INFO - [0.00430225 0.84       0.18025872 0.17052592 0.1433882  0.19833204 0.27656513 0.03092995]
2024-01-29 17:53:21,159 - INFO - Successfully finished `test_optimize` after 457.265 seconds.
