2024-01-29 14:05:24,643 - INFO - Logging into directory _output/exp_good_weights/20240129/20240129_140524.
2024-01-29 14:05:24,649 - INFO - Starting `test_optimize`.
2024-01-29 14:05:31,253 - INFO - [0.01569032 0.811      0.01       0.5        0.3        0.14       0.04       0.01      ]
2024-01-29 14:05:39,505 - INFO - [0.01395989 0.819      0.11186898 0.34581444 0.23053809 0.14174061 0.14276862 0.02726927]
2024-01-29 14:05:47,740 - INFO - [0.01398604 0.819      0.16557918 0.26808262 0.19894871 0.14581707 0.18477617 0.03679625]
2024-01-29 14:05:55,965 - INFO - [0.01422725 0.818      0.19080196 0.22751965 0.19207835 0.14743471 0.20534006 0.03682527]
2024-01-29 14:06:04,205 - INFO - [0.01438021 0.818      0.20325612 0.20637551 0.18942754 0.14764419 0.21657617 0.03672041]
2024-01-29 14:06:12,423 - INFO - [0.01447445 0.817      0.20954894 0.19552812 0.18822342 0.14799105 0.22195694 0.03675164]
2024-01-29 14:06:20,657 - INFO - [0.0145247  0.817      0.21211569 0.19024555 0.18760268 0.14838253 0.22500283 0.03665071]
2024-01-29 14:06:28,856 - INFO - [0.01455108 0.817      0.21342878 0.1875457  0.18732148 0.14863177 0.22645646 0.0366158 ]
2024-01-29 14:06:37,090 - INFO - [0.01456459 0.817      0.21408598 0.18616311 0.18719003 0.14878929 0.22715779 0.03661383]
2024-01-29 14:06:45,310 - INFO - [0.01457124 0.817      0.21441527 0.18546492 0.18711996 0.14888869 0.22749156 0.03661963]
2024-01-29 14:06:53,546 - INFO - [0.01457475 0.817      0.2145952  0.18509625 0.18710756 0.14892919 0.22764805 0.03662381]
2024-01-29 14:07:01,752 - INFO - [0.01457661 0.817      0.21468563 0.18490656 0.18709534 0.14895488 0.22773066 0.03662695]
2024-01-29 14:07:10,180 - INFO - [0.0145777  0.817      0.21473187 0.1848066  0.18708338 0.14896558 0.22778045 0.03663202]
2024-01-29 14:07:18,598 - INFO - [0.0145781  0.817      0.21476252 0.18476598 0.18707117 0.14897622 0.22778995 0.03663406]
2024-01-29 14:07:26,892 - INFO - [0.01457824 0.817      0.21476355 0.18473916 0.18708873 0.14898689 0.22778532 0.03663633]
2024-01-29 14:07:35,108 - INFO - [0.01457827 0.817      0.2147646  0.18472838 0.18707657 0.14899749 0.22779563 0.03663738]
2024-01-29 14:07:43,335 - INFO - [0.01457847 0.817      0.21476561 0.18471761 0.18707944 0.14900801 0.22778882 0.03664043]
2024-01-29 14:07:51,549 - INFO - [0.01457837 0.817      0.21476667 0.18470713 0.18706852 0.14901759 0.22780301 0.03663717]
2024-01-29 14:07:59,778 - INFO - [0.01457832 0.817      0.21476771 0.18471555 0.187086   0.14899847 0.22779623 0.03663613]
2024-01-29 14:08:07,993 - INFO - [0.01457843 0.817      0.21476877 0.18471031 0.18708265 0.14900883 0.22779201 0.03663747]
2024-01-29 14:08:16,213 - INFO - [0.01457831 0.817      0.21476983 0.18471789 0.18708073 0.14900175 0.22779176 0.03663815]
2024-01-29 14:08:16,232 - INFO - Successfully finished `test_optimize` after 171.582 seconds.
