2024-01-29 17:45:43,568 - INFO - Logging into directory _output/exp_011100_/20240129_174543__4294967176.
2024-01-29 17:45:43,572 - INFO - Starting `test_optimize`.
2024-01-29 17:46:01,553 - INFO - [0.02463955 0.796      0.001      0.332      0.332      0.332      0.001      0.001     ]
2024-01-29 17:46:22,494 - INFO - [0.01919966 0.803      0.08238094 0.24023697 0.22984719 0.22985843 0.13636884 0.08130767]
2024-01-29 17:46:45,778 - INFO - [0.01915026 0.805      0.13404788 0.21213216 0.19729199 0.19672497 0.14991263 0.10989035]
2024-01-29 17:47:07,352 - INFO - [0.01922809 0.803      0.15995842 0.19810334 0.18139507 0.18112588 0.15595812 0.12345917]
2024-01-29 17:47:31,668 - INFO - [0.0192805  0.802      0.17319579 0.19104552 0.17353305 0.17351066 0.15909812 0.1296168 ]
2024-01-29 17:47:53,459 - INFO - [0.01931233 0.802      0.17997922 0.1874733  0.16963345 0.16977741 0.16072397 0.13241276]
2024-01-29 17:48:14,226 - INFO - [0.01932682 0.802      0.18259136 0.18577148 0.16734417 0.16825651 0.16217311 0.13386336]
2024-01-29 17:48:37,243 - INFO - [0.01933356 0.802      0.18392213 0.18492475 0.16621195 0.16751295 0.16289085 0.13453741]
2024-01-29 17:49:01,334 - INFO - [0.01933676 0.802      0.18462509 0.18449587 0.16564633 0.16715504 0.16325054 0.13482724]
2024-01-29 17:49:23,315 - INFO - [0.01933851 0.802      0.18497172 0.18427661 0.16537799 0.16697691 0.16343127 0.13496546]
2024-01-29 17:49:44,063 - INFO - [0.01933939 0.802      0.18514174 0.18414706 0.16522984 0.16691592 0.16352257 0.13504285]
2024-01-29 17:50:07,861 - INFO - [0.01933979 0.802      0.18524981 0.18408057 0.16517113 0.16686817 0.16356848 0.13506182]
2024-01-29 17:50:29,624 - INFO - [0.01934    0.802      0.18529822 0.18404962 0.16513611 0.16683824 0.16359703 0.13508075]
2024-01-29 17:50:50,777 - INFO - [0.01934023 0.802      0.1853172  0.18403921 0.16510729 0.16683815 0.16359918 0.13509887]
2024-01-29 17:51:11,752 - INFO - [0.01934023 0.802      0.1853358  0.18402879 0.16510823 0.16683805 0.16360101 0.13508803]
2024-01-29 17:51:33,419 - INFO - [0.01934024 0.802      0.18535438 0.18401839 0.16510917 0.16683795 0.16360284 0.13507718]
2024-01-29 17:51:54,852 - INFO - [0.01934031 0.802      0.18534318 0.18400805 0.1651101  0.16683784 0.16360468 0.13509612]
2024-01-29 17:52:16,575 - INFO - [0.01934011 0.802      0.18533199 0.18402743 0.16511104 0.16683774 0.16360652 0.13508527]
2024-01-29 17:52:37,239 - INFO - [0.01934008 0.802      0.18535058 0.18401703 0.16511197 0.16683763 0.16360836 0.13507442]
2024-01-29 17:52:59,397 - INFO - [0.01934024 0.802      0.18533936 0.18400685 0.16511273 0.16683751 0.16361018 0.13509335]
2024-01-29 17:53:15,716 - INFO - [0.0193401  0.802      0.1853282  0.18402623 0.16511366 0.16683739 0.16361199 0.13508248]
2024-01-29 17:53:15,750 - INFO - Successfully finished `test_optimize` after 452.179 seconds.
