2024-01-29 16:28:04,929 - INFO - Logging into directory _output/exp_nice_weights/20240129_162804__4294967156.
2024-01-29 16:28:04,932 - INFO - Starting `test_optimize`.
2024-01-29 16:28:17,456 - INFO - [0.01450592 0.807      0.332      0.332      0.332      0.001      0.001      0.001     ]
2024-01-29 16:28:32,636 - INFO - [0.01079203 0.826      0.24413145 0.24183503 0.22891608 0.05661166 0.15985255 0.06865327]
2024-01-29 16:28:47,927 - INFO - [0.01046497 0.828      0.21162865 0.21024755 0.19397733 0.10002264 0.20066534 0.08345852]
2024-01-29 16:29:02,981 - INFO - [0.01034394 0.824      0.19641472 0.19455639 0.18011457 0.12311217 0.21555823 0.09024389]
2024-01-29 16:29:17,966 - INFO - [0.01029192 0.824      0.18961135 0.18728065 0.1739835  0.13659611 0.21827377 0.09425451]
2024-01-29 16:29:32,994 - INFO - [0.01027619 0.823      0.18574543 0.18314812 0.17046958 0.14285634 0.22227578 0.09550479]
2024-01-29 16:29:47,959 - INFO - [0.01026822 0.823      0.18371247 0.18072912 0.16856182 0.14574495 0.22584508 0.09540652]
2024-01-29 16:29:56,729 - INFO - [0.01026132 0.823      0.18296434 0.17959172 0.16776438 0.14753889 0.22671287 0.09542782]
2024-01-29 16:30:07,858 - INFO - [0.01025777 0.823      0.18259969 0.17899176 0.16735287 0.14847448 0.22717054 0.0954106 ]
2024-01-29 16:30:22,847 - INFO - [0.01025595 0.823      0.18240865 0.17868067 0.16713676 0.148945   0.22742946 0.09539951]
2024-01-29 16:30:37,784 - INFO - [0.01025504 0.823      0.18231617 0.17851521 0.16702752 0.14919099 0.2275665  0.09538359]
2024-01-29 16:30:52,723 - INFO - [0.0102545  0.823      0.18227713 0.17842445 0.16696891 0.14932257 0.22763994 0.09536697]
2024-01-29 16:31:07,717 - INFO - [0.01025424 0.823      0.18225925 0.17837335 0.16693476 0.14939049 0.22769438 0.09534772]
2024-01-29 16:31:22,642 - INFO - [0.01025409 0.823      0.18224926 0.17834605 0.16691676 0.14942624 0.22772604 0.09533558]
2024-01-29 16:31:37,736 - INFO - [0.01025395 0.823      0.18223824 0.17833313 0.16690721 0.14944135 0.22774282 0.09533729]
2024-01-29 16:31:52,829 - INFO - [0.0102536  0.823      0.18225197 0.17832157 0.16690299 0.14946637 0.2277458  0.09531139]
2024-01-29 16:32:07,934 - INFO - [0.01025409 0.823      0.18222468 0.17832614 0.16689786 0.1494454  0.22776078 0.0953451 ]
2024-01-29 16:32:23,024 - INFO - [0.0102542  0.823      0.18221894 0.17833078 0.16690221 0.14944257 0.22774354 0.09536191]
2024-01-29 16:32:38,138 - INFO - [0.01025384 0.823      0.18223855 0.17832555 0.16690081 0.1494623  0.22773744 0.09533536]
2024-01-29 16:32:51,209 - INFO - [0.01025366 0.823      0.18225309 0.17831548 0.16689655 0.14947377 0.22775091 0.0953102 ]
2024-01-29 16:32:59,375 - INFO - [0.01025413 0.823      0.18222375 0.17832133 0.16689593 0.14944603 0.22776738 0.09534553]
2024-01-29 16:32:59,394 - INFO - Successfully finished `test_optimize` after 294.462 seconds.
