2024-01-29 14:14:00,121 - INFO - Logging into directory _output/exp_good_weights/20240129/20240129_141400.
2024-01-29 14:14:00,124 - INFO - Starting `test_optimize`.
2024-01-29 14:14:06,624 - INFO - [0.00971417 0.799      0.01       0.5        0.3        0.14       0.04       0.01      ]
2024-01-29 14:14:14,751 - INFO - [0.00740662 0.812      0.10343274 0.33483449 0.24337631 0.14229752 0.14591737 0.03014161]
2024-01-29 14:14:22,856 - INFO - [0.00726117 0.817      0.15140831 0.25370222 0.21890107 0.14333776 0.19216879 0.04048179]
2024-01-29 14:14:30,937 - INFO - [0.00739572 0.818      0.17495281 0.21396697 0.20406635 0.14662147 0.21636865 0.04402374]
2024-01-29 14:14:39,051 - INFO - [0.00755665 0.816      0.18772647 0.19429831 0.19036964 0.14919123 0.2319437  0.04647058]
2024-01-29 14:14:47,102 - INFO - [0.00764929 0.814      0.19429736 0.18440828 0.18359722 0.15083107 0.23909995 0.04776606]
2024-01-29 14:14:55,169 - INFO - [0.00769424 0.814      0.19677703 0.17904705 0.18013194 0.15283054 0.24346557 0.04774783]
2024-01-29 14:15:03,192 - INFO - [0.00771692 0.814      0.19806954 0.17633995 0.17842239 0.15393281 0.24546035 0.04777493]
2024-01-29 14:15:11,217 - INFO - [0.00772804 0.814      0.19873583 0.17497444 0.17757601 0.15453613 0.24636835 0.04780925]
2024-01-29 14:15:19,212 - INFO - [0.00773351 0.814      0.1990741  0.17428447 0.17715238 0.1548675  0.24678676 0.04783474]
2024-01-29 14:15:27,240 - INFO - [0.00773611 0.814      0.19925304 0.17393287 0.17693762 0.15504634 0.24697711 0.04785305]
2024-01-29 14:15:35,237 - INFO - [0.0077374  0.814      0.19935183 0.17375188 0.17684191 0.15514265 0.24705485 0.0478568 ]
2024-01-29 14:15:43,256 - INFO - [0.00773798 0.814      0.1993919  0.17366993 0.17677659 0.15519582 0.24709611 0.04786966]
2024-01-29 14:15:51,252 - INFO - [0.00773816 0.814      0.1994049  0.17363593 0.17675176 0.15522635 0.24710757 0.04787351]
2024-01-29 14:15:59,264 - INFO - [0.00773848 0.814      0.19941512 0.17360929 0.17674571 0.15523325 0.24711898 0.04787753]
2024-01-29 14:16:07,269 - INFO - [0.00773838 0.814      0.19942529 0.17360102 0.17673969 0.15524012 0.247127   0.04786687]
2024-01-29 14:16:15,303 - INFO - [0.0077384  0.814      0.19943479 0.17359687 0.17673364 0.15524696 0.24712497 0.04786278]
2024-01-29 14:16:23,314 - INFO - [0.00773845 0.814      0.19944264 0.17359273 0.17672764 0.15524884 0.24712323 0.04786494]
2024-01-29 14:16:31,351 - INFO - [0.00773856 0.814      0.19943149 0.1735886  0.17672165 0.15525562 0.24713436 0.04786821]
2024-01-29 14:16:39,367 - INFO - [0.00773874 0.814      0.19944158 0.17358449 0.17671566 0.15524246 0.24714416 0.0478716 ]
2024-01-29 14:16:47,411 - INFO - [0.00773864 0.814      0.19945067 0.17358039 0.17672455 0.1552493  0.24712613 0.04786888]
2024-01-29 14:16:47,428 - INFO - Successfully finished `test_optimize` after 167.304 seconds.
