2024-01-29 16:28:05,172 - INFO - Logging into directory _output/exp_nice_weights/20240129_162805__4294967166.
2024-01-29 16:28:05,179 - INFO - Starting `test_optimize`.
2024-01-29 16:28:18,106 - INFO - [0.01954375 0.806      0.332      0.332      0.332      0.001      0.001      0.001     ]
2024-01-29 16:28:33,637 - INFO - [0.0161016  0.814      0.25157067 0.24906696 0.23158504 0.10186786 0.16041169 0.00549786]
2024-01-29 16:28:49,125 - INFO - [0.015944   0.817      0.21546453 0.21521157 0.19004296 0.15517156 0.20498879 0.0191206 ]
2024-01-29 16:29:04,574 - INFO - [0.01603305 0.82       0.1985399  0.19981021 0.17234921 0.18134184 0.21519479 0.03276403]
2024-01-29 16:29:19,967 - INFO - [0.01611143 0.822      0.19043179 0.1922581  0.16361117 0.19402188 0.2201376  0.03953945]
2024-01-29 16:29:35,269 - INFO - [0.01615855 0.822      0.18654706 0.18854435 0.15928958 0.20018826 0.22252451 0.04290617]
2024-01-29 16:29:50,631 - INFO - [0.01618329 0.822      0.18468556 0.18671487 0.15714976 0.2031915  0.22368249 0.04457587]
2024-01-29 16:30:05,968 - INFO - [0.01619548 0.821      0.18378988 0.18580945 0.15609065 0.20465876 0.22424394 0.04540734]
2024-01-29 16:30:21,287 - INFO - [0.01620159 0.822      0.18336259 0.18537556 0.15556084 0.20538035 0.2245072  0.04581345]
2024-01-29 16:30:36,592 - INFO - [0.0162046  0.821      0.18314719 0.18515587 0.15529945 0.20572588 0.22465105 0.0460206 ]
2024-01-29 16:30:51,868 - INFO - [0.01620612 0.821      0.18304799 0.18505546 0.15516208 0.20590946 0.22470568 0.04611935]
2024-01-29 16:31:07,160 - INFO - [0.01620695 0.821      0.18300843 0.18499556 0.15510945 0.20597976 0.22473051 0.04617624]
2024-01-29 16:31:22,443 - INFO - [0.01620746 0.821      0.18299255 0.18495481 0.15508634 0.20601578 0.22475529 0.04619514]
2024-01-29 16:31:37,688 - INFO - [0.0162076  0.821      0.18298282 0.18494484 0.15506354 0.20605065 0.22475031 0.0462078 ]
2024-01-29 16:31:52,959 - INFO - [0.01620753 0.821      0.1829731  0.18493395 0.15507041 0.20605688 0.22475226 0.04621343]
2024-01-29 16:32:08,248 - INFO - [0.01620749 0.821      0.18296343 0.18495212 0.1550557  0.20606308 0.22475071 0.04621498]
2024-01-29 16:32:23,540 - INFO - [0.01620752 0.821      0.18296674 0.18494122 0.1550626  0.20606923 0.22474574 0.0462145 ]
2024-01-29 16:32:38,150 - INFO - [0.01620751 0.821      0.18295744 0.18493244 0.1550695  0.20607512 0.22474606 0.04621946]
2024-01-29 16:32:46,089 - INFO - [0.01620778 0.821      0.18297659 0.18493454 0.15505207 0.20605418 0.22476637 0.04621618]
2024-01-29 16:32:54,028 - INFO - [0.01620761 0.821      0.18296687 0.18493839 0.15505907 0.20606039 0.22476138 0.04621389]
2024-01-29 16:33:01,934 - INFO - [0.01620756 0.821      0.18295904 0.18494031 0.155066   0.20606656 0.22475637 0.04621165]
2024-01-29 16:33:01,954 - INFO - Successfully finished `test_optimize` after 296.775 seconds.
