2024-01-30 15:49:01,572 - INFO - Logging into directory _output/exp_011000/20240130_154901__4294967181.
2024-01-30 15:49:01,576 - INFO - Starting `test_optimize`.
2024-01-30 15:49:14,837 - INFO - [0.01961014 0.783      0.001      0.498      0.498      0.001      0.001      0.001     ]
2024-01-30 15:49:33,189 - INFO - [0.01578157 0.806      0.0970462  0.26668489 0.25633568 0.12653606 0.15630835 0.09708882]
2024-01-30 15:49:50,917 - INFO - [0.016216   0.807      0.11919974 0.20306817 0.19458449 0.15728974 0.20301054 0.1228473 ]
2024-01-30 15:50:07,615 - INFO - [0.01659366 0.805      0.13337733 0.17318919 0.1659739  0.17459923 0.21676865 0.13609178]
2024-01-30 15:50:24,839 - INFO - [0.01683341 0.804      0.13934693 0.15736687 0.15163194 0.18218215 0.22425419 0.14521784]
2024-01-30 15:50:41,735 - INFO - [0.01692753 0.803      0.14312881 0.1507927  0.14556779 0.1864823  0.22631393 0.14771447]
2024-01-30 15:50:57,928 - INFO - [0.01696635 0.802      0.14543794 0.14791243 0.14293566 0.18907273 0.22668467 0.14795658]
2024-01-30 15:51:14,480 - INFO - [0.01698502 0.802      0.14667976 0.14654338 0.14176236 0.19043133 0.22641367 0.14816953]
2024-01-30 15:51:31,042 - INFO - [0.01699202 0.802      0.14742538 0.14597031 0.14132364 0.19122525 0.22566058 0.14839482]
2024-01-30 15:51:47,295 - INFO - [0.0169952  0.802      0.14781322 0.14569779 0.14112632 0.19162555 0.22522253 0.14851467]
2024-01-30 15:52:03,772 - INFO - [0.01699704 0.802      0.14801286 0.14555934 0.14104158 0.19181298 0.22498943 0.14858371]
2024-01-30 15:52:20,116 - INFO - [0.01699783 0.802      0.14810944 0.14549027 0.14099434 0.19190916 0.22488837 0.14860834]
2024-01-30 15:52:36,930 - INFO - [0.01699805 0.802      0.14815859 0.14546287 0.14097175 0.19196326 0.22483285 0.14861067]
2024-01-30 15:52:53,329 - INFO - [0.01699839 0.802      0.14818718 0.14543884 0.14096792 0.19197313 0.22480072 0.14863221]
2024-01-30 15:53:10,082 - INFO - [0.0169986  0.802      0.14819711 0.14543155 0.14096001 0.19198413 0.22479261 0.14863449]
2024-01-30 15:53:26,883 - INFO - [0.01699853 0.802      0.14820518 0.14542982 0.14095695 0.19199479 0.22478333 0.14862992]
2024-01-30 15:53:44,402 - INFO - [0.01699862 0.802      0.14820671 0.14542936 0.14095695 0.19199754 0.22477987 0.14862946]
2024-01-30 15:54:01,683 - INFO - [0.01699848 0.802      0.14820556 0.14543191 0.14095354 0.19200543 0.22478305 0.14862049]
2024-01-30 15:54:18,093 - INFO - [0.01699857 0.802      0.14821108 0.14542717 0.14095712 0.192      0.22476985 0.14863476]
2024-01-30 15:54:34,784 - INFO - [0.01699855 0.802      0.1482085  0.14542904 0.14095423 0.1920065  0.22477739 0.14862427]
2024-01-30 15:54:51,651 - INFO - [0.01699845 0.802      0.1482093  0.14542878 0.14095633 0.19200681 0.22477186 0.14862695]
2024-01-30 15:54:51,702 - INFO - Successfully finished `test_optimize` after 350.126 seconds.
