2024-01-29 13:05:26,450 - INFO - Logging into directory _output/exp_bad_weights/20240129/20240129_130526.
2024-01-29 13:05:26,453 - INFO - Starting `test_optimize`.
2024-01-29 13:05:32,802 - INFO - [0.04787779 0.697      0.001      0.001      0.001      0.001      0.001      0.995     ]
2024-01-29 13:05:40,807 - INFO - [2.03338415e-02 8.06000000e-01 2.22728595e-01 1.77102312e-01 1.89590573e-01 2.02986047e-01 2.07029909e-01 5.62527217e-04]
2024-01-29 13:05:48,796 - INFO - [0.02021284 0.808      0.19785066 0.1601527  0.1655606  0.17749858 0.17731902 0.12161842]
2024-01-29 13:05:56,769 - INFO - [0.02042043 0.807      0.19121318 0.15735462 0.15921025 0.16970649 0.16684683 0.15566863]
2024-01-29 13:06:04,767 - INFO - [0.02043593 0.808      0.19052976 0.15873346 0.15862492 0.16884525 0.16528098 0.15798561]
2024-01-29 13:06:12,730 - INFO - [0.02043812 0.808      0.1903035  0.15958449 0.15843624 0.16856869 0.16472514 0.15838203]
2024-01-29 13:06:20,707 - INFO - [0.02043911 0.808      0.19018792 0.16002832 0.15833917 0.16843298 0.16447683 0.15853477]
2024-01-29 13:06:28,664 - INFO - [0.02043975 0.808      0.19011347 0.1602429  0.1582659  0.16837449 0.16438225 0.15862086]
2024-01-29 13:06:36,651 - INFO - [0.02043981 0.808      0.19007042 0.16034624 0.15822423 0.16834955 0.16435166 0.15865795]
2024-01-29 13:06:44,612 - INFO - [0.02044015 0.808      0.19003607 0.16039529 0.15819199 0.16834465 0.16433449 0.15869747]
2024-01-29 13:06:52,600 - INFO - [0.02044018 0.808      0.18998344 0.16038568 0.15812342 0.16837904 0.16440521 0.15872332]
2024-01-29 13:07:00,544 - INFO - [0.0204403  0.808      0.18996875 0.16039416 0.1581067  0.16839266 0.1644256  0.15871203]
2024-01-29 13:07:08,526 - INFO - [0.02044026 0.808      0.18995386 0.16038923 0.1580904  0.16839883 0.16443786 0.15872988]
2024-01-29 13:07:16,488 - INFO - [0.02044014 0.808      0.18995088 0.16039951 0.1580909  0.16840097 0.16443934 0.1587185 ]
2024-01-29 13:07:24,461 - INFO - [0.02044049 0.808      0.18995461 0.16040348 0.15809245 0.16839127 0.16441903 0.15873908]
2024-01-29 13:07:32,407 - INFO - [0.02044024 0.808      0.18994763 0.16040084 0.15808928 0.16840014 0.16444124 0.15872088]
2024-01-29 13:07:40,377 - INFO - [0.02044036 0.808      0.18993008 0.16038539 0.15806575 0.16841927 0.1644699  0.15872958]
2024-01-29 13:07:48,347 - INFO - [0.0204405  0.808      0.18993667 0.16038708 0.15806969 0.16840884 0.1644543  0.1587434 ]
2024-01-29 13:07:56,326 - INFO - [0.02044037 0.808      0.18993607 0.16039161 0.15807384 0.16840594 0.16444978 0.15874283]
2024-01-29 13:08:04,270 - INFO - [0.02044036 0.808      0.18994875 0.1603985  0.1580894  0.16840202 0.16443901 0.15872222]
2024-01-29 13:08:12,260 - INFO - [0.02044038 0.808      0.18994094 0.16039941 0.15808512 0.16840002 0.1644344  0.15874012]
2024-01-29 13:08:12,280 - INFO - Successfully finished `test_optimize` after 165.827 seconds.
