2024-01-29 16:39:13,748 - INFO - Logging into directory _output/exp_011000/20240129_163913__4294967160.
2024-01-29 16:39:13,753 - INFO - Starting `test_optimize`.
2024-01-29 16:39:25,971 - INFO - [0.02557706 0.773      0.001      0.498      0.498      0.001      0.001      0.001     ]
2024-01-29 16:39:41,898 - INFO - [0.02136631 0.797      0.14258102 0.21433274 0.20811054 0.16769192 0.19259229 0.07469145]
2024-01-29 16:39:57,568 - INFO - [0.02148119 0.795      0.1613401  0.19009289 0.17838131 0.18333191 0.20320649 0.08364732]
2024-01-29 16:40:13,479 - INFO - [0.02154556 0.793      0.16838254 0.17757972 0.16630213 0.19664258 0.20943348 0.08165959]
2024-01-29 16:40:29,449 - INFO - [0.02156788 0.794      0.17096761 0.1724923  0.16280907 0.20253932 0.21203321 0.0791585 ]
2024-01-29 16:40:44,885 - INFO - [0.02157357 0.794      0.17194423 0.17076153 0.16188897 0.20485315 0.21252227 0.07802986]
2024-01-29 16:40:58,488 - INFO - [0.02157451 0.793      0.17233613 0.17020963 0.16165325 0.20569901 0.2124351  0.0776669 ]
2024-01-29 16:41:12,724 - INFO - [0.02157452 0.793      0.17250893 0.17002995 0.1615967  0.20600329 0.21229161 0.07756952]
2024-01-29 16:41:27,754 - INFO - [0.02157456 0.793      0.17258173 0.16997111 0.16158324 0.20610128 0.21220471 0.07755785]
2024-01-29 16:41:41,199 - INFO - [0.02157702 0.793      0.17245127 0.16982558 0.16156356 0.20598246 0.21262591 0.07755125]
2024-01-29 16:41:56,034 - INFO - [0.02157504 0.793      0.17255157 0.16991307 0.16158374 0.20610832 0.21231174 0.07753167]
2024-01-29 16:42:10,542 - INFO - [0.02157453 0.794      0.17259376 0.16994087 0.16158679 0.20614557 0.21219222 0.0775408 ]
2024-01-29 16:42:26,305 - INFO - [0.02157859 0.793      0.17232357 0.16972233 0.16153669 0.20600934 0.212789   0.07761902]
2024-01-29 16:42:42,264 - INFO - [0.0215756  0.793      0.17250115 0.16987993 0.1615705  0.20613469 0.21237248 0.07754119]
2024-01-29 16:42:58,006 - INFO - [0.02157473 0.794      0.17258124 0.16992411 0.16157354 0.20617045 0.21220683 0.07754377]
2024-01-29 16:43:13,696 - INFO - [0.02157672 0.793      0.17247601 0.1698302  0.16156033 0.20600498 0.21258828 0.07754031]
2024-01-29 16:43:28,254 - INFO - [0.02157501 0.793      0.1725616  0.16991751 0.16157466 0.20612554 0.21229577 0.07752489]
2024-01-29 16:43:42,832 - INFO - [0.02157441 0.794      0.17259394 0.16994534 0.16157772 0.20616145 0.21217908 0.07754252]
2024-01-29 16:43:57,580 - INFO - [0.02157878 0.793      0.17229411 0.16970503 0.16152644 0.20601723 0.2128215  0.07763573]
2024-01-29 16:44:10,971 - INFO - [0.02157553 0.793      0.17249849 0.16987598 0.16156283 0.20614216 0.21237721 0.0775434 ]
2024-01-29 16:44:21,058 - INFO - [0.02157466 0.794      0.17257418 0.1699336  0.16157143 0.20616807 0.21221077 0.07754189]
2024-01-29 16:44:21,076 - INFO - Successfully finished `test_optimize` after 307.323 seconds.
