2024-01-29 14:19:38,411 - INFO - Logging into directory _output/exp_good_weights/20240129/20240129_141938.
2024-01-29 14:19:38,413 - INFO - Starting `test_optimize`.
2024-01-29 14:19:44,706 - INFO - [0.02515786 0.786      0.01       0.5        0.3        0.14       0.04       0.01      ]
2024-01-29 14:19:52,652 - INFO - [0.02319404 0.803      0.13347176 0.27013308 0.20647441 0.1806611  0.18304498 0.02621463]
2024-01-29 14:20:00,601 - INFO - [0.0231719  0.801      0.15964946 0.21898022 0.19795202 0.20369157 0.20226984 0.01745689]
2024-01-29 14:20:08,515 - INFO - [0.02324402 0.801      0.17234987 0.1903514  0.19182995 0.21190056 0.21786568 0.01570262]
2024-01-29 14:20:16,572 - INFO - [0.02330452 0.8        0.17925777 0.17520109 0.18804663 0.21413368 0.22323121 0.02012958]
2024-01-29 14:20:24,529 - INFO - [0.02333728 0.8        0.18287207 0.16769966 0.18613902 0.21464893 0.22485916 0.02378114]
2024-01-29 14:20:32,508 - INFO - [0.02335425 0.8        0.18478273 0.16419095 0.1853195  0.21476549 0.22523442 0.02570696]
2024-01-29 14:20:40,456 - INFO - [0.023362   0.8        0.18579432 0.16260315 0.18499783 0.21478163 0.22523589 0.02658714]
2024-01-29 14:20:48,395 - INFO - [0.02336523 0.8        0.18631484 0.16189812 0.1848803  0.21476758 0.22516434 0.02697484]
2024-01-29 14:20:56,315 - INFO - [0.02336666 0.8        0.18657823 0.16158868 0.18483959 0.21475254 0.22509904 0.02714191]
2024-01-29 14:21:04,265 - INFO - [0.02336725 0.8        0.18671525 0.16144386 0.18482873 0.21473756 0.22505715 0.02721746]
2024-01-29 14:21:12,168 - INFO - [0.02336756 0.8        0.18679257 0.16138746 0.18481791 0.21472676 0.22502254 0.02725277]
2024-01-29 14:21:20,092 - INFO - [0.02336756 0.8        0.18682359 0.16136087 0.18481448 0.21472669 0.22500437 0.02727007]
2024-01-29 14:21:27,970 - INFO - [0.02336772 0.8        0.18684129 0.16135186 0.18480696 0.21472435 0.22499982 0.02727575]
2024-01-29 14:21:35,901 - INFO - [0.02336765 0.8        0.18685465 0.16134663 0.18480363 0.21472527 0.22499077 0.02727916]
2024-01-29 14:21:43,779 - INFO - [0.02336771 0.8        0.18684968 0.16134867 0.18480857 0.21472481 0.22498582 0.02728247]
2024-01-29 14:21:51,681 - INFO - [0.0233677  0.8        0.18685633 0.16134854 0.18480712 0.21472549 0.22498131 0.02728123]
2024-01-29 14:21:59,557 - INFO - [0.02336774 0.8        0.18685244 0.16134974 0.18480863 0.21472625 0.2249817  0.0272812 ]
2024-01-29 14:22:07,442 - INFO - [0.0233677  0.8        0.18685712 0.16134939 0.1848086  0.21472657 0.22497772 0.02728061]
2024-01-29 14:22:15,307 - INFO - [0.02336769 0.8        0.18684785 0.16135244 0.1848104  0.21472695 0.22498077 0.02728157]
2024-01-29 14:22:23,186 - INFO - [0.02336777 0.8        0.18686402 0.16134863 0.18480439 0.21472646 0.22497982 0.0272766 ]
2024-01-29 14:22:23,274 - INFO - Successfully finished `test_optimize` after 164.861 seconds.
