2024-01-29 13:34:02,459 - INFO - Logging into directory _output/exp_bad_weights/20240129/20240129_133402.
2024-01-29 13:34:02,462 - INFO - Starting `test_optimize`.
2024-01-29 13:34:08,878 - INFO - [0.03949169 0.705      0.001      0.001      0.001      0.001      0.001      0.995     ]
2024-01-29 13:34:16,983 - INFO - [0.01151082 0.82       0.19562688 0.18056034 0.16291296 0.18961082 0.26047853 0.01081041]
2024-01-29 13:34:25,073 - INFO - [0.01108405 0.817      0.18476696 0.1671849  0.15288018 0.17434448 0.23738872 0.08343475]
2024-01-29 13:34:33,129 - INFO - [0.01103817 0.819      0.18776378 0.16953003 0.15713504 0.17553854 0.23004645 0.07998611]
2024-01-29 13:34:41,189 - INFO - [0.01102797 0.819      0.18890367 0.17038696 0.15891901 0.17578287 0.22624166 0.07976587]
2024-01-29 13:34:49,241 - INFO - [0.0110241  0.819      0.18943001 0.17079502 0.15977275 0.17586495 0.22440659 0.07973062]
2024-01-29 13:34:57,321 - INFO - [0.01102206 0.819      0.18968131 0.17099883 0.16019891 0.17589357 0.22352983 0.07969758]
2024-01-29 13:35:05,374 - INFO - [0.01102113 0.819      0.18979993 0.17110112 0.16040887 0.17590475 0.2231123  0.07967302]
2024-01-29 13:35:13,455 - INFO - [0.01102061 0.819      0.18985631 0.17115115 0.160515   0.17590913 0.22291286 0.07965554]
2024-01-29 13:35:21,507 - INFO - [0.0110204  0.819      0.18988286 0.17117734 0.16056634 0.17590995 0.2228175  0.07964595]
2024-01-29 13:35:29,582 - INFO - [0.01102017 0.819      0.1898969  0.17118974 0.16059077 0.17590807 0.22277312 0.07964146]
2024-01-29 13:35:37,726 - INFO - [0.0110201  0.819      0.18990229 0.17119567 0.16060546 0.17591096 0.22275105 0.0796346 ]
2024-01-29 13:35:45,804 - INFO - [0.01102015 0.819      0.18990628 0.1711968  0.16060714 0.17590904 0.22274128 0.07963946]
2024-01-29 13:35:53,876 - INFO - [0.01102016 0.819      0.18990934 0.17119996 0.16061264 0.17590849 0.22273555 0.07963397]
2024-01-29 13:36:01,956 - INFO - [0.01102016 0.819      0.18990985 0.17119831 0.1606119  0.17590652 0.22273435 0.07963908]
2024-01-29 13:36:10,030 - INFO - [0.01102016 0.819      0.18990877 0.17119862 0.16061233 0.17590743 0.22273405 0.07963879]
2024-01-29 13:36:18,098 - INFO - [0.01102019 0.819      0.18990786 0.17119917 0.16061366 0.17590666 0.22273336 0.07963924]
2024-01-29 13:36:26,158 - INFO - [0.01102017 0.819      0.18990746 0.17119777 0.16061078 0.17590593 0.22273324 0.07964484]
2024-01-29 13:36:34,243 - INFO - [0.01102019 0.819      0.18990773 0.17119904 0.16061275 0.17590554 0.22273204 0.07964288]
2024-01-29 13:36:42,303 - INFO - [0.0110202  0.819      0.18990959 0.17119987 0.16061561 0.17590645 0.22273141 0.07963701]
2024-01-29 13:36:50,380 - INFO - [0.01102017 0.819      0.18990749 0.17119761 0.16061075 0.17590615 0.22273235 0.07964567]
2024-01-29 13:36:50,395 - INFO - Successfully finished `test_optimize` after 167.933 seconds.
