2024-01-29 17:45:43,644 - INFO - Logging into directory _output/exp_011100_/20240129_174543__4294967174.
2024-01-29 17:45:43,648 - INFO - Starting `test_optimize`.
2024-01-29 17:46:01,857 - INFO - [0.0180613 0.802     0.001     0.332     0.332     0.332     0.001     0.001    ]
2024-01-29 17:46:23,348 - INFO - [0.01402347 0.815      0.05889194 0.21801801 0.20885271 0.21289618 0.12214582 0.17919537]
2024-01-29 17:46:44,648 - INFO - [0.01398479 0.81       0.10927322 0.1838659  0.17147109 0.17709392 0.17011511 0.18818073]
2024-01-29 17:47:04,330 - INFO - [0.01401277 0.81       0.13668245 0.16808762 0.15724215 0.16286354 0.19187148 0.18325281]
2024-01-29 17:47:25,369 - INFO - [0.0140255  0.81       0.15089761 0.16072486 0.15100759 0.15641433 0.20232093 0.17863473]
2024-01-29 17:47:48,453 - INFO - [0.01403765 0.813      0.1580614  0.15704362 0.14803672 0.15337755 0.20732048 0.1761602 ]
2024-01-29 17:48:09,462 - INFO - [0.01404541 0.813      0.16165601 0.15518065 0.14660338 0.15192913 0.20969705 0.17493372]
2024-01-29 17:48:29,938 - INFO - [0.01405001 0.813      0.16345264 0.15422678 0.14590172 0.15123576 0.21082336 0.17435966]
2024-01-29 17:48:52,966 - INFO - [0.0140522  0.813      0.16435479 0.15374443 0.14556314 0.15090433 0.21135826 0.1740751 ]
2024-01-29 17:49:16,971 - INFO - [0.01405309 0.813      0.16481094 0.15350439 0.14540367 0.15074809 0.21162051 0.17391247]
2024-01-29 17:49:37,156 - INFO - [0.01405398 0.813      0.16503266 0.15336362 0.14531949 0.15067595 0.21175385 0.17385441]
2024-01-29 17:49:57,815 - INFO - [0.01405406 0.813      0.16514926 0.15331075 0.14528391 0.15064082 0.211804   0.17381124]
2024-01-29 17:50:18,758 - INFO - [0.01405429 0.813      0.16520432 0.15327534 0.14526555 0.15062381 0.21183202 0.17379893]
2024-01-29 17:50:39,968 - INFO - [0.01405443 0.813      0.16523443 0.15326045 0.14525761 0.15061459 0.21184307 0.17378975]
2024-01-29 17:51:00,463 - INFO - [0.01405441 0.813      0.16525154 0.1532553  0.14525446 0.15061106 0.21184722 0.17378035]
2024-01-29 17:51:22,641 - INFO - [0.01405444 0.813      0.16525826 0.15324627 0.14524864 0.15060928 0.21185283 0.17378469]
2024-01-29 17:51:42,479 - INFO - [0.01405442 0.813      0.16526116 0.15324996 0.14524895 0.1506069  0.21185233 0.17378065]
2024-01-29 17:52:04,384 - INFO - [0.01405435 0.813      0.16525954 0.15325037 0.14524695 0.15060608 0.21185462 0.1737825 ]
2024-01-29 17:52:27,873 - INFO - [0.01405437 0.813      0.16526361 0.15324946 0.14524789 0.1506059  0.21185002 0.17378315]
2024-01-29 17:52:52,056 - INFO - [0.01405439 0.813      0.16526532 0.15324642 0.14524804 0.15060532 0.21185352 0.17378139]
2024-01-29 17:53:13,637 - INFO - [0.01405444 0.813      0.16526999 0.15324762 0.14524715 0.15060444 0.21185029 0.17378049]
2024-01-29 17:53:13,667 - INFO - Successfully finished `test_optimize` after 450.018 seconds.
