2024-01-29 12:37:13,137 - INFO - Logging into directory _output/exp_bad_weights/20240129/20240129_123713.
2024-01-29 12:37:13,139 - INFO - Starting `test_optimize`.
2024-01-29 12:37:19,708 - INFO - [0.04726767 0.676      0.001      0.001      0.001      0.001      0.001      0.995     ]
2024-01-29 12:37:27,873 - INFO - [2.16585423e-02 7.94000000e-01 2.07027540e-01 1.79805964e-01 1.66736439e-01 1.86276421e-01 2.60013133e-01 1.40499877e-04]
2024-01-29 12:37:35,873 - INFO - [0.02176243 0.795      0.18101643 0.16975388 0.1569737  0.17685398 0.25097299 0.06442907]
2024-01-29 12:37:43,853 - INFO - [0.02184824 0.795      0.17337523 0.16896738 0.15512373 0.17079264 0.2556009  0.07614002]
2024-01-29 12:37:51,844 - INFO - [0.02185577 0.795      0.17270665 0.16931777 0.15553579 0.16920856 0.25576857 0.07746266]
2024-01-29 12:37:59,804 - INFO - [0.02185704 0.795      0.17253719 0.16959552 0.15569563 0.16853082 0.25568697 0.07795387]
2024-01-29 12:38:07,845 - INFO - [0.02185721 0.795      0.17250435 0.1697534  0.15573511 0.1682273  0.25562513 0.07815471]
2024-01-29 12:38:15,809 - INFO - [0.02185702 0.795      0.17251152 0.16983923 0.15574796 0.16809015 0.25557902 0.07823214]
2024-01-29 12:38:23,802 - INFO - [0.02185703 0.795      0.17251335 0.1698834  0.15574925 0.16802718 0.255559   0.07826775]
2024-01-29 12:38:31,772 - INFO - [0.021857   0.795      0.17252234 0.16990128 0.15575221 0.16799133 0.25554869 0.0782841 ]
2024-01-29 12:38:39,756 - INFO - [0.02185699 0.795      0.17253034 0.16990012 0.15575254 0.16797903 0.25554356 0.07829441]
2024-01-29 12:38:47,832 - INFO - [0.02185704 0.795      0.17253768 0.16990335 0.15575224 0.16796917 0.25554305 0.07829447]
2024-01-29 12:38:55,827 - INFO - [0.021857   0.795      0.17253099 0.16991448 0.15575185 0.16795954 0.25554433 0.07829876]
2024-01-29 12:39:03,803 - INFO - [0.02185699 0.795      0.17252915 0.1699122  0.15574993 0.16796233 0.25554171 0.07830468]
2024-01-29 12:39:11,814 - INFO - [0.02185687 0.795      0.17252897 0.16992396 0.15575172 0.16795447 0.25554067 0.07830026]
2024-01-29 12:39:19,783 - INFO - [0.021857   0.795      0.17253578 0.16992007 0.15575054 0.16795228 0.25553846 0.07830279]
2024-01-29 12:39:27,777 - INFO - [0.02185698 0.795      0.17254406 0.16991998 0.15574971 0.16794665 0.25553876 0.07830082]
2024-01-29 12:39:35,744 - INFO - [0.02185704 0.795      0.1725364  0.16991687 0.15574966 0.16795407 0.25553998 0.07830292]
2024-01-29 12:39:43,745 - INFO - [0.02185697 0.795      0.17253275 0.16991754 0.15574969 0.16795947 0.25554162 0.07829891]
2024-01-29 12:39:51,706 - INFO - [0.02185699 0.795      0.17253697 0.16991237 0.15574902 0.16795978 0.25554019 0.07830167]
2024-01-29 12:39:59,691 - INFO - [0.02185696 0.795      0.17253402 0.16992086 0.15574841 0.1679534  0.25554183 0.07830147]
2024-01-29 12:39:59,713 - INFO - Successfully finished `test_optimize` after 166.574 seconds.
