2024-01-29 16:39:13,707 - INFO - Logging into directory _output/exp_011000/20240129_163913__4294967165.
2024-01-29 16:39:13,721 - INFO - Starting `test_optimize`.
2024-01-29 16:39:26,774 - INFO - [0.01867901 0.796      0.001      0.498      0.498      0.001      0.001      0.001     ]
2024-01-29 16:39:42,153 - INFO - [0.01407588 0.82       0.09418458 0.33563596 0.32825574 0.10247899 0.07574555 0.06369913]
2024-01-29 16:39:57,667 - INFO - [0.01332632 0.822      0.14280476 0.26179013 0.25194427 0.15309481 0.11466532 0.07570073]
2024-01-29 16:40:12,425 - INFO - [0.01325322 0.825      0.16795599 0.22419551 0.21333492 0.17749514 0.13504495 0.08197344]
2024-01-29 16:40:28,422 - INFO - [0.01332055 0.824      0.18005109 0.20564461 0.19492799 0.19032    0.14268996 0.0863663 ]
2024-01-29 16:40:43,115 - INFO - [0.01338951 0.821      0.18921024 0.19901687 0.18702576 0.19925261 0.13402106 0.09147341]
2024-01-29 16:40:56,865 - INFO - [0.01342884 0.821      0.19432092 0.19628872 0.18397032 0.20316346 0.12782508 0.09443142]
2024-01-29 16:41:11,811 - INFO - [0.01344664 0.821      0.1965953  0.19449557 0.18188459 0.20458409 0.12709458 0.09534586]
2024-01-29 16:41:26,255 - INFO - [0.01345421 0.821      0.1977433  0.1936584  0.18102813 0.20505783 0.12690412 0.09560814]
2024-01-29 16:41:42,638 - INFO - [0.01345768 0.821      0.19832997 0.19324775 0.18063509 0.20525523 0.1268214  0.09571058]
2024-01-29 16:41:59,255 - INFO - [0.01345948 0.821      0.19863147 0.19303817 0.18043752 0.20535186 0.12678064 0.0957604 ]
2024-01-29 16:42:14,473 - INFO - [0.01346045 0.821      0.19878541 0.19293329 0.18034767 0.20539835 0.12675281 0.09578244]
2024-01-29 16:42:30,572 - INFO - [0.01346069 0.821      0.19886404 0.19288747 0.18031886 0.20540337 0.12674756 0.09577873]
2024-01-29 16:42:45,716 - INFO - [0.01346086 0.821      0.19890378 0.19286905 0.18030903 0.20539984 0.12674098 0.09577731]
2024-01-29 16:42:59,845 - INFO - [0.01346081 0.821      0.19892514 0.1928622  0.18031642 0.20539142 0.12673968 0.09576517]
2024-01-29 16:43:13,350 - INFO - [0.01346097 0.821      0.19893223 0.19284767 0.1802984  0.20540513 0.12674336 0.09577321]
2024-01-29 16:43:29,233 - INFO - [0.01346109 0.821      0.19893911 0.1928374  0.18028206 0.20542191 0.12673822 0.09578134]
2024-01-29 16:43:43,225 - INFO - [0.01346109 0.821      0.19894424 0.19284032 0.1802859  0.20541061 0.12674084 0.09577806]
2024-01-29 16:43:55,181 - INFO - [0.01346125 0.821      0.1989466  0.19283591 0.18027212 0.20542075 0.12673549 0.09578905]
2024-01-29 16:44:05,565 - INFO - [0.01346124 0.821      0.19894943 0.19282748 0.18025528 0.20543262 0.12673478 0.09580046]
2024-01-29 16:44:16,582 - INFO - [0.01346125 0.821      0.19894896 0.19282568 0.18024805 0.2054379  0.12673301 0.09580651]
2024-01-29 16:44:16,601 - INFO - Successfully finished `test_optimize` after 302.880 seconds.
